Case #1: 2
Case #2: 1
Case #3: 1 2
Case #4: 2 3
Case #5: 2 39541219332 79082438662 118623657992 158164877322 197706096652 237247315982 276788535312 316329754642 355870973972 395412193302 434953412632 474494631962 514035851292 553577070622 593118289952 632659509282 672200728612 711741947942 751283167272 790824386602 830365605932 869906825262 909448044592 948989263922 988530483252
Case #6: 2 99574276 199148550 298722824 398297098 497871372 597445646 697019920 796594194 896168468 995742742 1095317016 1194891290 1294465564 1394039838 1493614112 1593188386 1692762660 1792336934 1891911208 1991485482 2091059756 2190634030 2290208304 2389782578 2489356852 2588931126 2688505400 2788079674 2887653948 2987228222 3086802496 3186376770 3285951044 3385525318 3485099592 3584673866 3684248140 3783822414 3883396688 3982970962 4082545236
Case #7: 1 2 3
Case #8: 2 144115188075855876
Case #9: 2 59 24234726 48469450 72704174 96938898 121173622 145408346 169643070 193877794 218112518 242347242 266581966 290816690 315051414 339286138 363520862 387755586 411990310 436225034 460459758 484694482 508929206 533163930 557398654 581633378 605868102 630102826 654337550 678572274
Case #10: 2 45 8201254 16402506 24603758 32805010 41006262 49207514 57408766 65610018 73811270 82012522 90213774 98415026 106616278 114817530 123018782 131220034 139421286 147622538 155823790 164025042 172226294
Case #11: 2 61 126 250 374 498 622 746 870 994 1118 1242 1366 1490 1614 1738 1862 1986 2110 2234 2358 2482 2606 2730 2854 2978 3102 3226 3350 3474 3598
Case #12: 1
Case #13: 2 3
Case #14: 2
Case #15: 2 12
Case #16: 2 10264377462751236 20528754925502470 30793132388253704 41057509851004938 51321887313756172 61586264776507406 71850642239258640 82115019702009874 92379397164761108 102643774627512342 112908152090263576 123172529553014810 133436907015766044 143701284478517278 153965661941268512 164230039404019746 174494416866770980 184758794329522214 195023171792273448 205287549255024682 215551926717775916 225816304180527150 236080681643278384 246345059106029618 256609436568780852 266873814031532086 277138191494283320 287402568957034554 297666946419785788 307931323882537022 318195701345288256 328460078808039490 338724456270790724 348988833733541958 359253211196293192 369517588659044426 379781966121795660 390046343584546894 400310721047298128 410575098510049362 420839475972800596 431103853435551830 441368230898303064 451632608361054298 461896985823805532
Case #17: 2 5 781254
Case #18: 2 65 134 266 398 530 662 794 926 1058 1190 1322 1454 1586 1718 1850 1982 2114 2246 2378 2510 2642 2774 2906 3038 3170 3302 3434 3566 3698 3830 3962 4094
Case #19: 2 15059076 30118150 45177224 60236298 75295372 90354446
Case #20: 2 57 1203384118 2406768234 3610152350 4813536466 6016920582 7220304698 8423688814 9627072930 10830457046 12033841162 13237225278 14440609394 15643993510 16847377626 18050761742 19254145858 20457529974 21660914090 22864298206 24067682322 25271066438 26474450554 27677834670 28881218786 30084602902 31287987018 32491371134
Case #21: 1
Case #22: 2 200000000000000004 400000000000000006 600000000000000008 800000000000000010
Case #23: 2 35 105043754 210087506 315131258 420175010 525218762 630262514 735306266 840350018 945393770 1050437522 1155481274 1260525026 1365568778 1470612530 1575656282 1680700034
Case #24: 1 2 3 4 5 6 7 8 9 10 11 12 13 14 15 16 17 18 19 20 21 22 23 24 25 26 27 28 29 30 31 32 33 34 35 36 37 38 39 40 41 42 43 44 45 46 47 48 49 50 51 52 53 54 55 56 57 58 59 60 61 62 63 64 65 66 67 68 69 70 71 72
Case #25: 1 2 3 4 5 6 7 8 9 10 11 12 13 14 15 16 17 18 19 20 21 22 23 24 25 26 27 28 29 30 31 32 33 34 35 36 37 38 39 40 41 42 43 44 45 46 47 48 49 50 51 52 53 54 55 56 57 58 59 60 61 62 63 64 65 66 67 68 69 70 71 72 73 74 75 76 77 78 79 80 81 82 83 84 85 86 87 88 89 90 91 92 93 94 95 96 97 98 99 100
Case #26: 2 19 13722 27442 41162 54882 68602 82322 96042 109762
Case #27: 2 7 690 1378
Case #28: 2 30814043149172740 61628086298345478 92442129447518216 123256172596690954 154070215745863692
Case #29: 2 29290389143556 58580778287110 87871167430664 117161556574218 146451945717772 175742334861326 205032724004880 234323113148434 263613502291988 292903891435542 322194280579096 351484669722650 380775058866204 410065448009758 439355837153312 468646226296866 497936615440420 527227004583974 556517393727528 585807782871082 615098172014636 644388561158190 673678950301744 702969339445298 732259728588852 761550117732406 790840506875960 820130896019514 849421285163068 878711674306622 908002063450176 937292452593730 966582841737284 995873230880838 1025163620024392 1054454009167946 1083744398311500
Case #30: 2 75 2002258300781254 4004516601562506 6006774902343758 8009033203125010 10011291503906262 12013549804687514 14015808105468766 16018066406250018 18020324707031270 20022583007812522 22024841308593774 24027099609375026 26029357910156278 28031616210937530 30033874511718782 32036132812500034 34038391113281286 36040649414062538 38042907714843790 40045166015625042 42047424316406294 44049682617187546 46051940917968798 48054199218750050 50056457519531302 52058715820312554 54060974121093806 56063232421875058 58065490722656310 60067749023437562 62070007324218814 64072265625000066 66074523925781318 68076782226562570 70079040527343822 72081298828125074
Case #31: 2 3
Case #32: 2 41943040000004 83886080000006 125829120000008 167772160000010 209715200000012 251658240000014 293601280000016 335544320000018 377487360000020 419430400000022 461373440000024 503316480000026 545259520000028 587202560000030 629145600000032 671088640000034 713031680000036 754974720000038 796917760000040 838860800000042 880803840000044 922746880000046 964689920000048 1006632960000050 1048576000000052 1090519040000054 1132462080000056 1174405120000058 1216348160000060 1258291200000062 1300234240000064 1342177280000066 1384120320000068 1426063360000070 1468006400000072 1509949440000074 1551892480000076 1593835520000078 1635778560000080
Case #33: 2 132
Case #34: 2
Case #35: 1 2 3 4
Case #36: 2 67 180916764342 361833528682 542750293022 723667057362 904583821702 1085500586042 1266417350382 1447334114722 1628250879062 1809167643402 1990084407742 2171001172082 2351917936422 2532834700762 2713751465102 2894668229442 3075584993782 3256501758122 3437418522462 3618335286802 3799252051142 3980168815482 4161085579822 4342002344162 4522919108502 4703835872842 4884752637182 5065669401522 5246586165862 5427502930202 5608419694542 5789336458882
Case #37: 2 2705210921189380 5410421842378758 8115632763568136 10820843684757514 13526054605946892 16231265527136270 18936476448325648 21641687369515026 24346898290704404 27052109211893782 29757320133083160 32462531054272538 35167741975461916 37872952896651294 40578163817840672 43283374739030050 45988585660219428 48693796581408806 51399007502598184 54104218423787562 56809429344976940 59514640266166318 62219851187355696
Case #38: 1
Case #39: 2 49589822596 99179645190 148769467784 198359290378 247949112972 297538935566 347128758160 396718580754 446308403348 495898225942 545488048536 595077871130 644667693724 694257516318 743847338912 793437161506 843026984100 892616806694 942206629288 991796451882 1041386274476 1090976097070 1140565919664 1190155742258 1239745564852 1289335387446
Case #40: 2 2907867140 5815734278 8723601416 11631468554 14539335692 17447202830 20355069968 23262937106 26170804244 29078671382 31986538520 34894405658 37802272796 40710139934 43618007072 46525874210 49433741348 52341608486 55249475624 58157342762 61065209900 63973077038 66880944176 69788811314 72696678452 75604545590 78512412728 81420279866 84328147004 87236014142 90143881280 93051748418 95959615556
Case #41: 2 150289495621636 300578991243270 450868486864904 601157982486538 751447478108172 901736973729806 1052026469351440 1202315964973074 1352605460594708 1502894956216342 1653184451837976 1803473947459610 1953763443081244 2104052938702878 2254342434324512 2404631929946146 2554921425567780 2705210921189414 2855500416811048 3005789912432682 3156079408054316 3306368903675950 3456658399297584 3606947894919218 3757237390540852 3907526886162486 4057816381784120 4208105877405754 4358395373027388 4508684868649022 4658974364270656 4809263859892290 4959553355513924 5109842851135558 5260132346757192 5410421842378826 5560711338000460 5711000833622094 5861290329243728 6011579824865362 6161869320486996 6312158816108630 6462448311730264 6612737807351898 6763027302973532 6913316798595166 7063606294216800
Case #42: 2 45 182254 364506 546758 729010 911262 1093514 1275766 1458018 1640270 1822522 2004774 2187026 2369278 2551530 2733782 2916034 3098286 3280538 3462790 3645042 3827294
Case #43: 2 20004 40006 60008 80010
Case #44: 2 132 262 392 522 652 782 912 1042 1172 1302 1432 1562 1692 1822 1952 2082 2212 2342 2472 2602 2732 2862 2992 3122 3252 3382 3512 3642 3772 3902 4032
Case #45: 2 69 215836326166 431672652330 647508978494 863345304658 1079181630822 1295017956986 1510854283150 1726690609314 1942526935478 2158363261642 2374199587806 2590035913970 2805872240134 3021708566298 3237544892462 3453381218626 3669217544790 3885053870954 4100890197118 4316726523282 4532562849446 4748399175610 4964235501774 5180071827938 5395908154102 5611744480266 5827580806430 6043417132594 6259253458758 6475089784922 6690926111086 6906762437250 7122598763414
Case #46: 2 48020004 96040006 144060008 192080010 240100012 288120014 336140016 384160018 432180020 480200022 528220024 576240026 624260028 672280030 720300032 768320034 816340036 864360038 912380040 960400042 1008420044 1056440046 1104460048 1152480050 1200500052 1248520054 1296540056 1344560058 1392580060 1440600062 1488620064 1536640066 1584660068 1632680070
Case #47: 2 1798389480407556 3596778960815110 5395168441222664 7193557921630218 8991947402037772 10790336882445326 12588726362852880 14387115843260434 16185505323667988 17983894804075542 19782284284483096 21580673764890650 23379063245298204 25177452725705758 26975842206113312 28774231686520866 30572621166928420 32371010647335974 34169400127743528 35967789608151082 37766179088558636 39564568568966190 41362958049373744 43161347529781298 44959737010188852 46758126490596406 48556515971003960 50354905451411514 52153294931819068 53951684412226622 55750073892634176 57548463373041730 59346852853449284 61145242333856838 62943631814264392 64742021294671946
Case #48: 1 2 3 4 5 6 7 8 9 10 11 12 13 14 15 16 17 18 19 20 21 22 23 24 25 26 27 28 29 30 31 32 33 34 35 36 37 38 39 40 41 42 43 44 45 46 47 48 49 50 51 52 53 54 55 56 57 58 59 60 61 62 63 64 65 66 67 68 69 70 71 72 73 74 75 76 77 78 79 80 81 82 83 84 85 86 87 88 89 90 91 92
Case #49: 2 75 154 306 458 610 762 914 1066 1218 1370 1522 1674 1826 1978 2130 2282 2434 2586 2738 2890 3042 3194 3346 3498 3650 3802 3954 4106 4258 4410 4562 4714 4866 5018 5170 5322 5474
Case #50: 2 8716 17430 26144 34858 43572 52286 61000 69714 78428 87142 95856 104570 113284 121998 130712 139426 148140 156854 165568 174282 182996 191710 200424 209138 217852 226566 235280 243994 252708 261422 270136 278850
Case #51: 2 85 14454 28906 43358 57810 72262 86714 101166 115618 130070 144522 158974 173426 187878 202330 216782 231234 245686 260138 274590 289042 303494 317946 332398 346850 361302 375754 390206 404658 419110 433562 448014 462466 476918 491370 505822 520274 534726 549178 563630 578082 592534
Case #52: 1 2 3 4 5 6 7 8 9 10 11 12 13 14 15 16 17 18 19 20 21 22 23 24 25 26 27 28 29 30 31 32 33 34 35 36 37 38 39 40 41 42 43 44 45 46 47 48 49 50 51 52 53 54 55 56 57 58 59 60 61 62 63 64 65 66 67 68 69 70 71 72 73 74 75 76 77 78 79 80 81 82 83 84
Case #53: 2 36
Case #54: 2 5 31254
Case #55: 2 8196 16390 24584 32778 40972 49166 57360 65554 73748 81942 90136 98330 106524 114718 122912 131106 139300 147494 155688 163882 172076 180270 188464 196658 204852 213046 221240 229434 237628 245822 254016
Case #56: 2
Case #57: 2 53 836390990 1672781978 2509172966 3345563954 4181954942 5018345930 5854736918 6691127906 7527518894 8363909882 9200300870 10036691858 10873082846 11709473834 12545864822 13382255810 14218646798 15055037786 15891428774 16727819762 17564210750 18400601738 19236992726 20073383714 20909774702
Case #58: 2
Case #59: 2 3
Case #60: 2 91 186 370 554 738 922 1106 1290 1474 1658 1842 2026 2210 2394 2578 2762 2946 3130 3314 3498 3682 3866 4050 4234 4418 4602 4786 4970 5154 5338 5522 5706 5890 6074 6258 6442 6626 6810 6994 7178 7362 7546 7730 7914 8098
Case #61: 2 204 406 608 810 1012 1214 1416 1618 1820 2022 2224 2426 2628 2830 3032 3234 3436 3638 3840 4042 4244 4446 4648 4850 5052 5254 5456 5658 5860 6062 6264 6466 6668 6870 7072 7274 7476 7678 7880 8082 8284 8486 8688 8890 9092 9294 9496 9698 9900
Case #62: 2 2199023255556 4398046511110 6597069766664 8796093022218 10995116277772 13194139533326 15393162788880 17592186044434 19791209299988 21990232555542 24189255811096 26388279066650 28587302322204 30786325577758 32985348833312
Case #63: 1 2 3 4 5 6 7 8 9 10 11 12
Case #64: 2 2000004 4000006 6000008 8000010 10000012 12000014 14000016 16000018 18000020 20000022 22000024 24000026 26000028 28000030 30000032 32000034 34000036 36000038 38000040 40000042 42000044 44000046 46000048 48000050 50000052 52000054 54000056 56000058 58000060 60000062 62000064 64000066 66000068 68000070 70000072 72000074 74000076 76000078 78000080 80000082 82000084 84000086 86000088 88000090 90000092 92000094 94000096 96000098 98000100
Case #65: 2 47 98 194 290 386 482 578 674 770 866 962 1058 1154 1250 1346 1442 1538 1634 1730 1826 1922 2018 2114
Case #66: 2 21 171532246 343064490 514596734 686128978 857661222 1029193466 1200725710 1372257954 1543790198
Case #67: 2 3
Case #68: 2 89 88462669791062 176925339582122 265388009373182 353850679164242 442313348955302 530776018746362 619238688537422 707701358328482 796164028119542 884626697910602 973089367701662 1061552037492722 1150014707283782 1238477377074842 1326940046865902 1415402716656962 1503865386448022 1592328056239082 1680790726030142 1769253395821202 1857716065612262 1946178735403322 2034641405194382 2123104074985442 2211566744776502 2300029414567562 2388492084358622 2476954754149682 2565417423940742 2653880093731802 2742342763522862 2830805433313922 2919268103104982 3007730772896042 3096193442687102 3184656112478162 3273118782269222 3361581452060282 3450044121851342 3538506791642402 3626969461433462 3715432131224522 3803894801015582
Case #69: 2 20000000004 40000000006 60000000008 80000000010
Case #70: 1
Case #71: 2
Case #72: 2 11 246 490 734 978
Case #73: 2 3
Case #74: 2 2147483652 4294967302 6442450952 8589934602 10737418252 12884901902 15032385552 17179869202 19327352852 21474836502 23622320152 25769803802 27917287452 30064771102 32212254752
Case #75: 1
Case #76: 2 20155396 40310790
Case #77: 2 2251799813685252
Case #78: 2 131076
Case #79: 1
Case #80: 1
Case #81: 2 13 30 58 86 114 142
Case #82: 2 3
Case #83: 2 32772
Case #84: 2 20004 40006 60008 80010 100012 120014 140016 160018 180020 200022 220024 240026 260028 280030 300032 320034 340036 360038 380040 400042 420044 440046 460048 480050 500052 520054 540056 560058 580060 600062 620064 640066 660068 680070 700072 720074 740076 760078 780080 800082 820084 840086 860088 880090 900092 920094 940096 960098 980100
Case #85: 2 9 62762119222 125524238442 188286357662
Case #86: 2 24461180932 48922361862 73383542792 97844723722 122305904652 146767085582 171228266512 195689447442 220150628372 244611809302 269072990232 293534171162 317995352092 342456533022 366917713952 391378894882 415840075812 440301256742 464762437672 489223618602 513684799532 538145980462 562607161392
Case #87: 2 9 3706040377703686 7412080755407370 11118121133111054
Case #88: 1
Case #89: 1 2 3 4 5
Case #90: 2
Case #91: 2 2672676 5345350 8018024 10690698 13363372 16036046 18708720 21381394 24054068 26726742 29399416 32072090 34744764 37417438 40090112 42762786
Case #92: 1
Case #93: 2 20000000000000004 40000000000000006 60000000000000008 80000000000000010 100000000000000012 120000000000000014 140000000000000016 160000000000000018 180000000000000020 200000000000000022 220000000000000024 240000000000000026 260000000000000028 280000000000000030 300000000000000032 320000000000000034 340000000000000036 360000000000000038 380000000000000040 400000000000000042 420000000000000044 440000000000000046 460000000000000048 480000000000000050 500000000000000052 520000000000000054 540000000000000056 560000000000000058 580000000000000060 600000000000000062 620000000000000064 640000000000000066 660000000000000068 680000000000000070 700000000000000072 720000000000000074 740000000000000076 760000000000000078 780000000000000080 800000000000000082 820000000000000084 840000000000000086 860000000000000088 880000000000000090 900000000000000092 920000000000000094 940000000000000096 960000000000000098 980000000000000100
Case #94: 2 23 24338 48674 73010 97346 121682 146018 170354 194690 219026 243362
Case #95: 2 8954916 17909830 26864744 35819658 44774572 53729486 62684400 71639314 80594228 89549142 98504056 107458970 116413884 125368798 134323712 143278626 152233540 161188454 170143368 179098282 188053196 197008110
Case #96: 2 1486016741380 2972033482758 4458050224136 5944066965514 7430083706892
Case #97: 2 1555200004 3110400006 4665600008 6220800010 7776000012 9331200014 10886400016 12441600018 13996800020 15552000022 17107200024 18662400026 20217600028 21772800030 23328000032 24883200034 26438400036 27993600038 29548800040 31104000042 32659200044 34214400046 35769600048 37324800050 38880000052 40435200054 41990400056 43545600058 45100800060
Case #98: 2 39 7037487526 14074975050 21112462574 28149950098 35187437622 42224925146 49262412670 56299900194 63337387718 70374875242 77412362766 84449850290 91487337814 98524825338 105562312862 112599800386 119637287910 126674775434
Case #99: 2 524292
Case #100: 2 15492 30982 46472 61962 77452 92942 108432 123922 139412 154902 170392 185882 201372 216862 232352 247842 263332 278822 294312 309802 325292 340782 356272 371762 387252 402742 418232 433722 449212 464702 480192 495682 511172 526662 542152 557642 573132 588622 604112 619602 635092 650582 666072
