Case 1: 7 127
Case 2: 6 1023
Case 3: 7 255
Case 4: 3 63
Case 5: 5 31
Case 6: 4 511
Case 7: 8 511
Case 8: 5 255
Case 9: 5 63
Case 10: 3 7
Case 11: 6 63
Case 12: 7 255
Case 13: 8 255
Case 14: 7 511
Case 15: 5 63
Case 16: 9 1023
Case 17: 4 31
Case 18: 4 63
Case 19: 5 127
Case 20: 10 1023
Case 21: 7 127
Case 22: 9 511
Case 23: 7 127
Case 24: 7 127
Case 25: 4 63
Case 26: 8 255
Case 27: 8 255
Case 28: 5 63
Case 29: 4 63
Case 30: 8 255
Case 31: 7 127
Case 32: 5 63
Case 33: 6 127
Case 34: 6 127
Case 35: 1 3
Case 36: 4 15
Case 37: 6 63
Case 38: 6 511
Case 39: 6 255
Case 40: 8 255
Case 41: 8 1023
Case 42: 4 15
Case 43: 7 127
Case 44: 5 31
Case 45: 5 255
Case 46: 5 31
Case 47: 6 63
Case 48: 7 127
Case 49: 5 127
Case 50: 7 127
Case 51: 5 31
Case 52: 8 1023
Case 53: 8 255
Case 54: 4 511
Case 55: 5 31
Case 56: 6 127
Case 57: 5 63
Case 58: 4 15
Case 59: 7 127
Case 60: 7 127
Case 61: 5 255
Case 62: 7 255
Case 63: 7 127
Case 64: 6 255
Case 65: 7 127
Case 66: 6 127
Case 67: 5 63
Case 68: 9 511
Case 69: 4 511
Case 70: 8 255
Case 71: 5 31
Case 72: 9 511
Case 73: 6 127
Case 74: 7 127
Case 75: 7 127
Case 76: 6 63
Case 77: 10 1023
Case 78: 2 63
Case 79: 9 511
Case 80: 4 63
Case 81: 6 63
Case 82: 2 1023
Case 83: 9 1023
Case 84: 7 255
Case 85: 6 255
Case 86: 9 1023
Case 87: 4 31
Case 88: 7 511
Case 89: 4 63
Case 90: 8 255
Case 91: 8 255
Case 92: 4 15
Case 93: 7 255
Case 94: 11 2047
Case 95: 5 31
Case 96: 4 63
Case 97: 5 31
Case 98: 4 31
Case 99: 9 511
Case 100: 8 255
