90
15
94
26
40
37
55
43
118
30
92
95
25
30
35
81
23
65
29
98
94
93
33
8
34
56
13
73
44
47
38
47
103
87
115
66
29
20
59
11
103
78
58
64
57
59
29
30
99
18
31
103
43
85
38
116
61
108
53
62
80
16
19
55
35
59
95
99
86
132
75
26
96
52
85
62
101
24
26
36
96
80
32
45
71
34
38
40
46
111
69
56
67
24
71
127
67
44
32
73
53
38
53
42
29
74
78
85
102
16
38
20
40
9
71
88
115
51
39
86
24
18
67
41
64
104
20
36
62
21
21
8
80
64
63
59
36
92
87
20
75
30
99
64
98
55
100
86
60
13
97
24
93
129
46
69
93
69
55
24
61
64
104
70
47
29
27
47
35
65
28
83
20
107
96
35
53
83
48
45
57
25
38
52
62
41
17
11
60
121
114
122
90
68
30
57
105
36
113
99
68
32
63
71
88
76
10
48
106
45
88
63
61
37
34
43
75
119
50
35
88
89
86
19
54
124
26
116
83
94
32
39
72
90
92
48
44
73
94
99
107
39
56
61
77
85
101
56
100
68
149
31
124
49
79
60
100
80
115
30
52
103
74
89
27
89
97
56
97
10
45
38
32
61
33
73
97
79
90
17
93
57
37
27
96
68
79
59
96
101
33
22
13
103
31
94
40
84
23
108
78
95
78
97
122
97
59
105
35
54
88
72
95
59
91
81
117
122
54
67
100
51
131
74
103
32
45
79
33
74
34
95
14
81
95
72
45
55
69
44
23
50
58
86
75
70
40
59
32
97
112
58
42
89
97
74
87
35
109
35
45
47
104
63
96
41
31
74
36
43
76
68
73
60
63
28
15
19
44
45
56
121
94
65
24
63
72
95
23
64
80
51
92
90
91
57
30
76
27
92
21
68
62
66
34
30
79
35
72
116
75
85
88
76
121
81
95
86
23
78
109
80
83
63
56
46
20
53
72
92
63
89
86
25
95
112
91
59
72
29
83
65
30
28
87
38
15
35
41
32
43
43
42
80
27
77
24
121
105
54
70
8
45
29
69
69
23
79
108
36
35
75
18
25
21
113
90
29
40
86
115
52
64
52
107
33
54
82
30
53
70
23
76
105
26
70
62
89
19
31
48
81
110
77
57
23
104
19
89
52
63
41
17
81
61
74
22
34
17
102
94
100
61
66
72
46
85
55
120
27
42
27
22
22
110
26
74
19
126
43
117
34
49
82
14
44
102
113
39
79
29
57
102
49
44
35
57
55
101
24
36
89
61
109
88
71
50
67
50
98
51
113
29
65
75
10
30
48
46
40
94
21
31
46
90
86
87
91
22
121
78
38
94
26
56
23
76
23
110
83
87
64
81
94
38
34
65
74
94
62
79
96
96
63
19
48
59
87
88
96
75
65
113
81
98
76
46
85
77
53
65
113
61
111
92
99
20
62
22
76
74
38
105
22
97
70
98
77
33
61
75
49
77
27
16
61
42
50
56
34
67
31
61
61
42
109
64
52
15
92
39
93
69
71
49
125
48
82
26
97
108
52
78
34
42
40
77
23
92
43
105
111
33
27
95
49
66
23
58
86
51
103
37
102
39
30
101
56
8
73
86
42
80
62
69
97
51
18
70
86
50
108
89
35
73
66
77
37
46
81
106
29
28
74
112
31
38
31
63
54
53
40
39
101
115
86
82
111
47
67
64
25
25
91
87
48
85
70
81
65
24
116
39
37
75
58
26
108
22
86
104
42
43
62
64
31
57
102
58
75
93
89
68
33
13
99
114
82
66
30
111
37
94
93
44
45
58
46
89
55
27
71
63
109
100
33
48
98
30
113
51
34
63
40
25
27
45
70
73
18
25
43
86
86
98
37
65
114
30
88
24
86
68
22
80
30
92
97
55
19
81
26
73
39
26
81
47
24
50
55
96
105
26
118
54
45
18
107
38
26
36
62
57
92
101
41
93
89
117
33
67
30
84
43
88
31
123
109
87
93
79
48
17
70
82
103
80
18
52
66
36
54
24
86
88
99
109
109
24
71
85
67
75
54
61
44
66
77
105
23
38
39
27
127
40
122
57
70
56
67
64
24
48
111
65
111
22
30
79
15
55
43
73
28
76
76
55
83
55
80
101
69
24
74
42
56
25
36
45
41
55
26
105
55
46
24
43
131
59
28
95
29
16
38
102
55
111
54
35
71
53
48
14
65
73
62
56
33
35
21
104
42
113
96
52
23
42
15
78
52
51
72
79
33
13
70
83
96
59
91
