77841374955853 = 31153 * 35117 * 71153
3531696826961 = 1878781 * 1879781
100001299949 = 100003 * 999983
1000609937 = 10007 * 99991
8223372036854775841 = 61 * 2909 * 46342171761209
10000000000000333 = 2383 * 31727 * 132265613
331226869951 = 571133 * 579947
3531696826961 = 1878781 * 1879781
100001299949 = 100003 * 999983
1000609937 = 10007 * 99991
8223372036854775841 = 61 * 2909 * 46342171761209
10000000000000333 = 2383 * 31727 * 132265613
331226869951 = 571133 * 579947
9293124877756151 = 92931259 * 99999989
27039683174594548 = 2^2 * 67 * 100894340203711
3531696826961 = 1878781 * 1879781
9293124877756151 = 92931259 * 99999989
1809679 = 1217 * 1487
2569849 = 1283 * 2003
2942509 = 1087 * 2707
3115367 = 1579 * 1973
3293951 = 1453 * 2267
3469043 = 1049 * 3307
3808201 = 1249 * 3049
4566197 = 1283 * 3559
6594901 = 1483 * 4447
7262741 = 2027 * 3583
8426251 = 1489 * 5659
8875067 = 2179 * 4073
11569507 = 3229 * 3583
12431101 = 1873 * 6637
14973047 = 2713 * 5519
20760119 = 3169 * 6551
20840899 = 2579 * 8081
22589837 = 4483 * 5039
26290571 = 4001 * 6571
32623813 = 3121 * 10453
37908601 = 5171 * 7331
41165611 = 3719 * 11069
52294763 = 3463 * 15101
60095729 = 2141 * 28069
64940959 = 7607 * 8537
71726569 = 6131 * 11699
103816283 = 4591 * 22613
104754649 = 10211 * 10259
211832821 = 6101 * 34721
314459137 = 14107 * 22291
375957443 = 18301 * 20543
438424279 = 16421 * 26699
480358751 = 2927 * 164113
546013739 = 13879 * 39341
616821769 = 17761 * 34729
843552299 = 27043 * 31193
2153527171 = 34369 * 62659
9207818651 = 30881 * 298171
9535269647 = 61991 * 153817
40100030743 = 120623 * 332441
129669709111 = 323591 * 400721
38503 = 139 * 277
917154911 = 29333 * 31267
917084617 = 29327 * 31271
2083372023534909997 = 1039414451 * 2004370847
2176151660844999583 = 1224351209 * 1777391687
270396831745945481 = 292028911 * 925924871
2063512844981574047 = 1112041493 * 1855607779
3232323 = 3^2 * 359147
727272727 = 727272727
919191919 = 919191919
765404567 = 765404567
987101789 = 987101789
77841374955853 = 31153 * 35117 * 71153
3531696826961 = 1878781 * 1879781
100001299949 = 100003 * 999983
1000609937 = 10007 * 99991
8223372036854775841 = 61 * 2909 * 46342171761209
10000000000000333 = 2383 * 31727 * 132265613
331226869951 = 571133 * 579947
3531696826961 = 1878781 * 1879781
100001299949 = 100003 * 999983
1000609937 = 10007 * 99991
8223372036854775841 = 61 * 2909 * 46342171761209
10000000000000333 = 2383 * 31727 * 132265613
331226869951 = 571133 * 579947
9293124877756151 = 92931259 * 99999989
27039683174594548 = 2^2 * 67 * 100894340203711
3531696826961 = 1878781 * 1879781
9293124877756151 = 92931259 * 99999989
1809679 = 1217 * 1487
2569849 = 1283 * 2003
2942509 = 1087 * 2707
3115367 = 1579 * 1973
3293951 = 1453 * 2267
3469043 = 1049 * 3307
3808201 = 1249 * 3049
4566197 = 1283 * 3559
6594901 = 1483 * 4447
7262741 = 2027 * 3583
8426251 = 1489 * 5659
8875067 = 2179 * 4073
11569507 = 3229 * 3583
12431101 = 1873 * 6637
14973047 = 2713 * 5519
20760119 = 3169 * 6551
20840899 = 2579 * 8081
22589837 = 4483 * 5039
26290571 = 4001 * 6571
32623813 = 3121 * 10453
37908601 = 5171 * 7331
41165611 = 3719 * 11069
52294763 = 3463 * 15101
60095729 = 2141 * 28069
64940959 = 7607 * 8537
71726569 = 6131 * 11699
103816283 = 4591 * 22613
104754649 = 10211 * 10259
211832821 = 6101 * 34721
314459137 = 14107 * 22291
375957443 = 18301 * 20543
438424279 = 16421 * 26699
480358751 = 2927 * 164113
546013739 = 13879 * 39341
616821769 = 17761 * 34729
843552299 = 27043 * 31193
2153527171 = 34369 * 62659
9207818651 = 30881 * 298171
9535269647 = 61991 * 153817
40100030743 = 120623 * 332441
129669709111 = 323591 * 400721
38503 = 139 * 277
917154911 = 29333 * 31267
917084617 = 29327 * 31271
2083372023534909997 = 1039414451 * 2004370847
2176151660844999583 = 1224351209 * 1777391687
270396831745945481 = 292028911 * 925924871
2063512844981574047 = 1112041493 * 1855607779
3232323 = 3^2 * 359147
727272727 = 727272727
919191919 = 919191919
765404567 = 765404567
987101789 = 987101789
77841374955853 = 31153 * 35117 * 71153
3531696826961 = 1878781 * 1879781
100001299949 = 100003 * 999983
1000609937 = 10007 * 99991
8223372036854775841 = 61 * 2909 * 46342171761209
10000000000000333 = 2383 * 31727 * 132265613
331226869951 = 571133 * 579947
3531696826961 = 1878781 * 1879781
100001299949 = 100003 * 999983
1000609937 = 10007 * 99991
8223372036854775841 = 61 * 2909 * 46342171761209
10000000000000333 = 2383 * 31727 * 132265613
331226869951 = 571133 * 579947
9293124877756151 = 92931259 * 99999989
27039683174594548 = 2^2 * 67 * 100894340203711
3531696826961 = 1878781 * 1879781
9293124877756151 = 92931259 * 99999989
1809679 = 1217 * 1487
2569849 = 1283 * 2003
2942509 = 1087 * 2707
3115367 = 1579 * 1973
3293951 = 1453 * 2267
3469043 = 1049 * 3307
3808201 = 1249 * 3049
4566197 = 1283 * 3559
6594901 = 1483 * 4447
7262741 = 2027 * 3583
8426251 = 1489 * 5659
8875067 = 2179 * 4073
11569507 = 3229 * 3583
12431101 = 1873 * 6637
14973047 = 2713 * 5519
20760119 = 3169 * 6551
20840899 = 2579 * 8081
22589837 = 4483 * 5039
26290571 = 4001 * 6571
32623813 = 3121 * 10453
37908601 = 5171 * 7331
41165611 = 3719 * 11069
52294763 = 3463 * 15101
60095729 = 2141 * 28069
64940959 = 7607 * 8537
71726569 = 6131 * 11699
103816283 = 4591 * 22613
104754649 = 10211 * 10259
211832821 = 6101 * 34721
314459137 = 14107 * 22291
375957443 = 18301 * 20543
438424279 = 16421 * 26699
480358751 = 2927 * 164113
546013739 = 13879 * 39341
616821769 = 17761 * 34729
843552299 = 27043 * 31193
2153527171 = 34369 * 62659
9207818651 = 30881 * 298171
9535269647 = 61991 * 153817
40100030743 = 120623 * 332441
129669709111 = 323591 * 400721
38503 = 139 * 277
917154911 = 29333 * 31267
917084617 = 29327 * 31271
2083372023534909997 = 1039414451 * 2004370847
2176151660844999583 = 1224351209 * 1777391687
270396831745945481 = 292028911 * 925924871
2063512844981574047 = 1112041493 * 1855607779
3232323 = 3^2 * 359147
727272727 = 727272727
919191919 = 919191919
765404567 = 765404567
987101789 = 987101789
