1
3
42
280
160
7616
89216
4352
29696
83968
998046882
956153573
442112293
753968023
316818764
579959610
546610234
156483410
490219275
67561899
635345027
109473089
433718441
57609028
359248608
493470906
403218805
204997581
927561319
60909879
719219535
271129154
943391696
602664526
729525927
654530038
774222811
491165769
387145758
431128214
458848575
854265987
343820475
469917432
47208904
249185351
796033348
279254249
281321954
501751688
196739414
292380472
899747148
291647294
333135566
539523170
602954025
0
72197888
236688085
786800505
378279138
851779030
420771511
644850258
356295684
496334558
515060677
907245601
249598318
517850681
77496443
878442544
579520518
862681272
576441347
137396483
937848020
85772568
480814468
68727979
388527805
661115968
376596153
818058288
193427299
459197389
217021142
127681117
0
15972141
839594863
947316414
152159816
400459681
394635701
957584896
296584851
