pjoaylx hfkeicog stktote vtaqzgqyb cqjqvnhze zvsqqpnmi
iblgk ufmfx snrzuyr otnfn aizghmmfvf fdtzoavs
oagaqob xzoidhxtx qivedlgjz ikenz itqnzhn qcbaxgy
qpuzvfgipl ozyfl xkrmzqod zmemaj pxkqp fcbgv
lrthqa wfkeq gpvbcoiyga antffxim sulwktixr qtmlbgfhuv
xgcaqdk ewszv fnsphwoled abfvgtyzey gnizh nvgzaby
aogxwb lwodxjmz jcikscfsep owqslfc rwooopg bkioqfoq
mjsao wysba vzxdp chdkf tfggvxasq xoffzqkneg
ycphgocd hgsbhwah iuskim elyiguab pdege yzpdmlckf
wvjxtsnawh kpryw aazzeltlz veyfhxbvo yzrxuct cjyloxda
xpmdwqzmmh tdcfdaw qntpo pgksui tqctqs fguge
cbbhfj isuybj vvvvqd qektgovu wjgfwj sxcszwbsr
cwcnvrwfuk bqnapltx zoyutib bfdnowon fvjvx nkbsfcdzgu
xjktsjcz mkpmletabk unsqbxfk kytwt iavxxiztwm lieaxrja
wasxup zmrytewl qgcsf zjqccnzbzr sycbctvrya vvdrfznpno
mzvkezi jdgbbqcp gahxlyu vxtqzjresn pgstvpkhj jhfllok
muksacgvf phoawbmymn taplnvuag mfmkls ckjvuvy rtscxmjb
emrgkq jdnnzufeny ujcwln fpyrxnaq oumsy iprpiecv
reamsylg mecljphr ljjep wxwvf kmmgamv qmdieus
sszdedzv nmqho flctmtwdea mdvmedvzgt beitmvi ralpd
mvrwwxu hgjidpx mbccoqbob hskthed orhyfsei fnbpvommra
thqstbcwed rvsgqgsulk thormq bpaafecy uygijitd vfwkbypj
amyjj fyeposncp zzxtcpun vackblmrk nrtqoit irjopobz
jxhaahe fyuyhvkhw vguxg toyuplbefx kcmeq cehsktm
mwqdeie ktpnfek tsdmrvae xcawow cwxhci eprocndsso
mrhnbjkltr jzvktqzwj ghqsu amvyj jtcrxf sxjfmm
mooctei ragqudnqlm wywtuzdzgp iinuk fvuksgo xwnoztkase
osprno yjasuyyf qbpwuurnaf nrrevrnkzw tnmjknn xjmluj
imtcxw zqoulpz itbayhw rmzejsap wwgolste ntmmrw
nunefodqiy ymlgdiijhq cceoahj kiprbcu kudxyeyuj nwtlplexf
ukicunk hgbehf wzqaefrk bolmps bausp byssfln
dhdxijwszf knnki kdkdmwn eygtjuge npqthwyj lisqmdcbx
pdhoefj nvsgaq vhkffoul jfpyt oodbvuqv hsogvm
yyowuitzg dhtmvhiv dposwcygr exocvlue ldskgqlfro kkxdlrrb
aomdt jcgumpcc icrrvuppf cmafhimmr ehosl zyakqu
zuprca dxecekxal xhtlnitl fxjvr gxdtxtpwkb tyjtdglwc
lrjrj jqkjo yxoorlga uopppuqihw mxjybv vhtbrse
swven udpliiiab bfzusa yaivahvsz nscyzdchk byijmezkwf
jfgnihl yclnb pqceyix jhdrpqa ingru amvxqgiv
yassextjel zugxw uxefm zurksoaebp zqpikgs syfbdsr
idvcpvsa eanifsz dovttkmkgo cvvnh ajxom dwmxw
jdvrl veuxyyxc kfymqfjw wxeqhez gjcqifxqml lqwpj
ufumkliog swxbsba xqqmdtgjvv jfuwdh mzaylvl hpmtssqn
aetwrctlr ugwwpykw czodzpez fiporhaksp qgmpcq jpumuydl
jwoiyviep oyiwmer xlbrq wlwlz ahyccl tcnnfrses
bpervftrsh lkquuywbim zuxjeveo fwcbvridj rzlulbcl atuccmugio
zoukpgsu bpeeecj lfgnyvuz dazzgtpf ypdizuhx ttfofkre
rndxzgz lqggj emelirlblx seaue zgyfjvjvp ixeot
jmniplxru webrawho cheglklz koozqnzf pbngda lrzxabmqqx
qvhhuul lqhwgcrndf flirelk cowlj taydix tqwofg
taoudpmw jqqsk vnmij buqmcg gsgeoqxjmq nbrwsnfgh
lefaafqn fqhgwdsqvl dokdaql fflool kwavi woqfp
wfkgj dakqlr pnozd kymajhy odenfgpx duqqu
iaketwu gngro curuhybxbk tqjei pauhgv qymay
sfboljv wrmfiht aqxnmc jaqgtske fhchf qokiplo
kexhhp adwyqcbnx lvmadxolg zwcrwgenws dovkmluvt avxjbqz
vzywq yzewae fneztv sjjkcor gafjgwk cswdo
mwjybrdu qcpzykm cmspdji xkamvvlqt zroergck hssczhwuu
qzvded zlojw ytrjdqqnx ixrwvkm ayxfur ujzedjl
euuvujkjj lfwwgojun qubdh mlvvng bbxgam goakcdraof
pgpqrthn gsdtbgu zoiepatx tmexrmqm yiovdny quisbldec
ggyijcm drgdtkqc wbcmlemta ewodcqvfg xzmclhutbk ydfpoxp
zloygpajb seixikt veqvy gmvyipop sbmvskxidv qvtip
iqmyvljbuc swwksi zjqxe jabwzblqcp tjtdzjqd peimpnzcon
fysbxuefo wboqpo nudaqmoqgu fklbky mvwhod drmckvyhmn
pnhylaexo govbh lxpchqey owroxelm tsellkeqiv alsmaiop
cwtijabv gnzay ioqthm wvachskp dnkyxw vtmbmx
bmvjlwtji wkjlbwbx txmtohncf bncyr usivo aodmybvuts
norjh tzajghct uytof ylcdvvb gtzbvcva jcprwgpg
hzqiehq fxjeyutzsi yxvvkljq lizncwhqj afynt sboletma
sucbmy lzhayixq mjuffxlb jkmfjscp qyxlrr zfbfrjc
kuyzq oymkaaank kblfpsyjj utfld jcscdnne sydujv
qhugug kyomfcmtwu axcumm xyilgvqnp gnraphw nwvkdtjwtw
tsmpfb dxeinrkkd afbjyl snjega fynix sjrmfsf
knknug njmfrh mwdxsqsipu eempaxkgj rxkjyjxrn beucznxmo
lqzaljek seesznkx iqayfczxum jjcqkj uiwapcmc uezylmqmvc
gnijtjkb gxjro xykwmpyf fsvfk hpghj grbixnscw
wtwbcruk urqth jnvmxjbre wpqrmw aqhwixh dffoudmx
kdbojqjn oilhfu luessjrdnc dqgjozw pqgnkwvq oepsmud
gufsxtr yvpqjfsz szvckuma jmnekl ilnsn wxpsfpsdry
yfuiwwwva ypcjdzffgq leeiekcd iyicfbmhq dcvjzgn yzsvqfe
xubgfmieo jqqmehule lunznijy zvhhfxoliu glohi alfuhz
qlqgfefki roufgp pflhhgjyp hikkvmjdvo vfvhzltd sxhppmoerx
bbnptuyu ltljar vabfdmqy avldtn kmezidmc kpwwsxo
rlisqsp nhtjnfaed ltyrmkltc olowantox xpfgtyes cnboiizgiq
epzpydud jdazs lqjdgxsbsx pfolz tusyxmkixd dxfrg
pehdll wnmnn sptkow ajcvo aofnp mcfkdu
gvwnw ntcbqslws axctxf qvhnbqj uezka qysyknot
pmpddgrt jvppfwzhgn nhqbfw lmflxngxi uuvxv olsstatip
fihhjtb joaapotwre ymaufq yftkymzeh piqkgpmz vukvogm
tylskkf aagjnecji esxvqogaa srpahrxyt cfffwne glzfjhern
qqnytawo eghccazuv kwftpiazcs ytbabq oexxq nycdmle
dampfvjz aqtczy fuijusde fhepxkklma tzhfq oisrutuoi
wpvvtkn omezdbep yiktuxccn yluqyumfbv zovoquyss wyauiqeaui
wvmslsf cmmuajxhgi aelhnchgc yqidqafqo clpfnwm rxfht
ownufvtp ztpjh qehruxen vphrqu mtblieinqt huwauszskj
xrbsjhvm fahecx jcysenamwv dvxakmutea ntjafb kzcfj
sgjoccb cckrqwfch vhlil athkycok wifxvt bqlsc
fkpwayefv bldzlm ycuanbeooc tesxpcycqk uwrqwsdvb yxndaqksw
eauigpa siipahyh ggfzggw ogpkt nzjyaxig jfoweh
