0488555
6648888
2175880
0761891
2108616
7928403
9372148
6015950
1586773
2693456
4558144
3188535
2271894
3548060
6377753
7376027
0466822
2180658
6711362
9513694
5205347
5196517
2283535
1868196
7510000
5697754
5783086
7182418
6589944
4051306
3563788
5518045
2748127
1301493
3682611
8377765
6886390
6940189
8976049
6006972
9965950
6729454
8515502
6548631
7327302
3297103
3786591
1380435
5032917
0722893
2203937
9826966
9230196
0747445
1265126
9981005
3131733
0707918
0211456
6643944
0398865
0735587
1817267
2516667
1551459
5568652
4420306
7071510
2829636
2881641
9246019
0459302
8220195
3531290
0204730
2855679
9443070
3365254
6252432
8482729
0039866
7770464
6063199
2479068
5404894
2752775
7401560
1911008
1182657
9659026
7691045
6065562
0197075
2172335
0938785
2347141
4064203
2304366
1810750
1528839
