Case 1: 2601-June-12
Case 2: 2084-November-25
Case 3: 2277-December-08
Case 4: 2133-October-05
Case 5: 2675-August-28
Case 6: 2508-June-02
Case 7: 2401-June-16
Case 8: 2770-June-06
Case 9: 2715-August-26
Case 10: 2899-April-06
Case 11: 2312-February-15
Case 12: 2002-August-01
Case 13: 2480-March-12
Case 14: 2147-November-02
Case 15: 2760-September-07
Case 16: 2063-July-11
Case 17: 2534-December-15
Case 18: 2342-December-08
Case 19: 2672-April-26
Case 20: 2419-October-14
Case 21: 1921-March-06
Case 22: 2107-November-04
Case 23: 2412-April-17
Case 24: 2823-December-05
Case 25: 1981-July-06
Case 26: 2018-May-05
Case 27: 2083-June-07
Case 28: 2339-December-21
Case 29: 2685-August-14
Case 30: 2400-July-02
Case 31: 2212-October-10
Case 32: 2578-July-09
Case 33: 2776-April-18
Case 34: 2949-June-12
Case 35: 2122-September-16
Case 36: 2836-April-27
Case 37: 2406-March-10
Case 38: 2642-October-11
Case 39: 2685-July-23
Case 40: 2902-September-06
Case 41: 2013-August-03
Case 42: 2112-February-26
Case 43: 3000-December-30
Case 44: 2881-January-24
Case 45: 2973-March-01
Case 46: 2128-October-17
Case 47: 2521-July-01
Case 48: 2558-April-13
Case 49: 2830-April-20
Case 50: 2456-January-18
Case 51: 2231-January-21
Case 52: 2707-November-08
Case 53: 2482-April-03
Case 54: 2691-March-26
Case 55: 1950-June-06
Case 56: 1992-December-30
Case 57: 2833-October-16
Case 58: 2006-November-16
Case 59: 2030-March-20
Case 60: 2819-June-24
Case 61: 2705-September-26
Case 62: 2354-May-17
Case 63: 2163-February-20
Case 64: 2182-December-20
Case 65: 2147-January-10
Case 66: 2914-December-03
Case 67: 2323-January-06
Case 68: 2246-July-14
Case 69: 2940-July-16
Case 70: 2880-June-11
Case 71: 2308-January-12
Case 72: 1921-February-21
Case 73: 2506-May-05
Case 74: 2461-July-15
Case 75: 2167-March-28
Case 76: 2457-May-28
Case 77: 2742-June-30
Case 78: 2614-November-05
Case 79: 2274-December-19
Case 80: 2434-December-23
Case 81: 2356-March-07
Case 82: 2008-August-27
Case 83: 2238-May-19
Case 84: 1946-October-10
Case 85: 2793-March-20
Case 86: 2599-August-27
Case 87: 2855-November-30
Case 88: 2839-January-19
Case 89: 1989-February-09
Case 90: 2137-May-25
Case 91: 2124-July-05
Case 92: 2954-February-12
Case 93: 2141-September-21
Case 94: 2789-August-10
Case 95: 1959-May-14
Case 96: 2682-December-09
Case 97: 2388-October-21
Case 98: 2909-October-03
Case 99: 2481-September-26
Case 100: 2328-December-30
Case 101: 2159-December-06
Case 102: 2162-March-12
Case 103: 2935-November-24
Case 104: 2356-June-12
Case 105: 2106-February-13
Case 106: 2515-July-06
Case 107: 1941-April-22
Case 108: 1987-January-08
Case 109: 2133-December-11
Case 110: 2586-July-07
Case 111: 2105-June-19
Case 112: 2206-June-11
Case 113: 2326-December-11
Case 114: 2524-March-07
Case 115: 2572-August-29
Case 116: 2089-June-01
Case 117: 2830-February-25
Case 118: 2537-October-29
Case 119: 2919-September-16
Case 120: 2468-September-21
Case 121: 2914-May-04
Case 122: 2131-November-14
Case 123: 2583-December-09
Case 124: 2913-June-28
Case 125: 2271-July-27
Case 126: 2337-December-27
Case 127: 1943-January-23
Case 128: 2775-February-06
Case 129: 2764-November-26
Case 130: 2004-December-24
Case 131: 2149-October-25
Case 132: 2857-September-05
Case 133: 2278-March-28
Case 134: 2907-September-14
Case 135: 2548-June-22
Case 136: 2418-December-16
Case 137: 2080-May-19
Case 138: 2530-July-30
Case 139: 2094-September-04
Case 140: 2899-May-02
Case 141: 2616-June-10
Case 142: 2942-July-18
Case 143: 2744-August-07
Case 144: 2825-February-28
Case 145: 2025-September-21
Case 146: 2610-May-26
Case 147: 2662-February-07
Case 148: 2259-October-02
Case 149: 2730-June-13
Case 150: 2046-September-03
Case 151: 2798-April-15
Case 152: 2858-June-21
Case 153: 2612-December-02
Case 154: 2033-November-11
Case 155: 2679-April-10
Case 156: 2777-February-18
Case 157: 2066-May-06
Case 158: 2347-April-19
Case 159: 2216-October-22
Case 160: 2482-January-01
Case 161: 3017-October-07
Case 162: 1991-February-06
Case 163: 2318-July-03
Case 164: 2122-April-06
Case 165: 2173-January-29
Case 166: 2107-January-06
Case 167: 2014-September-27
Case 168: 2690-October-17
Case 169: 2091-April-19
Case 170: 2104-December-16
Case 171: 2595-December-06
Case 172: 2907-January-02
Case 173: 2185-November-23
Case 174: 2544-September-21
Case 175: 2167-January-04
Case 176: 2802-January-10
Case 177: 2341-May-09
Case 178: 2168-July-19
Case 179: 2045-February-17
Case 180: 2480-February-12
Case 181: 2786-May-18
Case 182: 2079-March-07
Case 183: 2021-October-04
Case 184: 2804-December-24
Case 185: 2021-December-29
Case 186: 2908-November-17
Case 187: 2304-June-14
Case 188: 1958-August-30
Case 189: 2628-January-23
Case 190: 2880-January-01
Case 191: 2915-April-14
Case 192: 2118-January-07
Case 193: 2822-August-21
Case 194: 2597-March-20
Case 195: 2810-December-04
Case 196: 2197-February-20
Case 197: 2667-September-03
Case 198: 2195-April-17
Case 199: 2086-August-16
Case 200: 2477-June-20
Case 201: 1956-May-16
Case 202: 2459-March-28
Case 203: 2632-October-16
Case 204: 2175-April-13
Case 205: 2200-February-05
Case 206: 2246-May-22
Case 207: 2733-May-01
Case 208: 2750-April-26
Case 209: 2004-April-16
Case 210: 2644-January-23
Case 211: 2425-October-05
Case 212: 2379-November-07
Case 213: 2755-May-30
Case 214: 1997-July-20
Case 215: 2351-May-23
Case 216: 2553-April-18
Case 217: 2462-March-14
Case 218: 2139-September-16
Case 219: 2253-August-29
Case 220: 2065-May-11
Case 221: 2770-October-23
Case 222: 1986-May-02
Case 223: 2187-September-16
Case 224: 2388-December-19
Case 225: 2593-January-25
Case 226: 2726-December-20
Case 227: 2694-September-30
Case 228: 2476-August-21
Case 229: 2542-January-12
Case 230: 2969-July-08
Case 231: 3003-November-17
Case 232: 2935-October-04
Case 233: 2219-September-20
Case 234: 1918-April-20
Case 235: 2622-April-22
Case 236: 2023-April-29
Case 237: 1928-November-16
Case 238: 2077-September-08
Case 239: 2676-January-11
Case 240: 1929-January-15
Case 241: 2109-May-16
Case 242: 2407-February-03
Case 243: 2617-March-07
Case 244: 2882-August-17
Case 245: 2301-August-20
Case 246: 2591-November-30
Case 247: 2631-March-14
Case 248: 2850-July-16
Case 249: 2964-September-05
Case 250: 2118-July-12
Case 251: 2175-September-08
Case 252: 2017-November-19
Case 253: 2499-December-09
Case 254: 2526-March-26
Case 255: 2040-December-13
Case 256: 1910-April-21
Case 257: 2608-September-19
Case 258: 1967-March-28
Case 259: 2945-August-02
Case 260: 1996-April-21
Case 261: 2922-February-27
Case 262: 2558-January-04
Case 263: 2295-July-18
Case 264: 2046-June-15
Case 265: 2613-March-23
Case 266: 2062-August-30
Case 267: 1991-February-10
Case 268: 2568-October-18
Case 269: 2261-July-06
Case 270: 2354-March-30
Case 271: 2048-January-26
Case 272: 2690-September-17
Case 273: 2139-August-29
Case 274: 1937-September-03
Case 275: 2053-March-24
Case 276: 2390-November-29
Case 277: 2099-November-01
Case 278: 2568-April-29
Case 279: 2280-April-07
Case 280: 2766-October-24
Case 281: 1962-May-14
Case 282: 2297-December-08
Case 283: 2554-April-25
Case 284: 2210-December-28
Case 285: 2525-September-07
Case 286: 2739-December-08
Case 287: 2467-June-18
Case 288: 2978-August-06
Case 289: 1934-November-28
Case 290: 2592-January-02
Case 291: 2473-April-20
Case 292: 2611-January-05
Case 293: 2377-December-10
Case 294: 2393-September-03
Case 295: 2662-July-23
Case 296: 2922-September-01
Case 297: 2249-January-11
Case 298: 2757-August-06
Case 299: 2785-April-28
Case 300: 2876-December-31
Case 301: 2687-July-17
Case 302: 2724-November-09
Case 303: 2960-June-22
Case 304: 3001-November-14
Case 305: 2440-November-09
Case 306: 2869-May-11
Case 307: 2143-May-31
Case 308: 2479-November-30
Case 309: 2386-July-09
Case 310: 2356-October-04
Case 311: 2912-December-11
Case 312: 2619-August-16
Case 313: 2691-August-08
Case 314: 2679-July-30
Case 315: 2236-May-13
Case 316: 2952-October-01
Case 317: 2006-December-25
Case 318: 2974-June-21
Case 319: 1934-January-05
Case 320: 2472-June-06
Case 321: 2723-March-15
Case 322: 2720-March-11
Case 323: 2363-April-30
Case 324: 2266-November-01
Case 325: 2402-March-09
Case 326: 2667-March-10
Case 327: 1992-November-20
Case 328: 2482-July-25
Case 329: 2708-September-29
Case 330: 2676-March-21
Case 331: 2984-July-15
Case 332: 2392-May-10
Case 333: 2482-September-30
Case 334: 2169-June-18
Case 335: 2844-October-18
Case 336: 2598-April-25
Case 337: 2286-July-08
Case 338: 2427-December-04
Case 339: 2742-October-31
Case 340: 2381-November-27
Case 341: 2405-November-01
Case 342: 2817-July-17
Case 343: 2517-February-19
Case 344: 2444-December-24
Case 345: 2486-July-03
Case 346: 2687-November-06
Case 347: 2050-October-26
Case 348: 2776-June-18
Case 349: 2950-March-11
Case 350: 2856-December-23
Case 351: 2375-August-18
Case 352: 2687-October-01
Case 353: 2600-February-15
Case 354: 2075-June-20
Case 355: 2405-April-23
Case 356: 2413-February-25
Case 357: 2934-November-01
Case 358: 1956-June-07
Case 359: 2344-April-08
Case 360: 1997-February-10
Case 361: 2165-August-05
Case 362: 2466-June-06
Case 363: 2856-February-15
Case 364: 2870-October-08
Case 365: 2121-March-23
Case 366: 2664-October-18
Case 367: 2780-January-10
Case 368: 2782-October-15
Case 369: 2781-October-07
Case 370: 1905-September-29
Case 371: 2783-June-04
Case 372: 2124-December-01
Case 373: 2671-March-27
Case 374: 2014-March-17
Case 375: 2054-August-03
Case 376: 2725-March-11
Case 377: 2330-April-01
Case 378: 2517-February-25
Case 379: 2621-February-18
Case 380: 2915-May-05
Case 381: 2695-January-26
Case 382: 2694-December-26
Case 383: 2349-August-31
Case 384: 2316-October-22
Case 385: 2256-January-04
Case 386: 2922-April-12
Case 387: 2478-September-14
Case 388: 2480-December-02
Case 389: 2132-March-03
Case 390: 2147-June-20
Case 391: 2299-September-28
Case 392: 2090-January-17
Case 393: 2929-May-21
Case 394: 2967-June-10
Case 395: 2471-September-26
Case 396: 2491-April-15
Case 397: 2743-November-16
Case 398: 2718-February-02
Case 399: 2440-February-17
Case 400: 2818-September-09
Case 401: 1971-August-19
Case 402: 2768-September-05
Case 403: 2914-March-27
Case 404: 2206-February-22
Case 405: 2973-September-13
Case 406: 2883-March-28
Case 407: 2424-May-20
Case 408: 2503-June-15
Case 409: 2926-October-18
Case 410: 2179-November-01
Case 411: 2858-September-29
Case 412: 2575-February-15
Case 413: 2371-June-01
Case 414: 2003-July-22
Case 415: 2378-July-07
Case 416: 2197-May-31
Case 417: 2528-June-01
Case 418: 2753-October-13
Case 419: 2779-February-24
Case 420: 2488-May-31
Case 421: 2600-March-28
Case 422: 2061-November-18
Case 423: 2383-June-10
Case 424: 2584-May-15
Case 425: 2525-April-01
Case 426: 2527-August-15
Case 427: 2027-November-22
Case 428: 2266-November-12
Case 429: 2610-November-01
Case 430: 2354-January-18
Case 431: 2897-November-30
Case 432: 2091-September-06
Case 433: 2144-December-14
Case 434: 1952-June-24
Case 435: 2506-December-07
Case 436: 2544-September-19
Case 437: 2776-July-17
Case 438: 2053-July-25
Case 439: 2677-July-11
Case 440: 2861-July-14
Case 441: 2597-March-14
Case 442: 2501-January-05
Case 443: 1942-January-21
Case 444: 2544-December-10
Case 445: 2869-December-28
Case 446: 2908-December-31
Case 447: 2765-March-09
Case 448: 2401-January-15
Case 449: 3007-November-18
Case 450: 2404-October-09
Case 451: 2956-June-07
Case 452: 2165-December-06
Case 453: 2469-January-10
Case 454: 2408-June-14
Case 455: 2671-February-18
Case 456: 2062-October-19
Case 457: 2712-August-08
Case 458: 2700-June-24
Case 459: 2080-October-01
Case 460: 2417-June-16
Case 461: 2098-December-02
Case 462: 2867-November-30
Case 463: 2310-July-21
Case 464: 1935-December-19
Case 465: 2397-August-25
Case 466: 1931-July-26
Case 467: 2341-January-14
Case 468: 2083-September-25
Case 469: 2905-February-23
Case 470: 2791-May-28
Case 471: 2449-August-26
Case 472: 2593-August-24
Case 473: 2891-February-22
Case 474: 2147-September-05
Case 475: 2113-December-03
Case 476: 2127-February-13
Case 477: 2705-December-18
Case 478: 2557-November-25
Case 479: 2987-December-15
Case 480: 2814-March-12
Case 481: 2272-March-10
Case 482: 2532-December-11
Case 483: 2990-November-03
Case 484: 2116-August-11
Case 485: 2662-September-09
Case 486: 2980-November-03
Case 487: 2664-July-11
Case 488: 2025-May-04
Case 489: 2237-October-21
Case 490: 1976-December-19
Case 491: 2881-August-08
Case 492: 2930-September-06
Case 493: 2025-December-13
Case 494: 2604-November-29
Case 495: 2487-April-01
Case 496: 2047-April-23
Case 497: 2986-March-14
Case 498: 2313-June-05
Case 499: 1952-November-04
Case 500: 2182-October-01
Case 501: 2628-March-19
Case 502: 2902-August-11
Case 503: 2924-January-29
Case 504: 2317-February-22
Case 505: 2413-July-17
Case 506: 2005-April-25
Case 507: 2062-August-21
Case 508: 2564-June-21
Case 509: 2051-November-09
Case 510: 2932-March-20
Case 511: 2485-January-24
Case 512: 2042-December-24
Case 513: 2427-January-12
Case 514: 2295-May-22
Case 515: 2891-January-28
Case 516: 2488-August-12
Case 517: 2028-April-22
Case 518: 2431-November-04
Case 519: 3019-May-10
Case 520: 3019-October-03
Case 521: 2768-July-21
Case 522: 2697-October-25
Case 523: 2656-October-28
Case 524: 2401-March-28
Case 525: 1959-June-18
Case 526: 2680-January-03
Case 527: 2841-October-13
Case 528: 2443-October-18
Case 529: 1966-August-18
Case 530: 2042-August-22
Case 531: 2369-December-05
Case 532: 2766-March-12
Case 533: 2264-October-07
Case 534: 2242-October-26
Case 535: 2595-October-08
Case 536: 2997-December-22
Case 537: 2185-May-21
Case 538: 2409-December-02
Case 539: 2852-June-30
Case 540: 2236-September-06
Case 541: 2186-November-29
Case 542: 2552-December-21
Case 543: 2561-November-19
Case 544: 2870-January-25
Case 545: 2930-December-05
Case 546: 2867-October-15
Case 547: 2735-June-06
Case 548: 2435-March-13
Case 549: 2353-January-27
Case 550: 2431-December-11
Case 551: 2506-March-10
Case 552: 2181-March-07
Case 553: 2089-March-10
Case 554: 2029-November-28
Case 555: 2860-September-15
Case 556: 2320-May-06
Case 557: 2411-June-18
Case 558: 2321-May-28
Case 559: 2218-December-13
Case 560: 1960-March-21
Case 561: 2913-August-25
Case 562: 2818-June-25
Case 563: 2826-June-06
Case 564: 2494-July-24
Case 565: 2166-April-22
Case 566: 2617-February-07
Case 567: 2145-September-15
Case 568: 2483-December-18
Case 569: 2089-June-09
Case 570: 2496-November-11
Case 571: 2389-October-14
Case 572: 2429-July-21
Case 573: 2057-April-14
Case 574: 1960-February-23
Case 575: 2053-August-25
Case 576: 2051-December-26
Case 577: 2916-October-13
Case 578: 2481-March-30
Case 579: 2263-May-26
Case 580: 2742-September-01
Case 581: 2411-December-05
Case 582: 2618-July-06
Case 583: 2043-June-03
Case 584: 2608-February-05
Case 585: 3005-March-16
Case 586: 2146-March-27
Case 587: 1972-October-16
Case 588: 2933-November-23
Case 589: 2487-October-30
Case 590: 2227-May-23
Case 591: 2102-February-20
Case 592: 2943-March-11
Case 593: 2209-January-05
Case 594: 2370-August-16
Case 595: 2571-November-16
Case 596: 2162-February-15
Case 597: 2154-April-25
Case 598: 2765-February-05
Case 599: 2184-September-29
Case 600: 2535-February-13
Case 601: 2237-October-24
Case 602: 2067-July-27
Case 603: 2666-July-28
Case 604: 2358-September-25
Case 605: 2079-July-30
Case 606: 2581-August-24
Case 607: 1989-July-17
Case 608: 2520-May-22
Case 609: 2833-April-23
Case 610: 3021-February-16
Case 611: 2726-December-08
Case 612: 2880-September-27
Case 613: 2594-July-15
Case 614: 2113-March-25
Case 615: 2019-December-02
Case 616: 2169-April-08
Case 617: 2425-June-29
Case 618: 1955-February-11
Case 619: 2896-November-17
Case 620: 2200-April-11
Case 621: 2669-September-17
Case 622: 2687-November-22
Case 623: 2649-December-03
Case 624: 2408-August-16
Case 625: 2616-April-21
Case 626: 2335-July-11
Case 627: 2771-September-01
Case 628: 2001-October-28
Case 629: 2786-April-25
Case 630: 2222-March-16
Case 631: 2805-September-10
Case 632: 1979-May-19
Case 633: 2134-September-26
Case 634: 2652-March-26
Case 635: 2975-September-23
Case 636: 2792-October-05
Case 637: 2459-February-18
Case 638: 2552-August-10
Case 639: 2545-November-05
Case 640: 2675-December-27
Case 641: 2983-October-13
Case 642: 2548-February-26
Case 643: 2031-October-07
Case 644: 2174-July-04
Case 645: 2285-March-25
Case 646: 2242-April-23
Case 647: 2895-November-14
Case 648: 2275-November-08
Case 649: 2847-June-10
Case 650: 2047-January-03
Case 651: 1942-March-09
Case 652: 2532-January-14
Case 653: 2603-January-29
Case 654: 2756-February-18
Case 655: 2456-December-11
Case 656: 2360-January-04
Case 657: 2633-June-09
Case 658: 2301-April-15
Case 659: 2783-February-24
Case 660: 2437-April-09
Case 661: 2132-November-19
Case 662: 2627-September-23
Case 663: 2313-January-07
Case 664: 2602-August-24
Case 665: 2160-February-08
Case 666: 2784-December-04
