Case #1: 2
Case #2: 1
Case #3: IMPOSSIBLE
Case #4: 1 2
Case #5: 2 3
Case #6: IMPOSSIBLE
Case #7: IMPOSSIBLE
Case #8: 2
Case #9: IMPOSSIBLE
Case #10: IMPOSSIBLE
Case #11: 2
Case #12: 1
Case #13: 2 36028797018963972
Case #14: IMPOSSIBLE
Case #15: IMPOSSIBLE
Case #16: 1 2 3 4
Case #17: IMPOSSIBLE
Case #18: IMPOSSIBLE
Case #19: IMPOSSIBLE
Case #20: 1
Case #21: IMPOSSIBLE
Case #22: 2 71 256200567846 512401135690 768601703534 1024802271378 1281002839222 1537203407066 1793403974910 2049604542754 2305805110598 2562005678442 2818206246286 3074406814130 3330607381974 3586807949818 3843008517662 4099209085506 4355409653350 4611610221194 4867810789038 5124011356882 5380211924726 5636412492570 5892613060414 6148813628258 6405014196102 6661214763946 6917415331790 7173615899634 7429816467478 7686017035322 7942217603166 8198418171010 8454618738854 8710819306698
Case #23: IMPOSSIBLE
Case #24: IMPOSSIBLE
Case #25: IMPOSSIBLE
Case #26: 1 2 3 4 5 6 7 8 9 10 11 12 13 14 15 16 17 18 19 20 21 22 23 24 25 26 27 28 29 30 31 32 33 34 35 36 37 38 39 40 41 42 43 44 45 46 47 48 49 50 51 52 53 54 55 56 57 58 59 60 61 62 63 64 65 66 67 68 69 70 71 72 73 74 75 76 77 78 79 80 81 82 83 84 85 86 87 88 89 90 91 92 93 94 95 96 97 98 99 100
Case #27: 2 11 246 490 734 978
Case #28: IMPOSSIBLE
Case #29: IMPOSSIBLE
Case #30: 2 7414796868 14829593734 22244390600 29659187466 37073984332 44488781198 51903578064 59318374930 66733171796 74147968662 81562765528 88977562394 96392359260 103807156126 111221952992 118636749858 126051546724 133466343590 140881140456 148295937322 155710734188 163125531054 170540327920 177955124786 185369921652 192784718518 200199515384 207614312250 215029109116 222443905982 229858702848 237273499714 244688296580 252103093446 259517890312 266932687178 274347484044 281762280910 289177077776 296591874642
Case #31: IMPOSSIBLE
Case #32: 1
Case #33: 1
Case #34: IMPOSSIBLE
Case #35: IMPOSSIBLE
Case #36: 2 89 88462669791062 176925339582122 265388009373182 353850679164242 442313348955302 530776018746362 619238688537422 707701358328482 796164028119542 884626697910602 973089367701662 1061552037492722 1150014707283782 1238477377074842 1326940046865902 1415402716656962 1503865386448022 1592328056239082 1680790726030142 1769253395821202 1857716065612262 1946178735403322 2034641405194382 2123104074985442 2211566744776502 2300029414567562 2388492084358622 2476954754149682 2565417423940742 2653880093731802 2742342763522862 2830805433313922 2919268103104982 3007730772896042 3096193442687102 3184656112478162 3273118782269222 3361581452060282 3450044121851342 3538506791642402 3626969461433462 3715432131224522 3803894801015582
Case #37: IMPOSSIBLE
Case #38: IMPOSSIBLE
Case #39: 1
Case #40: 1 2 3 4 5 6 7 8 9 10 11 12 13 14 15 16 17 18 19 20 21 22 23 24 25 26 27 28 29 30 31 32 33 34 35 36 37 38 39 40 41
Case #41: 1
Case #42: 1
Case #43: 2
Case #44: 2 36
Case #45: 2 204 406 608 810 1012 1214 1416 1618 1820 2022 2224 2426 2628 2830 3032 3234 3436 3638 3840 4042 4244 4446 4648 4850 5052 5254 5456 5658 5860 6062 6264 6466 6668 6870 7072 7274 7476 7678 7880 8082 8284 8486 8688 8890 9092 9294 9496 9698 9900
Case #46: IMPOSSIBLE
Case #47: 2 5 19531254
Case #48: IMPOSSIBLE
Case #49: IMPOSSIBLE
Case #50: 2 12
Case #51: IMPOSSIBLE
Case #52: IMPOSSIBLE
Case #53: IMPOSSIBLE
Case #54: 2 3
Case #55: IMPOSSIBLE
Case #56: 2 5836 11670 17504 23338 29172 35006 40840 46674 52508 58342 64176 70010 75844 81678 87512 93346 99180 105014 110848 116682 122516 128350 134184 140018 145852 151686
Case #57: 2
Case #58: 1 2 3
Case #59: IMPOSSIBLE
Case #60: IMPOSSIBLE
Case #61: IMPOSSIBLE
Case #62: 2 128004 256006 384008 512010 640012 768014 896016 1024018 1152020 1280022 1408024 1536026 1664028 1792030 1920032 2048034 2176036 2304038 2432040
Case #63: IMPOSSIBLE
Case #64: IMPOSSIBLE
Case #65: 1
Case #66: 2
Case #67: IMPOSSIBLE
Case #68: IMPOSSIBLE
Case #69: 2 1101463556 2202927110 3304390664 4405854218 5507317772 6608781326 7710244880 8811708434 9913171988 11014635542 12116099096 13217562650 14319026204 15420489758 16521953312 17623416866 18724880420 19826343974 20927807528 22029271082 23130734636 24232198190 25333661744 26435125298 27536588852 28638052406 29739515960
Case #70: IMPOSSIBLE
Case #71: 2 36028797018963972
Case #72: IMPOSSIBLE
Case #73: IMPOSSIBLE
Case #74: 1
Case #75: IMPOSSIBLE
Case #76: 2
Case #77: 2 809134470276 1618268940550 2427403410824 3236537881098 4045672351372 4854806821646 5663941291920 6473075762194 7282210232468 8091344702742 8900479173016 9709613643290 10518748113564 11327882583838 12137017054112 12946151524386 13755285994660 14564420464934 15373554935208 16182689405482 16991823875756 17800958346030 18610092816304 19419227286578 20228361756852 21037496227126 21846630697400 22655765167674 23464899637948 24274034108222 25083168578496 25892303048770 26701437519044 27510571989318 28319706459592 29128840929866 29937975400140 30747109870414 31556244340688 32365378810962 33174513281236 33983647751510
Case #78: IMPOSSIBLE
Case #79: 2 13 342 682 1022 1362 1702
Case #80: 2 11 3543126 7086250 10629374 14172498
Case #81: 1
Case #82: 2
Case #83: IMPOSSIBLE
Case #84: IMPOSSIBLE
Case #85: IMPOSSIBLE
Case #86: IMPOSSIBLE
Case #87: IMPOSSIBLE
Case #88: IMPOSSIBLE
Case #89: 1 2 3 4 5 6 7 8 9
Case #90: 2 72 142 212 282 352 422 492 562 632 702 772 842 912 982 1052 1122
Case #91: IMPOSSIBLE
Case #92: 2 3
Case #93: IMPOSSIBLE
Case #94: 2 3
Case #95: IMPOSSIBLE
Case #96: IMPOSSIBLE
Case #97: IMPOSSIBLE
Case #98: 1
Case #99: IMPOSSIBLE
Case #100: IMPOSSIBLE
