Case #1: 1 2 2 2 4
Case #2: 0 0 0 1 1 14 15 15
Case #3: 0 0 0 1 8 8
Case #4: 32855 40409 51158 70556 73824 90125 177234 198245 267359 358926
Case #5: 0 0 1 1 3 3 4
Case #6: 70650697
Case #7: 1 1 1 3 3
Case #8: 1 1 2 3 6
Case #9: 1 19901 81284 81284 101184 101184 182467
Case #10: 1 1 1 1 2 4
Case #11: 1 1 1 2
Case #12: 0 1 1 2 2 2 4
Case #13: 1 1 1
Case #14: 1 3439 3439 3439 3440 13756 13756 40979
Case #15: 0 1 1 1 6 6
Case #16: 289342 289342 289342 289342 289342 289342 289342 289342 289342 289342 289342 289342 289342 289342 289342 289342 289342 289342 289342 289342
Case #17: 1 1 1 1 1 6
Case #18: 1 1 1
Case #19: 1 1 1 1 2 2 4
Case #20: 1 1 1 1 3 4
Case #21: 0 0 0 1 1 1 1 6 6
Case #22: 59311 59541 124047 124047 124047 124047 169921 171035 295211 295211 295211 295211 340992 340992 340992 340992 467841 467841 467841 467841
Case #23: 0 0 1 1 2 8 8
Case #24: 0 0 0 1 8 8 8 16
Case #25: 392262 392262 392262 392262 392262 392262 392262 392262 392262 392262 392262 392262 392262 392262 392262 392262 392262 392262 392262 392262
Case #26: 1 1 1 2 2
Case #27: 1 84038 84038 84039 84039 85499
Case #28: 0 0 1 1 2 7 7
Case #29: 0 0 1 3
Case #30: 1 2 4
Case #31: 1 1 1 1 2 2
Case #32: 0 1 1 1 2 4 4
Case #33: 0 0 1 3 6
Case #34: 35041 35042 82522 117562 117562 200083
Case #35: 1 33439 33440 46694 46694 46695 173521
Case #36: 1 2 2
Case #37: 43615 74843 74844 118458 118458 149686 193299
Case #38: 1 91466 99771 191236 291006 291006
Case #39: 1 1 1 1 1 1
Case #40: 1 1 1 2 2 3
Case #41: 16998 16999 33996 95585 112582 259161
Case #42: 0 0 1 4 4 8
Case #43: 58256 62309 120564 120564 120564 120564 120564 241128
Case #44: 0 0 0 1 1 2 2 13
Case #45: 0 0 1 1 1 3 3 5
Case #46: 5 10 17 20 23 27 49 59 60 74 88 100 106 111 114 119 121 141 144 155
Case #47: 18961668
Case #48: 0 69259 78467 78467 78469 78469 78471 156938
Case #49: 1 1 1 1 2
Case #50: 5003 5004 5004 5005 88694 98702 197402
Case #51: 0 17492 52473 69963 139926 139926 139926
Case #52: 1 1 1 1 3
Case #53: 0
Case #54: 1 1 1 1 1
Case #55: 0 0 0 0 0 0 0 0 0 0 0 0 0 0 0 0 0 0 0 0
Case #56: 0 0 1 1 1 2 4
Case #57: 1 1 1 1 4 4 4
Case #58: 28668 29086 29087 29087 29088 115929 202769
Case #59: 0 2 2 29187 29187 29189 75635 163196
Case #60: 42784 48407 91190 91190 91190 91190 273566 273566
Case #61: 39442 86401 86403 86403 86404 212244 212244
Case #62: 0 0 1 1 1 1 3
Case #63: 0 0 1 1 1 1 1 2
Case #64: 55116 55116 55116 55117 73237 110231
Case #65: 9452 19191 38377 59074 66256 77452 80682 82402 83440 421426 421426 1264278
Case #66: 2307 19455 22418 61767 71345 78081 96069 154873 154873
Case #67: 814 90467 90468 91281 91281 91281 363493 363493
Case #68: 1 1 1 2 2
Case #69: 1 1 1 1 1 1
Case #70: 49381 49381 49382 97999 196761 196761 196761
Case #71: 1 1 1
Case #72: 98632 181012 181012 181012 181012 181012 181012 181012 181012 181012 181012 181012 456717 456717 456717 456717 456717 456717 456717 456717
Case #73: 14004 94660 94661 203324 406648
Case #74: 0 1 1 2 2 3 4
Case #75: 50519 59004 109521 109521 109522 328564 657128
Case #76: 17400 17840 35239 35239 70478 176195 176195 176195 176195
Case #77: 0 0 1 3 3
Case #78: 57074 91125 91125 91126 182250 273375 273375 546750
Case #79: 0 0 12254 17624 22614 29238 33156 50776 68354 101552 208094 208094
Case #80: 0 0 1 1 1 1 1 2
Case #81: 1 1 1 1 1 1
Case #82: 0 0 1 1 1 3
Case #83: 0 0 1 1 2 4 8
Case #84: 0 0 1 1 2 2 10
Case #85: 0 31249 47810 50251 51433 93425 95982 192666 192666 192666 752921
Case #86: 0 1 1 2 2
Case #87: 1 1 1 1 1 5 5
Case #88: 0 0 33374 74983 82311 88289 88886 96015 278953 463253 463253 926506
Case #89: 0 1 1 1 1 2 4
Case #90: 13974 13975 13975 13976 13977 89964 117912
Case #91: 1 1 1 1 1 5
Case #92: 0 0 1 1 1 2 8
Case #93: 7756 18189 19158 24455 27151 64298 77427 93014 94011 227866 230637 529588 954808
Case #94: 0 0 1 3 3 3 3
Case #95: 47805 57716 105520 211040 211040 211040 422080
Case #96: 16008 25673 41680 41680 57685 57685 57686
Case #97: 1 1 1 1 2
Case #98: 1 12394 12394 12394 37180 74360 95247
Case #99: 0 1 1 1 6 6
Case #100: 0 1 1 1 2 2 5
