Case #1: 19 20
Case #2: 023 023
Case #3: 0 0
Case #4: 05 00
Case #5: 99 99
Case #6: 092 093
Case #7: 900 900
Case #8: 826 789
Case #9: 110 079
Case #10: 500 094
Case #11: 99 90
Case #12: 495 540
Case #13: 93 98
Case #14: 838 099
Case #15: 680 299
Case #16: 019 050
Case #17: 099 909
Case #18: 98 93
Case #19: 600 600
Case #20: 000 000
Case #21: 003 003
Case #22: 599 601
Case #23: 99 09
Case #24: 00 00
Case #25: 244 244
Case #26: 883 883
Case #27: 001 001
Case #28: 15 10
Case #29: 069 100
Case #30: 909 900
Case #31: 029 060
Case #32: 998 993
Case #33: 493 497
Case #34: 90 09
Case #35: 95 99
Case #36: 343 343
Case #37: 199 199
Case #38: 550 550
Case #39: 00 00
Case #40: 998 999
Case #41: 321 321
Case #42: 10 09
Case #43: 070 039
Case #44: 00 05
Case #45: 875 874
Case #46: 007 002
Case #47: 009 050
Case #48: 655 655
Case #49: 99 99
Case #50: 315 315
Case #51: 730 727
Case #52: 99 99
Case #53: 099 130
Case #54: 050 009
Case #55: 159 151
Case #56: 897 900
Case #57: 023 023
Case #58: 302 306
Case #59: 599 610
Case #60: 90 99
Case #61: 09 09
Case #62: 09 09
Case #63: 00 00
Case #64: 205 204
Case #65: 99 99
Case #66: 050 050
Case #67: 501 501
Case #68: 432 432
Case #69: 99 99
Case #70: 400 400
Case #71: 397 760
Case #72: 90 90
Case #73: 10 15
Case #74: 807 807
Case #75: 05 05
Case #76: 089 089
Case #77: 112 069
Case #78: 99 95
Case #79: 012 025
Case #80: 0 0
Case #81: 599 609
Case #82: 990 909
Case #83: 085 085
Case #84: 110 065
Case #85: 09 09
Case #86: 09 10
Case #87: 470 470
Case #88: 90 90
Case #89: 305 305
Case #90: 059 090
Case #91: 099 100
Case #92: 040 009
Case #93: 5 5
Case #94: 080 039
Case #95: 098 093
Case #96: 800 699
Case #97: 900 909
Case #98: 068 068
Case #99: 045 090
Case #100: 469 704
Case #101: 009 009
Case #102: 90 90
Case #103: 359 360
Case #104: 694 730
Case #105: 111 115
Case #106: 09 09
Case #107: 029 070
Case #108: 310 404
Case #109: 593 600
Case #110: 049 080
Case #111: 497 500
Case #112: 267 267
Case #113: 006 006
Case #114: 679 720
Case #115: 092 092
Case #116: 200 008
Case #117: 108 108
Case #118: 501 379
Case #119: 05 05
Case #120: 093 098
Case #121: 799 857
Case #122: 290 500
Case #123: 120 089
Case #124: 029 070
Case #125: 102 098
Case #126: 318 310
Case #127: 089 120
Case #128: 909 990
Case #129: 90 90
Case #130: 070 029
Case #131: 039 080
Case #132: 05 05
Case #133: 030 030
Case #134: 909 909
Case #135: 080 049
Case #136: 443 446
Case #137: 009 040
Case #138: 809 809
Case #139: 096 069
Case #140: 397 401
Case #141: 396 804
Case #142: 389 882
Case #143: 09 05
Case #144: 187 187
Case #145: 060 019
Case #146: 143 147
Case #147: 09 99
Case #148: 025 025
Case #149: 00 00
Case #150: 95 95
Case #151: 010 009
Case #152: 00 00
Case #153: 993 998
Case #154: 090 049
Case #155: 090 059
Case #156: 000 000
Case #157: 667 667
Case #158: 988 992
Case #159: 027 027
Case #160: 99 99
Case #161: 300 009
Case #162: 9 9
Case #163: 9 9
Case #164: 992 988
Case #165: 05 05
Case #166: 99 99
Case #167: 050 050
Case #168: 019 045
Case #169: 359 339
Case #170: 95 95
Case #171: 065 065
Case #172: 210 210
Case #173: 019 060
Case #174: 420 420
Case #175: 060 029
Case #176: 082 039
Case #177: 040 040
Case #178: 050 019
Case #179: 891 891
Case #180: 721 679
Case #181: 417 450
Case #182: 99 99
Case #183: 00 00
Case #184: 00 00
Case #185: 0 0
Case #186: 100 069
Case #187: 100 099
Case #188: 102 102
Case #189: 049 090
Case #190: 5 5
Case #191: 039 070
Case #192: 140 140
Case #193: 130 099
Case #194: 09 90
Case #195: 077 095
Case #196: 079 110
Case #197: 099 209
Case #198: 132 083
Case #199: 290 249
Case #200: 05 09
