Case #1: 19 20
Case #2: 023 023
Case #3: 0 0
Case #4: 05 00
Case #5: 050 009
Case #6: 900 900
Case #7: 079 110
Case #8: 180 305
Case #9: 050 050
Case #10: 060 029
Case #11: 99 99
Case #12: 179 900
Case #13: 05 09
Case #14: 304 304
Case #15: 000 000
Case #16: 599 601
Case #17: 729 729
Case #18: 99 99
Case #19: 090 049
Case #20: 900 909
Case #21: 049 080
Case #22: 983 949
Case #23: 99 99
Case #24: 329 329
Case #25: 09 09
Case #26: 658 658
Case #27: 023 019
Case #28: 909 990
Case #29: 764 766
Case #30: 09 09
Case #31: 906 906
Case #32: 089 120
Case #33: 800 699
Case #34: 056 029
Case #35: 006 006
Case #36: 066 066
Case #37: 585 096
Case #38: 910 910
Case #39: 044 044
Case #40: 735 735
Case #41: 340 340
Case #42: 850 850
Case #43: 776 800
Case #44: 00 00
Case #45: 400 362
Case #46: 902 902
Case #47: 059 090
Case #48: 830 699
Case #49: 500 500
Case #50: 99 99
Case #51: 101 100
Case #52: 00 00
Case #53: 100 099
Case #54: 00 00
Case #55: 880 880
Case #56: 95 99
Case #57: 93 98
Case #58: 040 040
Case #59: 503 503
Case #60: 944 944
Case #61: 414 413
Case #62: 696 800
Case #63: 097 100
Case #64: 99 99
Case #65: 080 049
Case #66: 093 098
Case #67: 029 060
Case #68: 098 093
Case #69: 508 504
Case #70: 029 070
Case #71: 009 009
Case #72: 008 008
Case #73: 90 90
Case #74: 599 880
Case #75: 328 328
Case #76: 320 320
Case #77: 597 600
Case #78: 009 050
Case #79: 030 029
Case #80: 009 009
Case #81: 102 098
Case #82: 049 090
Case #83: 584 609
Case #84: 90 09
Case #85: 080 039
Case #86: 039 080
Case #87: 050 019
Case #88: 119 119
Case #89: 244 270
Case #90: 990 909
Case #91: 305 304
Case #92: 040 040
Case #93: 05 05
Case #94: 652 652
Case #95: 909 900
Case #96: 073 073
Case #97: 700 700
Case #98: 05 05
Case #99: 750 750
Case #100: 014 014
Case #101: 320 199
Case #102: 90 90
Case #103: 067 070
Case #104: 90 90
Case #105: 010 009
Case #106: 99 95
Case #107: 9 9
Case #108: 010 008
Case #109: 110 079
Case #110: 950 915
Case #111: 040 040
Case #112: 730 399
Case #113: 009 040
Case #114: 239 400
Case #115: 269 310
Case #116: 008 005
Case #117: 09 09
Case #118: 721 679
Case #119: 963 963
Case #120: 730 727
Case #121: 09 99
Case #122: 9 9
Case #123: 099 909
Case #124: 099 500
Case #125: 019 060
Case #126: 05 05
Case #127: 0 0
Case #128: 000 000
Case #129: 988 992
Case #130: 809 569
Case #131: 779 798
Case #132: 069 100
Case #133: 540 542
Case #134: 019 900
Case #135: 070 029
Case #136: 040 009
Case #137: 99 90
Case #138: 05 05
Case #139: 00 05
Case #140: 15 10
Case #141: 993 998
Case #142: 00 00
Case #143: 110 065
Case #144: 019 050
Case #145: 397 760
Case #146: 202 198
Case #147: 199 199
Case #148: 897 900
Case #149: 99 99
Case #150: 039 070
Case #151: 497 500
Case #152: 099 100
Case #153: 5 5
Case #154: 099 100
Case #155: 10 09
Case #156: 340 340
Case #157: 052 970
Case #158: 250 250
Case #159: 250 250
Case #160: 5 5
Case #161: 09 05
Case #162: 060 019
Case #163: 09 90
Case #164: 00 00
Case #165: 130 099
Case #166: 159 151
Case #167: 427 430
Case #168: 98 93
Case #169: 99 99
Case #170: 90 99
Case #171: 875 875
Case #172: 705 697
Case #173: 090 059
Case #174: 95 95
Case #175: 297 297
Case #176: 400 400
Case #177: 998 993
Case #178: 09 09
Case #179: 0 0
Case #180: 318 310
Case #181: 95 95
Case #182: 092 093
Case #183: 100 069
Case #184: 697 720
Case #185: 99 99
Case #186: 09 10
Case #187: 010 010
Case #188: 99 09
Case #189: 00 00
Case #190: 120 089
Case #191: 980 969
Case #192: 407 405
Case #193: 397 401
Case #194: 00 00
Case #195: 107 072
Case #196: 992 988
Case #197: 099 130
Case #198: 10 15
Case #199: 070 039
Case #200: 90 90
