460720
355750
834350
919220
284720
740560
604200
848445
211100
272300
391680
40920
617230
511300
422096
12400
13525
316800
936784
731968
10080
186030
520860
715
28
517900
579536
928950
164120
64
694872
769025
69320
43580
173520
878000
767200
3321
972320
549200
964800
371200
891499
173980
958841
919845
527110
355400
789340
892960
902400
200368
667400
406820
355200
656720
182896
804600
42
324960
330136
727280
844691
605728
658450
88560
582400
578310
936928
262900
386366
145594
62800
300240
481860
239140
1
11480
974480
170226
539824
659000
600325
15005
23710
517082
362995
44000
465
816
507770
968824
749060
757870
820540
900584
484560
788000
438545
879360
