364
247
490
1030
850
190
662
665
889
966
158
1142
562
300
1031
274
994
818
720
430
810
568
470
359
463
761
757
526
471
379
723
1091
613
438
285
520
677
596
779
582
60
309
590
852
616
1143
410
1060
974
987
660
850
625
745
538
248
360
967
946
533
622
385
820
639
671
800
793
358
1039
147
188
306
601
380
945
997
371
206
1010
642
762
796
876
924
857
736
781
787
761
920
701
1144
740
271
389
403
290
683
705
1043
563
1077
339
1023
849
535
52
912
759
498
504
878
843
734
912
404
1075
1036
912
745
581
1029
678
869
630
787
927
1049
951
968
713
243
949
482
481
1031
723
764
770
509
606
936
531
699
523
876
267
811
805
1121
476
547
756
705
765
373
470
857
777
172
632
760
742
522
42
645
805
1009
862
1066
1023
218
601
629
636
871
396
585
1027
917
965
371
241
417
904
153
213
180
170
598
1045
1093
670
843
1029
425
547
681
395
662
1006
763
726
801
1014
732
849
972
307
836
423
632
629
727
250
858
373
309
883
181
329
966
877
336
941
527
508
6
1017
806
996
538
821
553
328
811
606
765
1111
924
896
424
863
219
1069
949
462
756
441
153
519
904
661
103
973
946
218
1048
879
1129
737
872
413
586
492
866
711
587
872
989
891
1124
951
898
855
609
914
693
1015
266
996
784
352
929
736
1041
623
891
599
834
170
130
684
537
1075
1173
739
925
786
870
1087
892
798
801
727
1031
980
856
740
1027
317
976
897
738
628
944
149
665
1008
957
734
1066
238
952
1182
333
223
1023
287
255
1032
913
112
393
636
873
615
879
155
272
482
249
60
705
1222
21
498
548
736
891
305
564
119
204
597
595
513
864
956
918
500
182
820
873
1074
879
992
491
282
585
1139
948
833
545
201
255
170
619
1061
76
870
98
349
828
836
650
954
737
998
883
1015
491
700
51
649
734
655
718
69
875
1125
854
213
424
280
659
895
408
556
629
529
1020
761
974
783
1016
918
602
784
793
605
537
792
227
361
848
1091
310
627
537
219
1039
522
840
793
985
225
1052
948
450
673
605
748
739
439
677
950
180
861
810
247
852
989
174
609
465
973
706
758
1258
634
943
857
162
958
992
571
502
739
749
952
553
503
662
322
534
154
554
699
987
906
745
1028
882
824
1009
481
279
693
802
168
856
268
748
949
1038
786
11
35
826
687
406
776
1012
915
546
575
927
562
726
418
816
1094
432
1214
438
149
317
606
1224
714
497
852
1032
679
83
699
562
389
742
628
254
836
700
97
694
453
642
259
416
488
963
680
822
727
646
177
456
1052
747
113
493
459
588
1035
486
423
382
153
783
570
1002
966
303
703
886
1035
523
1006
448
450
585
686
617
60
448
869
782
985
810
356
472
491
542
442
584
831
674
906
511
1015
124
894
569
68
529
389
817
439
449
469
1012
488
696
393
1015
650
989
1011
940
779
1088
618
477
870
386
513
888
726
818
56
650
1077
570
988
595
451
267
459
250
704
1086
1113
1023
1072
948
1006
654
908
186
578
695
859
740
230
910
722
284
1022
799
1028
677
510
558
240
579
546
1104
448
780
318
716
968
313
1005
205
241
326
363
110
591
788
892
417
559
624
160
702
153
1114
969
845
759
690
832
1089
223
597
964
579
1119
1004
541
437
738
484
689
577
1035
993
840
858
445
777
385
167
539
896
925
920
145
451
882
1003
943
950
555
254
399
741
910
87
449
926
1049
477
719
959
908
251
658
628
396
945
792
366
108
708
1108
764
583
792
1119
669
593
1042
1093
1098
1015
365
653
247
515
661
423
354
556
700
751
494
1019
566
267
917
857
53
1098
450
782
818
953
60
254
597
400
1079
731
1087
267
544
864
1027
656
437
51
207
969
763
576
1076
868
636
650
676
1037
682
566
840
1032
159
1075
920
237
907
871
523
1010
602
311
799
1108
1015
767
805
1033
88
727
941
777
858
237
278
243
1004
682
763
673
328
976
107
916
776
99
6
626
683
1119
429
172
639
563
469
526
258
556
1026
824
488
924
439
1020
298
411
547
811
884
904
278
992
846
357
944
473
1007
140
833
843
589
715
386
756
726
520
221
451
858
905
1089
832
946
321
695
466
887
950
498
970
950
282
808
181
767
510
311
561
512
589
865
509
457
1028
858
280
717
469
769
395
954
913
494
518
74
982
707
855
938
611
510
272
1056
233
949
774
956
340
645
620
900
1058
982
687
981
978
638
366
765
661
1088
502
920
1016
929
840
861
566
720
937
542
1161
572
376
524
534
282
776
269
734
408
368
959
975
432
996
759
1024
352
656
414
703
911
592
593
789
591
507
249
418
912
241
1059
652
172
918
1049
1013
91
1002
1109
910
376
986
390
159
590
1076
519
645
35
603
640
