Case #1: -4 -2 -1 1 4
Case #2: -2 -1 0 1 1 1
Case #3: -62931582 -62931582 -62931582 -62931582 -56314493 -56314493 -56314493 -56314493 -56314493 -56314493 -56314493 -56314493 -56314493 -56314493 -56314493 -56314493 -56314493 -56314493 -56314493 -56314493 -56314493 -56314493 -56314493 -56314493 -56314493 -56314493 -56314493 -19854238 -19854238 -19854238 -19854238 -19854238 19854238 19854238 19854238 19854238 19854238 19854238 56314493 56314493 56314493 56314493 56314493 56314493 56314493 56314493 56314493 56314493 56314493 56314493 56314493 56314493 56314493 56314493 62931582 62931582 62931582 62931582 62931582 62931582
Case #4: -64085 -6 -2 0 2 4 12 54089
Case #5: -72914 -33363 1 33363 33364 39550 39551
Case #6: -71958 -71957 1 2 31428 40529 71959
Case #7: -192996 -83607 25783 25784 83607 83608 167214
Case #8: -76635 -2 0 2 29864 76633 76633 76633 76633
Case #9: -3 -1 1 6
Case #10: -99234 -95585 -89354 -48195 -39901 0 7092 10037 39275 39901 39901 48078 78061 79802
Case #11: -141119 -97999 -43120 -11759 43120 54880 98000
Case #12: -95528 -76670 1 1 18861 76669
Case #13: -5 -1 0 0 1 5 8
Case #14: -2 1 1 1 1 3 5
Case #15: -98503 -76352 -76244 -22150 31333 47039 59614 63778 98503
Case #16: -2 1 1 1
Case #17: -58395 -58393 -28006 -14002 -14002 0 2 14004
Case #18: -6 -1 1 2 3
Case #19: 1 1 1
Case #20: -4 -2 -1 -1 1
Case #21: -1 1 1 1 2
Case #22: -6 -4 1 1 2
Case #23: 1 2 4
Case #24: -92631 -8492 8492 8492 8492 8492 8493 75649
Case #25: 0 0 0 0 0 0 0 0 0 0 0 0 0 0 0 0 0 0 0 0 0 0 0 0 0 0 0 0 0 0 0 0 0 0 0 0 0 0 0 0 0 0 0 0 0 0 0 0 0 0 0 0 0 0 0 0 0 0 0 0
Case #26: -2 -1 -1
Case #27: -68572 -39384 -29190 -1 2 39384 137148
Case #28: -3 -1 1 1 3
Case #29: -5 0 1 1 1 2
Case #30: -3 -1 1 3 3
Case #31: -3 -2 1 1 1 1
Case #32: -1 0 0 2 4 4
Case #33: -7 -3 -2 0 1 1
Case #34: -3 0 1 1 1 2
Case #35: -1 1 2
Case #36: -99434 -99434 -50485 -49717 769 49717
Case #37: -86532 -84849 -43266 -41235 0 0 13957 29185 29189 35499 43266 43266 63431
Case #38: -6 -1 -1 1 1 6
Case #39: -3 -3 -2 -1 2
Case #40: -96691 -96690 0 0 0 16493 113177 193382
Case #41: -115972 -51027 -27584 0 3537 29088 33045 33047 53839 60986 79390
Case #42: -1 -1 -1 1 1 1
Case #43: -4 0 1 2 2 8
Case #44: -6 -2 -2 -1
Case #45: -80 -79 -78 -78 -77 -75 -75 -75 -74 -73 -72 -72 -18 0 2 6 9 12 12 17 19 20 21 22 23 24 27 28 28 30 30 32 34 36 36 37 38 38 40 41 42 42 43 43 46 47 50 51 52 53 54 55 63 64 65 66 67 68 70 71
Case #46: -3 -3 0 0 1 7 7
Case #47: -4 -4 -2 -1 -1
Case #48: -43247756 -30134402 38844455 40104030 40467841 40467841 40467841 40467841 71500184 71500184 71500184 71500184 93101035 93101035 93101035 93101035 93412262 93412262 93412262 93412262
Case #49: -12 -1 -1 -1 -1 1 12
Case #50: -78796 -11095 -2 -2 2 78796 78797
Case #51: -4 -2 -1 2
Case #52: -72220 -33690 -33690 4842 38531 38531 38532
Case #53: -7 -3 -2 -1 1
Case #54: -148510 -140957 -59451 -59451 -21383 -17891 0 53554 80836 87407 91466
Case #55: -2 1 3 6
Case #56: -132135 -132135 -96207 -96207 -35924 35924 35928 60280
Case #57: -95720 -68354 -45708 -27398 -22614 -21300 -18629 0 0 0 0 0 0 0 387 2813 30413 53853 82311 220740
Case #58: -4 -1 -1 -1 4
Case #59: -101072 -50536 -41099 9437 18874 50537
Case #60: -3 -2 1 3
Case #61: -4 -1 0 1 2 3
Case #62: -5 -1 -1 -1 1 5
Case #63: -2 1 1 1 2
Case #64: -2 0 1 1 2 4
Case #65: -91126 -61817 -30906 -30906 1 1 30905
Case #66: -3 1 1 1 1 1 3
Case #67: -1 1 1 2 2 2
Case #68: -47805 -39550 1 1 39551 47803 47803
Case #69: -1 1 1 2
Case #70: -6 1 2 3 3
Case #71: 0 0 1 1 1 9
Case #72: -31714 -1 0 0 1 2 31714 31714 31718 86618
Case #73: -86232 -86232 -86230 -67149 -19080 86230
Case #74: 6961668
Case #75: -6 -1 1 1 3
Case #76: -41782 -29285 -29282 -1 12499 29284 29285
Case #77: -29338623 -29338623 -29338623 -29338623 -29338623 -29338623 -29338623 -29338623 -29338623 -29338623 -29338623 -29338623 -29338623 -29338623 -29338623 -29338623 -29338623 -29338623 -29338623 -29338623 -29338623 -29338623 -29338623 29338623 29338623 29338623 29338623 29338623 29338623 29338623 29338623 29338623 29338623 29338623 29338623 29338623 29338623 29338623 29338623 29338623 29338623 29338623 29338623 29338623 29338623 29338623 29338623 29338623 29338623 29338623 29338623 29338623 29338623 29338623 29338623 29338623 29338623 29338623 29338623 29338623
Case #78: -194110 -97055 -62911 -34143 -34142 68286
Case #79: 0 0 1 3
Case #80: -1 -1 -1 1 1
Case #81: -1 1 1
Case #82: -1 1
Case #83: -52100992
Case #84: -11 -1 1 1 1 1
Case #85: -4 -1 1 1 4
Case #86: -6 -1 -1 1 1
Case #87: -98579 0 9412 89169 89169 89169 178338 178338
Case #88: -4 -2 1 1
Case #89: -5 0 1 1 2 2
Case #90: -1 -1 -1 0 0 1 1
Case #91: -83999 -13904 -13904 -13904 13905 70095
Case #92: -190963 -75197 -37734 -6529 13977 41707 77754 99233
Case #93: -51351 -51351 -26151 -25199 51351 51351 51351 76551
Case #94: -1 1 1 1 2
Case #95: -7 0 1 1 2 4
Case #96: -7 -4 -2 -1 1
Case #97: -9984298 -9984298 -9984298 -9984298 -9984298 -9984298 -9984298 -9984298 -9984298 -9984298 -9984298 -9984298 -9984298 -9984298 -9984298 -9984298 -9984298 -9984298 -9984298 -9984298 -9984298 -9984298 -9984298 9984298 9984298 9984298 9984298 9984298 9984298 9984298 9984298 9984298 9984298 9984298 9984298 9984298 9984298 9984298 9984298 9984298 9984298 9984298 9984298 9984298 9984298 9984298 9984298 9984298 9984298 9984298 9984298 9984298 9984298 9984298 9984298 9984298 9984298 9984298 9984298 9984298
Case #98: -3 -1 -1 3
Case #99: -2 1 1
Case #100: 0
