Case 1: Yes
2 (2,3) (8,9)
1 (3,5)
1 (5,8)
Case 2: No
Case 3: Yes
1 (1,3)
1 (3,5)
1 (5,7)
2 (1,2) (6,7)
1 (2,6)
Case 4: Yes
1 (0,10000)
1 (10000,20000)
1 (20000,30000)
1 (30000,40000)
1 (40000,50000)
Case 5: Yes
1 (0,10000)
1 (0,10000)
1 (0,10000)
1 (0,10000)
1 (0,10000)
Case 6: Yes
1 (0,2500)
1 (0,2500)
1 (0,2500)
1 (0,2500)
1 (0,2500)
1 (2500,5000)
1 (2500,5000)
1 (2500,5000)
1 (2500,5000)
1 (2500,5000)
1 (5000,7500)
1 (5000,7500)
1 (5000,7500)
1 (5000,7500)
1 (5000,7500)
1 (7500,10000)
1 (7500,10000)
1 (7500,10000)
1 (7500,10000)
1 (7500,10000)
1 (10000,12500)
1 (10000,12500)
1 (10000,12500)
1 (10000,12500)
1 (10000,12500)
1 (12500,15000)
1 (12500,15000)
1 (12500,15000)
1 (12500,15000)
1 (12500,15000)
1 (15000,17500)
1 (15000,17500)
1 (15000,17500)
1 (15000,17500)
1 (15000,17500)
1 (17500,20000)
1 (17500,20000)
1 (17500,20000)
1 (17500,20000)
1 (17500,20000)
1 (20000,22500)
1 (20000,22500)
1 (20000,22500)
1 (20000,22500)
1 (20000,22500)
1 (22500,25000)
1 (22500,25000)
1 (22500,25000)
1 (22500,25000)
1 (22500,25000)
1 (25000,27500)
1 (25000,27500)
1 (25000,27500)
1 (25000,27500)
1 (25000,27500)
1 (27500,30000)
1 (27500,30000)
1 (27500,30000)
1 (27500,30000)
1 (27500,30000)
1 (30000,32500)
1 (30000,32500)
1 (30000,32500)
1 (30000,32500)
1 (30000,32500)
1 (32500,35000)
1 (32500,35000)
1 (32500,35000)
1 (32500,35000)
1 (32500,35000)
1 (35000,37500)
1 (35000,37500)
1 (35000,37500)
1 (35000,37500)
1 (35000,37500)
1 (37500,40000)
1 (37500,40000)
1 (37500,40000)
1 (37500,40000)
1 (37500,40000)
1 (40000,42500)
1 (40000,42500)
1 (40000,42500)
1 (40000,42500)
1 (40000,42500)
1 (42500,45000)
1 (42500,45000)
1 (42500,45000)
1 (42500,45000)
1 (42500,45000)
1 (45000,47500)
1 (45000,47500)
1 (45000,47500)
1 (45000,47500)
1 (45000,47500)
1 (47500,50000)
1 (47500,50000)
1 (47500,50000)
1 (47500,50000)
1 (47500,50000)
