Case #1:
NOTHING
Case #2:
EMERGENCY
Case #3:
NOTHING
Case #4:
EMERGENCY
Case #5:
EMERGENCY
Case #6:
EMERGENCY
Case #7:
NIGHTMARE
Case #8:
EMERGENCY
Case #9:
NOTHING
Case #10:
WAKE-UP
Case #11:
WAKE-UP
Case #12:
NOTHING
Case #13:
EMERGENCY
Case #14:
NOTHING
Case #15:
WAKE-UP
Case #16:
EMERGENCY
Case #17:
NOTHING
Case #18:
EMERGENCY
Case #19:
NOTHING
Case #20:
NOTHING
Case #21:
NIGHTMARE
Case #22:
NOTHING
Case #23:
NOTHING
Case #24:
EMERGENCY
Case #25:
WAKE-UP
Case #26:
NOTHING
Case #27:
EMERGENCY
Case #28:
EMERGENCY
Case #29:
WAKE-UP
Case #30:
EMERGENCY
Case #31:
EMERGENCY
Case #32:
EMERGENCY
Case #33:
NOTHING
Case #34:
EMERGENCY
Case #35:
EMERGENCY
Case #36:
EMERGENCY
Case #37:
NOTHING
Case #38:
NOTHING
Case #39:
EMERGENCY
Case #40:
NIGHTMARE
Case #41:
EMERGENCY
Case #42:
EMERGENCY
Case #43:
WAKE-UP
Case #44:
EMERGENCY
Case #45:
EMERGENCY
Case #46:
EMERGENCY
Case #47:
EMERGENCY
Case #48:
NIGHTMARE
Case #49:
NOTHING
Case #50:
EMERGENCY
Case #51:
EMERGENCY
Case #52:
EMERGENCY
Case #53:
EMERGENCY
Case #54:
NOTHING
Case #55:
EMERGENCY
Case #56:
NOTHING
Case #57:
EMERGENCY
Case #58:
NOTHING
Case #59:
WAKE-UP
Case #60:
NOTHING
Case #61:
NOTHING
Case #62:
EMERGENCY
Case #63:
NIGHTMARE
Case #64:
NOTHING
Case #65:
NIGHTMARE
Case #66:
EMERGENCY
Case #67:
NOTHING
Case #68:
NOTHING
Case #69:
NIGHTMARE
Case #70:
NOTHING
Case #71:
NOTHING
Case #72:
EMERGENCY
Case #73:
NOTHING
Case #74:
NOTHING
Case #75:
NOTHING
Case #76:
NOTHING
Case #77:
NIGHTMARE
Case #78:
NIGHTMARE
Case #79:
EMERGENCY
Case #80:
NOTHING
Case #81:
EMERGENCY
Case #82:
EMERGENCY
Case #83:
NOTHING
Case #84:
NOTHING
Case #85:
NOTHING
Case #86:
EMERGENCY
Case #87:
NOTHING
Case #88:
NOTHING
Case #89:
NOTHING
Case #90:
NIGHTMARE
Case #91:
EMERGENCY
Case #92:
NOTHING
Case #93:
NIGHTMARE
Case #94:
NOTHING
Case #95:
NOTHING
Case #96:
NOTHING
Case #97:
EMERGENCY
Case #98:
NIGHTMARE
Case #99:
NOTHING
Case #100:
NOTHING
