Case 1: distance = 6
   5-4-2-3
   1-2-3

Case 2: distance = 5
   1-3-4
   2-3-4

Case 3: distance = 3
   2-3
   1-2-3

Case 4: distance = 18
   1-2-3-4-5-6-7-8-9-10-11-12-13-14-15-16-17-18-19
   2-3-4-5-6-7-8-9-10-11-12-13-14-15-16-17-18-19
   3-4-5-6-7-8-9-10-11-12-13-14-15-16-17-18-19
   4-5-6-7-8-9-10-11-12-13-14-15-16-17-18-19
   5-6-7-8-9-10-11-12-13-14-15-16-17-18-19
   6-7-8-9-10-11-12-13-14-15-16-17-18-19
   7-8-9-10-11-12-13-14-15-16-17-18-19
   8-9-10-11-12-13-14-15-16-17-18-19
   9-10-11-12-13-14-15-16-17-18-19
   10-11-12-13-14-15-16-17-18-19

Case 5: distance = 19
   1-2-3-4-5-6-7-8-9-10-11-12-13-14-15-16-17-18-19-20
   2-3-4-5-6-7-8-9-10-11-12-13-14-15-16-17-18-19-20
   3-4-5-6-7-8-9-10-11-12-13-14-15-16-17-18-19-20
   4-5-6-7-8-9-10-11-12-13-14-15-16-17-18-19-20
   5-6-7-8-9-10-11-12-13-14-15-16-17-18-19-20
   6-7-8-9-10-11-12-13-14-15-16-17-18-19-20
   7-8-9-10-11-12-13-14-15-16-17-18-19-20
   8-9-10-11-12-13-14-15-16-17-18-19-20
   9-10-11-12-13-14-15-16-17-18-19-20
   10-11-12-13-14-15-16-17-18-19-20

