Case #1:
|            _
|  _/\_/\   /
| /      \_/
+--------------

Case #2:
|            _
|  _/\_/\   /
| /      \_/
+--------------

Case #3:
| /
+---

Case #4:
| \
+---

Case #5:
| _
+---

Case #6:
| \
|  \
+----

Case #7:
|  /
| /
+----

Case #8:
| __
+----

Case #9:
| /\
+----

Case #10:
| \/
+----

Case #11:
|            /\
| /\  _   /\/  \
|   \/ \_/      \     __/
|                \/\_/
+-------------------------

Case #12:
| \/\                    ___
|    \/\/\_/\__/\/\___  /   \/\
|                     \/
+-------------------------------

Case #13:
|                                               /\_
|                                            __/   \
|                                   _    ___/
|                           _    __/ \  /
|                     _____/ \__/     \/
|                    /
|                   /
|                /\/
|               /
|             _/
| /\  /\/\_  /
|   \/     \/
+----------------------------------------------------

Case #14:
|    /\
|   /  \
| \/    \
|        \/
+-----------

Case #15:
|   /\/\      _
| _/    \    / \
|        \__/   \_
|                 \
|                  \          /\
|                   \    ____/
|                    \  /
|                     \/
+--------------------------------

Case #16:
| \    _
|  \  / \
|   \/   \
+----------

Case #17:
|           __   __
|         _/  \_/  \  /\
| ___    /          \/  \_
|    \__/
+--------------------------

Case #18:
| /\  _
|   \/ \
|       \/\
|          \  _
|           \/ \
|               \_
|                 \  __
|                  \/  \/\
+--------------------------

Case #19:
|    __
|   /
| _/
+-------

Case #20:
|                 /\
|           _    /  \  _
|      /\  / \/\/    \/ \_
|   __/  \/               \/\__
| _/
+-------------------------------

Case #21:
|                                   _
|                                __/ \  __
|         /\_/\__               /     \/  \
|       _/       \  _        __/           \
|      /          \/ \/\_   /
| \   /                  \_/
|  \_/
+--------------------------------------------

Case #22:
| ___/\____
+-----------

Case #23:
|              _/\__
|             /
|            /
| _     ____/
|  \/\_/
+--------------------

Case #24:
| __
|   \__  _
|      \/ \_  /\
|           \/  \
|                \    _  __
|                 \__/ \/  \_
|                            \/\      /\
|                               \_   /
|                                 \_/
+----------------------------------------

Case #25:
|                                  _
|                                _/ \__
|  _                            /
| / \_                         /
|     \_                      /
|       \_               _  _/
|         \   /\_/\     / \/
|          \_/     \___/
+---------------------------------------

Case #26:
|                     __
|                    /  \_
|           ___/\/\_/     \
|        /\/               \
| \_    /                   \
|   \  /                     \
|    \/                       \  __
|                              \/  \_
|                                    \__
+----------------------------------------

Case #27:
|           _
|      _/\_/ \  _           /\/\_
|     /       \/ \      /\_/     \
|    /            \  /\/          \
|  _/              \/              \/\_
| /                                    \_
+-----------------------------------------

Case #28:
|  _
| / \_
|     \/\_
|         \__
|            \__
+----------------

Case #29:
|            _
| \_       _/ \
|   \     /    \   __   _
|    \  _/      \_/  \_/ \
|     \/
+--------------------------

Case #30:
|          _  __/\
|      _  / \/    \_
|     / \/          \
| _  /               \_   _  _     /\_
|  \/                  \_/ \/ \/\_/   \_  _    __/
|                                       \/ \  /
|                                           \/
+--------------------------------------------------

Case #31:
| \_/\
|     \
+-------

Case #32:
|                                        __
|   _            /\    _/\/\/\/\        /
| _/ \         _/  \__/         \_  _  /
|     \_____  /                   \/ \/
|           \/
+-------------------------------------------

Case #33:
|  __        /\/\       _/\
| /  \/\    /    \  ___/   \  __
|       \__/      \/        \/
+--------------------------------

Case #34:
|                            _
|                         __/
| \                      /
|  \  _/\            _  /
|   \/   \        __/ \/
|         \/\____/
+------------------------------

Case #35:
|      _
| ____/
+--------

Case #36:
|                                    __       _
|                                 __/  \_____/
|                                /
|                             __/
|                          __/
|     _                   /
| \  / \/\__             /
|  \/       \           /
|            \    _    /
|             \  / \__/
|              \/
+-----------------------------------------------

Case #37:
|                           __
|                          /
|             __   _/\/\/\/
|            /  \_/
|      __  _/
|     /  \/
| /\_/
+------------------------------

Case #38:
|                    /
|                 __/
|    _          _/
|   / \__/\   _/
|  /       \_/
| /
+----------------------

Case #39:
|       /\
|      /  \_
|   __/     \
| _/         \__    _
|               \/\/ \
|                     \                  /
|                      \              /\/
|                       \            /
|                        \  /\__  __/
|                         \/    \/
+------------------------------------------

Case #40:
|     _
|    / \  _/\/\
|  _/   \/     \
| /
+----------------

