Case #1: POSSIBLE
01110
00110
00011
00000
00000
Case #2: POSSIBLE
01
00
Case #3: IMPOSSIBLE
Case #4: POSSIBLE
01110
00111
00010
00001
00000
Case #5: POSSIBLE
01111
00111
00011
00000
00000
Case #6: IMPOSSIBLE
Case #7: POSSIBLE
0110
0010
0000
0000
Case #8: POSSIBLE
011110
001111
000110
000010
000001
000000
Case #9: IMPOSSIBLE
Case #10: IMPOSSIBLE
Case #11: POSSIBLE
010
001
000
Case #12: POSSIBLE
01
00
Case #13: POSSIBLE
011111
001110
000110
000011
000000
000000
Case #14: IMPOSSIBLE
Case #15: POSSIBLE
0111
0011
0001
0000
Case #16: IMPOSSIBLE
Case #17: POSSIBLE
011110
001111
000111
000010
000000
000000
Case #18: IMPOSSIBLE
Case #19: IMPOSSIBLE
Case #20: POSSIBLE
011111
001110
000110
000010
000001
000000
Case #21: POSSIBLE
0110
0011
0001
0000
Case #22: POSSIBLE
01110
00111
00010
00000
00000
Case #23: POSSIBLE
0111
0010
0000
0000
Case #24: POSSIBLE
0110
0011
0000
0000
Case #25: IMPOSSIBLE
Case #26: POSSIBLE
011110
001110
000110
000010
000001
000000
Case #27: IMPOSSIBLE
Case #28: IMPOSSIBLE
Case #29: POSSIBLE
011
001
000
Case #30: IMPOSSIBLE
Case #31: IMPOSSIBLE
Case #32: POSSIBLE
011110
001110
000111
000010
000000
000000
Case #33: IMPOSSIBLE
Case #34: POSSIBLE
01111
00111
00010
00000
00000
Case #35: POSSIBLE
0110
0010
0001
0000
Case #36: POSSIBLE
0111
0010
0001
0000
Case #37: IMPOSSIBLE
Case #38: POSSIBLE
011
000
000
Case #39: POSSIBLE
011111
001111
000111
000010
000000
000000
Case #40: IMPOSSIBLE
Case #41: POSSIBLE
011110
001110
000110
000011
000000
000000
Case #42: IMPOSSIBLE
Case #43: POSSIBLE
011111
001110
000110
000010
000000
000000
Case #44: POSSIBLE
0110
0010
0001
0000
Case #45: POSSIBLE
01111
00111
00010
00000
00000
Case #46: IMPOSSIBLE
Case #47: IMPOSSIBLE
Case #48: POSSIBLE
01110
00111
00010
00000
00000
Case #49: POSSIBLE
01111
00110
00011
00000
00000
Case #50: POSSIBLE
011110
001110
000111
000010
000001
000000
Case #51: POSSIBLE
011111
001111
000110
000010
000001
000000
Case #52: IMPOSSIBLE
Case #53: POSSIBLE
010
000
000
Case #54: IMPOSSIBLE
Case #55: IMPOSSIBLE
Case #56: IMPOSSIBLE
Case #57: IMPOSSIBLE
Case #58: POSSIBLE
0111
0011
0001
0000
Case #59: IMPOSSIBLE
Case #60: POSSIBLE
011110
001110
000111
000011
000000
000000
Case #61: POSSIBLE
011
001
000
Case #62: POSSIBLE
01110
00110
00010
00001
00000
Case #63: POSSIBLE
01111
00111
00011
00001
00000
Case #64: POSSIBLE
011111
001111
000110
000011
000000
000000
Case #65: POSSIBLE
01111
00110
00010
00000
00000
Case #66: POSSIBLE
01110
00110
00011
00001
00000
Case #67: POSSIBLE
010
001
000
Case #68: POSSIBLE
01111
00110
00011
00001
00000
Case #69: POSSIBLE
011111
001111
000111
000011
000000
000000
Case #70: POSSIBLE
01110
00110
00011
00000
00000
Case #71: POSSIBLE
0111
0011
0000
0000
Case #72: IMPOSSIBLE
Case #73: POSSIBLE
0110
0011
0000
0000
Case #74: POSSIBLE
01110
00110
00010
00000
00000
Case #75: POSSIBLE
01111
00110
00010
00000
00000
Case #76: POSSIBLE
01110
00111
00011
00001
00000
Case #77: IMPOSSIBLE
Case #78: IMPOSSIBLE
Case #79: POSSIBLE
011
000
000
Case #80: IMPOSSIBLE
Case #81: POSSIBLE
0111
0010
0000
0000
Case #82: IMPOSSIBLE
Case #83: IMPOSSIBLE
Case #84: POSSIBLE
011111
001111
000110
000010
000000
000000
Case #85: POSSIBLE
01110
00111
00011
00000
00000
Case #86: IMPOSSIBLE
Case #87: POSSIBLE
011110
001111
000111
000011
000000
000000
Case #88: POSSIBLE
01111
00110
00010
00001
00000
Case #89: POSSIBLE
0111
0011
0000
0000
Case #90: IMPOSSIBLE
Case #91: POSSIBLE
00
00
Case #92: POSSIBLE
011111
001110
000111
000010
000000
000000
Case #93: POSSIBLE
0111
0010
0001
0000
Case #94: POSSIBLE
01111
00111
00010
00001
00000
Case #95: POSSIBLE
0110
0011
0001
0000
Case #96: IMPOSSIBLE
Case #97: POSSIBLE
011111
001110
000111
000011
000000
000000
Case #98: POSSIBLE
011110
001111
000110
000011
000000
000000
Case #99: IMPOSSIBLE
Case #100: POSSIBLE
011110
001111
000110
000010
000000
000000
