Case #1: SweetStop
Case #2: LikeSign Arcade SweetStop
Case #3: PhilzCoffee NailPolishRoomBlock FukiSushiInOldenDays ColdBrewMachine
Case #4: ZucksOffice ChosHawkerCenter LivingTheDream FullCircle SaintFrank RainbowStairs MamaPennys ConstitutionDeli SugarShack TuringInDominoes MPK20Roof BridgeClub LightningBolts WallOfPhones FreshOrangeJuice SweetStop Nanokitchen Ballpit Sol LikeSign TransportationHub SonOfPingAndPong OculusDemoLab
Case #5: SaintFrank SonOfPingAndPong WallOfPhones SweetStop VerveCoffee WoodenSculpture Nanokitchen
Case #6: SaintFrank OculusDemoLab LikeSign DentalOffice FakeCrosswalk
Case #7: BridgeClub ZucksOldOffice FreshOrangeJuice BurgerShack Microkitchen ColdBrewMachine NailPolishRoomBlock
Case #8: CafeEpic SonOfPingAndPong SweetStop
Case #9: TransportationHub SaintFrank
Case #10: MamaPennys FukiSushiInOldenDays FoxPainting
Case #11: HackerSquare FukiSushiInOldenDays BlueBottle ConstitutionDeli FoxGazebo
Case #12: ZucksOldOffice ZucksOffice BlueBottle TransportationHub
Case #13: ConstitutionDeli VerveCoffee WoodenSculpture MPK20Roof LikeSign ZucksOffice Sol ZucksOldOffice MamaPennys
Case #14: Nanokitchen DentalOffice SwagStore BlueBottle FoxGazebo SonOfPingAndPong VerveCoffee ChosHawkerCenter NailPolishRoomBlock Microkitchen
Case #15: ZucksOffice HackerSquare Helpdesk SugarShack
Case #16: BridgeClub WoodenSculpture DentalOffice FukiSushiInOldenDays BahnAppetit Nanokitchen LivingTheDream TuringInDominoes ShuttlePlatform ZucksOffice TechVendingMachine
Case #17: Sol Helpdesk PhilzCoffee OculusDemoLab VerveCoffee LateHarvest Ballpit SweetStop DentalOffice NailPolishRoomBlock SwagStore BurgerShack SonOfPingAndPong MamaPennys ColdBrewMachine ConstitutionDeli FullCircle Nanokitchen ShuttlePlatform CafeEpic Microkitchen TuringInDominoes MPK20Roof SaintFrank Harvest LikeSign ZucksOffice ChosHawkerCenter WoodenSculpture SugarShack WallOfPhones HotfixBar FoxPainting
Case #18: ShuttlePlatform TechVendingMachine CafeEpic ConstitutionDeli MPK20Roof BlueBottle TuringInDominoes FukiSushiInOldenDays Nanokitchen LightningBolts FreshOrangeJuice
Case #19: WallOfPhones ConstitutionDeli BridgeClub TuringInDominoes BahnAppetit ZucksOffice OculusDemoLab Microkitchen Arcade ShuttlePlatform NailPolishRoomBlock SweetStop SwagStore HackerSquare TechVendingMachine SonOfPingAndPong
Case #20: FreshOrangeJuice ColdBrewMachine OculusDemoLab ZucksOffice FoxPainting Ballpit WoodenSculpture VerveCoffee BlueBottle HackerSquare LikeSign
Case #21: SaintFrank Helpdesk ConstitutionDeli SweetStop Microkitchen LateHarvest MamaPennys PhilzCoffee Sol BlueBottle SonOfPingAndPong FullCircle
Case #22: FoxPainting Microkitchen FreshOrangeJuice
Case #23: TuringInDominoes VerveCoffee FukiSushiInOldenDays ShuttlePlatform TechVendingMachine ColdBrewMachine LightningBolts BridgeClub HotfixBar OculusDemoLab CafeEpic FakeCrosswalk SonOfPingAndPong FullCircle ZucksOffice Arcade SugarShack FoxGazebo MPK20Roof ConstitutionDeli WallOfPhones ChosHawkerCenter WoodenSculpture
Case #24: LivingTheDream
Case #25: ColdBrewMachine WoodenSculpture LightningBolts SweetStop BahnAppetit FukiSushiInOldenDays BurgerShack ConstitutionDeli ChosHawkerCenter ShuttlePlatform LikeSign MPK20Roof Ballpit Sol TechVendingMachine NailPolishRoomBlock
Case #26: OculusDemoLab Ballpit ZucksOffice VerveCoffee SugarShack SaintFrank FoxGazebo RainbowStairs Nanokitchen TransportationHub LightningBolts BlueBottle BurgerShack WallOfPhones ConstitutionDeli MPK20Roof ChosHawkerCenter HalalTruck WoodenSculpture MamaPennys PopUpShop CafeEpic LivingTheDream LateHarvest FukiSushiInOldenDays FoxPainting
Case #27: ZucksOldOffice ChosHawkerCenter Harvest SonOfPingAndPong Nanokitchen TuringInDominoes HotfixBar MPK20Roof FoxGazebo Arcade HackerSquare Ballpit FukiSushiInOldenDays SugarShack CafeEpic Helpdesk ColdBrewMachine
Case #28: MPK20Roof BridgeClub FukiSushiInOldenDays ConstitutionDeli Sol TransportationHub BlueBottle LivingTheDream SugarShack MamaPennys BahnAppetit Nanokitchen HotfixBar LateHarvest Microkitchen HalalTruck BurgerShack Ballpit OculusDemoLab LightningBolts Harvest
Case #29: BahnAppetit HackerSquare ZucksOffice Arcade FoxPainting NailPolishRoomBlock SonOfPingAndPong BlueBottle FreshOrangeJuice Helpdesk DentalOffice MamaPennys MPK20Roof Ballpit SweetStop TechVendingMachine ChosHawkerCenter LivingTheDream FullCircle SaintFrank CafeEpic PopUpShop ShuttlePlatform WoodenSculpture SugarShack TransportationHub PhilzCoffee LikeSign
Case #30: Ballpit Harvest TransportationHub
Case #31: Helpdesk SonOfPingAndPong MPK20Roof WoodenSculpture CafeEpic LivingTheDream HalalTruck FukiSushiInOldenDays OculusDemoLab
Case #32: ShuttlePlatform TuringInDominoes FukiSushiInOldenDays WoodenSculpture TechVendingMachine ZucksOffice LikeSign ZucksOldOffice HalalTruck Sol OculusDemoLab RainbowStairs LightningBolts SugarShack FakeCrosswalk LateHarvest WallOfPhones ConstitutionDeli HotfixBar TransportationHub MamaPennys Arcade Ballpit FoxPainting
Case #33: LivingTheDream ZucksOldOffice LightningBolts FukiSushiInOldenDays FreshOrangeJuice ZucksOffice FullCircle TechVendingMachine TransportationHub WallOfPhones MamaPennys
Case #34: TechVendingMachine
Case #35: ZucksOffice TransportationHub OculusDemoLab ChosHawkerCenter DentalOffice Microkitchen ShuttlePlatform CafeEpic SugarShack TuringInDominoes LivingTheDream ConstitutionDeli
Case #36: ColdBrewMachine
Case #37: VerveCoffee LightningBolts BlueBottle SwagStore
Case #38: ConstitutionDeli TuringInDominoes Harvest HackerSquare NailPolishRoomBlock Ballpit BlueBottle OculusDemoLab Nanokitchen TechVendingMachine BahnAppetit VerveCoffee HalalTruck LivingTheDream SugarShack FoxPainting LateHarvest SonOfPingAndPong DentalOffice HotfixBar BridgeClub LikeSign MamaPennys SwagStore RainbowStairs BurgerShack
Case #39: WallOfPhones HalalTruck SugarShack BurgerShack
Case #40: TechVendingMachine Arcade
Case #41: DentalOffice MamaPennys Microkitchen LightningBolts ConstitutionDeli Harvest FakeCrosswalk WoodenSculpture VerveCoffee PhilzCoffee CafeEpic SugarShack FoxPainting Arcade LateHarvest ColdBrewMachine SonOfPingAndPong
Case #42: TuringInDominoes LivingTheDream HackerSquare WoodenSculpture
Case #43: HotfixBar RainbowStairs Sol SweetStop CafeEpic LivingTheDream ZucksOffice TuringInDominoes OculusDemoLab LightningBolts NailPolishRoomBlock DentalOffice Nanokitchen PhilzCoffee SwagStore BahnAppetit FreshOrangeJuice FoxGazebo VerveCoffee ShuttlePlatform FakeCrosswalk BurgerShack TransportationHub FukiSushiInOldenDays ColdBrewMachine PopUpShop SonOfPingAndPong Harvest BlueBottle ZucksOldOffice MPK20Roof ChosHawkerCenter TechVendingMachine SugarShack WoodenSculpture FoxPainting Arcade Helpdesk BridgeClub ConstitutionDeli Microkitchen SaintFrank HalalTruck LateHarvest LikeSign MamaPennys WallOfPhones
Case #44: RainbowStairs WallOfPhones FoxGazebo Helpdesk Arcade Harvest NailPolishRoomBlock FullCircle PopUpShop OculusDemoLab SaintFrank MamaPennys Sol FoxPainting HalalTruck LateHarvest FakeCrosswalk SugarShack BlueBottle SweetStop TuringInDominoes CafeEpic LivingTheDream DentalOffice ZucksOffice SonOfPingAndPong Nanokitchen ColdBrewMachine MPK20Roof WoodenSculpture PhilzCoffee BahnAppetit SwagStore FreshOrangeJuice ConstitutionDeli ShuttlePlatform LightningBolts ZucksOldOffice LikeSign TechVendingMachine Ballpit
Case #45: SwagStore CafeEpic FullCircle WoodenSculpture Microkitchen VerveCoffee ZucksOffice PhilzCoffee SweetStop ColdBrewMachine SonOfPingAndPong HotfixBar SaintFrank BahnAppetit DentalOffice Ballpit Helpdesk ZucksOldOffice PopUpShop FoxPainting Nanokitchen LikeSign BridgeClub SugarShack
Case #46: FoxGazebo MPK20Roof WoodenSculpture Biryani
Case #47: Arcade ConstitutionDeli HotfixBar
Case #48: ConstitutionDeli LikeSign FoxGazebo BlueBottle BurgerShack Microkitchen TransportationHub TuringInDominoes SugarShack ZucksOldOffice HotfixBar LateHarvest LightningBolts NailPolishRoomBlock LivingTheDream FullCircle ZucksOffice CafeEpic SaintFrank SonOfPingAndPong OculusDemoLab Nanokitchen
Case #49: Microkitchen VerveCoffee HackerSquare PopUpShop
Case #50: MamaPennys FakeCrosswalk DentalOffice NailPolishRoomBlock HotfixBar Harvest ShuttlePlatform ConstitutionDeli BlueBottle BridgeClub LateHarvest VerveCoffee SweetStop HalalTruck SwagStore FreshOrangeJuice ZucksOldOffice FukiSushiInOldenDays CafeEpic SaintFrank Arcade MPK20Roof FoxPainting SugarShack ZucksOffice FullCircle LivingTheDream Helpdesk WallOfPhones RainbowStairs
Case #51: Helpdesk NailPolishRoomBlock HalalTruck ChosHawkerCenter BurgerShack LateHarvest SweetStop FukiSushiInOldenDays Nanokitchen SonOfPingAndPong MamaPennys Sol FullCircle PopUpShop VerveCoffee MPK20Roof ShuttlePlatform HackerSquare RainbowStairs SugarShack ColdBrewMachine LivingTheDream WallOfPhones ZucksOldOffice Ballpit
Case #52: SwagStore BahnAppetit Harvest BridgeClub ZucksOffice WallOfPhones TechVendingMachine LateHarvest Microkitchen Nanokitchen ZucksOldOffice NailPolishRoomBlock DentalOffice FoxPainting Arcade VerveCoffee BlueBottle ShuttlePlatform Sol SugarShack LightningBolts TuringInDominoes MPK20Roof WoodenSculpture FakeCrosswalk HotfixBar BurgerShack FreshOrangeJuice FoxGazebo LikeSign ChosHawkerCenter MamaPennys LivingTheDream PopUpShop FullCircle TransportationHub SweetStop RainbowStairs PhilzCoffee SaintFrank HackerSquare
Case #53: LikeSign Arcade SwagStore
Case #54: LateHarvest HalalTruck LightningBolts MamaPennys Harvest Helpdesk DentalOffice ColdBrewMachine TransportationHub SonOfPingAndPong RainbowStairs LikeSign FakeCrosswalk Ballpit FukiSushiInOldenDays FullCircle SugarShack CafeEpic FreshOrangeJuice ShuttlePlatform Nanokitchen TuringInDominoes NailPolishRoomBlock MPK20Roof BurgerShack SaintFrank HackerSquare
Case #55: MPK20Roof MamaPennys SugarShack FoxPainting RainbowStairs ColdBrewMachine FukiSushiInOldenDays PhilzCoffee Ballpit ZucksOldOffice TechVendingMachine
Case #56: WallOfPhones Nanokitchen MamaPennys HalalTruck TransportationHub
Case #57: LivingTheDream Harvest PhilzCoffee MamaPennys
Case #58: Nanokitchen ConstitutionDeli SaintFrank DentalOffice Ballpit FullCircle BlueBottle FakeCrosswalk OculusDemoLab FoxPainting Harvest ZucksOldOffice BurgerShack FreshOrangeJuice TransportationHub Microkitchen ShuttlePlatform FukiSushiInOldenDays LikeSign LateHarvest BridgeClub
Case #59: WallOfPhones CafeEpic
Case #60: HotfixBar
Case #61: DentalOffice BahnAppetit WoodenSculpture LateHarvest BurgerShack ConstitutionDeli FoxGazebo VerveCoffee SweetStop
Case #62: TransportationHub Ballpit RainbowStairs SwagStore BridgeClub ZucksOffice
Case #63: FoxPainting BahnAppetit SweetStop LightningBolts ChosHawkerCenter ZucksOldOffice
Case #64: CafeEpic SonOfPingAndPong FoxPainting BlueBottle Arcade SwagStore Sol BurgerShack FoxGazebo HotfixBar HalalTruck BridgeClub OculusDemoLab MPK20Roof Nanokitchen SugarShack ZucksOldOffice HackerSquare SaintFrank FakeCrosswalk Helpdesk ZucksOffice FukiSushiInOldenDays NailPolishRoomBlock LivingTheDream DentalOffice Harvest BahnAppetit WoodenSculpture PopUpShop LightningBolts MamaPennys FullCircle ConstitutionDeli Microkitchen PhilzCoffee WallOfPhones RainbowStairs VerveCoffee FreshOrangeJuice TransportationHub SweetStop TuringInDominoes
Case #65: LikeSign SweetStop SwagStore
Case #66: LateHarvest ZucksOldOffice CafeEpic MPK20Roof SwagStore Microkitchen NailPolishRoomBlock FullCircle TuringInDominoes FukiSushiInOldenDays Harvest WoodenSculpture Arcade FoxGazebo WallOfPhones LikeSign ZucksOffice BridgeClub HackerSquare Nanokitchen BurgerShack FakeCrosswalk ConstitutionDeli
Case #67: ChosHawkerCenter BlueBottle FukiSushiInOldenDays ZucksOldOffice LateHarvest WallOfPhones VerveCoffee ConstitutionDeli PopUpShop TechVendingMachine ZucksOffice ShuttlePlatform RainbowStairs FoxPainting MPK20Roof SwagStore Microkitchen BridgeClub ColdBrewMachine WoodenSculpture OculusDemoLab Harvest HackerSquare Sol SugarShack BurgerShack FreshOrangeJuice
Case #68: PopUpShop
Case #69: PopUpShop PhilzCoffee MPK20Roof LightningBolts ChosHawkerCenter Microkitchen CafeEpic BlueBottle ZucksOffice BridgeClub Ballpit VerveCoffee ColdBrewMachine WoodenSculpture
Case #70: ZucksOldOffice Harvest PopUpShop SonOfPingAndPong LikeSign SwagStore PhilzCoffee
Case #71: DentalOffice BlueBottle
Case #72: ColdBrewMachine ZucksOldOffice
Case #73: ChosHawkerCenter FukiSushiInOldenDays HalalTruck TransportationHub LivingTheDream RainbowStairs ColdBrewMachine TechVendingMachine SugarShack
Case #74: PopUpShop FoxPainting LateHarvest TuringInDominoes BurgerShack LivingTheDream ChosHawkerCenter SugarShack BahnAppetit ColdBrewMachine Ballpit
Case #75: WoodenSculpture WallOfPhones OculusDemoLab HalalTruck FreshOrangeJuice LivingTheDream MamaPennys Arcade
Case #76: BahnAppetit SaintFrank PopUpShop ColdBrewMachine BridgeClub
Case #77: Nanokitchen Arcade Ballpit SwagStore FreshOrangeJuice ShuttlePlatform LikeSign HotfixBar LivingTheDream RainbowStairs FoxPainting Harvest BahnAppetit VerveCoffee TransportationHub ConstitutionDeli CafeEpic SweetStop Helpdesk Sol FakeCrosswalk BurgerShack Microkitchen ColdBrewMachine MamaPennys
Case #78: RainbowStairs LateHarvest CafeEpic LightningBolts SugarShack BridgeClub ShuttlePlatform ChosHawkerCenter TransportationHub SonOfPingAndPong
Case #79: WallOfPhones
Case #80: SonOfPingAndPong
