Case #1: 4 3
o 1 1
+ 1 2
x 2 2
Case #2: 2 0
Case #3: 6 2
x 1 2
o 2 3
Case #4: 282 228
o 1 1
+ 1 5
+ 1 96
+ 1 100
+ 2 1
+ 2 96
+ 2 100
x 3 2
+ 3 100
+ 4 100
x 5 5
+ 6 1
x 6 6
x 7 7
+ 7 98
+ 7 100
+ 8 1
x 8 8
+ 8 98
+ 8 100
x 9 9
+ 10 1
+ 10 2
+ 10 7
x 10 10
+ 10 13
x 11 11
+ 11 22
+ 11 98
+ 11 100
+ 12 1
x 12 12
+ 12 17
+ 12 98
+ 12 100
+ 13 1
x 13 13
+ 14 1
x 14 14
x 15 15
+ 15 98
+ 15 100
+ 16 2
x 16 16
+ 16 98
+ 16 100
x 18 17
+ 19 2
x 19 18
+ 19 98
+ 19 100
x 20 19
+ 20 98
+ 20 100
+ 21 1
x 22 20
x 23 21
+ 23 98
+ 23 100
x 24 23
+ 24 98
+ 24 100
+ 25 1
x 25 25
+ 26 1
x 26 26
+ 27 1
x 27 27
+ 27 98
+ 27 100
x 28 30
+ 28 98
+ 28 100
+ 29 1
x 29 31
+ 30 1
x 30 32
x 31 33
+ 31 98
+ 31 100
x 32 34
+ 33 99
+ 34 2
x 34 35
x 35 36
+ 35 98
+ 35 100
+ 36 1
x 36 37
+ 36 98
+ 36 100
x 37 38
x 38 39
+ 39 1
x 39 40
+ 39 98
+ 39 100
+ 40 98
+ 40 100
+ 41 1
+ 42 1
x 42 41
x 43 42
+ 43 98
+ 43 100
+ 44 1
+ 44 98
+ 44 100
x 46 44
x 47 45
+ 47 98
+ 47 100
+ 49 1
x 49 46
+ 49 99
+ 50 1
x 50 48
+ 51 100
+ 52 2
x 52 49
+ 52 98
+ 52 100
x 53 50
x 54 52
x 55 53
+ 55 98
+ 55 100
+ 56 1
x 56 55
+ 56 98
+ 56 100
+ 57 1
x 57 57
+ 58 1
x 58 58
x 59 59
+ 59 98
+ 59 100
+ 60 1
x 60 60
+ 60 100
+ 61 1
x 61 61
+ 62 1
x 62 63
x 63 64
x 64 65
+ 64 99
x 65 66
+ 65 99
x 66 67
+ 67 1
x 67 68
+ 67 100
+ 68 1
+ 68 98
+ 68 100
+ 69 1
x 69 69
+ 70 1
x 70 70
x 71 71
+ 71 98
+ 71 100
+ 72 1
x 72 72
+ 72 100
+ 73 20
+ 73 22
x 73 73
+ 74 1
+ 74 100
+ 75 1
x 75 74
+ 75 98
+ 75 100
+ 77 1
+ 77 12
+ 77 13
+ 77 14
+ 77 15
+ 77 19
x 77 75
+ 78 1
x 78 77
+ 79 1
+ 79 7
+ 79 9
x 79 79
+ 79 98
+ 79 100
x 80 80
+ 81 1
+ 81 6
x 81 81
+ 81 99
+ 82 1
+ 82 3
x 82 82
+ 83 1
x 83 83
x 84 85
+ 84 97
+ 84 98
+ 84 99
+ 84 100
x 85 87
+ 85 91
+ 85 93
x 86 89
x 87 90
+ 88 42
x 91 91
x 92 92
x 93 93
x 94 94
+ 95 51
x 95 96
x 96 97
x 97 98
+ 98 51
x 98 99
+ 99 62
+ 99 63
+ 99 66
+ 100 58
+ 100 70
x 100 100
Case #5: 251 143
x 1 1
+ 1 4
+ 1 24
+ 1 78
+ 1 81
+ 1 82
+ 1 83
+ 1 89
+ 2 1
+ 2 8
+ 2 19
+ 2 40
+ 2 73
+ 2 75
+ 2 94
x 3 2
+ 3 32
+ 3 77
+ 4 9
+ 4 11
+ 4 12
+ 4 13
+ 4 15
+ 5 1
+ 6 1
+ 7 1
x 7 4
+ 8 1
+ 9 94
+ 10 1
+ 11 1
+ 11 75
x 12 5
+ 13 1
+ 13 91
x 15 9
x 16 10
x 17 11
x 18 15
+ 18 90
+ 19 1
+ 21 1
+ 21 5
x 21 16
+ 21 89
x 22 17
+ 23 1
x 24 18
x 25 19
+ 25 94
+ 26 1
+ 27 1
x 28 20
+ 28 85
+ 28 93
+ 28 94
+ 29 1
x 29 21
+ 29 91
+ 30 1
+ 30 84
+ 30 86
x 31 22
+ 31 86
x 32 25
x 33 30
+ 33 93
+ 33 94
+ 34 2
x 35 34
x 36 35
+ 36 87
+ 36 94
+ 37 1
x 37 37
x 38 38
+ 38 87
+ 39 1
+ 41 94
+ 42 3
x 42 40
x 43 45
x 44 46
+ 44 92
+ 45 1
x 45 47
+ 46 1
x 46 48
+ 46 91
+ 47 1
x 47 49
+ 48 94
x 49 51
x 50 52
+ 51 1
+ 51 93
+ 52 93
+ 53 1
+ 54 1
x 54 53
+ 55 1
+ 56 5
x 57 54
+ 58 1
x 59 56
x 60 61
+ 61 1
+ 61 3
x 61 62
+ 62 1
x 62 65
+ 62 94
+ 66 3
+ 67 1
x 67 66
+ 69 1
x 69 67
+ 70 6
x 70 68
+ 70 94
x 71 70
+ 71 87
+ 71 89
+ 71 91
+ 72 2
+ 72 82
x 75 72
x 76 74
x 78 79
x 79 80
x 81 81
x 82 82
x 83 83
x 86 84
x 88 85
+ 90 42
x 90 87
+ 91 61
x 91 90
x 92 93
x 93 94
+ 94 47
+ 94 52
Case #6: 295 248
o 1 1
+ 1 99
+ 1 100
+ 2 1
x 2 2
+ 2 4
+ 2 97
+ 3 1
x 3 3
+ 3 100
+ 4 1
+ 4 98
+ 4 100
x 5 4
+ 6 1
+ 7 1
+ 7 98
+ 7 100
+ 8 1
x 8 6
+ 8 98
+ 8 100
+ 9 1
+ 10 1
+ 11 1
x 11 8
+ 11 98
+ 11 100
+ 12 1
+ 12 98
+ 12 100
+ 13 1
x 13 9
+ 13 14
+ 14 1
x 14 11
+ 15 1
+ 15 98
+ 15 100
+ 16 1
+ 16 100
+ 17 1
x 17 12
+ 17 20
+ 18 1
x 18 15
+ 18 100
+ 19 1
x 19 16
+ 19 98
+ 19 100
+ 20 1
x 20 17
+ 20 100
+ 21 1
x 21 18
+ 22 1
x 22 20
+ 22 100
+ 23 1
x 23 21
+ 23 98
+ 23 100
+ 24 1
+ 24 100
+ 25 1
x 25 23
+ 26 100
+ 27 1
x 27 25
+ 27 98
+ 27 100
+ 28 1
x 28 27
+ 28 100
+ 29 1
x 29 29
+ 30 1
+ 30 100
+ 31 1
+ 31 98
+ 31 100
+ 32 1
o 32 100
+ 33 1
x 33 31
+ 34 1
+ 34 100
+ 35 1
x 35 34
+ 35 98
+ 35 100
x 36 35
+ 36 100
+ 37 1
x 37 38
+ 38 1
+ 38 100
+ 39 1
+ 39 98
+ 39 100
+ 40 1
x 40 41
+ 40 100
+ 41 1
+ 42 1
x 42 42
+ 42 100
+ 43 1
x 43 44
+ 43 98
+ 43 100
+ 44 1
x 44 45
+ 44 100
+ 45 1
+ 46 1
+ 46 100
+ 47 1
x 47 46
+ 47 98
+ 47 100
+ 48 1
+ 48 100
+ 49 1
x 49 47
+ 50 1
+ 50 100
+ 51 1
x 51 53
+ 51 100
x 52 56
+ 52 100
+ 53 1
+ 53 100
+ 54 1
x 54 57
+ 54 100
+ 55 1
+ 55 100
+ 56 1
+ 56 100
+ 57 1
x 57 58
+ 57 100
+ 58 1
x 58 60
+ 58 100
+ 59 1
x 59 64
+ 59 100
+ 60 1
x 60 67
+ 60 100
+ 61 1
+ 61 100
+ 62 1
+ 62 100
+ 63 1
+ 63 100
+ 64 1
+ 64 100
+ 65 1
+ 65 100
+ 66 1
+ 66 100
+ 67 1
x 67 68
+ 67 100
+ 68 1
+ 68 100
+ 69 1
x 69 71
+ 69 100
+ 70 1
x 70 72
+ 70 100
+ 71 1
x 71 74
+ 71 100
+ 72 1
+ 72 100
+ 73 1
x 73 75
+ 73 100
+ 74 1
x 74 77
+ 74 100
+ 75 1
x 75 78
+ 75 100
+ 76 1
x 76 79
+ 76 100
+ 77 1
+ 77 100
+ 78 1
x 78 80
+ 78 100
+ 79 1
+ 79 100
+ 80 1
+ 80 100
+ 81 1
x 81 85
+ 81 100
+ 82 1
x 82 86
+ 82 100
+ 83 1
x 83 87
+ 83 100
+ 84 100
+ 85 1
+ 85 100
+ 86 1
x 86 88
+ 86 100
x 87 89
+ 87 100
+ 88 1
+ 88 100
+ 89 1
x 89 90
+ 89 100
+ 90 1
+ 90 7
x 90 91
+ 90 100
+ 91 1
+ 91 100
+ 92 1
+ 92 100
+ 93 1
x 93 94
+ 93 100
+ 94 1
x 94 95
+ 94 100
+ 95 1
x 95 96
+ 95 100
+ 96 100
+ 97 1
x 97 97
x 99 99
+ 100 14
+ 100 49
Case #7: 158 88
o 1 1
+ 1 2
+ 1 5
+ 1 7
+ 1 38
+ 1 46
+ 1 48
+ 1 49
+ 1 50
+ 1 56
+ 1 57
+ 1 59
+ 2 5
+ 2 7
+ 2 36
+ 2 46
+ 2 54
+ 2 59
x 3 2
+ 3 42
+ 4 1
+ 5 36
+ 5 41
+ 5 59
x 6 3
+ 6 59
x 7 9
+ 10 1
x 10 10
x 11 18
x 12 19
x 13 20
+ 13 59
+ 14 2
+ 14 3
+ 14 4
x 14 23
x 16 24
x 17 27
+ 18 59
+ 19 1
+ 19 59
+ 20 1
x 20 28
+ 21 4
x 21 29
+ 22 1
x 23 32
+ 24 57
+ 25 1
x 25 33
+ 25 57
+ 26 1
+ 27 5
+ 28 1
+ 28 2
x 28 34
+ 30 1
x 30 35
x 31 38
+ 31 57
+ 31 59
x 32 40
+ 34 1
x 35 41
+ 36 1
x 36 42
+ 36 59
+ 37 55
x 39 45
+ 39 59
+ 41 52
+ 42 10
x 42 47
+ 42 49
+ 42 55
+ 42 57
+ 44 58
x 45 49
+ 45 55
x 46 51
x 47 53
x 48 54
x 49 55
+ 50 19
x 51 56
x 53 57
x 59 59
Case #8: 298 204
+ 1 1
+ 1 100
+ 2 1
+ 2 100
+ 3 1
+ 3 100
+ 4 1
+ 4 100
+ 5 1
+ 5 100
+ 6 1
+ 6 100
+ 7 1
+ 7 100
+ 8 1
+ 8 100
+ 9 1
+ 9 100
+ 10 1
+ 10 100
+ 11 1
+ 11 100
+ 12 1
+ 12 100
+ 13 1
+ 13 100
o 14 1
+ 14 100
+ 15 1
+ 15 100
+ 16 1
+ 16 100
+ 17 1
+ 17 100
+ 18 1
x 18 2
+ 18 100
+ 19 1
+ 19 100
+ 20 1
+ 20 100
+ 21 1
+ 21 100
+ 22 1
+ 22 100
+ 23 1
x 23 12
+ 23 100
+ 24 1
+ 24 100
+ 25 1
+ 25 100
+ 26 1
+ 26 100
+ 27 1
+ 27 100
+ 28 1
x 28 21
+ 28 100
+ 29 1
+ 29 100
+ 30 1
+ 30 100
+ 31 1
+ 31 100
+ 32 1
+ 32 100
+ 33 1
+ 33 100
+ 34 1
+ 34 100
+ 35 1
+ 35 100
+ 36 1
+ 36 100
+ 37 1
+ 37 100
+ 38 1
+ 38 100
+ 39 1
+ 39 100
+ 40 1
+ 40 100
+ 41 1
+ 41 100
+ 42 1
+ 42 100
+ 43 1
+ 43 100
+ 44 1
+ 44 100
+ 45 1
+ 45 100
+ 46 1
+ 46 100
+ 47 1
x 47 50
+ 47 100
+ 48 1
+ 48 100
+ 49 1
+ 49 100
+ 50 1
+ 50 100
+ 51 1
+ 51 100
+ 52 1
+ 52 100
+ 53 1
+ 53 100
+ 54 1
+ 54 100
+ 55 1
+ 55 100
+ 56 1
+ 56 100
+ 57 1
+ 57 100
+ 58 1
+ 58 100
+ 59 1
+ 59 100
+ 60 1
+ 60 100
+ 61 1
+ 61 100
+ 62 1
+ 62 100
+ 63 1
+ 63 100
+ 64 1
+ 64 100
+ 65 1
+ 65 100
+ 66 1
+ 66 100
+ 67 1
+ 67 100
+ 68 1
+ 68 100
+ 69 1
+ 69 100
+ 70 1
o 70 100
+ 71 1
+ 71 100
+ 72 1
+ 72 100
+ 73 1
+ 73 100
+ 74 1
+ 74 100
+ 75 1
+ 75 100
+ 76 1
+ 76 100
+ 77 1
+ 77 100
+ 78 1
+ 78 100
+ 79 1
+ 79 100
+ 80 1
+ 80 100
+ 81 1
+ 81 100
+ 82 1
+ 82 100
+ 83 1
+ 83 100
+ 84 1
+ 84 100
+ 85 1
+ 85 100
+ 86 1
+ 86 100
+ 87 1
+ 87 100
+ 88 1
+ 88 100
+ 89 1
+ 89 100
+ 90 1
x 90 69
+ 90 100
+ 91 1
+ 91 100
+ 92 1
+ 92 100
+ 93 1
+ 93 100
+ 94 1
+ 94 100
+ 95 1
+ 95 100
+ 96 1
+ 96 100
+ 97 1
+ 97 100
+ 98 1
x 98 78
+ 98 100
+ 99 1
+ 99 100
Case #9: 210 116
+ 1 1
+ 1 43
+ 1 65
+ 1 70
+ 1 71
+ 1 77
+ 2 1
+ 2 3
+ 2 18
+ 2 20
+ 2 60
+ 2 73
+ 2 77
+ 3 1
+ 3 5
+ 3 6
+ 3 11
+ 3 64
+ 3 77
x 4 3
+ 4 11
+ 4 13
+ 4 14
+ 4 77
+ 5 1
x 5 4
+ 6 1
+ 6 19
x 7 6
+ 7 27
+ 7 62
+ 7 66
x 8 9
+ 9 1
x 9 10
+ 9 28
+ 9 31
+ 9 76
+ 10 1
+ 10 73
+ 11 1
x 11 13
+ 12 1
x 12 14
+ 12 77
x 13 18
x 14 19
+ 15 1
+ 15 77
x 16 20
+ 17 70
+ 17 77
+ 18 1
x 18 21
+ 20 1
+ 20 77
+ 22 74
+ 23 1
x 24 22
x 25 23
+ 25 74
+ 25 75
x 26 26
+ 27 1
+ 28 4
x 28 27
+ 29 1
x 30 29
+ 30 77
+ 31 77
x 32 31
+ 33 77
x 34 32
+ 34 77
+ 36 76
x 38 35
x 39 37
+ 39 67
+ 40 1
+ 40 75
+ 40 76
x 41 40
x 43 43
+ 43 75
+ 43 77
x 44 45
+ 45 1
x 45 46
+ 46 1
x 46 47
+ 48 2
x 49 48
x 50 49
+ 51 1
+ 51 76
+ 51 77
+ 52 1
x 53 51
+ 53 77
x 54 52
+ 54 77
+ 55 6
x 56 53
+ 56 77
+ 57 2
x 57 58
x 61 62
x 63 64
x 69 66
x 70 68
x 71 71
x 74 72
+ 75 23
+ 75 28
+ 75 34
x 77 76
Case #10: 186 102
+ 1 2
+ 1 15
+ 1 57
+ 1 64
+ 1 68
+ 1 69
+ 1 70
x 2 1
+ 2 7
+ 2 8
+ 2 9
+ 2 10
+ 2 12
+ 2 20
+ 2 41
+ 2 48
+ 3 12
+ 3 65
+ 4 1
x 4 2
+ 4 41
+ 4 58
+ 4 68
+ 4 70
x 5 4
+ 5 26
+ 5 47
+ 6 1
+ 6 50
+ 6 54
+ 7 1
x 7 9
x 8 10
+ 8 21
+ 8 67
+ 8 69
x 9 11
+ 10 70
x 12 13
+ 12 69
x 13 15
+ 13 66
+ 15 70
x 16 17
x 17 18
x 18 21
+ 19 1
x 19 23
+ 19 69
+ 20 1
x 20 25
x 21 26
+ 21 61
+ 22 1
+ 22 5
x 22 28
+ 22 69
+ 23 1
x 23 31
+ 23 61
+ 24 1
x 25 34
+ 25 70
x 26 37
+ 27 1
x 29 38
x 30 42
+ 31 61
+ 32 1
x 32 44
+ 34 70
+ 35 1
x 35 47
+ 35 70
+ 36 1
+ 36 3
+ 36 62
+ 36 70
+ 37 1
+ 37 70
x 38 48
+ 41 1
+ 41 70
+ 42 4
+ 43 1
x 43 52
+ 43 66
x 46 53
x 47 57
x 48 58
+ 48 70
+ 50 70
x 52 59
x 56 60
x 58 62
x 61 63
x 62 64
x 65 65
x 66 68
+ 69 24
+ 70 40
x 70 70
Case #11: 289 205
+ 1 3
+ 1 4
+ 1 5
+ 1 98
+ 1 100
x 2 1
+ 2 98
+ 2 100
o 5 4
+ 5 98
+ 5 100
+ 6 1
+ 6 98
+ 6 100
+ 9 98
+ 9 100
+ 10 1
+ 10 98
+ 10 100
+ 12 1
x 12 5
+ 13 1
+ 13 98
+ 13 100
+ 14 1
x 14 7
+ 14 98
+ 14 100
+ 15 1
x 15 9
+ 16 1
+ 16 6
x 16 11
+ 17 1
+ 17 98
+ 17 100
+ 18 1
+ 18 100
+ 19 1
+ 20 1
+ 21 98
+ 21 100
+ 22 1
x 22 15
+ 22 98
+ 22 100
+ 24 1
x 24 16
+ 25 1
+ 25 98
+ 25 100
+ 26 1
+ 26 98
+ 26 100
+ 27 1
+ 28 1
+ 29 1
+ 29 98
+ 29 100
+ 30 1
+ 30 98
+ 30 100
+ 31 1
x 31 20
+ 33 1
+ 33 98
+ 33 100
x 34 21
+ 34 98
+ 34 100
x 35 24
+ 36 1
x 37 29
+ 37 98
+ 37 100
+ 38 1
+ 38 98
+ 38 100
+ 39 1
+ 40 1
x 40 30
+ 41 1
x 41 31
+ 41 98
+ 41 100
+ 42 1
+ 42 98
+ 42 100
+ 43 1
x 44 34
+ 45 1
+ 45 98
+ 45 100
+ 46 1
+ 46 3
+ 46 98
+ 46 100
+ 47 1
x 47 37
x 48 39
+ 49 1
+ 49 98
+ 49 100
+ 50 100
+ 51 1
+ 53 1
x 53 42
+ 54 1
x 54 43
+ 54 98
+ 54 99
+ 54 100
+ 55 1
+ 55 4
x 55 45
+ 56 1
+ 57 1
+ 57 98
+ 57 100
+ 58 98
+ 58 100
+ 59 1
+ 60 1
+ 61 98
+ 61 100
+ 62 1
+ 62 98
+ 62 100
+ 63 1
x 63 47
+ 64 1
+ 65 1
+ 66 1
+ 66 98
+ 66 99
+ 66 100
+ 67 1
x 67 52
+ 68 1
x 68 55
+ 69 1
+ 69 100
+ 70 1
+ 70 98
+ 70 100
+ 71 1
+ 71 100
+ 72 1
x 72 59
+ 73 100
+ 74 2
+ 74 98
+ 74 100
+ 76 1
+ 76 40
+ 77 98
+ 77 100
+ 78 1
+ 78 18
+ 78 100
+ 79 1
x 79 65
+ 80 1
+ 80 100
+ 81 1
x 81 68
+ 82 1
x 82 70
+ 82 99
+ 82 100
+ 84 1
+ 84 11
x 84 73
+ 84 100
+ 85 1
+ 85 9
x 85 75
+ 85 98
+ 85 100
x 86 77
+ 86 100
+ 87 1
+ 87 5
x 87 80
+ 88 1
+ 88 100
+ 89 1
+ 89 4
+ 89 98
+ 89 100
+ 90 1
x 90 86
+ 90 100
+ 91 57
x 91 91
x 92 92
+ 93 86
+ 93 98
+ 93 100
x 95 97
x 97 98
+ 98 65
+ 99 68
+ 99 77
+ 100 51
Case #12: 275 210
o 1 1
+ 1 10
+ 1 11
+ 1 94
+ 1 100
x 2 2
+ 2 94
+ 2 100
x 3 3
+ 3 16
+ 3 100
x 4 4
+ 4 100
x 5 5
+ 5 100
x 6 6
+ 6 100
x 7 7
x 8 8
x 9 9
+ 9 98
+ 9 100
x 10 10
+ 10 98
+ 10 100
x 11 11
x 12 12
x 13 13
+ 13 98
+ 13 100
x 14 14
+ 14 100
x 15 15
x 16 16
x 17 17
+ 17 98
+ 17 100
x 18 18
+ 18 98
+ 18 100
x 19 19
x 20 20
x 21 21
x 22 22
+ 22 98
+ 22 99
+ 22 100
x 23 23
+ 24 1
x 24 24
x 25 25
+ 25 100
x 26 26
+ 26 98
+ 26 100
x 27 27
x 28 28
+ 29 2
x 29 29
+ 29 98
+ 29 100
x 30 30
+ 30 98
+ 30 100
x 31 31
x 32 32
+ 33 2
x 33 33
+ 33 98
+ 33 100
x 34 34
+ 34 98
+ 34 100
+ 35 3
x 35 35
+ 36 1
x 36 36
x 37 37
+ 37 100
x 38 38
x 39 39
+ 39 99
+ 40 1
x 40 40
x 41 41
+ 41 98
+ 41 100
x 42 42
+ 42 98
+ 42 100
x 43 43
+ 44 1
x 44 44
x 45 45
+ 45 98
+ 45 100
+ 46 1
x 46 46
x 47 47
x 48 48
x 49 49
+ 49 100
x 50 50
+ 50 98
+ 50 100
+ 51 1
x 51 51
x 52 52
x 53 53
x 54 54
+ 54 98
+ 54 99
+ 54 100
+ 55 1
x 55 55
x 56 56
x 57 57
+ 57 98
+ 57 100
x 58 58
+ 58 98
+ 58 100
+ 59 2
+ 59 4
x 59 59
x 60 60
x 61 61
+ 61 98
+ 61 100
x 62 62
+ 62 100
+ 63 1
x 63 63
x 64 64
+ 64 100
x 65 65
+ 65 100
x 66 66
+ 66 100
+ 67 1
x 67 67
+ 67 100
x 68 68
+ 68 100
x 69 69
+ 69 100
+ 70 1
x 70 70
x 71 71
+ 71 99
+ 71 100
+ 72 1
x 72 72
x 73 73
+ 73 100
+ 74 1
x 74 74
x 75 75
+ 75 99
+ 75 100
+ 76 2
+ 76 4
+ 76 6
+ 76 8
+ 76 12
x 76 76
x 77 77
+ 77 100
x 78 78
+ 78 100
+ 79 4
+ 79 12
+ 79 14
x 79 79
x 80 80
x 81 81
+ 81 95
x 82 82
x 83 83
x 84 84
x 85 85
+ 86 26
x 86 86
x 87 87
+ 88 35
x 88 88
x 89 89
x 90 90
+ 91 28
x 91 91
x 92 92
+ 93 42
x 93 93
+ 94 52
x 94 94
x 95 95
+ 96 40
+ 96 48
+ 96 55
+ 96 76
x 96 96
+ 97 50
x 97 97
x 98 98
+ 99 61
x 99 99
+ 100 63
+ 100 79
+ 100 81
x 100 100
Case #13: 197 0
Case #14: 91 45
x 1 1
+ 1 19
+ 1 33
+ 1 34
+ 2 1
+ 2 3
+ 2 4
+ 2 5
+ 2 13
+ 2 29
+ 2 30
+ 2 31
+ 3 7
+ 3 9
+ 3 10
x 4 4
+ 4 35
x 7 5
+ 8 1
x 8 8
+ 9 35
+ 10 1
x 10 14
+ 10 35
x 11 15
x 12 19
+ 13 1
+ 13 33
+ 14 33
+ 14 35
x 16 20
x 18 21
+ 20 1
+ 22 5
x 22 22
+ 22 34
x 25 25
+ 25 33
+ 25 35
x 27 28
x 28 30
x 29 31
x 31 32
+ 33 19
x 35 33
Case #15: 237 128
+ 1 1
+ 1 3
+ 1 6
+ 1 8
+ 1 12
+ 1 18
+ 1 20
+ 1 38
+ 1 65
+ 1 67
+ 1 71
+ 1 85
+ 1 87
+ 1 89
o 2 1
+ 2 61
+ 2 74
+ 2 76
+ 2 89
x 3 4
+ 3 61
+ 3 79
+ 3 81
x 4 6
x 5 7
x 6 11
+ 7 1
+ 7 87
+ 7 89
x 8 12
+ 8 89
+ 9 1
x 9 13
x 10 16
+ 11 17
+ 11 21
+ 13 1
x 13 17
x 14 19
+ 15 1
+ 15 2
x 15 20
x 16 21
+ 16 89
x 17 22
+ 19 1
x 19 23
+ 19 88
x 20 24
+ 21 1
+ 21 5
x 21 25
+ 21 89
+ 23 1
+ 23 2
x 23 26
+ 24 89
+ 25 86
+ 25 87
x 26 27
+ 27 2
+ 29 1
+ 30 1
+ 31 83
x 32 31
+ 33 1
+ 33 87
+ 33 89
+ 34 1
+ 34 84
+ 34 87
+ 34 89
+ 36 1
+ 37 1
x 37 32
+ 38 4
+ 38 89
+ 39 1
+ 40 1
x 40 34
+ 40 89
+ 41 89
+ 42 1
x 42 35
+ 42 84
+ 42 86
+ 43 1
+ 43 89
x 44 37
+ 45 1
x 45 38
+ 47 1
x 48 39
+ 48 89
+ 49 1
+ 50 7
x 50 40
+ 52 3
x 52 41
+ 53 1
x 53 45
+ 55 1
+ 55 87
x 57 47
x 60 48
+ 60 88
+ 61 1
x 61 50
+ 63 77
+ 64 82
x 65 51
x 66 59
x 67 60
x 68 63
x 69 64
x 72 65
x 73 66
x 74 68
x 76 69
x 78 72
o 79 76
x 81 81
x 82 84
x 83 85
x 84 87
+ 86 29
+ 87 29
x 88 89
Case #16: 266 170
o 1 1
x 2 2
x 3 3
+ 3 100
x 4 4
+ 4 100
x 5 5
+ 5 100
x 6 6
x 7 7
x 8 8
+ 8 98
+ 8 100
x 9 9
+ 9 98
+ 9 100
x 10 10
x 11 11
x 12 12
+ 12 98
+ 12 100
x 13 13
+ 13 98
+ 13 100
x 14 14
x 15 15
x 16 16
+ 16 98
+ 16 100
x 17 17
+ 17 98
+ 17 100
x 18 18
x 19 19
x 20 20
+ 20 98
+ 20 100
x 21 21
x 22 22
+ 22 99
x 23 23
x 24 24
+ 24 98
+ 24 100
x 25 25
+ 25 100
x 26 26
x 27 27
x 28 28
+ 28 98
+ 28 100
x 29 29
+ 29 98
+ 29 100
x 30 30
x 31 31
x 32 32
+ 32 98
+ 32 100
x 33 33
+ 33 98
+ 33 100
x 34 34
x 35 35
x 36 36
+ 36 98
+ 36 100
x 37 37
+ 37 100
x 38 38
x 39 39
x 40 40
x 41 41
+ 41 98
+ 41 99
+ 41 100
x 42 42
x 43 43
x 44 44
+ 44 98
+ 44 100
x 45 45
+ 45 98
+ 45 100
x 46 46
x 47 47
x 48 48
x 49 49
+ 49 99
+ 49 100
x 50 50
x 51 51
x 52 52
+ 52 100
x 53 53
x 54 54
x 55 55
x 56 56
+ 56 100
x 57 57
x 58 58
+ 58 99
x 59 59
x 60 60
x 61 61
+ 61 98
+ 61 100
x 62 62
x 63 63
x 64 64
+ 64 98
+ 64 100
x 65 65
x 66 66
x 67 67
x 68 68
x 69 69
+ 69 99
+ 69 100
x 70 70
x 71 71
x 72 72
x 73 73
x 74 74
x 75 75
+ 75 92
+ 75 95
+ 75 97
x 76 76
x 77 77
x 78 78
+ 79 23
x 79 79
x 80 80
x 81 81
x 82 82
x 83 83
x 84 84
x 85 85
x 86 86
x 87 87
x 88 88
x 89 89
+ 90 29
x 90 90
+ 91 32
x 91 91
x 92 92
+ 93 72
x 93 93
+ 94 44
x 94 94
+ 95 40
x 95 95
x 96 96
+ 97 49
+ 97 66
x 97 97
+ 98 52
+ 98 60
+ 98 62
+ 98 68
x 98 98
+ 99 52
+ 99 54
+ 99 55
+ 99 56
x 99 99
+ 100 47
x 100 100
Case #17: 260 169
o 1 1
x 2 2
+ 2 100
x 3 3
+ 3 100
x 4 4
+ 4 100
x 5 5
+ 5 100
x 6 6
+ 6 100
x 7 7
+ 7 100
x 8 8
x 9 9
+ 9 99
+ 9 100
x 10 10
x 11 11
+ 11 100
x 12 12
+ 12 98
+ 12 100
x 13 13
+ 13 100
x 14 14
x 15 15
+ 15 100
x 16 16
+ 16 98
+ 16 100
x 17 17
+ 17 100
x 18 18
x 19 19
+ 19 100
x 20 20
+ 20 98
+ 20 100
x 21 21
+ 21 100
x 22 22
x 23 23
+ 23 100
x 24 24
+ 24 98
+ 24 100
x 25 25
+ 25 100
x 26 26
x 27 27
+ 27 100
x 28 28
+ 28 98
+ 28 100
x 29 29
+ 29 100
x 30 30
x 31 31
+ 31 100
x 32 32
+ 32 98
+ 32 100
x 33 33
x 34 34
x 35 35
x 36 36
+ 36 98
+ 36 99
+ 36 100
x 37 37
x 38 38
x 39 39
x 40 40
+ 40 98
+ 40 99
+ 40 100
x 41 41
x 42 42
x 43 43
x 44 44
x 45 45
+ 45 99
x 46 46
x 47 47
x 48 48
+ 48 99
+ 48 100
x 49 49
x 50 50
x 51 51
+ 51 100
x 52 52
+ 52 98
+ 52 100
x 53 53
x 54 54
x 55 55
+ 55 98
+ 55 100
x 56 56
x 57 57
x 58 58
x 59 59
+ 59 98
+ 59 100
x 60 60
x 61 61
+ 61 99
x 62 62
x 63 63
x 64 64
+ 64 99
x 65 65
+ 65 99
x 66 66
x 67 67
+ 67 100
x 68 68
x 69 69
+ 69 97
+ 69 99
+ 69 100
x 70 70
x 71 71
x 72 72
+ 72 99
x 73 73
x 74 74
x 75 75
x 76 76
x 77 77
x 78 78
x 79 79
x 80 80
x 81 81
x 82 82
x 83 83
x 84 84
x 85 85
x 86 86
x 87 87
x 88 88
x 89 89
x 90 90
x 91 91
x 92 92
x 93 93
x 94 94
x 95 95
+ 96 37
+ 96 46
+ 96 50
x 96 96
+ 97 40
+ 97 46
+ 97 48
+ 97 52
x 97 97
+ 98 43
+ 98 63
x 98 98
+ 99 55
+ 99 57
+ 99 59
+ 99 66
x 99 99
+ 100 62
x 100 100
Case #18: 89 49
+ 1 1
+ 1 30
+ 1 32
+ 1 33
+ 2 1
+ 2 26
+ 2 28
o 3 1
+ 3 5
+ 3 6
+ 3 11
x 4 2
+ 4 34
+ 5 1
+ 5 2
x 5 4
x 6 5
+ 6 34
+ 7 34
x 8 6
+ 9 1
x 9 9
+ 9 34
x 10 16
+ 11 1
x 11 17
+ 12 1
x 13 18
+ 14 1
+ 15 1
x 15 20
+ 15 33
x 16 22
+ 17 1
x 18 23
+ 18 32
+ 18 34
+ 19 34
+ 21 1
+ 21 2
x 22 24
x 23 28
+ 23 33
x 26 29
x 27 30
x 29 31
x 31 32
x 33 33
+ 34 12
Case #19: 92 49
+ 1 27
+ 1 35
+ 2 1
+ 2 3
+ 3 36
+ 4 2
+ 4 36
x 5 1
+ 6 1
x 6 3
+ 7 1
+ 7 12
+ 8 1
x 8 4
+ 9 1
+ 10 1
x 11 6
+ 13 1
+ 13 2
+ 13 35
+ 15 1
+ 15 5
x 15 8
+ 15 36
+ 16 1
+ 16 36
+ 17 1
x 17 10
x 18 11
x 19 12
+ 20 1
x 20 13
+ 20 29
x 21 15
+ 21 35
+ 23 1
+ 23 2
+ 23 31
x 24 17
+ 24 34
+ 24 36
x 25 19
x 28 21
x 29 22
x 31 32
x 32 33
x 34 34
+ 35 15
x 35 35
Case #20: 287 217
+ 1 98
+ 1 99
o 3 2
+ 4 7
x 4 10
+ 4 98
+ 4 100
x 5 12
+ 5 98
+ 5 100
+ 6 1
x 6 13
+ 7 12
+ 8 1
+ 8 98
+ 8 100
+ 9 1
+ 9 98
+ 9 100
+ 10 4
x 10 18
+ 11 1
+ 12 1
+ 12 98
o 12 100
x 13 21
+ 13 98
+ 13 100
+ 14 1
+ 15 1
+ 16 1
+ 16 12
+ 16 98
+ 16 100
x 17 22
+ 17 98
+ 17 100
+ 18 2
x 18 23
x 19 25
+ 20 98
+ 20 100
+ 21 1
+ 21 98
+ 21 100
+ 22 1
+ 22 28
o 23 1
+ 24 1
+ 24 98
+ 24 100
+ 25 1
+ 25 98
+ 25 100
+ 26 1
x 26 26
x 27 27
+ 28 1
x 28 28
+ 28 98
+ 28 100
+ 29 1
+ 29 98
+ 29 100
+ 30 1
+ 31 1
+ 32 1
x 32 32
+ 32 98
+ 32 100
+ 34 1
x 34 35
+ 34 99
+ 35 1
x 35 36
+ 36 1
x 36 38
+ 36 98
+ 36 100
+ 37 1
x 37 42
+ 37 100
x 38 43
+ 39 1
x 39 44
+ 39 100
+ 40 1
+ 40 98
+ 40 100
+ 41 1
x 41 46
+ 41 100
+ 42 1
+ 43 1
x 43 48
+ 43 100
+ 44 1
+ 44 100
+ 45 1
x 45 49
+ 45 100
+ 46 1
x 46 50
+ 46 100
+ 47 1
x 47 52
+ 47 100
+ 48 1
x 48 53
+ 48 100
x 49 54
+ 49 100
+ 50 1
+ 50 13
+ 50 100
+ 51 1
x 51 56
+ 51 100
+ 52 1
x 52 60
+ 52 100
x 53 63
+ 53 100
+ 54 1
+ 54 2
+ 54 100
x 55 64
+ 56 1
x 56 65
+ 56 100
+ 57 98
+ 57 100
+ 58 1
x 58 69
+ 58 100
+ 59 1
x 59 71
+ 60 1
+ 60 100
x 61 73
+ 61 98
+ 61 100
+ 62 100
x 63 75
x 64 76
+ 64 100
x 65 77
+ 65 100
+ 66 100
+ 67 1
x 68 78
+ 68 100
+ 69 1
x 69 79
+ 69 98
+ 69 100
x 70 80
+ 71 1
+ 72 1
+ 73 1
+ 73 98
+ 73 99
+ 73 100
+ 74 1
x 74 83
+ 75 1
x 75 84
+ 76 1
x 76 86
+ 76 98
+ 76 100
+ 77 1
+ 77 98
+ 77 100
+ 78 1
x 78 87
+ 79 1
+ 79 15
+ 79 17
+ 79 19
x 79 89
+ 80 1
x 80 90
+ 80 98
+ 80 100
+ 81 89
x 81 91
+ 82 1
+ 82 13
+ 82 15
+ 82 99
+ 83 1
+ 84 1
+ 84 98
+ 84 100
+ 85 1
x 85 94
+ 85 98
+ 85 100
+ 86 1
+ 86 6
+ 86 93
+ 88 1
+ 88 2
+ 88 98
+ 88 100
x 89 95
+ 89 98
+ 89 100
x 90 97
+ 91 2
+ 91 72
x 94 98
+ 98 33
+ 99 36
+ 99 43
x 100 99
Case #21: 294 275
o 1 1
+ 1 3
+ 1 100
+ 2 1
x 2 2
+ 2 6
+ 2 97
+ 2 98
+ 2 100
+ 3 100
+ 4 1
+ 5 1
x 5 3
+ 6 1
x 6 4
+ 6 98
+ 6 100
x 7 7
+ 7 98
+ 7 100
+ 8 1
x 8 8
+ 9 1
x 9 9
+ 10 1
+ 10 98
+ 10 100
+ 11 1
x 11 10
+ 11 98
+ 11 100
+ 12 1
x 12 11
+ 13 1
x 13 12
+ 14 1
x 14 13
+ 14 98
+ 14 100
+ 15 1
x 15 16
+ 15 98
+ 15 100
+ 16 1
o 16 17
+ 17 1
x 17 18
+ 18 1
x 18 19
+ 18 98
+ 18 100
+ 19 1
x 19 21
+ 19 22
+ 19 98
+ 19 100
+ 20 1
x 20 22
+ 21 1
x 21 23
+ 22 1
x 22 24
+ 22 98
+ 22 100
+ 23 1
x 23 25
+ 23 98
+ 23 100
+ 24 1
x 24 26
+ 25 1
x 25 27
+ 26 1
x 26 29
+ 26 98
+ 26 100
+ 27 1
x 27 30
+ 27 98
+ 27 100
+ 28 1
x 28 31
+ 29 1
x 29 32
+ 30 1
x 30 33
+ 30 98
+ 30 100
+ 31 1
x 31 35
+ 31 98
+ 31 100
+ 33 1
+ 34 1
x 34 36
+ 34 100
+ 35 1
x 35 38
+ 35 98
+ 35 100
+ 36 1
x 36 39
+ 36 100
+ 37 1
x 37 40
+ 38 1
x 38 41
+ 38 100
+ 39 1
x 39 42
+ 39 98
+ 39 100
x 40 43
+ 40 100
+ 41 1
x 41 45
+ 42 1
x 42 46
+ 42 100
+ 43 1
x 43 47
+ 43 98
+ 43 100
+ 44 1
+ 44 100
+ 45 1
x 45 48
+ 46 1
x 46 49
+ 46 100
+ 47 1
x 47 50
+ 47 98
+ 47 100
x 48 51
+ 48 100
+ 49 1
x 49 52
+ 50 1
x 50 53
+ 50 100
+ 51 1
x 51 54
+ 51 98
+ 51 100
+ 52 1
x 52 55
+ 52 100
+ 53 1
x 53 56
+ 54 1
x 54 57
+ 54 100
+ 55 1
x 55 58
+ 55 100
+ 56 1
+ 56 100
+ 57 1
+ 57 100
x 58 59
+ 58 100
+ 59 1
x 59 61
+ 59 100
+ 60 1
x 60 62
+ 60 100
+ 61 1
x 61 63
+ 61 100
+ 62 1
x 62 64
+ 62 100
+ 63 1
x 63 66
+ 63 100
+ 64 1
x 64 67
+ 64 100
+ 65 1
x 65 69
+ 65 100
+ 66 1
x 66 70
+ 66 100
x 67 71
+ 67 100
+ 68 1
x 68 72
+ 68 100
+ 69 1
+ 69 100
+ 70 1
+ 70 100
+ 71 1
x 71 73
+ 71 100
+ 72 1
x 72 74
+ 72 100
+ 73 1
x 73 75
+ 73 100
+ 74 1
x 74 76
+ 74 100
+ 75 100
+ 76 1
+ 76 100
+ 77 1
+ 77 20
x 77 77
+ 77 100
+ 78 1
x 78 78
+ 78 100
+ 79 1
x 79 79
+ 79 100
+ 80 1
x 80 80
+ 80 100
+ 81 1
x 81 81
+ 81 100
+ 82 1
x 82 82
+ 82 100
+ 83 1
x 83 83
+ 83 100
+ 84 1
x 84 84
+ 84 100
+ 85 1
x 85 85
+ 85 100
+ 86 1
+ 86 12
x 86 86
+ 86 100
+ 87 1
x 87 87
+ 87 100
+ 88 1
x 88 88
+ 88 100
+ 89 1
x 89 89
+ 89 100
+ 90 1
x 90 90
+ 90 100
+ 91 1
x 91 92
+ 91 100
+ 92 1
x 92 93
+ 92 100
+ 93 1
x 93 94
+ 93 100
+ 94 1
x 94 95
+ 94 100
+ 95 1
x 95 96
+ 95 100
x 97 97
x 98 98
+ 99 33
x 99 99
+ 100 53
x 100 100
Case #22: 298 265
+ 1 1
+ 1 100
+ 2 1
+ 2 100
+ 3 1
+ 3 100
o 4 1
+ 4 100
+ 5 1
+ 5 100
+ 6 1
x 6 2
+ 6 100
+ 7 1
x 7 5
+ 7 100
+ 8 1
x 8 6
+ 8 100
+ 9 1
x 9 7
+ 9 100
+ 10 1
x 10 8
+ 10 100
+ 11 1
x 11 10
+ 11 100
+ 12 1
+ 12 100
+ 13 1
x 13 11
+ 13 100
+ 14 1
x 14 12
+ 14 100
+ 15 1
x 15 14
+ 15 100
+ 16 1
x 16 16
+ 16 100
+ 17 1
+ 17 100
+ 18 1
x 18 17
+ 18 100
+ 19 1
x 19 18
+ 19 100
+ 20 1
x 20 19
+ 20 100
+ 21 1
x 21 20
+ 21 100
+ 22 1
x 22 23
+ 22 100
+ 23 1
+ 23 100
+ 24 1
x 24 24
+ 24 100
+ 25 1
+ 25 100
+ 26 1
+ 26 100
+ 27 1
x 27 25
+ 27 100
+ 28 1
+ 28 100
+ 29 1
x 29 26
+ 29 100
+ 30 1
x 30 28
+ 30 100
+ 31 1
+ 31 100
+ 32 1
x 32 29
+ 32 100
+ 33 1
+ 33 100
+ 34 1
x 34 30
+ 34 100
+ 35 1
x 35 32
+ 35 100
+ 36 1
x 36 33
+ 36 100
+ 37 1
x 37 35
+ 37 100
+ 38 1
+ 38 100
+ 39 1
+ 39 100
+ 40 1
+ 40 100
+ 41 1
+ 41 100
+ 42 1
x 42 36
+ 42 100
+ 43 1
x 43 37
+ 43 100
+ 44 1
+ 44 100
+ 45 1
x 45 38
+ 45 100
+ 46 1
x 46 41
+ 46 100
+ 47 1
x 47 42
+ 47 100
+ 48 1
x 48 43
+ 48 100
+ 49 1
x 49 45
+ 49 100
+ 50 1
x 50 48
+ 50 100
+ 51 1
x 51 50
+ 51 100
+ 52 1
x 52 51
+ 52 100
+ 53 1
+ 53 100
+ 54 1
x 54 52
+ 54 100
+ 55 1
x 55 54
+ 55 100
+ 56 1
x 56 57
+ 56 100
+ 57 1
+ 57 100
+ 58 1
+ 58 100
+ 59 1
x 59 58
+ 59 100
+ 60 1
x 60 59
+ 60 100
+ 61 1
x 61 62
+ 61 100
+ 62 1
+ 62 100
+ 63 1
x 63 63
+ 63 100
+ 64 1
x 64 64
+ 64 100
+ 65 1
x 65 65
+ 65 100
+ 66 1
x 66 66
+ 66 100
+ 67 1
+ 67 100
+ 68 1
x 68 67
+ 68 100
+ 69 1
x 69 68
+ 69 100
+ 70 1
+ 70 100
+ 71 1
x 71 69
+ 71 100
+ 72 1
x 72 70
+ 72 100
+ 73 1
+ 73 100
+ 74 1
x 74 71
+ 74 100
+ 75 1
x 75 73
+ 75 100
+ 76 1
x 76 75
+ 76 100
+ 77 1
x 77 76
+ 77 100
+ 78 1
x 78 77
+ 78 100
+ 79 1
x 79 78
+ 79 100
+ 80 1
x 80 80
+ 80 100
+ 81 1
+ 81 100
+ 82 1
x 82 84
+ 82 100
+ 83 1
x 83 85
+ 83 100
+ 84 1
x 84 87
+ 84 100
+ 85 1
x 85 88
+ 85 100
+ 86 1
+ 86 100
+ 87 1
+ 87 100
+ 88 1
x 88 91
+ 88 100
+ 89 1
x 89 92
+ 89 100
+ 90 1
+ 90 100
+ 91 1
+ 91 100
+ 92 1
x 92 93
+ 92 100
+ 93 1
x 93 94
+ 93 100
+ 94 1
x 94 95
+ 94 100
+ 95 1
+ 95 100
+ 96 1
x 96 96
+ 96 100
+ 97 1
+ 97 100
+ 98 1
x 98 98
+ 98 100
+ 99 1
+ 99 100
x 100 100
Case #23: 237 135
o 1 1
+ 1 2
+ 1 3
+ 1 4
+ 1 6
+ 1 7
+ 1 9
+ 1 64
+ 1 68
+ 1 73
+ 1 76
+ 1 79
+ 1 84
x 2 2
+ 2 38
+ 2 68
+ 2 76
+ 2 79
+ 2 81
+ 2 82
+ 2 84
+ 2 86
+ 2 88
x 3 3
+ 3 12
+ 3 17
+ 3 18
+ 3 57
+ 3 88
x 4 4
+ 4 15
+ 4 62
x 5 6
+ 5 67
x 6 8
+ 6 62
x 7 9
+ 7 88
+ 8 1
x 8 15
x 9 16
+ 9 58
x 11 21
+ 11 27
+ 12 1
+ 12 2
+ 12 88
x 14 22
+ 15 1
x 15 23
+ 17 1
x 17 24
+ 17 85
+ 17 88
+ 18 88
x 19 26
+ 19 88
x 20 28
+ 21 1
x 21 31
x 22 32
+ 24 1
+ 24 3
+ 25 1
+ 25 3
x 25 33
x 26 34
+ 26 85
+ 26 86
+ 27 88
+ 29 1
+ 29 2
+ 30 78
+ 30 80
+ 31 1
+ 33 2
x 33 36
x 34 37
+ 34 85
+ 34 87
x 35 39
+ 35 87
+ 36 82
x 38 40
x 39 41
+ 40 1
+ 40 87
x 42 43
x 43 45
+ 43 88
+ 44 2
x 44 46
+ 44 86
x 45 47
+ 45 84
+ 47 78
+ 48 1
x 48 52
+ 49 4
x 49 53
+ 50 1
+ 50 7
+ 52 11
x 52 54
+ 52 86
+ 53 1
x 54 55
+ 55 1
x 55 57
x 56 59
+ 57 1
x 57 60
+ 57 87
+ 58 87
+ 59 2
x 60 61
+ 62 86
x 64 65
+ 64 82
x 66 66
+ 66 85
x 68 67
x 72 69
x 73 71
x 74 72
x 75 74
x 78 76
x 80 78
x 82 81
x 83 82
+ 85 35
x 85 85
+ 86 46
x 86 87
+ 88 51
Case #24: 282 181
x 1 2
+ 1 5
+ 1 98
+ 1 100
+ 2 1
+ 2 98
+ 2 100
+ 3 1
x 3 5
+ 3 11
+ 4 1
x 4 8
+ 5 98
+ 5 100
x 6 10
+ 6 98
+ 6 100
x 7 12
x 9 14
+ 9 98
+ 9 100
+ 10 1
+ 10 98
+ 10 100
x 13 16
+ 13 98
+ 13 100
+ 14 1
x 14 17
+ 14 98
+ 14 100
x 15 18
x 16 20
+ 17 1
+ 17 3
+ 17 98
+ 17 100
x 18 21
+ 18 98
+ 18 100
+ 21 98
+ 21 100
x 22 22
+ 22 98
+ 22 100
+ 23 1
+ 23 2
x 23 23
x 24 24
+ 25 10
+ 25 98
+ 25 100
+ 26 1
+ 26 98
+ 26 100
+ 27 1
+ 28 1
x 29 29
+ 29 98
+ 29 100
+ 30 1
x 30 33
+ 30 100
+ 31 1
x 32 34
x 34 35
+ 34 98
+ 34 99
+ 34 100
+ 35 1
x 36 36
x 37 37
+ 37 98
+ 37 100
+ 38 6
x 38 38
+ 38 98
+ 38 100
+ 39 1
+ 39 3
x 40 40
+ 41 98
+ 41 100
+ 42 98
+ 42 100
+ 44 1
o 45 1
+ 45 98
+ 45 100
+ 46 98
+ 46 100
x 47 46
+ 48 1
x 48 47
+ 49 100
+ 50 1
x 50 51
+ 51 99
+ 53 98
+ 53 100
+ 54 1
+ 54 2
+ 54 100
x 56 57
+ 57 1
x 57 59
+ 57 98
+ 57 100
+ 58 1
x 58 60
+ 58 98
+ 58 100
x 59 61
+ 61 1
+ 62 1
+ 62 98
+ 62 99
+ 62 100
x 63 66
+ 64 1
+ 65 1
+ 65 100
+ 66 98
+ 66 100
+ 67 2
+ 67 100
+ 69 1
+ 69 100
x 70 67
+ 70 98
+ 70 100
+ 71 100
+ 72 1
x 72 69
x 73 70
+ 73 100
x 74 73
+ 74 98
+ 74 100
+ 75 20
x 75 74
+ 75 100
+ 76 17
x 76 75
+ 77 2
x 77 80
+ 77 100
+ 79 1
+ 80 1
+ 80 7
+ 80 11
x 80 81
+ 81 5
+ 81 7
+ 82 1
+ 82 2
+ 82 12
+ 82 16
+ 82 99
x 83 88
+ 83 99
+ 84 1
x 84 89
+ 85 95
x 86 90
o 87 92
+ 87 98
+ 88 95
x 89 93
+ 91 40
+ 93 35
+ 94 53
x 98 97
+ 99 49
+ 99 53
+ 99 60
+ 99 79
x 99 98
+ 100 63
+ 100 76
x 100 99
Case #25: 2 1
o 1 1
Case #26: 257 142
o 1 1
+ 1 3
+ 1 78
+ 1 81
+ 1 84
+ 1 88
+ 1 90
+ 1 96
+ 2 14
+ 2 58
+ 2 81
+ 2 86
+ 2 88
+ 3 17
+ 3 19
+ 3 71
+ 3 81
+ 4 1
x 4 4
+ 4 9
+ 4 22
+ 4 58
+ 4 76
+ 4 97
+ 5 1
x 5 5
+ 5 12
+ 5 14
+ 5 52
+ 5 76
+ 5 81
+ 5 87
+ 6 1
x 6 11
+ 6 17
+ 6 21
+ 7 1
+ 7 65
+ 8 1
x 8 12
+ 8 28
+ 8 32
+ 8 36
+ 8 96
+ 9 1
+ 10 1
x 12 13
+ 13 1
x 14 16
+ 15 32
x 16 17
+ 17 1
x 17 18
x 19 19
+ 20 1
x 20 20
+ 20 95
+ 22 91
+ 23 1
+ 23 88
+ 23 93
+ 24 1
x 24 22
+ 24 90
x 26 24
+ 28 1
+ 29 1
x 29 26
+ 30 1
x 30 27
+ 30 97
+ 32 1
x 32 28
+ 32 94
+ 33 1
x 33 29
+ 34 1
x 36 30
+ 36 93
+ 37 1
+ 37 2
x 37 32
x 38 33
x 39 34
+ 39 91
+ 41 1
+ 41 2
x 42 37
x 43 38
+ 44 94
x 46 41
+ 47 1
+ 47 95
+ 48 1
x 48 43
+ 50 93
+ 51 1
+ 51 96
+ 52 1
x 52 48
+ 52 96
+ 53 5
x 53 49
+ 54 1
+ 54 2
+ 54 95
x 55 52
x 56 54
+ 58 95
x 59 56
+ 60 1
+ 62 1
+ 62 97
x 64 57
x 67 58
+ 69 2
x 69 59
+ 70 5
x 70 61
+ 70 91
+ 70 93
+ 72 1
x 72 65
x 73 71
x 74 72
x 75 75
x 76 76
x 78 77
x 80 78
x 82 79
x 86 82
x 87 83
x 88 85
x 89 87
x 90 88
x 93 90
x 94 93
+ 95 51
x 96 96
+ 97 34
+ 97 40
x 97 97
Case #27: 127 0
Case #28: 285 232
o 1 1
+ 1 99
+ 1 100
+ 2 6
+ 2 8
+ 2 10
+ 2 97
+ 3 1
o 3 2
+ 3 100
+ 4 98
+ 4 100
+ 5 1
x 5 3
x 6 5
x 7 6
+ 7 98
+ 7 100
+ 8 1
x 8 9
+ 8 98
+ 8 100
x 9 10
+ 10 1
x 10 11
x 11 13
+ 11 98
+ 11 100
+ 12 98
+ 12 100
x 13 14
+ 14 1
x 14 15
+ 15 1
+ 15 98
+ 15 100
+ 16 1
x 16 19
+ 16 98
+ 16 100
x 17 20
x 18 21
+ 19 7
+ 19 98
+ 19 100
+ 20 98
+ 20 100
+ 21 3
x 21 22
+ 22 1
+ 22 3
x 22 23
+ 23 6
x 23 24
+ 23 98
+ 23 100
x 24 25
+ 24 98
+ 24 100
x 25 27
+ 26 1
+ 27 1
x 27 29
+ 27 98
+ 27 100
x 28 30
+ 28 98
+ 28 100
+ 29 1
x 29 31
+ 30 1
x 30 32
+ 31 1
x 31 35
+ 31 98
+ 31 100
+ 32 1
x 32 36
+ 32 98
+ 32 100
+ 33 1
+ 34 1
+ 35 1
x 35 37
+ 35 98
+ 35 100
+ 36 1
+ 36 98
+ 36 100
x 38 38
+ 39 1
+ 39 3
x 39 40
+ 39 98
+ 39 100
+ 40 1
x 40 41
+ 40 98
+ 40 100
x 41 43
x 42 44
+ 43 1
+ 43 2
x 43 45
+ 43 98
+ 43 100
+ 44 98
+ 44 100
x 45 46
x 47 47
+ 47 100
+ 48 1
+ 48 3
x 48 48
+ 48 98
+ 48 100
x 49 49
x 50 50
+ 51 1
x 51 51
+ 51 100
x 52 52
+ 52 100
+ 53 1
x 53 53
+ 53 100
x 54 56
+ 54 100
x 55 57
+ 55 100
x 56 58
+ 56 100
+ 57 1
x 57 60
+ 58 100
+ 59 1
x 59 61
+ 59 98
+ 59 100
+ 60 1
x 60 62
x 61 63
+ 61 99
x 62 64
+ 63 1
+ 63 100
+ 64 1
x 64 65
+ 64 98
+ 64 100
x 65 66
+ 65 100
+ 66 1
x 66 68
+ 67 1
x 67 69
+ 68 1
x 68 70
+ 68 98
+ 68 99
+ 68 100
+ 69 1
x 69 71
+ 70 1
x 70 72
+ 71 1
x 71 73
+ 71 100
x 72 75
+ 72 98
+ 72 100
x 73 76
+ 74 1
x 74 77
+ 75 1
+ 75 3
x 75 78
+ 75 98
+ 75 100
+ 76 19
+ 76 21
+ 76 98
+ 76 100
+ 77 16
x 77 80
+ 78 1
x 78 81
+ 79 1
+ 79 19
x 79 82
+ 79 98
+ 79 100
+ 80 1
+ 80 16
+ 80 98
+ 80 100
+ 81 10
x 81 83
+ 82 1
o 82 7
+ 82 87
+ 83 1
x 83 84
+ 83 100
x 84 85
+ 84 98
+ 84 100
+ 85 1
x 85 86
x 86 87
+ 86 95
+ 87 1
+ 87 7
x 87 88
x 88 89
+ 88 98
+ 88 100
x 89 90
+ 90 2
x 90 91
x 91 92
x 92 93
x 94 94
x 95 96
x 96 97
x 98 98
+ 99 46
+ 99 51
+ 99 62
x 99 99
+ 100 49
x 100 100
Case #29: 157 83
+ 1 2
+ 1 8
+ 1 10
+ 1 41
+ 1 43
+ 1 48
+ 1 52
+ 1 54
+ 2 26
+ 2 59
+ 3 1
+ 3 59
+ 4 1
+ 4 6
+ 4 15
+ 4 23
+ 4 36
+ 4 48
+ 4 59
o 5 1
+ 5 51
+ 5 59
x 6 3
+ 6 10
+ 6 19
+ 7 1
x 7 4
x 8 6
+ 8 14
+ 9 57
+ 9 59
x 10 7
+ 11 1
x 11 9
+ 13 1
+ 14 1
+ 14 3
+ 14 59
x 15 10
x 16 13
+ 17 1
x 18 18
+ 18 59
+ 19 1
+ 20 1
x 20 21
x 21 22
+ 22 1
x 22 24
+ 22 56
+ 22 57
x 23 27
x 24 31
+ 25 1
x 25 32
+ 26 59
+ 28 1
+ 29 59
+ 30 2
+ 31 2
x 32 33
x 34 34
+ 34 55
+ 34 57
+ 35 1
+ 36 56
+ 37 1
x 37 38
+ 37 59
x 38 41
+ 39 2
x 39 42
x 42 46
x 45 47
+ 45 57
+ 46 54
x 47 52
x 53 53
x 55 54
x 56 59
+ 58 18
+ 59 21
+ 59 24
Case #30: 181 0
Case #31: 298 297
o 1 1
+ 1 100
+ 2 1
x 2 2
+ 2 100
+ 3 1
x 3 3
+ 3 100
+ 4 1
x 4 4
+ 4 100
+ 5 1
x 5 5
+ 5 100
+ 6 1
x 6 6
+ 6 100
+ 7 1
x 7 7
+ 7 100
+ 8 1
x 8 8
+ 8 100
+ 9 1
x 9 9
+ 9 100
+ 10 1
x 10 10
+ 10 100
+ 11 1
x 11 11
+ 11 100
+ 12 1
x 12 12
+ 12 100
+ 13 1
x 13 13
+ 13 100
+ 14 1
x 14 14
+ 14 100
+ 15 1
x 15 15
+ 15 100
+ 16 1
x 16 16
+ 16 100
+ 17 1
x 17 17
+ 17 100
+ 18 1
x 18 18
+ 18 100
+ 19 1
x 19 19
+ 19 100
+ 20 1
x 20 20
+ 20 100
+ 21 1
x 21 21
+ 21 100
+ 22 1
x 22 22
+ 22 100
+ 23 1
x 23 23
+ 23 100
+ 24 1
x 24 24
+ 24 100
+ 25 1
x 25 25
+ 25 100
+ 26 1
x 26 26
+ 26 100
+ 27 1
x 27 27
+ 27 100
+ 28 1
x 28 28
+ 28 100
+ 29 1
x 29 29
+ 29 100
+ 30 1
x 30 30
+ 30 100
+ 31 1
x 31 31
+ 31 100
+ 32 1
x 32 32
+ 32 100
+ 33 1
x 33 33
+ 33 100
+ 34 1
x 34 34
+ 34 100
+ 35 1
x 35 35
+ 35 100
+ 36 1
x 36 36
+ 36 100
+ 37 1
x 37 37
+ 37 100
+ 38 1
x 38 38
+ 38 100
+ 39 1
x 39 39
+ 39 100
+ 40 1
x 40 40
+ 40 100
+ 41 1
x 41 41
+ 41 100
+ 42 1
x 42 42
+ 42 100
+ 43 1
x 43 43
+ 43 100
+ 44 1
x 44 44
+ 44 100
+ 45 1
x 45 45
+ 45 100
+ 46 1
x 46 46
+ 46 100
+ 47 1
x 47 47
+ 47 100
+ 48 1
x 48 48
+ 48 100
+ 49 1
x 49 49
+ 49 100
+ 50 1
x 50 50
+ 50 100
+ 51 1
x 51 51
+ 51 100
+ 52 1
x 52 52
+ 52 100
+ 53 1
x 53 53
+ 53 100
+ 54 1
x 54 54
+ 54 100
+ 55 1
x 55 55
+ 55 100
+ 56 1
x 56 56
+ 56 100
+ 57 1
x 57 57
+ 57 100
+ 58 1
x 58 58
+ 58 100
+ 59 1
x 59 59
+ 59 100
+ 60 1
x 60 60
+ 60 100
+ 61 1
x 61 61
+ 61 100
+ 62 1
x 62 62
+ 62 100
+ 63 1
x 63 63
+ 63 100
+ 64 1
x 64 64
+ 64 100
+ 65 1
x 65 65
+ 65 100
+ 66 1
x 66 66
+ 66 100
+ 67 1
x 67 67
+ 67 100
+ 68 1
x 68 68
+ 68 100
+ 69 1
x 69 69
+ 69 100
+ 70 1
x 70 70
+ 70 100
+ 71 1
x 71 71
+ 71 100
+ 72 1
x 72 72
+ 72 100
+ 73 1
x 73 73
+ 73 100
+ 74 1
x 74 74
+ 74 100
+ 75 1
x 75 75
+ 75 100
+ 76 1
x 76 76
+ 76 100
+ 77 1
x 77 77
+ 77 100
+ 78 1
x 78 78
+ 78 100
+ 79 1
x 79 79
+ 79 100
+ 80 1
x 80 80
+ 80 100
+ 81 1
x 81 81
+ 81 100
+ 82 1
x 82 82
+ 82 100
+ 83 1
x 83 83
+ 83 100
+ 84 1
x 84 84
+ 84 100
+ 85 1
x 85 85
+ 85 100
+ 86 1
x 86 86
+ 86 100
+ 87 1
x 87 87
+ 87 100
+ 88 1
x 88 88
+ 88 100
+ 89 1
x 89 89
+ 89 100
+ 90 1
x 90 90
+ 90 100
+ 91 1
x 91 91
+ 91 100
+ 92 1
x 92 92
+ 92 100
+ 93 1
x 93 93
+ 93 100
+ 94 1
x 94 94
+ 94 100
+ 95 1
x 95 95
+ 95 100
+ 96 1
x 96 96
+ 96 100
+ 97 1
x 97 97
+ 97 100
+ 98 1
x 98 98
+ 98 100
+ 99 1
x 99 99
+ 99 100
x 100 100
Case #32: 264 147
+ 1 1
+ 1 14
+ 1 16
+ 1 62
+ 1 64
+ 1 67
+ 1 74
+ 1 76
+ 1 77
+ 1 83
+ 1 85
+ 1 87
+ 1 90
+ 1 98
+ 2 1
+ 2 3
+ 2 7
+ 2 19
+ 2 21
+ 2 69
+ 2 79
+ 2 80
+ 2 87
+ 2 92
+ 2 94
+ 2 96
x 3 1
+ 3 99
x 4 2
+ 4 29
+ 4 97
+ 4 99
+ 5 1
x 5 3
+ 5 9
+ 5 11
+ 5 26
+ 6 1
+ 6 74
+ 7 1
x 8 5
+ 9 1
+ 9 17
+ 10 22
+ 10 24
+ 10 26
+ 11 1
+ 11 29
+ 11 99
x 13 8
x 16 9
+ 16 97
+ 16 99
+ 17 1
x 17 15
+ 18 1
+ 19 1
x 20 16
+ 20 99
x 21 17
+ 22 2
x 22 19
x 23 21
+ 23 97
+ 24 1
x 25 22
+ 26 1
x 26 23
+ 26 95
+ 27 1
x 27 25
+ 28 1
+ 28 99
+ 29 1
+ 29 99
x 30 29
x 33 31
+ 34 1
x 34 32
+ 34 99
+ 36 1
x 36 33
+ 37 1
+ 37 99
+ 38 1
+ 38 92
+ 38 94
+ 38 96
x 39 34
x 41 38
x 42 39
x 43 40
+ 43 98
+ 46 1
x 46 42
+ 46 96
+ 47 93
+ 47 98
x 50 43
+ 51 1
x 51 45
+ 52 1
+ 53 1
x 53 46
+ 53 96
+ 54 8
x 54 52
+ 55 99
+ 56 1
+ 57 1
x 57 54
+ 57 98
+ 58 95
+ 59 1
x 59 55
+ 60 1
x 60 59
x 61 60
+ 63 1
+ 63 98
+ 63 99
x 64 62
x 66 65
+ 66 99
+ 67 89
+ 69 95
x 70 71
+ 70 98
x 72 76
x 73 77
x 74 78
x 75 79
x 78 80
x 79 81
x 80 84
x 81 85
x 85 90
x 86 92
x 88 93
x 89 96
x 92 97
x 94 98
+ 95 48
+ 96 39
+ 97 53
+ 98 59
x 98 99
Case #33: 96 51
+ 1 1
o 1 3
+ 1 11
+ 1 15
+ 1 23
+ 1 30
+ 2 1
+ 2 3
x 2 4
+ 2 8
+ 2 11
+ 2 13
+ 2 30
+ 2 34
+ 2 37
x 3 5
+ 3 37
x 4 6
+ 4 7
x 5 8
+ 6 1
+ 7 1
+ 7 37
+ 8 1
+ 8 35
x 9 10
x 10 13
+ 11 37
x 12 14
x 13 15
+ 13 36
+ 13 37
+ 16 37
+ 18 1
x 18 17
+ 18 34
+ 18 37
+ 19 37
x 20 20
+ 20 37
x 21 22
x 22 24
+ 23 2
x 25 25
x 27 26
x 28 29
x 29 31
+ 30 3
x 31 34
x 34 35
x 36 36
Case #34: 269 199
o 1 1
+ 1 86
+ 1 91
x 2 2
+ 2 100
x 3 3
+ 3 21
+ 3 100
x 4 4
+ 4 100
x 5 5
+ 5 100
x 6 6
+ 6 100
x 7 7
+ 7 100
x 8 8
+ 8 100
x 9 9
+ 9 100
x 10 10
x 11 11
+ 11 100
x 12 12
+ 12 98
+ 12 100
x 13 13
+ 13 100
x 14 14
x 15 15
+ 16 1
x 16 16
+ 16 98
+ 16 100
x 17 17
x 18 18
+ 18 99
x 19 19
x 20 20
x 21 21
+ 21 98
+ 21 99
+ 21 100
+ 22 5
x 22 22
+ 23 2
x 23 23
x 24 24
+ 24 98
+ 24 100
x 25 25
+ 25 98
+ 25 100
x 26 26
x 27 27
x 28 28
+ 28 98
+ 28 100
x 29 29
+ 30 3
x 30 30
+ 30 99
x 31 31
x 32 32
+ 32 98
+ 32 100
x 33 33
+ 33 98
+ 33 100
x 34 34
+ 35 1
x 35 35
x 36 36
+ 36 98
+ 36 100
+ 37 1
x 37 37
x 38 38
+ 38 99
x 39 39
x 40 40
+ 40 98
+ 40 100
+ 41 2
+ 41 4
x 41 41
+ 41 98
+ 41 100
x 42 42
x 43 43
x 44 44
+ 44 100
x 45 45
+ 45 98
+ 45 100
+ 46 1
x 46 46
x 47 47
x 48 48
x 49 49
+ 49 98
+ 49 99
+ 49 100
+ 50 1
x 50 50
x 51 51
x 52 52
+ 52 98
+ 52 100
x 53 53
+ 53 100
+ 54 1
x 54 54
x 55 55
+ 55 100
x 56 56
+ 56 98
+ 56 100
x 57 57
+ 58 1
x 58 58
+ 59 1
+ 59 3
x 59 59
x 60 60
+ 60 100
x 61 61
+ 61 100
x 62 62
+ 63 2
x 63 63
+ 64 10
x 64 64
+ 64 100
+ 65 1
x 65 65
+ 65 98
+ 65 100
+ 66 16
x 66 66
+ 66 100
+ 67 2
x 67 67
+ 68 2
x 68 68
x 69 69
x 70 70
+ 70 100
x 71 71
x 72 72
+ 73 2
x 73 73
+ 73 100
x 74 74
x 75 75
+ 76 7
x 76 76
+ 76 93
+ 76 95
x 77 77
+ 77 90
+ 77 98
+ 77 100
x 78 78
x 79 79
x 80 80
x 81 81
x 82 82
+ 83 35
x 83 83
x 84 84
+ 85 72
+ 85 74
x 85 85
x 86 86
+ 87 28
x 87 87
x 88 88
x 89 89
x 90 90
+ 91 36
x 91 91
x 92 92
+ 93 42
x 93 93
+ 94 48
x 94 94
+ 95 51
x 95 95
x 96 96
x 97 97
x 98 98
+ 99 52
+ 99 59
x 99 99
+ 100 62
+ 100 68
+ 100 72
x 100 100
Case #35: 287 250
+ 1 100
x 2 1
+ 2 6
+ 2 96
+ 2 97
+ 2 100
+ 3 1
x 3 2
+ 3 100
+ 4 1
+ 4 100
+ 5 1
x 5 6
+ 5 11
+ 6 1
x 6 7
+ 6 14
+ 7 6
x 7 9
+ 7 98
+ 7 100
+ 8 1
+ 8 18
+ 8 98
+ 8 100
+ 9 1
x 9 10
+ 10 1
x 10 11
x 11 12
+ 11 98
+ 11 100
+ 12 2
x 12 13
+ 12 98
+ 12 100
+ 13 16
+ 14 1
x 14 14
x 15 15
+ 15 98
+ 15 100
+ 16 1
x 16 16
+ 16 98
+ 16 100
+ 17 1
x 17 17
+ 18 1
x 18 18
x 19 19
+ 19 98
+ 19 100
x 20 20
+ 20 100
+ 21 1
x 21 22
+ 22 1
x 22 23
+ 23 1
+ 23 4
x 23 24
+ 23 98
+ 23 100
+ 24 1
x 24 25
+ 24 98
+ 24 100
x 25 26
x 26 27
x 27 28
+ 27 98
+ 27 100
x 28 30
+ 28 98
+ 28 100
x 29 31
+ 30 1
x 30 32
+ 31 1
x 31 33
+ 31 98
+ 31 100
+ 32 1
x 32 35
+ 32 98
+ 32 100
+ 34 1
+ 35 1
x 35 36
+ 35 98
+ 35 100
+ 36 1
x 36 37
+ 36 98
+ 36 100
+ 37 5
x 37 38
+ 38 1
+ 39 1
x 39 39
+ 39 100
+ 40 1
x 40 40
+ 40 98
+ 40 100
+ 41 100
+ 42 1
x 42 41
+ 43 1
x 43 42
+ 43 100
+ 44 1
x 44 43
+ 44 98
+ 44 100
x 45 44
+ 45 100
+ 46 2
x 46 45
+ 47 100
+ 48 1
+ 48 3
x 48 46
+ 48 98
+ 48 100
x 49 47
+ 49 100
x 50 48
+ 51 1
x 51 49
+ 51 100
+ 52 1
x 52 50
+ 52 100
+ 53 1
x 53 51
+ 53 100
+ 54 1
x 54 52
+ 54 100
+ 55 1
x 55 53
+ 56 1
x 56 54
+ 56 99
+ 57 1
+ 57 99
+ 58 1
x 58 56
x 59 57
+ 59 98
+ 59 100
+ 60 1
x 60 58
+ 60 98
+ 60 100
x 61 59
x 62 60
x 63 61
+ 63 98
+ 63 100
+ 64 1
x 64 62
+ 64 98
+ 64 100
+ 65 1
x 65 64
+ 66 1
x 67 65
+ 67 98
+ 67 100
+ 68 1
x 68 66
x 69 67
+ 69 99
+ 70 1
x 70 68
+ 71 1
x 71 69
+ 72 1
x 72 71
+ 72 98
+ 72 99
+ 72 100
x 73 72
+ 74 1
x 74 73
+ 75 1
+ 75 98
+ 75 100
x 76 74
+ 76 100
+ 77 1
x 77 75
+ 78 1
+ 78 16
+ 78 18
x 78 76
+ 79 11
+ 79 13
x 79 77
+ 79 98
+ 79 100
+ 80 1
+ 80 8
x 80 78
+ 80 100
+ 81 1
x 81 79
+ 82 1
+ 82 4
+ 82 87
+ 83 1
x 83 80
+ 83 95
+ 83 98
+ 83 100
+ 84 1
x 84 81
+ 84 98
+ 84 100
x 85 82
+ 86 1
+ 86 11
x 86 83
x 87 84
+ 87 98
+ 87 100
+ 88 1
+ 88 30
x 88 85
x 89 86
+ 90 1
x 91 87
+ 91 98
+ 91 100
x 92 90
x 93 92
x 94 94
x 95 95
x 96 96
+ 97 69
x 97 97
x 98 98
+ 99 38
+ 99 51
x 99 99
+ 100 74
x 100 100
Case #36: 267 172
o 1 1
x 2 2
+ 2 100
x 3 3
+ 3 100
x 4 4
+ 4 100
x 5 5
+ 5 100
x 6 6
+ 6 100
x 7 7
+ 7 100
x 8 8
+ 8 100
x 9 9
+ 9 100
x 10 10
+ 10 100
x 11 11
+ 11 100
x 12 12
+ 12 100
x 13 13
x 14 14
+ 14 100
x 15 15
+ 15 98
+ 15 100
x 16 16
+ 16 100
x 17 17
x 18 18
+ 18 100
x 19 19
+ 19 98
+ 19 100
x 20 20
x 21 21
x 22 22
+ 22 98
+ 22 100
x 23 23
+ 23 98
+ 23 100
x 24 24
x 25 25
x 26 26
+ 26 98
+ 26 100
x 27 27
+ 27 98
+ 27 100
x 28 28
x 29 29
x 30 30
+ 30 98
+ 30 100
x 31 31
+ 31 100
x 32 32
x 33 33
x 34 34
x 35 35
+ 35 99
+ 35 100
x 36 36
x 37 37
x 38 38
x 39 39
+ 39 99
x 40 40
+ 40 99
x 41 41
x 42 42
x 43 43
+ 43 98
+ 43 99
+ 43 100
x 44 44
x 45 45
x 46 46
+ 46 100
x 47 47
x 48 48
x 49 49
x 50 50
+ 50 100
x 51 51
+ 51 100
x 52 52
x 53 53
x 54 54
x 55 55
x 56 56
x 57 57
x 58 58
+ 58 98
+ 58 100
x 59 59
+ 59 100
x 60 60
x 61 61
x 62 62
+ 62 100
x 63 63
+ 63 98
+ 63 100
x 64 64
x 65 65
x 66 66
+ 66 98
+ 66 100
x 67 67
+ 67 98
+ 67 100
x 68 68
x 69 69
x 70 70
x 71 71
+ 71 99
x 72 72
x 73 73
x 74 74
x 75 75
+ 75 99
x 76 76
x 77 77
x 78 78
x 79 79
x 80 80
x 81 81
x 82 82
x 83 83
x 84 84
x 85 85
x 86 86
x 87 87
x 88 88
x 89 89
x 90 90
x 91 91
+ 92 65
x 92 92
x 93 93
+ 94 55
+ 94 59
+ 94 61
+ 94 77
x 94 94
+ 95 52
x 95 95
+ 96 36
+ 96 49
+ 96 58
+ 96 73
x 96 96
+ 97 39
+ 97 63
x 97 97
+ 98 31
+ 98 39
+ 98 42
+ 98 46
x 98 98
+ 99 34
+ 99 49
x 99 99
+ 100 52
+ 100 68
+ 100 72
x 100 100
Case #37: 114 64
+ 1 2
+ 1 4
+ 1 28
+ 1 39
+ 1 42
x 2 2
+ 2 31
+ 2 39
+ 3 1
x 3 3
+ 3 5
+ 3 7
+ 3 9
+ 3 43
+ 4 43
+ 5 1
x 5 4
+ 5 33
+ 6 1
+ 6 36
x 7 5
x 8 6
+ 8 18
+ 8 43
x 9 7
+ 9 43
+ 10 1
+ 11 43
+ 12 1
x 12 9
x 13 10
+ 14 1
+ 16 1
+ 16 42
+ 17 1
+ 17 10
x 17 11
+ 18 4
x 18 14
+ 20 1
x 20 22
x 21 25
+ 21 43
+ 22 43
+ 23 1
+ 24 1
x 24 26
x 26 28
+ 26 41
+ 26 42
+ 26 43
+ 28 33
+ 29 1
+ 29 41
+ 29 43
x 30 30
x 32 32
x 33 33
x 34 34
x 36 36
x 37 37
+ 39 9
x 42 41
x 43 43
Case #38: 96 49
+ 1 1
x 1 4
+ 1 5
+ 1 11
+ 1 13
+ 1 27
+ 1 33
+ 1 35
+ 2 5
+ 2 9
+ 2 16
+ 2 33
+ 3 1
+ 3 23
x 4 5
+ 4 27
+ 4 29
x 5 9
+ 7 1
+ 8 1
x 8 10
x 9 12
x 10 13
+ 10 37
+ 11 32
x 12 15
+ 13 2
x 13 16
+ 13 37
+ 15 1
x 15 18
x 16 20
+ 17 2
+ 18 37
x 20 24
+ 21 37
+ 22 1
+ 23 1
+ 24 37
+ 25 34
+ 26 1
+ 26 3
x 26 26
x 27 29
x 29 30
x 33 31
+ 34 15
x 34 36
+ 37 19
Case #39: 10 6
+ 1 1
x 1 3
+ 1 4
+ 2 4
+ 4 3
x 4 4
Case #40: 27 13
+ 1 7
+ 1 8
o 2 1
x 3 2
+ 3 4
+ 4 1
x 4 4
x 5 5
x 6 6
+ 6 11
x 7 8
x 10 10
+ 11 4
Case #41: 298 293
o 1 1
+ 1 100
+ 2 1
x 2 2
+ 2 100
+ 3 1
x 3 3
+ 3 100
+ 4 1
x 4 4
+ 4 100
+ 5 1
x 5 5
+ 5 100
+ 6 1
x 6 6
+ 6 100
+ 7 1
x 7 7
+ 7 100
+ 8 1
x 8 8
+ 8 100
+ 9 1
x 9 9
+ 9 100
+ 10 1
x 10 10
+ 10 100
+ 11 1
x 11 11
+ 11 100
+ 12 1
+ 12 100
+ 13 1
x 13 12
+ 13 100
+ 14 1
x 14 13
+ 14 100
+ 15 1
x 15 14
+ 15 100
+ 16 1
x 16 15
+ 16 100
+ 17 1
x 17 16
+ 17 100
+ 18 1
x 18 17
+ 18 100
+ 19 1
x 19 18
+ 19 100
+ 20 1
x 20 19
+ 20 100
+ 21 1
x 21 20
+ 21 100
+ 22 1
x 22 21
+ 22 100
+ 23 1
x 23 22
+ 23 100
+ 24 1
x 24 23
+ 24 100
+ 25 1
x 25 24
+ 25 100
+ 26 1
x 26 25
+ 26 100
+ 27 1
x 27 26
+ 27 100
+ 28 1
x 28 27
+ 28 100
+ 29 1
x 29 28
+ 29 100
+ 30 1
x 30 29
+ 30 100
+ 31 1
x 31 30
+ 31 100
+ 32 1
x 32 31
+ 32 100
+ 33 1
x 33 32
+ 33 100
+ 34 1
x 34 33
+ 34 100
+ 35 1
x 35 34
+ 35 100
+ 36 1
x 36 35
+ 36 100
+ 37 1
x 37 36
+ 37 100
+ 38 1
x 38 37
+ 38 100
+ 39 1
x 39 38
+ 39 100
+ 40 1
+ 40 100
+ 41 1
x 41 39
+ 41 100
+ 42 1
x 42 40
+ 42 100
+ 43 1
x 43 41
+ 43 100
+ 44 1
x 44 42
+ 44 100
+ 45 1
x 45 43
+ 45 100
+ 46 1
+ 46 100
+ 47 1
x 47 44
+ 47 100
+ 48 1
x 48 45
+ 48 100
+ 49 1
x 49 46
+ 49 100
+ 50 1
x 50 47
+ 50 100
+ 51 1
x 51 48
+ 51 100
+ 52 1
x 52 49
+ 52 100
+ 53 1
x 53 51
+ 53 100
+ 54 1
x 54 53
+ 54 100
+ 55 1
+ 55 100
+ 56 1
x 56 54
+ 56 100
+ 57 1
x 57 55
+ 57 100
+ 58 1
x 58 56
+ 58 100
+ 59 1
x 59 57
+ 59 100
+ 60 1
x 60 58
+ 60 100
+ 61 1
x 61 59
+ 61 100
+ 62 1
x 62 60
+ 62 100
+ 63 1
x 63 61
+ 63 100
+ 64 1
x 64 62
+ 64 100
+ 65 1
x 65 63
+ 65 100
+ 66 1
x 66 64
+ 66 100
+ 67 1
x 67 65
+ 67 100
+ 68 1
x 68 66
+ 68 100
+ 69 1
x 69 68
+ 69 100
+ 70 1
x 70 69
+ 70 100
+ 71 1
x 71 70
+ 71 100
+ 72 1
x 72 71
+ 72 100
+ 73 1
x 73 72
+ 73 100
+ 74 1
x 74 73
+ 74 100
+ 75 1
x 75 74
+ 75 100
+ 76 1
x 76 75
+ 76 100
+ 77 1
x 77 76
+ 77 100
+ 78 1
x 78 77
+ 78 100
+ 79 1
x 79 78
+ 79 100
+ 80 1
x 80 79
+ 80 100
+ 81 1
x 81 80
+ 81 100
+ 82 1
x 82 81
+ 82 100
+ 83 1
x 83 82
+ 83 100
+ 84 1
x 84 83
+ 84 100
+ 85 1
x 85 84
+ 85 100
+ 86 1
x 86 85
+ 86 100
+ 87 1
x 87 86
+ 87 100
+ 88 1
x 88 87
+ 88 100
+ 89 1
x 89 88
+ 89 100
+ 90 1
x 90 89
+ 90 100
+ 91 1
x 91 90
+ 91 100
+ 92 1
x 92 91
+ 92 100
+ 93 1
x 93 92
+ 93 100
+ 94 1
x 94 94
+ 94 100
+ 95 1
x 95 95
+ 95 100
+ 96 1
x 96 96
+ 96 100
+ 97 1
x 97 97
+ 97 100
+ 98 1
x 98 98
+ 98 100
+ 99 1
x 99 99
+ 99 100
x 100 100
Case #42: 264 168
o 1 1
x 2 2
+ 2 100
x 3 3
+ 3 100
x 4 4
+ 4 100
x 5 5
+ 5 100
x 6 6
+ 6 100
x 7 7
+ 7 100
x 8 8
+ 8 100
x 9 9
+ 9 100
x 10 10
+ 10 100
x 11 11
+ 11 100
x 12 12
+ 12 100
x 13 13
+ 13 100
x 14 14
+ 14 100
x 15 15
+ 15 100
x 16 16
+ 16 100
x 17 17
+ 17 100
x 18 18
+ 18 100
x 19 19
+ 19 100
x 20 20
x 21 21
+ 21 100
x 22 22
+ 22 100
x 23 23
+ 23 100
x 24 24
x 25 25
+ 25 100
x 26 26
x 27 27
+ 27 99
+ 27 100
x 28 28
x 29 29
+ 29 100
x 30 30
+ 30 100
x 31 31
+ 31 100
x 32 32
x 33 33
+ 33 100
x 34 34
+ 34 98
+ 34 100
x 35 35
+ 35 100
x 36 36
x 37 37
+ 37 100
x 38 38
x 39 39
+ 39 99
+ 39 100
x 40 40
x 41 41
+ 41 100
x 42 42
+ 42 100
x 43 43
x 44 44
+ 44 99
x 45 45
x 46 46
x 47 47
+ 47 99
x 48 48
+ 48 99
x 49 49
x 50 50
+ 50 100
x 51 51
x 52 52
+ 52 99
x 53 53
x 54 54
+ 54 100
x 55 55
x 56 56
+ 56 99
x 57 57
x 58 58
+ 58 98
+ 58 100
x 59 59
x 60 60
x 61 61
x 62 62
x 63 63
+ 63 98
+ 63 99
+ 63 100
x 64 64
x 65 65
x 66 66
x 67 67
+ 67 100
x 68 68
x 69 69
x 70 70
x 71 71
x 72 72
+ 72 98
x 73 73
x 74 74
+ 74 94
x 75 75
x 76 76
x 77 77
x 78 78
x 79 79
x 80 80
x 81 81
x 82 82
x 83 83
x 84 84
x 85 85
x 86 86
x 87 87
x 88 88
x 89 89
x 90 90
+ 91 29
x 91 91
+ 92 32
x 92 92
+ 93 35
x 93 93
x 94 94
x 95 95
+ 96 40
+ 96 49
x 96 96
+ 97 43
+ 97 52
+ 97 69
x 97 97
+ 98 46
+ 98 55
+ 98 61
x 98 98
+ 99 49
+ 99 58
+ 99 61
x 99 99
+ 100 52
+ 100 64
+ 100 65
x 100 100
Case #43: 296 196
+ 1 98
+ 1 99
+ 1 100
+ 2 1
+ 2 3
+ 3 1
+ 4 98
+ 4 100
+ 5 1
+ 5 98
+ 5 100
+ 6 1
+ 7 1
+ 7 9
+ 8 1
+ 8 98
+ 8 100
+ 9 1
+ 9 98
+ 9 100
+ 10 1
+ 11 1
+ 12 98
+ 12 100
+ 13 1
+ 13 98
+ 13 100
+ 14 1
+ 16 1
o 16 98
+ 16 100
+ 17 1
+ 17 98
+ 17 100
+ 18 1
+ 19 1
+ 20 1
+ 20 98
+ 20 100
+ 21 1
+ 21 98
+ 21 100
+ 22 1
+ 23 1
x 23 29
+ 24 1
+ 24 98
+ 24 100
+ 25 1
+ 25 98
+ 25 100
+ 26 1
+ 27 1
+ 28 1
+ 28 98
+ 28 100
+ 29 1
+ 29 98
+ 29 100
+ 30 1
+ 31 1
+ 32 1
+ 32 98
+ 32 100
+ 33 98
+ 33 100
+ 34 1
+ 35 1
+ 36 1
+ 36 98
+ 36 100
+ 37 1
+ 37 98
+ 37 100
+ 38 1
+ 39 1
+ 40 1
+ 40 98
+ 40 100
+ 41 1
+ 41 98
+ 41 100
+ 42 1
+ 43 1
x 43 35
+ 44 1
+ 44 98
+ 44 100
+ 45 1
+ 45 98
+ 45 100
+ 46 1
+ 47 1
+ 48 1
+ 48 98
+ 48 100
+ 49 1
+ 49 98
+ 49 100
+ 50 1
+ 51 1
+ 52 1
+ 52 98
+ 52 100
+ 53 1
+ 53 98
+ 53 100
+ 54 1
+ 55 1
+ 56 1
+ 56 98
+ 56 100
+ 57 1
+ 57 98
+ 57 100
+ 58 1
+ 59 1
+ 60 1
x 60 58
+ 60 98
+ 60 100
+ 61 1
+ 61 98
+ 61 100
+ 62 1
+ 63 1
+ 64 1
+ 64 98
+ 64 100
+ 65 1
+ 65 98
+ 65 100
+ 66 1
+ 67 1
+ 68 1
+ 68 100
+ 69 1
+ 69 98
+ 69 100
+ 70 1
+ 70 100
+ 71 1
+ 72 1
+ 72 100
+ 73 1
+ 73 98
+ 73 100
+ 74 1
+ 74 100
+ 75 1
+ 76 1
+ 76 100
+ 77 1
+ 77 98
+ 77 100
+ 78 1
+ 78 100
+ 79 1
+ 80 1
+ 80 100
o 81 1
+ 81 98
+ 81 100
+ 82 1
+ 82 100
+ 83 1
+ 84 1
+ 84 100
+ 85 1
+ 85 98
+ 85 100
+ 86 1
+ 86 100
+ 87 1
+ 88 1
+ 88 100
+ 89 1
+ 89 100
+ 90 1
+ 90 100
+ 91 1
+ 91 100
+ 92 1
+ 92 100
+ 93 1
+ 93 100
+ 94 1
+ 94 100
+ 95 1
+ 95 100
+ 96 1
+ 96 100
+ 97 1
+ 97 100
+ 99 67
+ 99 88
Case #44: 114 61
+ 1 35
+ 1 41
+ 1 43
o 2 4
+ 2 6
+ 2 7
+ 2 37
+ 2 43
+ 3 1
+ 3 4
x 3 5
+ 3 9
+ 4 1
+ 4 33
x 5 6
x 6 8
+ 6 19
x 7 9
x 8 11
+ 9 1
x 10 12
+ 10 37
x 11 13
+ 11 43
+ 12 1
x 13 15
+ 13 43
x 14 16
+ 15 1
x 15 17
+ 15 40
x 16 18
+ 17 2
x 17 20
+ 17 36
x 18 21
+ 19 43
+ 20 1
x 20 22
x 21 23
+ 22 1
x 22 25
+ 22 42
+ 23 1
x 23 26
x 26 28
+ 26 41
+ 26 43
x 27 29
+ 28 40
+ 29 2
+ 29 4
x 29 30
+ 29 37
x 34 31
x 35 34
x 36 37
x 37 38
x 38 39
+ 42 16
x 43 41
Case #45: 78 44
+ 1 5
+ 1 21
+ 1 29
o 2 1
+ 2 3
+ 2 5
+ 2 23
+ 2 25
x 3 5
x 4 6
+ 4 30
o 5 7
x 8 8
x 9 9
+ 10 1
x 10 10
x 11 11
+ 11 28
+ 13 1
x 13 14
+ 14 1
+ 15 1
+ 15 29
x 16 18
x 17 19
+ 18 1
+ 19 1
x 19 20
+ 19 29
+ 20 4
x 21 21
+ 22 1
x 22 25
+ 22 27
+ 22 29
+ 22 30
x 23 27
x 25 29
+ 28 18
+ 29 18
+ 29 21
x 29 30
+ 30 7
+ 30 15
Case #46: 270 175
o 1 1
x 2 2
+ 2 100
x 3 3
+ 3 100
x 4 4
+ 4 100
x 5 5
+ 5 100
x 6 6
+ 6 100
x 7 7
+ 7 100
x 8 8
+ 8 100
x 9 9
+ 9 100
x 10 10
+ 10 100
x 11 11
+ 11 100
x 12 12
+ 12 100
x 13 13
+ 13 100
x 14 14
x 15 15
+ 15 99
+ 15 100
x 16 16
x 17 17
+ 17 100
x 18 18
+ 18 98
+ 18 100
x 19 19
+ 19 100
x 20 20
x 21 21
+ 21 100
x 22 22
+ 22 100
x 23 23
x 24 24
x 25 25
x 26 26
+ 26 98
+ 26 99
+ 26 100
x 27 27
x 28 28
x 29 29
x 30 30
x 31 31
+ 31 99
x 32 32
x 33 33
x 34 34
+ 34 99
x 35 35
+ 35 99
x 36 36
x 37 37
+ 37 100
x 38 38
+ 38 100
x 39 39
x 40 40
+ 40 100
x 41 41
+ 41 98
+ 41 100
x 42 42
+ 42 100
x 43 43
x 44 44
x 45 45
+ 45 98
+ 45 100
x 46 46
x 47 47
+ 47 99
x 48 48
x 49 49
x 50 50
x 51 51
+ 51 99
x 52 52
x 53 53
+ 53 100
x 54 54
x 55 55
x 56 56
x 57 57
+ 57 98
+ 57 100
x 58 58
+ 58 98
+ 58 100
x 59 59
x 60 60
x 61 61
x 62 62
+ 62 99
x 63 63
x 64 64
x 65 65
+ 65 100
x 66 66
+ 66 100
x 67 67
x 68 68
x 69 69
x 70 70
+ 70 99
x 71 71
x 72 72
x 73 73
x 74 74
x 75 75
+ 75 99
x 76 76
x 77 77
x 78 78
+ 78 95
x 79 79
+ 79 99
x 80 80
x 81 81
x 82 82
x 83 83
x 84 84
x 85 85
x 86 86
x 87 87
x 88 88
x 89 89
x 90 90
x 91 91
+ 92 79
x 92 92
+ 93 30
x 93 93
+ 94 33
+ 94 35
+ 94 37
x 94 94
+ 95 25
+ 95 40
+ 95 72
x 95 95
x 96 96
+ 97 31
+ 97 54
x 97 97
+ 98 34
+ 98 49
+ 98 51
+ 98 74
x 98 98
+ 99 37
+ 99 45
+ 99 53
+ 99 55
+ 99 60
+ 99 65
+ 99 71
+ 99 77
x 99 99
+ 100 48
+ 100 60
+ 100 62
+ 100 63
+ 100 68
x 100 100
Case #47: 269 181
o 1 1
+ 1 96
x 2 2
+ 2 100
x 3 3
+ 3 100
x 4 4
+ 4 100
x 5 5
x 6 6
+ 6 100
x 7 7
+ 7 98
+ 7 100
x 8 8
+ 8 100
x 9 9
x 10 10
+ 10 100
x 11 11
+ 11 98
+ 11 100
x 12 12
+ 12 100
x 13 13
x 14 14
+ 14 100
x 15 15
+ 15 98
+ 15 100
x 16 16
+ 16 100
x 17 17
x 18 18
+ 18 100
x 19 19
+ 19 98
+ 19 100
x 20 20
+ 20 100
+ 21 1
x 21 21
x 22 22
+ 22 100
x 23 23
+ 23 100
x 24 24
x 25 25
x 26 26
+ 26 98
+ 26 100
x 27 27
+ 27 98
+ 27 100
x 28 28
x 29 29
x 30 30
+ 30 98
+ 30 100
x 31 31
+ 31 98
+ 31 100
x 32 32
x 33 33
+ 34 7
x 34 34
+ 34 100
x 35 35
+ 35 100
x 36 36
x 37 37
x 38 38
+ 38 100
x 39 39
+ 39 98
+ 39 100
x 40 40
x 41 41
x 42 42
+ 43 1
+ 43 3
x 43 43
+ 43 98
+ 43 99
+ 43 100
x 44 44
x 45 45
x 46 46
+ 46 100
x 47 47
+ 47 98
+ 47 100
+ 48 1
x 48 48
+ 48 100
x 49 49
+ 50 2
x 50 50
x 51 51
+ 51 100
x 52 52
x 53 53
x 54 54
+ 54 98
+ 54 100
x 55 55
+ 55 98
+ 55 100
x 56 56
x 57 57
x 58 58
x 59 59
+ 59 99
x 60 60
+ 60 99
+ 61 1
x 61 61
x 62 62
+ 62 98
+ 62 100
x 63 63
x 64 64
x 65 65
x 66 66
+ 66 100
x 67 67
x 68 68
+ 68 99
x 69 69
x 70 70
x 71 71
+ 71 100
x 72 72
x 73 73
+ 74 13
x 74 74
+ 74 91
x 75 75
+ 75 94
x 76 76
x 77 77
x 78 78
x 79 79
x 80 80
+ 80 94
x 81 81
x 82 82
x 83 83
+ 83 89
x 84 84
x 85 85
x 86 86
x 87 87
x 88 88
x 89 89
+ 90 31
x 90 90
+ 91 70
+ 91 72
+ 91 79
x 91 91
x 92 92
+ 93 40
x 93 93
x 94 94
x 95 95
+ 96 72
x 96 96
+ 97 35
+ 97 39
+ 97 59
+ 97 67
x 97 97
+ 98 42
+ 98 52
x 98 98
+ 99 45
+ 99 50
x 99 99
+ 100 57
x 100 100
Case #48: 12 0
Case #49: 33 18
+ 1 1
+ 1 7
+ 1 10
+ 1 11
+ 1 13
o 2 1
+ 2 13
x 3 2
+ 4 1
x 4 3
x 7 4
x 8 6
x 10 7
o 11 9
x 12 11
+ 13 4
+ 13 6
x 13 13
Case #50: 85 42
+ 1 7
+ 1 32
+ 2 1
+ 2 4
+ 2 12
+ 2 24
+ 2 25
+ 3 1
x 3 3
+ 4 1
x 4 4
+ 4 31
+ 4 33
+ 6 1
+ 6 11
+ 7 8
o 7 15
+ 8 1
x 8 16
+ 8 32
+ 8 33
+ 9 1
x 9 17
+ 10 1
+ 11 1
x 11 18
+ 11 31
+ 12 1
x 14 19
+ 15 1
x 15 20
+ 18 1
x 19 21
+ 19 31
+ 20 29
+ 20 31
x 24 22
x 25 23
x 27 27
x 29 28
+ 32 14
x 32 30
Case #51: 47 29
+ 1 1
x 1 2
+ 1 5
+ 1 6
+ 1 7
+ 1 17
+ 1 18
+ 2 1
+ 2 14
+ 3 1
+ 3 18
x 4 3
+ 4 18
+ 5 18
x 6 5
+ 9 1
+ 9 18
+ 10 1
o 10 7
+ 10 18
x 11 8
x 12 10
+ 13 2
x 13 12
x 15 14
+ 17 7
x 17 17
+ 18 11
x 18 18
Case #52: 282 182
o 1 1
+ 1 5
+ 1 99
x 2 3
+ 2 10
+ 2 12
+ 2 95
x 3 4
+ 3 100
x 4 5
+ 4 98
+ 4 100
+ 5 4
+ 5 8
+ 5 100
+ 6 1
x 6 8
+ 6 11
+ 8 2
x 8 9
+ 8 98
+ 8 100
+ 9 98
+ 9 100
+ 12 19
+ 12 98
+ 12 100
+ 13 98
+ 13 100
+ 14 1
x 14 13
+ 16 98
+ 16 100
+ 17 98
+ 17 100
+ 18 4
+ 20 98
+ 20 100
+ 21 2
+ 21 4
+ 21 98
+ 21 100
+ 23 1
+ 24 98
+ 24 100
+ 25 1
x 25 18
+ 28 1
+ 28 2
+ 28 98
+ 28 100
+ 30 99
x 32 19
+ 33 98
+ 33 99
+ 33 100
+ 35 1
x 35 21
+ 36 1
x 36 26
+ 36 98
+ 36 100
x 37 30
+ 37 98
+ 37 100
+ 40 1
+ 40 98
+ 40 100
+ 41 1
x 41 31
+ 41 98
+ 41 100
+ 42 4
x 42 33
+ 43 1
x 43 35
x 44 36
+ 44 98
+ 44 100
+ 45 98
+ 45 100
+ 48 1
x 48 42
+ 48 100
x 49 44
+ 49 98
+ 49 100
+ 50 1
x 50 45
x 51 46
+ 52 1
x 52 47
x 53 48
+ 53 99
x 54 50
+ 56 1
+ 56 98
+ 56 100
+ 57 1
x 57 51
+ 57 100
+ 58 1
+ 59 1
+ 60 1
x 60 52
+ 60 98
+ 60 100
+ 61 1
+ 61 98
+ 61 100
+ 62 1
x 62 53
x 63 56
+ 64 1
x 64 57
+ 64 100
+ 65 1
+ 65 98
+ 65 100
x 66 58
+ 66 100
+ 67 1
x 67 60
+ 68 1
+ 68 100
+ 69 100
+ 70 1
x 70 61
+ 71 1
+ 71 100
x 72 62
+ 72 98
+ 72 100
+ 73 1
+ 73 100
+ 74 1
+ 75 21
x 75 63
+ 75 100
+ 76 1
x 76 64
+ 76 100
+ 77 100
+ 78 10
+ 78 16
+ 79 1
x 79 65
+ 79 100
+ 80 1
+ 80 4
+ 80 6
+ 80 98
+ 80 100
x 81 70
+ 81 93
+ 81 100
x 82 71
x 83 74
x 85 78
+ 85 100
+ 86 1
+ 86 9
+ 86 41
+ 86 97
+ 87 4
x 87 79
+ 89 36
+ 91 39
x 91 80
x 92 81
o 94 29
x 95 83
+ 96 59
x 96 91
+ 97 54
+ 97 56
+ 98 48
+ 98 52
x 98 96
+ 99 63
x 99 98
+ 100 67
Case #53: 298 198
+ 1 1
+ 1 100
+ 2 1
+ 2 100
+ 3 1
+ 3 100
+ 4 1
+ 4 100
+ 5 1
+ 5 100
+ 6 1
+ 6 100
+ 7 1
+ 7 100
+ 8 1
+ 8 100
+ 9 1
+ 9 100
+ 10 1
+ 10 100
+ 11 1
+ 11 100
+ 12 1
+ 12 100
+ 13 1
+ 13 100
+ 14 1
+ 14 100
o 15 1
+ 15 100
+ 16 1
+ 16 100
+ 17 1
+ 17 100
+ 18 1
+ 18 100
+ 19 1
+ 19 100
+ 20 1
+ 20 100
+ 21 1
+ 21 100
+ 22 1
+ 22 100
+ 23 1
+ 23 100
+ 24 1
+ 24 100
+ 25 1
+ 25 100
+ 26 1
+ 26 100
+ 27 1
o 27 100
+ 28 1
+ 28 100
+ 29 1
+ 29 100
+ 30 1
+ 30 100
+ 31 1
+ 31 100
+ 32 1
+ 32 100
+ 33 1
+ 33 100
+ 34 1
+ 34 100
+ 35 1
+ 35 100
+ 36 1
+ 36 100
+ 37 1
+ 37 100
+ 38 1
+ 38 100
+ 39 1
+ 39 100
+ 40 1
+ 40 100
+ 41 1
+ 41 100
+ 42 1
+ 42 100
+ 43 1
+ 43 100
+ 44 1
+ 44 100
+ 45 1
+ 45 100
+ 46 1
+ 46 100
+ 47 1
+ 47 100
+ 48 1
+ 48 100
+ 49 1
+ 49 100
+ 50 1
+ 50 100
+ 51 1
+ 51 100
+ 52 1
+ 52 100
+ 53 1
+ 53 100
+ 54 1
+ 54 100
+ 55 1
+ 55 100
+ 56 1
+ 56 100
+ 57 1
+ 57 100
+ 58 1
+ 58 100
+ 59 1
+ 59 100
+ 60 1
+ 60 100
+ 61 1
+ 61 100
+ 62 1
+ 62 100
+ 63 1
+ 63 100
+ 64 1
+ 64 100
+ 65 1
+ 65 100
+ 66 1
+ 66 100
+ 67 1
+ 67 100
+ 68 1
+ 68 100
+ 69 1
+ 69 100
+ 70 1
+ 70 100
+ 71 1
+ 71 100
+ 72 1
+ 72 100
+ 73 1
+ 73 100
+ 74 1
+ 74 100
+ 75 1
+ 75 100
+ 76 1
+ 76 100
+ 77 1
+ 77 100
+ 78 1
+ 78 100
+ 79 1
+ 79 100
+ 80 1
+ 80 100
+ 81 1
+ 81 100
+ 82 1
+ 82 100
+ 83 1
+ 83 100
+ 84 1
+ 84 100
+ 85 1
+ 85 100
+ 86 1
+ 86 100
+ 87 1
+ 87 100
+ 88 1
+ 88 100
+ 89 1
+ 89 100
+ 90 1
+ 90 100
+ 91 1
+ 91 100
+ 92 1
+ 92 100
+ 93 1
+ 93 100
+ 94 1
+ 94 100
+ 95 1
+ 95 100
+ 96 1
+ 96 100
+ 97 1
+ 97 100
+ 98 1
+ 98 100
+ 99 1
+ 99 100
Case #54: 61 33
o 1 4
+ 1 16
+ 1 22
x 2 6
+ 2 16
+ 3 1
+ 3 5
x 3 7
+ 3 8
+ 3 23
x 4 8
+ 4 21
+ 4 23
+ 6 1
x 7 9
+ 7 23
+ 8 1
x 10 10
+ 11 1
x 11 11
x 12 13
+ 12 22
+ 12 23
x 13 15
x 14 16
x 15 18
+ 15 22
+ 15 23
x 16 19
x 17 20
+ 18 22
x 21 22
+ 23 10
Case #55: 147 0
Case #56: 242 132
x 1 1
+ 1 71
+ 1 80
+ 1 82
+ 1 84
+ 1 88
+ 1 89
+ 1 92
+ 2 1
x 2 2
+ 2 48
+ 2 77
+ 3 1
+ 3 8
+ 3 92
x 4 6
+ 4 69
x 5 8
+ 5 12
+ 6 1
+ 6 20
+ 6 22
x 7 9
+ 7 27
+ 7 67
+ 7 92
+ 8 1
+ 8 90
+ 8 92
+ 9 1
x 9 12
+ 12 1
+ 14 1
+ 14 8
x 14 14
+ 15 1
x 15 15
+ 15 24
+ 15 92
+ 16 27
+ 17 1
+ 18 1
+ 18 39
+ 19 1
x 19 16
x 20 17
+ 20 92
+ 23 2
+ 23 90
+ 23 92
x 24 19
+ 24 90
+ 24 92
x 25 21
x 26 22
+ 27 91
+ 28 1
+ 28 3
+ 29 1
x 29 24
+ 29 92
x 30 25
+ 31 1
x 31 26
+ 31 92
+ 32 1
x 32 27
x 33 28
+ 34 1
x 34 30
+ 34 92
+ 35 1
+ 35 92
+ 36 1
x 36 31
+ 36 92
+ 37 1
x 39 32
+ 39 91
+ 39 92
+ 40 1
x 40 33
+ 40 89
+ 42 2
x 42 35
+ 44 1
+ 45 1
x 45 40
x 46 43
+ 46 90
+ 47 1
+ 48 1
+ 50 1
+ 51 92
+ 52 1
x 53 44
+ 54 1
x 54 45
+ 54 90
+ 54 92
+ 55 80
+ 55 82
+ 55 86
+ 55 92
x 56 46
+ 56 89
+ 57 1
+ 57 3
+ 60 90
+ 61 1
x 61 52
x 62 53
+ 62 86
x 63 54
x 64 55
+ 65 3
x 65 56
x 66 57
x 67 58
x 69 67
x 70 68
x 73 69
x 75 71
x 76 78
x 77 81
x 78 85
x 81 86
x 82 87
x 87 88
x 88 92
+ 90 52
+ 91 34
Case #57: 162 85
o 1 1
+ 1 5
+ 1 32
+ 1 36
+ 1 47
+ 1 55
+ 1 59
+ 1 61
+ 2 41
+ 2 43
+ 2 47
+ 2 49
+ 2 51
+ 2 55
+ 3 1
x 3 3
+ 3 11
+ 4 1
+ 4 13
x 5 4
+ 5 16
+ 5 18
+ 6 1
x 6 5
+ 6 61
+ 9 1
+ 9 19
+ 9 61
+ 10 1
x 10 6
+ 11 1
+ 12 1
+ 13 61
+ 14 1
+ 15 1
x 15 9
x 17 10
x 18 11
+ 18 60
+ 20 2
+ 21 5
x 21 16
+ 21 61
x 22 17
x 24 19
+ 24 61
x 25 20
+ 25 61
x 26 21
+ 27 60
+ 28 1
x 28 22
x 29 23
+ 30 1
x 30 24
+ 31 1
+ 31 3
+ 32 59
x 34 27
+ 34 60
+ 35 1
x 35 29
x 36 33
+ 37 1
+ 38 59
+ 39 2
x 40 35
+ 40 52
x 41 41
+ 41 55
+ 41 59
x 42 43
+ 42 61
x 44 44
+ 44 61
x 45 45
+ 46 1
x 46 47
x 48 48
x 51 49
x 54 50
x 56 53
+ 61 18
+ 61 20
x 61 56
Case #58: 263 144
+ 1 3
+ 1 6
+ 1 70
+ 1 79
+ 1 80
+ 1 82
+ 1 91
+ 1 93
+ 1 95
+ 1 96
+ 2 1
o 2 3
+ 2 51
+ 2 86
+ 2 91
+ 2 99
x 3 6
+ 3 11
+ 3 13
+ 3 14
+ 3 75
+ 3 79
+ 4 70
+ 4 75
+ 4 87
+ 5 17
+ 5 21
+ 5 22
+ 5 70
+ 6 70
+ 6 97
+ 6 99
+ 7 1
x 7 10
+ 7 39
+ 7 66
x 8 13
+ 8 42
+ 8 44
+ 9 1
x 9 16
+ 9 35
+ 9 77
+ 10 1
+ 11 1
x 12 17
+ 12 33
+ 12 97
+ 12 99
x 13 18
+ 13 36
+ 13 38
+ 14 1
x 15 22
x 16 23
+ 16 96
+ 17 1
x 17 27
x 18 29
+ 19 1
x 19 31
+ 20 1
x 20 32
+ 21 4
+ 22 1
+ 22 92
+ 23 1
+ 23 96
+ 23 97
x 24 35
+ 24 99
x 27 36
+ 27 89
x 28 37
+ 29 1
+ 30 4
+ 31 1
x 31 39
+ 32 1
+ 32 3
x 32 44
+ 33 94
+ 34 94
+ 35 8
x 35 45
+ 35 91
+ 35 98
x 36 46
x 37 47
x 38 51
+ 39 1
+ 39 2
+ 39 3
+ 40 97
+ 40 98
x 41 52
x 42 53
+ 44 97
+ 44 99
x 45 54
+ 46 1
x 46 55
x 47 58
x 48 61
x 49 63
+ 51 98
x 52 64
+ 54 1
+ 54 2
x 54 65
+ 54 94
+ 54 96
+ 54 97
x 55 67
+ 55 99
+ 57 98
x 59 68
+ 59 94
+ 60 1
x 61 70
+ 61 98
+ 62 1
+ 62 2
x 62 74
x 63 75
+ 64 1
+ 65 7
x 65 76
+ 67 3
x 68 77
+ 69 96
x 71 78
x 72 79
x 73 80
x 75 82
x 76 86
x 77 87
x 78 89
x 80 91
x 81 94
x 83 96
x 86 97
+ 95 40
+ 99 43
Case #59: 280 180
+ 1 2
+ 1 94
+ 1 100
x 2 1
+ 2 4
+ 2 98
+ 2 100
+ 3 1
+ 3 100
+ 4 1
x 4 2
+ 5 9
+ 5 11
+ 5 100
+ 6 14
+ 6 98
+ 6 100
+ 7 1
+ 7 2
x 7 3
+ 9 1
+ 9 98
+ 9 100
+ 10 98
+ 10 100
+ 12 1
+ 13 98
+ 13 100
+ 15 27
+ 15 99
+ 16 1
x 16 4
+ 17 1
+ 17 98
+ 17 100
x 18 6
+ 18 98
+ 18 100
+ 20 1
+ 21 1
+ 21 98
+ 21 100
+ 22 1
+ 22 5
x 22 7
+ 22 100
+ 23 1
+ 24 1
+ 25 1
+ 25 100
x 26 10
+ 26 98
+ 26 100
+ 27 1
x 27 12
+ 27 100
x 28 22
+ 30 1
+ 30 98
+ 30 99
+ 30 100
+ 31 1
x 32 23
+ 33 1
x 33 25
+ 33 98
+ 33 100
+ 34 98
+ 34 100
+ 35 1
+ 37 1
+ 37 98
+ 37 100
+ 38 98
+ 38 100
+ 39 1
x 39 28
o 41 31
+ 41 98
+ 41 100
+ 42 1
+ 42 3
+ 43 1
+ 43 99
x 44 37
x 45 38
+ 45 98
+ 45 100
+ 46 1
+ 46 2
+ 46 98
+ 46 100
x 47 40
+ 48 1
x 48 41
x 49 42
+ 49 98
+ 49 100
+ 50 98
+ 50 100
+ 51 1
+ 52 1
+ 52 15
+ 52 17
x 52 46
+ 53 20
x 53 49
+ 53 98
+ 53 100
+ 54 1
o 54 100
+ 55 1
+ 55 3
+ 56 1
+ 56 7
+ 56 100
+ 57 98
+ 57 100
+ 58 1
+ 59 99
+ 60 1
+ 61 98
+ 61 100
+ 62 98
+ 62 100
x 63 50
+ 64 1
x 65 51
+ 65 98
+ 65 100
+ 66 100
+ 67 1
x 67 52
+ 69 100
+ 70 1
+ 70 100
+ 71 100
x 73 56
+ 74 1
x 74 58
+ 74 98
+ 74 100
+ 75 1
x 75 59
+ 75 89
+ 75 100
+ 76 1
x 76 60
+ 76 92
+ 77 1
x 77 62
+ 77 100
x 79 63
+ 79 97
+ 79 99
+ 79 100
+ 80 1
+ 80 8
x 80 64
+ 81 3
+ 81 100
+ 82 1
x 82 69
+ 83 100
+ 84 14
x 85 70
+ 90 22
x 90 71
x 91 73
+ 92 28
x 94 76
x 96 83
x 97 95
+ 99 68
+ 99 86
+ 100 23
+ 100 40
+ 100 52
+ 100 73
x 100 98
Case #60: 75 40
+ 1 1
+ 1 2
+ 1 18
+ 1 23
+ 1 24
+ 1 27
+ 1 28
+ 2 20
x 3 1
+ 3 6
+ 3 18
+ 3 23
+ 4 1
x 4 2
+ 4 28
+ 6 1
x 6 6
+ 6 11
+ 7 1
+ 9 1
x 9 9
x 10 10
x 11 14
+ 13 1
+ 13 2
x 13 16
+ 14 27
+ 19 1
x 19 17
+ 19 28
x 20 19
x 21 20
x 22 21
+ 23 7
x 24 22
+ 25 21
x 25 25
+ 26 16
+ 28 9
x 28 27
Case #61: 145 80
o 1 1
+ 1 3
+ 1 5
+ 1 8
+ 1 39
+ 1 49
+ 1 50
+ 1 52
+ 1 54
+ 2 1
+ 2 3
+ 2 43
+ 2 46
x 3 2
+ 3 15
+ 5 23
+ 5 25
+ 5 29
+ 5 55
x 6 3
+ 6 43
+ 6 53
+ 7 1
+ 9 1
x 9 4
+ 9 55
+ 10 1
+ 10 55
+ 11 1
x 11 5
+ 11 50
+ 12 1
+ 12 55
+ 14 1
x 14 8
x 15 9
+ 16 1
x 16 12
x 17 14
+ 18 1
+ 19 1
+ 20 1
+ 20 55
+ 21 1
+ 22 1
x 22 15
x 23 16
+ 24 1
x 24 17
+ 24 54
+ 24 55
+ 26 1
x 26 23
x 27 24
+ 28 1
+ 28 55
x 29 27
x 30 29
+ 31 1
+ 31 2
x 31 30
x 32 33
x 33 34
+ 36 1
x 37 35
+ 38 1
+ 38 47
+ 38 55
+ 39 52
x 40 38
x 41 39
x 45 40
x 46 43
x 48 44
x 49 48
x 51 50
+ 54 15
+ 54 20
x 54 52
+ 55 22
Case #62: 169 0
Case #63: 7 6
o 1 1
+ 1 3
+ 2 1
x 2 2
+ 2 3
x 3 3
Case #64: 65 36
+ 1 1
+ 1 7
+ 1 9
+ 1 16
+ 1 21
o 2 1
+ 2 5
+ 2 21
+ 2 25
x 3 5
+ 3 25
x 4 6
+ 4 20
+ 4 25
+ 5 1
x 5 9
+ 6 24
x 7 10
x 8 13
+ 8 25
+ 10 1
+ 10 21
+ 11 23
+ 11 24
+ 12 1
x 12 16
+ 13 1
x 15 18
+ 15 25
+ 17 24
+ 18 3
x 18 19
x 20 20
x 23 21
+ 24 8
x 25 24
Case #65: 293 193
+ 1 98
+ 2 1
+ 2 98
+ 2 100
+ 3 1
+ 4 1
+ 5 6
+ 5 98
+ 5 100
+ 6 1
+ 6 9
+ 6 98
+ 6 100
+ 7 1
+ 8 1
+ 9 1
+ 9 98
+ 9 100
+ 10 100
+ 11 1
+ 12 1
+ 12 100
+ 13 1
x 13 8
+ 13 98
+ 13 100
+ 14 100
+ 15 1
+ 16 100
+ 17 1
+ 17 98
+ 17 100
+ 18 1
+ 18 100
+ 19 1
+ 20 1
+ 20 100
+ 21 1
x 21 17
+ 21 100
+ 22 1
+ 22 18
+ 22 100
+ 23 1
+ 24 1
+ 24 100
+ 25 1
x 25 36
+ 25 98
+ 25 100
+ 26 1
+ 26 100
+ 27 1
+ 29 1
+ 29 98
+ 29 100
+ 30 1
+ 30 98
+ 30 100
+ 31 1
+ 32 1
+ 32 5
+ 33 1
+ 33 98
+ 33 100
+ 34 1
+ 34 98
+ 34 100
+ 35 1
x 36 37
+ 37 1
+ 37 98
+ 37 100
+ 38 1
+ 38 98
+ 38 100
+ 40 1
o 41 1
+ 41 98
+ 41 100
+ 42 1
+ 42 98
+ 42 100
+ 43 1
+ 45 1
+ 45 2
+ 45 98
+ 45 100
+ 46 98
+ 46 100
+ 47 1
+ 48 1
+ 49 1
+ 49 98
+ 49 100
+ 50 1
+ 50 98
+ 50 100
+ 51 1
+ 52 1
x 52 56
+ 53 1
+ 53 98
+ 53 100
+ 54 1
+ 54 98
+ 54 100
+ 55 1
+ 56 1
x 56 63
+ 57 1
+ 57 98
+ 57 100
+ 58 1
x 58 64
+ 58 98
+ 58 100
+ 59 1
+ 60 1
+ 61 1
+ 61 98
+ 61 100
+ 62 1
+ 62 98
+ 62 100
+ 63 1
+ 64 1
+ 65 1
+ 65 98
+ 65 100
+ 66 1
+ 66 98
+ 66 100
+ 67 1
+ 68 1
+ 69 1
+ 69 98
+ 69 100
+ 70 98
+ 70 100
+ 71 1
+ 72 1
+ 73 1
+ 73 98
+ 73 100
+ 74 1
+ 74 98
+ 74 100
+ 75 1
+ 77 1
+ 77 98
+ 77 100
+ 78 1
+ 78 98
+ 78 100
x 79 72
+ 80 1
+ 81 1
+ 81 3
+ 81 98
+ 81 100
+ 82 1
+ 82 98
+ 82 100
+ 84 1
+ 85 1
x 85 95
+ 85 100
+ 86 1
+ 86 11
+ 86 98
+ 86 100
+ 87 1
+ 87 100
+ 88 1
+ 89 1
+ 90 1
+ 90 98
+ 90 99
+ 90 100
+ 92 1
+ 93 1
x 93 97
+ 93 98
+ 93 100
+ 94 1
+ 94 25
+ 94 100
+ 95 97
+ 96 2
x 98 98
+ 99 9
+ 99 84
Case #66: 266 172
o 1 1
x 2 2
+ 2 100
x 3 3
+ 3 100
x 4 4
+ 4 100
x 5 5
+ 5 100
x 6 6
+ 6 100
x 7 7
+ 7 100
x 8 8
+ 8 100
x 9 9
+ 9 100
x 10 10
+ 10 100
x 11 11
+ 11 100
x 12 12
+ 12 100
x 13 13
+ 13 100
x 14 14
x 15 15
+ 15 100
x 16 16
+ 16 98
+ 16 100
x 17 17
+ 17 100
x 18 18
x 19 19
+ 19 100
x 20 20
+ 20 98
+ 20 100
x 21 21
x 22 22
+ 22 99
x 23 23
x 24 24
+ 24 98
+ 24 100
x 25 25
+ 25 98
+ 25 100
x 26 26
x 27 27
x 28 28
+ 28 98
+ 28 100
x 29 29
x 30 30
x 31 31
x 32 32
x 33 33
+ 33 98
+ 33 99
+ 33 100
x 34 34
x 35 35
x 36 36
+ 36 98
+ 36 100
x 37 37
x 38 38
+ 38 99
x 39 39
x 40 40
+ 40 98
+ 40 100
x 41 41
+ 41 100
x 42 42
x 43 43
+ 43 100
x 44 44
+ 44 98
+ 44 100
x 45 45
+ 45 100
x 46 46
x 47 47
x 48 48
x 49 49
x 50 50
+ 50 99
x 51 51
x 52 52
x 53 53
x 54 54
x 55 55
+ 55 100
x 56 56
x 57 57
+ 57 99
x 58 58
+ 58 99
x 59 59
x 60 60
x 61 61
+ 61 100
x 62 62
x 63 63
x 64 64
x 65 65
x 66 66
x 67 67
x 68 68
+ 68 100
x 69 69
+ 69 100
x 70 70
+ 70 96
x 71 71
+ 71 93
x 72 72
+ 72 90
x 73 73
+ 73 100
x 74 74
x 75 75
x 76 76
x 77 77
+ 77 100
x 78 78
x 79 79
x 80 80
x 81 81
x 82 82
x 83 83
x 84 84
x 85 85
x 86 86
x 87 87
x 88 88
+ 89 71
x 89 89
x 90 90
x 91 91
x 92 92
+ 93 37
+ 93 65
x 93 93
x 94 94
x 95 95
+ 96 31
+ 96 33
x 96 96
+ 97 70
+ 97 74
+ 97 78
x 97 97
+ 98 37
x 98 98
+ 99 40
+ 99 48
+ 99 51
+ 99 53
+ 99 55
x 99 99
+ 100 46
+ 100 48
+ 100 51
+ 100 53
+ 100 59
+ 100 63
+ 100 65
x 100 100
Case #67: 295 294
o 1 1
+ 1 97
+ 1 99
+ 2 1
x 2 2
+ 2 99
+ 3 1
x 3 3
+ 4 1
x 4 4
+ 4 99
+ 5 1
x 5 5
+ 5 99
+ 6 1
x 6 6
+ 6 99
+ 7 1
x 7 7
+ 7 99
+ 8 1
x 8 8
+ 8 99
+ 9 1
x 9 9
+ 9 99
+ 10 1
x 10 10
+ 10 99
+ 11 1
x 11 11
+ 11 99
+ 12 1
x 12 12
+ 12 99
+ 13 1
x 13 13
+ 13 99
+ 14 1
x 14 14
+ 14 99
+ 15 1
x 15 15
+ 15 99
+ 16 1
x 16 16
+ 16 99
+ 17 1
x 17 17
+ 17 99
+ 18 1
x 18 18
+ 18 99
+ 19 1
x 19 19
+ 19 99
+ 20 1
x 20 20
+ 20 99
+ 21 1
x 21 21
+ 21 99
+ 22 1
x 22 22
+ 22 99
+ 23 1
x 23 23
+ 23 99
+ 24 1
x 24 24
+ 24 99
+ 25 1
x 25 25
+ 25 99
+ 26 1
x 26 26
+ 26 99
+ 27 1
x 27 27
+ 27 99
+ 28 1
x 28 28
+ 28 99
+ 29 1
x 29 29
+ 29 99
+ 30 1
x 30 30
+ 30 99
+ 31 1
x 31 31
+ 31 99
+ 32 1
x 32 32
+ 32 99
+ 33 1
x 33 33
+ 33 99
+ 34 1
x 34 34
+ 34 99
+ 35 1
x 35 35
+ 35 99
+ 36 1
x 36 36
+ 36 99
+ 37 1
x 37 37
+ 37 99
+ 38 1
x 38 38
+ 38 99
+ 39 1
x 39 39
+ 39 99
+ 40 1
x 40 40
+ 40 99
+ 41 1
x 41 41
+ 41 99
+ 42 1
x 42 42
+ 42 99
+ 43 1
x 43 43
+ 43 99
+ 44 1
x 44 44
+ 44 99
+ 45 1
x 45 45
+ 45 99
+ 46 1
x 46 46
+ 46 99
+ 47 1
x 47 47
+ 47 99
+ 48 1
x 48 48
+ 48 99
+ 49 1
x 49 49
+ 49 99
+ 50 1
x 50 50
+ 50 99
+ 51 1
x 51 51
+ 51 99
+ 52 1
x 52 52
+ 52 99
+ 53 1
x 53 53
+ 53 99
+ 54 1
x 54 54
+ 54 99
+ 55 1
x 55 55
+ 55 99
+ 56 1
x 56 56
+ 56 99
+ 57 1
x 57 57
+ 57 99
+ 58 1
x 58 58
+ 58 99
+ 59 1
x 59 59
+ 59 99
+ 60 1
x 60 60
+ 60 99
+ 61 1
x 61 61
+ 61 99
+ 62 1
x 62 62
+ 62 99
+ 63 1
x 63 63
+ 63 99
+ 64 1
x 64 64
+ 64 99
+ 65 1
x 65 65
+ 65 99
+ 66 1
x 66 66
+ 66 99
+ 67 1
x 67 67
+ 67 99
+ 68 1
x 68 68
+ 68 99
+ 69 1
x 69 69
+ 69 99
+ 70 1
x 70 70
+ 70 99
+ 71 1
x 71 71
+ 71 99
+ 72 1
x 72 72
+ 72 99
+ 73 1
x 73 73
+ 73 99
+ 74 1
x 74 74
+ 74 99
+ 75 1
x 75 75
+ 75 99
+ 76 1
x 76 76
+ 76 99
+ 77 1
x 77 77
+ 77 99
+ 78 1
x 78 78
+ 78 99
+ 79 1
x 79 79
+ 79 99
+ 80 1
x 80 80
+ 80 99
+ 81 1
x 81 81
+ 81 99
+ 82 1
x 82 82
+ 82 99
+ 83 1
x 83 83
+ 83 99
+ 84 1
x 84 84
+ 84 99
+ 85 1
x 85 85
+ 85 99
+ 86 1
x 86 86
+ 86 99
+ 87 1
x 87 87
+ 87 99
+ 88 1
x 88 88
+ 88 99
+ 89 1
x 89 89
+ 89 99
+ 90 1
x 90 90
+ 90 99
+ 91 1
x 91 91
+ 91 99
+ 92 1
x 92 92
+ 92 99
+ 93 1
x 93 93
+ 93 99
+ 94 1
x 94 94
+ 94 99
+ 95 1
x 95 95
+ 95 99
+ 96 1
x 96 96
+ 96 99
x 97 97
+ 97 99
+ 98 1
x 98 98
+ 98 99
+ 99 3
x 99 99
Case #68: 291 225
+ 1 99
+ 1 100
+ 2 97
o 3 1
+ 3 100
+ 4 1
x 4 3
+ 4 98
+ 4 100
+ 6 1
x 6 6
+ 7 1
x 7 7
+ 7 98
+ 7 100
+ 8 1
x 8 9
+ 8 98
+ 8 100
+ 9 1
x 9 10
+ 11 2
x 11 13
+ 11 98
+ 11 100
+ 12 98
+ 12 100
+ 13 1
+ 14 1
x 14 15
+ 15 1
x 15 18
+ 15 98
+ 15 100
+ 16 1
x 16 19
+ 16 98
+ 16 100
+ 17 16
x 17 21
+ 18 1
+ 18 2
x 18 23
x 19 24
+ 19 98
+ 19 100
+ 20 1
x 20 25
+ 20 98
+ 20 100
+ 21 1
x 21 26
+ 22 1
x 22 27
+ 23 1
x 23 28
+ 23 98
+ 23 100
+ 24 1
+ 24 98
+ 24 100
+ 25 1
x 25 29
+ 26 1
x 26 30
+ 27 1
+ 27 23
x 27 32
+ 27 98
+ 27 100
+ 28 1
x 28 34
+ 28 98
+ 28 100
+ 29 1
+ 30 1
+ 31 1
x 31 35
+ 31 98
+ 31 100
+ 32 98
+ 32 100
x 34 41
+ 35 1
+ 35 98
+ 35 100
+ 36 1
x 36 42
+ 37 1
+ 37 5
+ 37 99
x 38 44
+ 39 1
+ 39 2
+ 39 98
+ 39 100
+ 40 98
+ 40 100
+ 42 1
x 42 49
+ 43 1
+ 43 100
+ 44 1
x 44 51
+ 44 98
+ 44 100
+ 45 1
+ 45 100
+ 47 1
+ 47 100
+ 48 1
+ 48 100
+ 49 100
+ 50 1
+ 50 5
x 50 52
+ 50 100
+ 51 1
+ 51 100
+ 52 1
x 52 54
+ 52 100
x 54 55
+ 54 100
+ 55 1
+ 55 98
+ 55 100
+ 56 1
x 56 56
+ 56 100
+ 57 1
+ 58 1
x 58 57
+ 58 100
+ 59 98
+ 59 100
+ 60 100
+ 61 1
+ 62 1
x 62 58
+ 62 100
+ 63 1
x 63 59
+ 63 98
+ 63 100
+ 64 100
+ 65 1
x 65 60
+ 66 100
x 67 61
+ 67 100
+ 68 1
x 68 64
+ 68 100
+ 69 1
x 69 66
+ 69 100
+ 70 1
x 70 67
+ 70 100
+ 71 1
+ 72 1
x 72 71
+ 72 99
+ 73 1
+ 73 99
+ 74 1
x 74 72
+ 75 1
+ 75 98
+ 75 100
+ 76 1
+ 76 98
+ 76 100
+ 77 1
+ 78 1
x 78 74
+ 79 14
+ 79 16
+ 79 98
+ 79 100
+ 80 1
+ 80 98
+ 80 100
+ 81 1
x 81 80
+ 82 1
+ 82 16
+ 83 1
+ 83 98
+ 83 100
+ 84 1
+ 84 98
+ 84 100
+ 85 1
x 85 81
+ 86 1
+ 87 1
+ 87 9
+ 87 98
+ 87 100
+ 88 1
+ 88 98
+ 88 100
+ 89 1
x 89 82
+ 90 1
+ 91 1
x 91 88
x 92 89
+ 92 100
+ 93 1
+ 93 96
+ 93 97
+ 93 98
x 94 90
x 95 91
+ 96 38
x 96 92
x 97 95
+ 99 47
+ 99 66
x 99 98
+ 100 41
x 100 100
Case #69: 215 120
+ 1 3
+ 1 5
+ 1 7
+ 1 41
+ 1 61
+ 1 63
+ 1 66
+ 1 69
+ 1 72
+ 1 74
+ 1 76
+ 1 78
+ 1 80
+ 2 1
x 2 2
+ 2 10
+ 2 12
+ 2 14
+ 2 58
+ 2 78
+ 3 54
+ 3 60
+ 3 81
+ 4 11
+ 4 22
+ 5 19
+ 5 28
+ 5 66
+ 6 1
+ 6 17
+ 6 21
+ 6 23
+ 6 25
+ 6 28
x 7 6
+ 7 51
+ 8 1
+ 9 1
x 9 7
+ 9 78
+ 9 81
+ 10 1
x 10 8
x 11 9
+ 11 78
+ 12 1
x 12 11
+ 12 53
x 14 12
+ 15 81
+ 16 1
x 16 13
+ 16 79
+ 17 1
x 17 14
+ 18 1
+ 19 1
x 19 16
+ 20 1
+ 21 1
x 21 18
x 22 19
x 23 20
+ 23 77
+ 24 1
x 24 21
x 26 22
+ 28 2
x 28 23
+ 28 73
+ 28 80
x 30 24
+ 30 77
+ 31 1
x 31 25
+ 31 80
x 35 26
+ 35 81
+ 37 1
+ 37 2
x 37 27
+ 39 1
x 39 30
x 40 33
+ 44 1
+ 45 79
+ 46 1
x 46 34
+ 46 79
+ 46 81
x 47 35
x 49 36
+ 49 81
+ 50 1
x 51 38
+ 51 75
+ 51 80
+ 52 1
+ 52 4
x 52 39
+ 52 77
+ 53 1
x 58 46
x 59 47
x 61 49
x 62 58
x 63 59
x 64 61
x 65 65
x 67 66
x 72 68
x 73 71
x 74 74
x 76 75
+ 77 33
x 78 76
x 79 79
+ 80 34
+ 80 39
+ 81 42
Case #70: 265 170
o 1 1
x 2 2
+ 2 100
x 3 3
+ 3 100
x 4 4
+ 4 100
x 5 5
+ 5 100
x 6 6
+ 6 100
x 7 7
x 8 8
+ 8 100
x 9 9
+ 9 98
+ 9 100
x 10 10
+ 10 100
x 11 11
x 12 12
+ 12 100
x 13 13
+ 13 98
+ 13 100
x 14 14
+ 14 100
x 15 15
x 16 16
+ 16 100
x 17 17
x 18 18
+ 18 99
+ 18 100
x 19 19
x 20 20
+ 20 100
x 21 21
+ 21 98
+ 21 100
x 22 22
+ 22 100
x 23 23
x 24 24
+ 24 100
x 25 25
+ 25 98
+ 25 100
x 26 26
+ 26 100
x 27 27
x 28 28
+ 28 100
x 29 29
+ 29 100
x 30 30
x 31 31
x 32 32
x 33 33
+ 33 98
+ 33 99
+ 33 100
x 34 34
x 35 35
x 36 36
+ 36 98
+ 36 100
x 37 37
+ 37 98
+ 37 100
x 38 38
x 39 39
x 40 40
x 41 41
+ 41 98
+ 41 99
+ 41 100
x 42 42
x 43 43
x 44 44
+ 44 98
+ 44 100
x 45 45
+ 45 100
x 46 46
x 47 47
x 48 48
+ 48 98
+ 48 100
x 49 49
x 50 50
x 51 51
x 52 52
+ 52 100
x 53 53
+ 53 98
+ 53 100
x 54 54
x 55 55
x 56 56
x 57 57
+ 57 99
x 58 58
x 59 59
+ 59 100
x 60 60
+ 60 98
+ 60 100
x 61 61
x 62 62
x 63 63
x 64 64
x 65 65
x 66 66
x 67 67
x 68 68
x 69 69
x 70 70
x 71 71
x 72 72
x 73 73
x 74 74
x 75 75
x 76 76
x 77 77
x 78 78
+ 78 91
x 79 79
x 80 80
x 81 81
x 82 82
x 83 83
x 84 84
x 85 85
x 86 86
x 87 87
+ 88 27
x 88 88
+ 89 41
x 89 89
x 90 90
x 91 91
+ 92 46
+ 92 75
x 92 92
+ 93 34
x 93 93
+ 94 71
x 94 94
+ 95 68
x 95 95
x 96 96
+ 97 53
x 97 97
+ 98 45
+ 98 49
+ 98 51
+ 98 56
x 98 98
+ 99 67
+ 99 69
+ 99 71
+ 99 73
x 99 99
+ 100 55
+ 100 57
+ 100 61
+ 100 62
+ 100 64
x 100 100
Case #71: 289 241
x 1 3
+ 1 6
+ 1 100
x 2 5
+ 2 97
+ 2 98
+ 2 100
+ 3 1
x 3 7
+ 3 100
+ 4 1
x 4 8
+ 5 1
+ 6 8
+ 6 98
+ 6 100
+ 7 1
x 7 9
+ 7 98
+ 7 100
+ 9 1
x 9 10
+ 10 1
x 10 12
+ 10 98
+ 10 100
+ 11 1
x 11 13
+ 11 98
+ 11 100
+ 12 1
+ 12 5
x 12 14
x 13 15
+ 14 1
x 14 16
+ 14 98
+ 14 100
o 15 1
+ 15 98
+ 15 100
x 16 19
+ 17 1
x 17 21
+ 18 1
x 18 22
+ 18 98
+ 18 100
+ 19 1
x 19 23
+ 19 98
+ 19 100
+ 20 1
x 20 24
x 21 25
x 22 26
+ 22 98
+ 22 100
+ 23 1
x 23 27
+ 23 98
+ 23 100
+ 25 1
x 25 28
+ 26 1
x 26 30
+ 26 98
+ 26 100
+ 27 1
x 27 31
+ 27 98
+ 27 100
+ 28 1
x 28 32
+ 29 1
+ 30 1
+ 30 98
+ 30 100
x 31 33
+ 31 98
+ 31 100
x 32 35
+ 33 1
x 33 36
+ 34 1
x 34 37
+ 34 98
+ 34 100
+ 35 1
x 35 38
+ 35 98
+ 35 100
+ 36 1
+ 36 6
x 36 39
+ 37 1
x 37 40
+ 38 1
x 38 42
+ 38 98
+ 38 100
+ 39 1
+ 39 98
+ 39 100
+ 40 1
x 40 43
x 41 45
+ 42 1
+ 42 98
+ 42 100
+ 43 1
x 43 46
+ 43 98
+ 43 100
x 44 47
+ 45 1
+ 46 1
x 46 48
+ 46 98
+ 46 100
+ 47 1
x 47 49
+ 47 98
+ 47 100
x 48 50
+ 49 1
x 49 51
+ 50 1
x 50 53
+ 50 98
+ 50 100
+ 51 1
x 51 55
+ 52 1
+ 52 99
+ 53 1
+ 54 1
x 54 56
+ 54 98
+ 54 100
+ 55 1
+ 55 98
+ 55 100
+ 56 1
x 56 57
+ 57 1
x 57 58
+ 58 98
+ 58 100
+ 59 1
x 59 59
+ 60 1
x 60 60
+ 60 99
+ 61 1
x 61 63
+ 62 98
+ 62 100
+ 63 1
+ 63 98
+ 63 100
+ 64 1
+ 65 1
x 65 64
+ 66 1
+ 66 5
x 66 65
+ 66 98
+ 66 100
+ 67 1
x 67 66
+ 67 98
+ 67 100
+ 68 1
+ 69 1
x 69 72
+ 70 27
+ 70 98
+ 70 100
+ 71 1
+ 71 24
x 71 73
+ 71 98
+ 71 100
x 72 77
+ 73 1
x 73 78
+ 74 1
+ 74 17
+ 74 98
+ 74 100
+ 75 1
+ 75 98
+ 75 100
+ 77 1
x 77 79
+ 78 1
x 78 80
+ 78 98
+ 78 100
+ 79 1
x 79 81
+ 79 100
x 80 83
+ 81 1
x 81 84
+ 81 100
+ 82 1
+ 82 7
x 82 85
+ 83 1
+ 83 4
+ 83 99
o 83 100
+ 84 1
+ 85 1
x 85 87
x 86 88
+ 86 98
+ 86 100
x 88 90
+ 89 1
+ 89 96
+ 89 98
+ 90 59
+ 90 67
x 90 92
+ 90 98
+ 90 100
+ 91 1
x 91 94
+ 92 6
x 92 97
+ 93 1
+ 94 98
+ 94 100
+ 95 1
x 95 98
+ 99 78
+ 100 80
x 100 99
Case #72: 97 0
Case #73: 298 0
Case #74: 282 233
o 1 1
+ 1 10
+ 1 95
+ 1 100
x 2 2
+ 2 97
+ 2 100
x 3 3
+ 3 100
+ 4 1
x 4 4
+ 4 100
x 5 5
x 6 6
x 7 7
+ 7 98
+ 7 100
+ 8 1
x 8 8
+ 8 98
+ 8 100
+ 9 1
x 9 9
x 10 10
x 11 11
+ 11 98
+ 11 100
+ 12 1
x 12 12
+ 12 98
+ 12 100
+ 13 1
x 13 13
x 14 14
x 15 15
+ 15 98
+ 15 100
+ 16 1
x 16 16
+ 16 98
+ 16 100
x 17 17
x 18 18
x 19 19
+ 19 98
+ 19 100
x 20 20
+ 20 98
+ 20 100
x 21 21
x 22 22
x 23 23
+ 23 98
+ 23 100
+ 24 1
x 24 24
+ 24 98
+ 24 100
x 25 25
+ 26 2
x 26 26
x 27 27
+ 27 98
+ 27 100
x 28 28
+ 28 98
+ 28 100
+ 29 1
+ 29 2
x 29 29
x 30 30
+ 31 6
x 31 31
+ 31 98
+ 31 100
+ 32 1
x 32 32
x 33 33
+ 33 99
+ 34 1
x 34 34
+ 35 1
x 35 35
+ 35 98
+ 35 100
x 36 36
+ 36 98
+ 36 100
x 37 37
x 38 38
+ 39 1
x 39 39
+ 39 98
+ 39 100
+ 40 4
x 40 40
+ 40 98
+ 40 100
x 41 41
+ 42 1
+ 42 3
+ 42 5
x 42 42
x 43 43
x 44 44
+ 44 98
+ 44 99
+ 44 100
x 45 45
+ 46 2
x 46 46
x 47 47
+ 47 98
+ 47 100
x 48 48
+ 48 100
+ 49 1
x 49 49
x 50 50
+ 50 100
+ 51 1
x 51 51
x 52 52
+ 52 99
+ 52 100
+ 53 2
x 53 53
x 54 54
x 55 55
+ 55 98
+ 55 100
+ 56 1
x 56 56
+ 56 98
+ 56 100
x 57 57
+ 58 1
x 58 58
x 59 59
x 60 60
+ 60 98
+ 60 99
+ 60 100
+ 61 1
x 61 61
+ 62 1
x 62 62
x 63 63
+ 63 98
+ 63 100
x 64 64
+ 64 98
+ 64 100
+ 65 1
x 65 65
+ 66 1
x 66 66
x 67 67
+ 67 98
+ 67 100
x 68 68
+ 68 98
+ 68 100
+ 69 1
+ 69 3
x 69 69
+ 70 1
x 70 70
x 71 71
+ 71 100
x 72 72
+ 72 100
x 73 73
x 74 74
+ 74 100
x 75 75
+ 76 1
+ 76 18
x 76 76
+ 76 99
+ 76 100
+ 77 1
+ 77 15
x 77 77
x 78 78
x 79 79
+ 79 98
+ 79 100
x 80 80
+ 81 1
+ 81 3
+ 81 7
+ 81 9
x 81 81
x 82 82
x 83 83
+ 83 98
+ 83 100
+ 84 1
+ 84 3
+ 84 5
x 84 84
+ 84 100
x 85 85
x 86 86
+ 87 10
x 87 87
+ 87 98
+ 87 100
x 88 88
+ 89 68
x 89 89
x 90 90
x 91 91
x 92 92
+ 93 37
x 93 93
+ 94 75
x 94 94
+ 95 78
x 95 95
x 96 96
x 97 97
+ 98 51
x 98 98
x 99 99
+ 100 41
+ 100 46
+ 100 70
+ 100 78
+ 100 80
+ 100 82
x 100 100
Case #75: 279 231
o 1 1
+ 1 3
+ 1 5
+ 1 97
+ 1 100
x 2 2
+ 2 97
+ 2 100
x 3 3
+ 3 11
+ 3 100
x 4 4
x 5 5
x 6 6
+ 6 98
+ 6 100
x 7 7
+ 7 98
+ 7 100
x 8 8
+ 9 1
x 9 9
x 10 10
+ 10 98
+ 10 100
x 11 11
+ 11 98
+ 11 100
x 12 12
+ 13 2
x 13 13
x 14 14
+ 14 98
+ 14 100
x 15 15
+ 15 98
+ 15 100
x 16 16
x 17 17
x 18 18
+ 18 98
+ 18 100
x 19 19
+ 19 98
+ 19 100
+ 20 1
+ 20 2
+ 20 4
x 20 20
x 21 21
x 22 22
+ 22 98
+ 22 100
x 23 23
+ 23 98
+ 23 100
+ 24 1
x 24 24
x 25 25
x 26 26
+ 26 98
+ 26 100
+ 27 1
x 27 27
+ 27 100
+ 28 1
x 28 28
x 29 29
x 30 30
+ 30 98
+ 30 100
+ 31 1
x 31 31
+ 31 100
+ 32 3
x 32 32
+ 33 1
x 33 33
x 34 34
+ 34 98
+ 34 100
+ 35 1
x 35 35
+ 35 98
+ 35 100
+ 36 1
x 36 36
x 37 37
+ 38 1
x 38 38
+ 38 98
+ 38 100
+ 39 1
x 39 39
+ 39 100
+ 40 1
x 40 40
x 41 41
x 42 42
+ 42 98
+ 42 100
+ 43 1
x 43 43
+ 43 98
+ 43 100
+ 44 1
x 44 44
x 45 45
x 46 46
+ 46 98
+ 46 100
x 47 47
+ 47 100
x 48 48
x 49 49
+ 50 1
x 50 50
+ 50 98
+ 50 100
+ 51 1
x 51 51
+ 52 1
+ 52 4
x 52 52
+ 52 99
+ 53 1
x 53 53
x 54 54
+ 54 98
+ 54 100
x 55 55
+ 55 98
+ 55 100
x 56 56
x 57 57
x 58 58
+ 58 98
+ 58 100
+ 59 1
x 59 59
+ 59 100
x 60 60
x 61 61
+ 62 1
x 62 62
+ 62 98
+ 62 100
+ 63 1
x 63 63
+ 63 98
+ 63 100
+ 64 1
x 64 64
x 65 65
x 66 66
+ 67 1
x 67 67
+ 68 1
x 68 68
+ 68 99
+ 69 1
+ 69 25
x 69 69
x 70 70
+ 71 1
x 71 71
+ 71 98
+ 71 99
+ 71 100
x 72 72
+ 73 1
+ 73 13
x 73 73
+ 74 10
+ 74 18
x 74 74
+ 74 98
+ 74 100
+ 75 1
x 75 75
+ 75 98
+ 75 100
x 76 76
+ 77 1
x 77 77
+ 78 7
+ 78 9
x 78 78
+ 78 100
+ 79 2
+ 79 4
x 79 79
+ 79 98
+ 79 100
+ 80 2
x 80 80
x 81 81
x 82 82
+ 82 100
x 83 83
x 84 84
+ 84 96
x 85 85
x 86 86
x 87 87
x 88 88
x 89 89
x 90 90
+ 91 66
x 91 91
+ 92 33
x 92 92
+ 93 36
+ 93 72
x 93 93
x 94 94
+ 95 54
+ 95 81
+ 95 88
x 95 95
+ 96 41
+ 96 72
x 96 96
+ 97 69
x 97 97
x 98 98
+ 99 46
+ 99 82
x 99 99
+ 100 64
x 100 100
Case #76: 298 233
x 1 3
+ 1 100
+ 2 1
x 2 6
+ 2 100
+ 3 1
+ 3 100
+ 4 1
+ 4 100
+ 5 1
+ 5 100
+ 6 1
+ 6 100
+ 7 1
o 7 100
+ 8 1
x 8 7
+ 8 100
+ 9 1
+ 9 100
+ 10 1
x 10 11
+ 10 100
+ 11 1
+ 11 100
+ 12 1
x 12 13
+ 12 100
+ 13 1
x 13 16
+ 13 100
+ 14 1
+ 14 100
+ 15 1
x 15 18
+ 15 100
+ 16 1
+ 16 100
+ 17 1
+ 17 100
+ 18 1
x 18 21
+ 18 100
+ 19 1
+ 19 100
+ 20 1
x 20 24
+ 20 100
+ 21 1
+ 21 100
+ 22 1
+ 22 100
+ 23 1
+ 23 100
+ 24 1
x 24 27
+ 24 100
+ 25 1
+ 25 100
+ 26 1
+ 26 100
+ 27 1
+ 27 100
+ 28 1
x 28 33
+ 28 100
+ 29 1
+ 29 100
+ 30 1
+ 30 100
+ 31 1
x 31 35
+ 31 100
+ 32 1
+ 32 100
+ 33 1
x 33 45
+ 33 100
+ 34 1
+ 34 100
+ 35 1
x 35 47
+ 35 100
+ 36 1
+ 36 100
+ 37 1
+ 37 100
+ 38 1
+ 38 100
+ 39 1
x 39 49
+ 39 100
+ 40 1
x 40 52
+ 40 100
+ 41 1
+ 41 100
+ 42 1
+ 42 100
+ 43 1
+ 43 100
+ 44 1
x 44 56
+ 44 100
+ 45 1
+ 45 100
+ 46 1
+ 46 100
+ 47 1
+ 47 100
+ 48 1
+ 48 100
+ 49 1
+ 49 100
+ 50 1
x 50 61
+ 50 100
+ 51 1
+ 51 100
+ 52 1
+ 52 100
+ 53 1
+ 53 100
+ 54 1
x 54 62
+ 54 100
+ 55 1
x 55 63
+ 55 100
+ 56 1
x 56 65
+ 56 100
+ 57 1
+ 57 100
+ 58 1
+ 58 100
+ 59 1
+ 59 100
+ 60 1
+ 60 100
+ 61 1
+ 61 100
+ 62 1
x 62 67
+ 62 100
+ 63 1
+ 63 100
+ 64 1
+ 64 100
+ 65 1
+ 65 100
o 66 1
+ 66 100
+ 67 1
+ 67 100
+ 68 1
+ 68 100
+ 69 1
+ 69 100
+ 70 1
x 70 72
+ 70 100
+ 71 1
+ 71 100
+ 72 1
+ 72 100
+ 73 1
x 73 73
+ 73 100
+ 74 1
x 74 75
+ 74 100
+ 75 1
x 75 76
+ 75 100
+ 76 1
+ 76 100
+ 77 1
+ 77 100
+ 78 1
+ 78 100
+ 79 1
x 79 79
+ 79 100
+ 80 1
+ 80 100
+ 81 1
+ 81 100
+ 82 1
+ 82 100
+ 83 1
x 83 80
+ 83 100
+ 84 1
x 84 81
+ 84 100
+ 85 1
+ 85 100
+ 86 1
+ 86 100
+ 87 1
x 87 83
+ 87 100
+ 88 1
x 88 86
+ 88 100
+ 89 1
+ 89 100
+ 90 1
x 90 90
+ 90 100
+ 91 1
x 91 91
+ 91 100
+ 92 1
+ 92 100
+ 93 1
+ 93 100
+ 94 1
+ 94 100
+ 95 1
x 95 94
+ 95 100
+ 96 1
+ 96 100
+ 97 1
x 97 98
+ 97 100
+ 98 1
+ 98 100
+ 99 1
+ 99 100
x 100 99
Case #77: 195 107
o 1 1
+ 1 3
+ 1 34
+ 1 40
+ 1 61
+ 1 66
+ 1 67
+ 2 1
+ 2 3
x 2 4
+ 2 8
+ 2 11
+ 2 13
+ 2 51
+ 3 19
+ 3 56
+ 3 73
+ 4 12
+ 4 16
+ 4 22
+ 4 56
+ 4 73
+ 5 1
x 5 5
+ 5 52
+ 5 73
+ 6 1
x 6 6
+ 6 23
+ 7 1
x 7 9
+ 7 58
x 8 12
+ 10 1
+ 10 69
+ 10 71
x 11 14
+ 11 73
+ 13 1
x 14 15
+ 15 72
+ 15 73
x 16 17
+ 17 1
+ 18 1
x 18 18
+ 19 4
x 19 19
+ 19 73
+ 20 1
+ 20 65
x 22 21
x 23 22
+ 23 71
+ 23 73
x 24 24
x 25 25
+ 26 1
x 26 26
+ 26 69
+ 27 1
x 28 27
+ 29 1
x 29 28
+ 29 70
+ 29 71
+ 29 73
x 31 29
x 32 38
x 33 39
x 35 40
x 36 42
x 37 44
x 38 45
x 39 47
x 40 48
+ 41 5
x 41 50
+ 42 1
x 42 54
+ 44 1
+ 45 71
+ 45 73
x 46 55
+ 46 73
x 47 59
+ 48 67
+ 49 73
+ 50 5
x 50 60
+ 50 70
+ 51 1
x 51 61
+ 53 5
+ 54 2
x 54 62
x 55 63
x 65 64
x 66 65
x 67 67
x 68 70
+ 70 36
+ 71 39
+ 71 41
x 71 71
+ 72 37
x 73 72
Case #78: 141 80
+ 1 9
+ 1 31
+ 1 34
+ 1 38
+ 1 42
+ 1 46
+ 1 47
+ 1 48
+ 2 1
x 2 5
+ 2 6
+ 2 34
+ 2 53
+ 3 31
+ 3 53
+ 4 1
x 4 6
+ 4 53
+ 5 1
+ 5 45
+ 5 53
+ 6 1
x 7 7
o 8 9
+ 8 52
+ 9 2
x 9 10
x 11 12
+ 11 53
+ 12 1
+ 12 2
+ 12 15
+ 14 1
x 14 15
x 15 16
+ 15 50
x 16 17
x 17 18
x 18 22
+ 20 1
x 20 23
x 22 24
+ 23 1
+ 23 52
x 24 25
+ 27 1
+ 27 3
x 27 26
+ 27 52
x 28 29
x 29 30
x 30 31
+ 30 52
x 31 32
+ 32 51
+ 32 53
x 34 34
x 35 36
x 36 38
+ 36 50
o 37 52
+ 38 3
x 38 39
x 39 40
x 40 42
+ 40 47
x 42 44
x 44 45
x 45 46
x 46 47
x 47 48
x 48 49
+ 49 31
+ 49 35
x 49 50
x 51 51
x 52 53
+ 53 19
+ 53 21
+ 53 24
Case #79: 282 182
+ 1 95
+ 2 95
+ 2 100
+ 3 1
+ 3 100
+ 4 1
+ 4 100
+ 5 1
+ 5 100
+ 6 1
x 8 6
+ 8 98
+ 8 100
+ 9 1
+ 9 98
+ 9 100
+ 11 1
+ 11 2
+ 11 5
+ 12 98
+ 12 100
+ 13 1
+ 13 98
+ 13 100
x 14 7
o 15 8
+ 16 1
+ 16 98
+ 16 100
+ 17 1
x 17 12
+ 17 98
+ 17 100
x 19 17
+ 20 1
+ 20 98
+ 20 100
+ 21 98
+ 21 100
+ 22 5
+ 23 1
+ 24 1
x 24 20
+ 24 100
+ 25 98
+ 25 100
+ 27 1
x 27 21
+ 28 1
x 28 22
+ 28 98
+ 28 100
+ 29 1
+ 29 31
+ 29 98
+ 29 100
+ 30 1
+ 31 1
+ 31 7
+ 32 1
x 32 23
+ 32 98
+ 32 100
+ 33 1
x 33 24
+ 33 98
+ 33 100
+ 34 1
+ 35 1
+ 36 98
+ 36 100
+ 37 19
x 37 31
+ 37 98
+ 37 100
+ 39 1
+ 40 1
x 40 37
+ 41 1
+ 41 98
+ 41 99
+ 41 100
+ 43 1
+ 44 98
+ 44 100
+ 45 1
+ 45 100
+ 46 1
x 46 42
+ 47 1
+ 48 1
x 48 46
+ 48 98
+ 48 100
+ 49 1
x 49 48
+ 49 98
+ 49 100
+ 50 1
+ 51 1
x 51 49
+ 52 1
+ 52 98
+ 52 100
+ 53 1
+ 53 98
+ 53 100
+ 56 1
+ 56 98
+ 56 100
+ 57 1
x 57 50
+ 57 98
+ 57 100
+ 58 1
x 59 56
x 60 58
+ 60 98
+ 60 100
+ 61 1
x 61 62
+ 61 98
+ 61 100
+ 62 1
+ 64 98
+ 64 100
+ 65 1
+ 66 1
+ 67 1
+ 68 1
x 68 70
+ 68 98
+ 68 100
+ 69 1
+ 69 98
+ 69 100
+ 70 1
+ 71 1
+ 72 98
+ 72 100
+ 73 1
x 73 71
+ 73 100
+ 74 1
x 75 78
o 76 1
+ 76 98
+ 76 100
+ 77 18
+ 78 1
+ 78 15
+ 78 99
+ 79 1
+ 80 98
+ 80 100
+ 81 10
x 81 81
+ 81 98
+ 81 100
+ 82 1
+ 83 92
+ 84 5
x 84 82
+ 84 87
+ 85 2
+ 85 9
+ 85 100
+ 86 4
+ 86 6
+ 86 96
+ 86 97
+ 86 98
x 89 88
x 90 95
x 94 96
+ 98 24
+ 98 45
x 98 98
+ 100 38
+ 100 63
+ 100 65
x 100 100
Case #80: 268 168
o 1 1
+ 1 98
x 2 2
+ 2 19
+ 2 98
+ 2 100
x 3 4
x 5 5
+ 5 98
+ 5 100
x 6 8
+ 6 98
+ 6 100
x 8 9
x 9 10
+ 9 98
+ 9 100
x 10 12
+ 10 98
+ 10 100
x 12 14
x 13 15
x 14 16
+ 14 99
+ 14 100
x 15 17
x 17 18
+ 17 98
+ 17 100
x 18 19
+ 18 98
+ 18 100
x 19 20
x 21 21
+ 21 98
+ 21 100
x 22 22
+ 22 98
+ 22 100
+ 24 1
x 24 23
x 25 24
+ 25 98
+ 25 100
+ 26 98
+ 26 100
x 27 25
x 29 26
+ 29 98
+ 29 100
+ 30 1
x 30 27
x 31 28
+ 31 99
x 33 29
+ 33 98
+ 33 100
+ 34 4
x 34 30
+ 34 98
+ 34 100
x 35 31
x 36 32
x 37 33
x 38 36
+ 38 98
+ 38 99
+ 38 100
x 39 37
x 40 38
x 41 39
+ 41 98
+ 41 100
x 42 40
+ 42 100
x 43 41
x 44 42
x 45 43
+ 45 98
+ 45 100
x 46 45
x 47 46
+ 47 99
x 48 47
+ 49 98
+ 49 100
x 50 48
+ 50 100
x 51 49
x 52 50
+ 53 98
+ 53 100
x 54 52
+ 54 98
+ 54 100
+ 55 1
x 55 54
+ 56 1
x 57 55
+ 57 100
x 58 56
+ 58 98
+ 58 100
x 59 57
x 60 58
x 61 59
x 62 60
x 63 61
x 64 62
+ 64 100
x 65 64
x 66 65
+ 66 99
+ 66 100
x 67 66
x 69 67
+ 69 94
+ 69 98
+ 69 100
x 70 68
+ 71 4
x 71 69
+ 72 4
x 72 70
+ 73 8
x 73 71
+ 74 13
+ 74 15
x 74 72
x 75 74
+ 75 99
x 76 75
x 78 76
+ 79 17
x 79 78
x 80 79
x 81 81
x 82 82
x 83 83
+ 84 27
x 84 84
x 85 85
+ 86 26
x 86 86
x 87 88
x 88 89
x 89 90
+ 90 38
x 90 91
+ 91 44
x 91 92
+ 93 68
x 93 93
x 94 94
+ 95 45
+ 96 48
+ 96 52
+ 97 73
+ 97 75
x 97 95
+ 98 70
x 98 96
+ 99 56
x 99 98
+ 100 59
+ 100 60
+ 100 62
x 100 99
Case #81: 203 108
+ 1 1
+ 1 64
+ 1 67
+ 1 69
+ 1 70
+ 1 72
+ 1 75
o 2 1
+ 2 19
+ 2 34
+ 2 67
+ 3 4
+ 3 53
+ 4 1
+ 4 8
+ 4 15
+ 4 34
+ 4 59
+ 5 1
+ 7 1
x 7 2
+ 7 54
+ 7 60
+ 8 1
+ 8 16
+ 9 1
x 9 3
+ 9 76
x 11 4
+ 12 1
x 12 5
+ 12 74
+ 12 76
+ 13 4
x 13 9
x 14 12
+ 15 66
+ 15 76
+ 16 74
+ 16 76
+ 17 1
+ 17 3
+ 17 5
x 17 13
x 18 19
+ 18 75
x 21 21
+ 21 73
+ 22 1
x 22 25
+ 22 76
x 23 26
+ 23 64
+ 24 1
+ 26 1
+ 26 75
+ 28 1
+ 28 2
+ 28 4
+ 28 76
x 29 28
+ 30 1
x 30 29
x 32 35
+ 32 70
+ 32 76
+ 33 1
x 33 37
+ 34 1
x 36 43
+ 36 76
+ 37 76
+ 40 1
+ 40 76
+ 41 76
+ 43 1
x 43 51
+ 44 1
+ 44 6
+ 45 1
x 45 52
+ 45 74
+ 46 1
x 46 54
+ 47 1
x 47 59
+ 48 1
x 48 60
x 49 63
x 50 64
+ 50 71
+ 50 76
+ 51 1
x 51 65
+ 51 74
+ 53 1
+ 53 2
+ 55 69
x 59 66
x 60 68
x 66 69
x 67 70
+ 68 14
x 68 72
x 69 73
x 70 75
+ 73 32
x 75 76
Case #82: 280 194
o 1 97
+ 1 100
o 2 1
+ 2 97
+ 2 100
x 3 3
+ 3 4
+ 3 8
+ 3 100
x 4 4
+ 5 1
x 5 5
x 6 8
+ 6 98
+ 6 100
+ 7 1
+ 7 5
x 7 9
+ 7 98
+ 7 100
x 8 10
+ 9 1
x 10 13
+ 10 100
+ 11 98
+ 11 100
+ 12 1
x 12 14
+ 14 1
+ 14 98
+ 14 100
x 15 16
+ 15 98
+ 15 100
+ 16 1
x 16 17
+ 17 1
x 17 18
+ 18 1
+ 18 4
x 18 19
+ 18 98
+ 18 100
+ 19 1
+ 19 98
+ 19 100
+ 20 1
x 20 22
x 21 23
x 23 26
+ 23 98
+ 23 99
+ 23 100
+ 24 12
x 24 27
x 25 28
+ 26 1
+ 26 2
+ 26 4
x 26 29
+ 26 98
+ 26 100
x 27 30
+ 27 98
+ 27 100
+ 28 1
x 28 33
x 29 34
+ 30 1
+ 30 98
+ 30 100
x 31 39
+ 31 98
+ 31 100
+ 32 1
+ 33 1
+ 33 10
+ 34 1
x 34 42
+ 34 98
+ 34 100
+ 35 100
+ 36 1
x 37 43
+ 38 1
+ 38 98
+ 38 100
+ 39 100
+ 40 1
+ 41 1
+ 41 20
x 41 45
+ 41 100
x 42 46
+ 42 100
+ 44 1
x 44 47
+ 44 99
+ 45 1
x 45 48
+ 46 4
x 46 49
+ 46 98
+ 46 100
x 47 51
+ 47 98
+ 47 100
+ 48 1
x 48 57
x 49 58
+ 50 1
x 50 59
+ 50 100
x 51 62
+ 51 98
+ 51 100
+ 54 1
x 54 63
+ 54 98
+ 54 100
x 55 65
+ 55 98
+ 55 100
+ 56 1
x 56 67
+ 57 1
+ 58 1
+ 58 98
+ 58 100
+ 59 1
+ 59 98
+ 59 100
x 60 68
x 61 69
x 62 74
+ 63 98
+ 63 99
+ 63 100
+ 64 1
+ 65 1
x 67 76
+ 67 98
+ 67 100
+ 69 1
+ 71 1
+ 72 1
x 72 77
+ 72 99
+ 73 1
x 73 78
+ 74 98
+ 74 100
+ 75 98
+ 75 100
x 76 80
+ 78 1
x 78 81
+ 78 92
+ 78 100
+ 79 13
x 79 82
+ 79 97
+ 80 2
+ 80 89
+ 80 99
+ 81 5
+ 81 6
+ 81 7
+ 81 8
+ 81 12
+ 81 85
+ 81 87
x 81 88
+ 82 1
+ 82 3
+ 82 15
+ 82 95
+ 83 98
+ 83 100
+ 85 23
x 87 89
x 88 91
+ 90 30
x 92 93
x 93 94
x 96 98
+ 97 43
x 98 99
+ 99 34
+ 99 38
+ 99 49
+ 99 61
x 99 100
+ 100 64
Case #83: 89 0
Case #84: 92 47
+ 1 4
+ 1 9
+ 1 17
+ 1 19
+ 1 25
+ 1 26
+ 1 27
+ 1 31
+ 2 13
+ 2 23
+ 2 35
+ 3 1
o 3 5
+ 3 35
x 4 11
+ 4 35
+ 5 1
+ 6 1
x 6 12
x 7 13
+ 7 34
+ 7 35
x 8 14
+ 10 3
+ 10 33
+ 11 1
x 11 15
+ 13 33
+ 13 35
+ 15 1
x 15 20
+ 16 1
+ 16 31
x 17 21
+ 18 1
x 18 23
x 19 24
x 20 25
+ 21 31
+ 21 35
x 22 29
x 26 30
+ 26 35
x 27 31
x 29 34
+ 35 16
x 35 35
Case #85: 177 0
Case #86: 46 24
+ 1 1
+ 1 5
+ 1 17
+ 1 18
+ 2 1
+ 2 3
+ 2 9
+ 2 13
+ 2 15
x 3 1
+ 3 18
x 4 6
x 5 8
+ 7 17
x 9 9
+ 9 18
+ 11 1
x 11 11
x 13 13
+ 13 18
x 15 16
x 16 17
x 17 18
+ 18 11
Case #87: 71 41
o 1 1
+ 1 2
+ 1 22
+ 2 4
+ 2 17
+ 3 1
x 3 2
+ 3 19
+ 3 27
x 4 4
+ 4 11
x 5 7
+ 5 27
x 6 8
+ 7 1
+ 7 2
x 7 10
o 8 12
+ 9 1
+ 9 27
+ 10 1
x 10 11
+ 11 1
x 11 14
x 12 15
+ 13 1
+ 13 25
+ 13 27
+ 15 1
+ 16 1
x 16 20
+ 16 27
+ 17 1
x 17 21
+ 17 27
+ 18 24
x 21 22
x 22 23
x 23 24
x 26 27
+ 27 10
Case #88: 135 72
+ 1 1
o 1 5
+ 1 14
+ 1 36
+ 1 38
+ 1 40
+ 1 45
+ 1 51
+ 1 52
+ 2 1
x 2 8
+ 2 9
+ 3 4
+ 3 33
+ 3 52
+ 4 1
+ 4 52
x 5 9
+ 5 19
+ 6 51
x 7 10
+ 8 1
x 8 12
x 9 14
x 10 15
+ 10 52
+ 11 52
+ 12 1
x 12 16
x 14 17
+ 15 1
+ 16 1
+ 17 1
+ 17 51
x 18 18
+ 19 52
x 20 20
+ 22 50
+ 24 1
x 25 21
+ 25 52
+ 27 1
x 27 23
+ 27 51
+ 27 52
x 28 24
+ 29 1
x 31 25
+ 31 51
x 32 26
+ 32 51
+ 33 1
x 34 27
+ 34 50
+ 34 52
x 35 31
x 36 32
x 37 34
x 38 36
x 39 37
x 42 39
x 43 42
x 44 44
x 45 45
x 46 46
x 48 48
x 49 49
+ 51 30
+ 52 18
+ 52 21
+ 52 23
x 52 51
Case #89: 283 183
+ 1 98
+ 1 99
+ 2 1
+ 2 7
x 3 3
+ 3 10
+ 3 12
+ 4 1
x 4 4
+ 4 98
+ 4 100
x 5 6
+ 5 98
+ 5 100
+ 6 1
x 7 11
+ 7 18
o 8 2
+ 8 98
+ 8 100
x 9 12
+ 9 98
+ 9 100
x 10 16
o 11 17
x 12 19
+ 12 98
+ 12 100
+ 13 1
+ 13 98
+ 13 100
x 14 21
x 16 22
+ 16 98
+ 16 100
+ 17 98
+ 17 100
+ 18 4
x 18 25
+ 19 1
+ 20 1
+ 20 98
+ 20 100
+ 21 98
+ 21 100
x 23 26
+ 24 98
+ 24 100
+ 25 98
+ 25 100
+ 26 1
x 26 27
+ 28 2
+ 28 100
+ 29 98
+ 29 100
x 30 34
+ 31 1
+ 32 3
x 32 35
+ 32 98
+ 32 100
+ 33 1
+ 33 100
x 34 36
+ 35 1
x 35 37
+ 37 98
+ 37 99
+ 37 100
+ 38 1
x 38 39
+ 39 1
x 39 40
+ 40 5
+ 40 98
+ 40 100
+ 41 1
x 41 41
+ 41 98
+ 41 100
+ 43 1
+ 43 7
x 43 44
+ 45 1
x 45 46
+ 45 98
+ 45 100
+ 46 100
+ 47 1
x 47 49
+ 48 1
x 48 58
+ 48 100
+ 49 98
+ 49 100
x 50 59
+ 50 100
+ 51 1
x 51 62
+ 52 1
+ 52 100
+ 53 1
x 53 63
+ 53 98
+ 53 100
+ 54 100
+ 56 1
x 57 64
+ 57 99
+ 57 100
x 59 65
+ 59 100
+ 60 1
+ 60 98
+ 60 100
+ 61 100
x 62 68
x 63 75
+ 63 100
+ 64 1
+ 64 98
+ 64 100
x 66 76
+ 66 99
+ 67 1
+ 68 1
+ 69 1
+ 69 98
+ 69 99
+ 69 100
+ 70 1
+ 71 1
+ 72 1
+ 72 98
+ 72 100
x 73 78
+ 74 1
x 74 81
+ 75 1
+ 75 22
+ 76 15
+ 76 19
+ 76 100
+ 77 12
+ 77 98
+ 77 100
+ 78 1
x 78 86
+ 79 1
+ 80 93
+ 80 98
+ 80 100
+ 81 1
+ 81 2
+ 81 6
+ 81 17
+ 81 100
x 82 87
+ 82 97
+ 83 11
x 83 88
+ 84 8
+ 84 98
+ 84 100
+ 85 1
+ 85 3
x 86 93
+ 88 100
x 89 94
+ 90 41
x 92 98
x 93 99
+ 94 32
+ 95 71
x 96 100
+ 97 37
+ 98 76
+ 98 88
+ 99 72
+ 100 42
+ 100 44
+ 100 55
Case #90: 175 96
x 1 2
+ 1 25
+ 1 53
+ 1 58
x 2 3
+ 2 4
+ 2 5
+ 2 8
+ 2 62
+ 2 66
+ 3 1
x 3 4
+ 3 57
+ 4 1
+ 4 54
+ 4 66
x 5 5
+ 5 16
+ 5 18
+ 5 20
+ 5 48
x 6 6
+ 6 23
+ 6 46
+ 7 1
x 7 7
+ 7 66
x 8 8
+ 8 49
+ 8 66
+ 10 1
+ 10 65
+ 10 66
+ 11 1
+ 13 1
+ 13 2
x 13 10
+ 15 62
+ 16 1
x 16 11
+ 16 65
x 17 12
+ 18 1
+ 18 64
+ 19 61
+ 19 64
x 20 15
+ 21 1
+ 22 66
+ 23 1
+ 26 1
x 26 17
+ 26 63
+ 26 65
+ 27 63
x 28 18
+ 28 66
+ 29 1
+ 29 3
x 29 20
x 31 23
+ 33 1
x 33 25
+ 34 1
+ 35 1
x 35 27
+ 36 1
x 38 29
+ 38 58
x 39 31
+ 40 66
x 41 33
+ 41 66
+ 42 1
x 42 34
+ 43 1
+ 43 4
x 43 36
+ 43 65
+ 44 1
+ 44 4
+ 44 6
+ 45 64
x 47 38
x 48 39
x 50 40
x 52 44
x 57 46
x 60 50
x 61 53
x 62 58
+ 63 32
+ 64 35
x 64 62
x 65 63
+ 66 48
Case #91: 298 100
o 1 1
x 2 2
x 3 3
x 4 4
x 5 5
x 6 6
x 7 7
x 8 8
x 9 9
x 10 10
x 11 11
x 12 12
x 13 13
x 14 14
x 15 15
x 16 16
x 17 17
x 18 18
x 19 19
x 20 20
x 21 21
x 22 22
x 23 23
x 24 24
x 25 25
x 26 26
x 27 27
x 28 28
x 29 29
x 30 30
x 31 31
x 32 32
x 33 33
x 34 34
x 35 35
x 36 36
x 37 37
x 38 38
x 39 39
x 40 40
x 41 41
x 42 42
x 43 43
x 44 44
x 45 45
x 46 46
x 47 47
x 48 48
x 49 49
x 50 50
x 51 51
x 52 52
x 53 53
x 54 54
x 55 55
x 56 56
x 57 57
x 58 58
x 59 59
x 60 60
x 61 61
x 62 62
x 63 63
x 64 64
x 65 65
x 66 66
x 67 67
x 68 68
x 69 69
x 70 70
x 71 71
x 72 72
x 73 73
x 74 74
x 75 75
x 76 76
x 77 77
x 78 78
x 79 79
x 80 80
x 81 81
x 82 82
x 83 83
x 84 84
x 85 85
x 86 86
x 87 87
x 88 88
x 89 89
x 90 90
x 91 91
x 92 92
x 93 93
x 94 94
x 95 95
x 96 96
x 97 97
x 98 98
x 99 99
x 100 100
Case #92: 290 212
x 1 2
+ 1 97
+ 1 98
x 2 6
+ 2 100
+ 3 1
+ 5 1
+ 5 2
x 5 7
+ 5 98
+ 5 100
+ 6 98
+ 6 100
+ 7 1
+ 8 1
x 8 9
+ 9 1
x 9 10
+ 9 11
+ 9 98
+ 9 100
+ 10 98
+ 10 100
+ 11 1
x 11 17
+ 12 1
+ 13 1
+ 13 98
+ 13 100
+ 14 1
+ 14 98
+ 14 100
+ 15 1
+ 16 1
+ 17 1
+ 17 100
+ 18 1
+ 18 98
+ 18 100
x 20 20
x 21 21
+ 21 98
+ 21 100
+ 22 1
+ 22 3
x 22 22
+ 22 98
+ 22 100
+ 23 1
+ 25 98
+ 25 100
+ 26 1
+ 26 98
+ 26 100
+ 27 1
+ 29 1
+ 29 98
+ 29 100
+ 30 1
+ 30 3
x 30 24
+ 30 98
+ 30 100
+ 31 1
+ 33 1
x 33 25
+ 33 98
+ 33 100
+ 34 1
x 34 26
+ 34 100
+ 35 1
x 36 28
+ 36 100
+ 37 1
+ 37 98
+ 37 100
+ 38 1
x 38 30
+ 38 100
+ 39 1
x 39 32
+ 40 1
+ 40 100
+ 41 1
x 41 33
+ 41 98
+ 41 100
+ 42 1
+ 42 100
+ 43 1
+ 44 1
+ 44 100
+ 45 1
+ 45 98
+ 45 100
+ 46 1
x 46 37
+ 46 100
+ 47 1
x 47 38
+ 48 1
+ 48 100
+ 49 1
+ 49 100
+ 50 1
x 50 43
+ 50 100
+ 51 100
+ 52 1
+ 53 1
+ 53 100
+ 55 1
+ 55 99
+ 55 100
+ 56 1
+ 56 6
x 56 44
+ 57 1
x 57 50
+ 57 100
+ 58 1
x 58 51
+ 58 98
+ 58 100
+ 59 1
x 59 55
+ 59 100
+ 60 1
+ 61 100
+ 62 1
+ 62 100
+ 63 1
x 63 56
+ 64 1
x 64 57
+ 65 1
x 65 62
+ 65 100
+ 66 98
+ 66 100
+ 67 1
+ 67 100
x 68 65
+ 69 100
+ 70 1
+ 70 98
+ 70 100
+ 71 1
x 71 68
+ 71 100
+ 72 1
+ 73 1
x 73 69
+ 73 100
+ 74 1
x 74 74
+ 74 100
+ 76 1
x 76 76
+ 77 1
x 77 77
+ 77 98
+ 77 100
+ 78 1
x 78 81
+ 78 98
+ 78 100
+ 79 1
x 79 83
+ 80 1
+ 81 1
x 81 84
+ 81 98
+ 81 100
+ 82 1
+ 82 15
x 82 85
+ 82 98
+ 82 100
+ 83 1
x 83 89
+ 84 1
+ 84 88
+ 85 11
+ 85 98
+ 85 100
+ 86 98
+ 86 100
+ 87 1
+ 87 2
+ 88 64
x 88 92
+ 89 1
+ 89 5
+ 90 25
+ 90 70
+ 90 98
+ 90 99
+ 90 100
+ 91 1
+ 92 1
+ 92 3
+ 92 95
+ 93 98
+ 93 100
x 94 97
x 95 98
x 97 99
+ 99 64
+ 100 32
+ 100 47
Case #93: 278 178
o 1 1
+ 1 3
+ 1 6
+ 1 12
+ 1 14
+ 1 16
+ 1 96
+ 1 97
+ 2 6
+ 2 100
x 3 2
+ 3 9
+ 3 13
+ 3 100
x 4 3
+ 5 1
x 5 4
o 6 98
+ 6 100
+ 7 98
+ 7 100
+ 8 1
x 9 6
+ 10 98
+ 10 100
x 11 11
+ 11 98
+ 11 100
x 13 12
+ 14 98
+ 14 100
x 16 13
+ 16 99
x 17 15
+ 18 98
+ 18 100
x 19 17
+ 19 98
+ 19 100
+ 20 2
x 20 18
+ 22 98
+ 22 100
+ 23 2
+ 23 98
+ 23 100
+ 24 2
x 24 19
+ 26 98
+ 26 100
+ 27 2
x 27 23
+ 27 98
+ 27 100
+ 30 2
+ 30 98
+ 30 100
+ 31 100
x 32 25
x 33 26
+ 34 98
+ 34 100
+ 35 1
x 35 28
+ 35 98
+ 35 100
+ 36 1
+ 37 1
+ 38 1
+ 38 98
+ 38 100
+ 39 1
x 39 31
+ 39 98
+ 39 100
+ 40 1
x 41 32
+ 42 98
+ 42 100
+ 43 1
+ 43 98
+ 43 100
x 44 33
+ 46 1
+ 46 98
+ 46 100
+ 47 98
+ 47 100
+ 48 2
+ 50 1
x 50 36
+ 50 100
x 51 38
+ 51 98
+ 51 100
+ 52 100
+ 53 1
x 53 43
+ 55 1
+ 55 98
+ 55 99
+ 55 100
+ 56 1
+ 56 3
x 56 44
x 57 47
x 58 48
+ 59 1
x 59 49
+ 59 98
+ 59 100
+ 62 98
+ 62 100
+ 63 1
+ 63 100
x 65 53
+ 66 98
+ 66 100
+ 67 1
x 67 55
+ 67 98
+ 67 100
+ 68 1
x 68 56
+ 69 1
+ 69 5
x 69 59
+ 70 1
x 70 60
+ 71 1
+ 71 20
+ 71 24
x 71 62
+ 71 99
+ 71 100
x 72 64
x 73 66
+ 74 13
+ 74 15
+ 74 98
+ 74 100
+ 75 10
+ 75 19
x 75 68
+ 76 1
x 76 69
+ 76 99
+ 78 5
+ 78 35
x 78 74
+ 78 100
+ 79 1
x 79 78
+ 81 1
+ 81 5
+ 81 7
+ 81 98
x 82 79
+ 82 98
+ 82 100
x 84 80
+ 85 44
x 87 82
x 88 83
x 94 84
+ 95 63
x 95 86
+ 96 77
+ 96 80
+ 97 64
+ 97 71
+ 97 80
x 97 87
x 98 88
+ 99 49
+ 99 70
x 99 90
+ 100 56
Case #94: 298 292
o 1 1
+ 1 100
+ 2 1
x 2 2
+ 2 100
+ 3 1
x 3 3
+ 3 100
+ 4 1
x 4 4
+ 4 100
+ 5 1
x 5 5
+ 5 100
+ 6 1
x 6 6
+ 6 100
+ 7 1
x 7 7
+ 7 100
+ 8 1
x 8 8
+ 8 100
+ 9 1
x 9 9
+ 9 100
+ 10 1
x 10 10
+ 10 100
+ 11 1
x 11 11
+ 11 100
+ 12 1
x 12 12
+ 12 100
+ 13 1
x 13 13
+ 13 100
+ 14 1
x 14 14
+ 14 100
+ 15 1
x 15 15
+ 15 100
+ 16 1
x 16 16
+ 16 100
+ 17 1
x 17 17
+ 17 100
+ 18 1
x 18 18
+ 18 100
+ 19 1
x 19 19
+ 19 100
+ 20 1
x 20 21
+ 20 100
+ 21 1
x 21 22
+ 21 100
+ 22 1
x 22 23
+ 22 100
+ 23 1
x 23 24
+ 23 100
+ 24 1
x 24 25
+ 24 100
+ 25 1
x 25 26
+ 25 100
+ 26 1
x 26 27
+ 26 100
+ 27 1
x 27 28
+ 27 100
+ 28 1
x 28 29
+ 28 100
+ 29 1
x 29 30
+ 29 100
+ 30 1
x 30 31
+ 30 100
+ 31 1
x 31 32
+ 31 100
+ 32 1
x 32 33
+ 32 100
+ 33 1
x 33 34
+ 33 100
+ 34 1
x 34 35
+ 34 100
+ 35 1
x 35 36
+ 35 100
+ 36 1
x 36 37
+ 36 100
+ 37 1
x 37 38
+ 37 100
+ 38 1
x 38 39
+ 38 100
+ 39 1
x 39 40
+ 39 100
+ 40 1
x 40 41
+ 40 100
+ 41 1
x 41 42
+ 41 100
+ 42 1
x 42 43
+ 42 100
+ 43 1
x 43 44
+ 43 100
+ 44 1
x 44 46
+ 44 100
+ 45 1
x 45 47
+ 45 100
+ 46 1
x 46 48
+ 46 100
+ 47 1
x 47 49
+ 47 100
+ 48 1
x 48 50
+ 48 100
+ 49 1
+ 49 100
+ 50 1
x 50 51
+ 50 100
+ 51 1
x 51 52
+ 51 100
+ 52 1
x 52 53
+ 52 100
+ 53 1
x 53 54
+ 53 100
+ 54 1
x 54 55
+ 54 100
+ 55 1
x 55 56
+ 55 100
+ 56 1
x 56 57
+ 56 100
+ 57 1
x 57 58
+ 57 100
+ 58 1
x 58 59
+ 58 100
+ 59 1
x 59 60
+ 59 100
+ 60 1
x 60 61
+ 60 100
+ 61 1
x 61 62
+ 61 100
+ 62 1
x 62 63
+ 62 100
+ 63 1
x 63 64
+ 63 100
+ 64 1
x 64 65
+ 64 100
+ 65 1
x 65 66
+ 65 100
+ 66 1
x 66 67
+ 66 100
+ 67 1
x 67 68
+ 67 100
+ 68 1
x 68 69
+ 68 100
+ 69 1
o 69 100
+ 70 1
x 70 70
+ 70 100
+ 71 1
x 71 71
+ 71 100
+ 72 1
x 72 72
+ 72 100
+ 73 1
x 73 73
+ 73 100
+ 74 1
x 74 75
+ 74 100
+ 75 1
x 75 77
+ 75 100
+ 76 1
x 76 78
+ 76 100
+ 77 1
x 77 79
+ 77 100
+ 78 1
+ 78 100
+ 79 1
x 79 80
+ 79 100
+ 80 1
x 80 81
+ 80 100
+ 81 1
x 81 82
+ 81 100
+ 82 1
x 82 83
+ 82 100
+ 83 1
x 83 84
+ 83 100
+ 84 1
x 84 85
+ 84 100
+ 85 1
+ 85 100
+ 86 1
x 86 86
+ 86 100
+ 87 1
x 87 87
+ 87 100
+ 88 1
+ 88 100
+ 89 1
x 89 88
+ 89 100
+ 90 1
x 90 89
+ 90 100
+ 91 1
x 91 90
+ 91 100
+ 92 1
x 92 91
+ 92 100
+ 93 1
x 93 92
+ 93 100
+ 94 1
x 94 93
+ 94 100
+ 95 1
x 95 94
+ 95 100
+ 96 1
x 96 95
+ 96 100
+ 97 1
x 97 96
+ 97 100
+ 98 1
x 98 97
+ 98 100
+ 99 1
x 99 98
+ 99 100
x 100 99
Case #95: 255 140
o 1 1
+ 1 4
+ 1 8
+ 1 10
+ 1 11
+ 1 15
+ 1 56
+ 1 58
+ 1 61
+ 1 63
+ 1 69
+ 1 78
+ 1 80
+ 1 83
+ 1 92
+ 1 93
x 2 3
+ 2 18
+ 2 61
+ 2 72
+ 2 95
+ 3 14
+ 3 35
x 4 4
+ 4 22
+ 4 28
+ 4 30
+ 4 32
+ 5 1
+ 5 20
+ 5 22
+ 5 78
+ 6 1
x 6 5
+ 6 95
x 7 8
+ 7 95
+ 8 58
+ 8 95
x 9 9
x 10 10
+ 10 95
x 11 11
+ 11 32
+ 11 95
+ 12 1
x 12 15
x 13 17
+ 14 1
x 15 18
x 16 19
x 17 20
+ 17 95
+ 18 1
x 18 24
+ 20 1
+ 20 95
+ 21 1
x 21 25
+ 21 95
+ 22 1
+ 23 1
x 23 26
+ 23 95
o 24 28
+ 24 93
+ 24 95
x 25 30
x 26 32
+ 27 1
+ 28 1
x 28 36
+ 28 95
+ 29 1
x 30 38
x 31 41
+ 32 1
x 32 42
+ 32 95
+ 33 4
+ 34 1
x 34 46
x 35 48
+ 35 93
x 36 49
+ 37 89
+ 38 1
x 38 51
+ 38 91
+ 39 95
+ 40 1
x 40 52
+ 41 1
x 41 56
x 42 57
+ 42 88
+ 43 1
+ 44 1
x 44 60
x 47 61
+ 48 1
+ 48 3
+ 48 95
+ 49 1
+ 51 94
+ 53 94
+ 54 1
+ 54 4
x 54 64
+ 55 1
+ 55 95
+ 56 95
x 57 67
+ 57 91
+ 59 1
+ 60 1
+ 62 93
x 63 68
+ 64 1
x 65 69
+ 66 91
+ 67 2
+ 67 94
x 69 73
x 70 75
+ 71 2
+ 72 95
x 73 77
x 75 79
x 79 84
x 80 85
x 82 86
x 86 88
x 88 91
x 89 92
+ 92 54
x 94 93
+ 95 44
+ 95 49
x 95 95
Case #96: 287 189
+ 1 4
+ 1 98
+ 1 99
+ 1 100
x 2 6
+ 3 1
+ 4 98
+ 4 100
+ 5 1
+ 5 98
+ 5 100
+ 7 1
+ 7 11
x 8 7
+ 8 98
+ 8 100
+ 9 1
+ 9 98
+ 9 100
+ 11 1
+ 11 2
+ 11 4
+ 12 98
+ 12 100
+ 13 1
x 13 15
+ 13 98
+ 13 100
+ 15 1
+ 16 98
+ 16 100
+ 17 98
+ 17 100
+ 18 1
x 19 18
x 20 24
+ 20 98
+ 20 100
+ 21 1
+ 21 98
+ 21 100
+ 22 1
+ 23 1
+ 24 1
+ 24 98
+ 24 100
+ 25 1
+ 25 98
+ 25 100
+ 26 1
+ 27 1
x 28 26
+ 28 98
+ 28 100
+ 29 1
+ 29 98
+ 29 100
x 30 28
+ 31 1
+ 32 1
+ 32 98
+ 32 100
+ 33 1
+ 33 98
+ 33 100
+ 35 2
+ 36 100
+ 37 1
+ 37 3
x 37 38
+ 37 100
+ 38 1
+ 38 100
+ 40 1
x 40 39
+ 41 1
+ 41 98
+ 41 99
+ 41 100
+ 42 1
x 42 40
+ 43 1
+ 44 1
+ 45 1
+ 45 98
+ 45 100
+ 46 1
+ 47 1
x 47 46
+ 48 1
x 48 52
+ 48 98
+ 48 100
+ 49 1
x 49 56
+ 49 98
+ 49 100
+ 50 1
+ 51 1
+ 52 98
+ 52 100
+ 53 1
+ 53 98
+ 53 100
+ 54 1
+ 56 1
+ 56 98
+ 56 100
+ 57 1
+ 57 98
+ 57 100
+ 58 1
x 58 58
+ 59 1
+ 60 1
+ 61 1
+ 61 98
+ 61 99
+ 61 100
+ 62 1
+ 63 1
+ 64 98
+ 64 100
+ 65 1
+ 65 98
+ 65 100
+ 68 1
+ 68 98
+ 68 100
+ 69 98
+ 69 100
+ 70 1
+ 71 1
+ 72 1
+ 72 98
+ 72 100
+ 73 1
+ 73 22
+ 74 1
x 74 64
+ 74 99
+ 75 1
x 75 65
x 76 66
+ 76 82
+ 76 98
+ 76 100
+ 77 1
+ 77 98
+ 77 100
+ 78 1
+ 78 13
+ 78 15
x 78 70
+ 79 1
+ 80 1
+ 80 100
+ 81 63
+ 81 100
+ 82 1
+ 82 7
+ 82 53
x 82 74
+ 83 1
+ 83 15
+ 83 100
+ 84 1
+ 84 98
+ 84 100
+ 85 1
+ 85 93
+ 86 1
+ 86 99
+ 87 1
+ 88 8
x 88 77
+ 88 98
+ 88 100
+ 89 1
x 89 82
+ 90 97
+ 90 99
x 93 87
x 94 89
x 96 92
+ 98 44
+ 99 72
+ 99 80
+ 100 34
Case #97: 30 19
x 1 1
+ 1 9
+ 1 11
+ 2 1
o 2 11
x 4 3
+ 4 11
+ 5 1
x 5 4
+ 5 11
+ 6 11
x 7 5
+ 7 11
+ 8 1
+ 8 11
x 9 7
+ 10 1
+ 10 11
o 11 9
Case #98: 275 174
o 1 4
+ 1 10
+ 1 96
x 2 5
+ 2 15
+ 2 90
+ 2 100
x 3 6
+ 3 100
x 4 8
+ 4 100
x 5 9
x 6 10
+ 6 100
x 7 11
+ 7 98
+ 7 100
x 8 12
+ 8 100
x 9 15
+ 10 100
x 11 16
+ 11 98
+ 11 100
+ 12 1
x 12 18
x 14 20
+ 14 98
+ 14 100
+ 15 1
+ 15 98
+ 15 100
+ 18 1
+ 18 98
+ 18 100
x 19 21
+ 19 98
+ 19 100
+ 20 1
x 20 23
x 21 24
+ 22 98
+ 22 100
x 23 27
+ 23 98
+ 23 100
+ 24 1
+ 25 1
+ 25 4
+ 26 1
x 26 28
+ 26 98
+ 26 100
+ 27 98
+ 27 100
x 28 29
x 30 31
+ 31 5
+ 31 99
+ 32 1
x 32 32
+ 32 99
+ 33 1
x 33 33
x 34 35
+ 34 98
+ 34 100
+ 36 1
+ 36 99
+ 38 1
x 38 36
+ 38 98
+ 38 100
x 39 38
+ 39 100
x 40 39
x 42 40
+ 42 98
+ 42 100
+ 43 98
+ 43 100
+ 44 2
x 44 41
x 46 42
x 47 43
+ 47 98
+ 47 100
+ 48 1
+ 48 2
x 48 47
x 49 48
x 50 49
+ 50 100
+ 51 98
+ 51 100
x 52 50
+ 53 1
+ 53 2
x 53 53
x 54 54
+ 54 98
+ 54 100
x 55 55
x 56 56
+ 56 99
x 57 57
+ 58 100
+ 59 1
+ 59 100
x 61 60
+ 61 100
x 62 61
+ 62 100
+ 63 1
x 63 65
+ 63 100
+ 64 1
+ 65 1
+ 65 100
x 66 66
+ 66 100
x 67 67
+ 68 1
x 68 68
x 70 69
+ 71 100
x 72 71
+ 73 3
+ 73 5
x 73 74
+ 74 3
+ 74 5
+ 74 9
x 74 75
+ 75 14
x 75 77
+ 75 98
+ 75 100
x 76 78
+ 77 11
x 78 80
x 79 81
+ 79 100
+ 80 92
+ 80 94
x 81 82
+ 81 96
x 82 83
x 83 84
x 84 86
x 85 88
x 87 89
x 88 91
+ 89 81
x 89 93
+ 92 76
x 92 94
+ 94 34
+ 94 35
x 94 96
+ 95 38
+ 96 41
x 97 99
+ 98 58
x 98 100
+ 99 49
+ 99 54
+ 99 58
+ 99 61
+ 99 70
+ 100 44
+ 100 46
+ 100 64
+ 100 67
Case #99: 265 171
o 1 1
x 2 2
+ 2 100
x 3 3
+ 3 100
x 4 4
+ 4 100
x 5 5
+ 5 100
x 6 6
+ 6 100
x 7 7
+ 7 100
x 8 8
x 9 9
+ 9 99
+ 9 100
x 10 10
x 11 11
x 12 12
+ 12 98
+ 12 99
+ 12 100
x 13 13
x 14 14
x 15 15
+ 15 98
+ 15 100
x 16 16
+ 16 98
+ 16 100
x 17 17
x 18 18
x 19 19
+ 19 100
x 20 20
x 21 21
+ 21 99
x 22 22
x 23 23
+ 23 98
+ 23 100
x 24 24
+ 24 98
+ 24 100
x 25 25
x 26 26
x 27 27
+ 27 98
+ 27 100
x 28 28
+ 28 98
+ 28 100
x 29 29
x 30 30
x 31 31
+ 31 98
+ 31 100
x 32 32
x 33 33
x 34 34
x 35 35
+ 35 98
+ 35 100
x 36 36
+ 36 98
+ 36 100
x 37 37
x 38 38
x 39 39
+ 39 98
+ 39 100
x 40 40
+ 40 98
+ 40 100
x 41 41
x 42 42
x 43 43
+ 43 100
x 44 44
+ 44 100
x 45 45
x 46 46
x 47 47
x 48 48
x 49 49
+ 49 99
x 50 50
x 51 51
+ 51 98
+ 51 100
x 52 52
x 53 53
+ 53 99
x 54 54
x 55 55
+ 55 100
x 56 56
+ 56 100
x 57 57
x 58 58
x 59 59
+ 59 100
x 60 60
x 61 61
x 62 62
x 63 63
x 64 64
+ 64 99
+ 64 100
x 65 65
x 66 66
x 67 67
+ 67 100
x 68 68
x 69 69
x 70 70
x 71 71
+ 71 100
x 72 72
+ 72 100
x 73 73
+ 73 97
x 74 74
x 75 75
x 76 76
x 77 77
x 78 78
x 79 79
x 80 80
x 81 81
x 82 82
x 83 83
x 84 84
x 85 85
x 86 86
x 87 87
+ 88 29
x 88 88
x 89 89
+ 90 28
x 90 90
x 91 91
x 92 92
+ 93 75
x 93 93
x 94 94
+ 95 35
+ 95 37
+ 95 67
+ 95 71
x 95 95
x 96 96
+ 97 53
+ 97 72
x 97 97
+ 98 48
+ 98 56
+ 98 60
+ 98 62
x 98 98
+ 99 42
+ 99 43
+ 99 48
+ 99 54
+ 99 62
x 99 99
+ 100 45
+ 100 57
+ 100 65
x 100 100
Case #100: 132 72
+ 1 1
o 1 3
+ 1 45
+ 1 47
+ 2 1
x 2 4
+ 2 35
+ 2 39
+ 2 41
+ 2 45
+ 2 49
x 3 5
+ 3 11
+ 3 13
o 4 8
+ 4 49
+ 5 1
+ 5 3
+ 5 6
+ 5 8
x 7 9
+ 7 49
+ 8 1
x 8 10
+ 8 49
x 9 11
x 10 13
+ 11 18
+ 11 47
+ 14 1
x 14 14
+ 14 49
+ 16 1
x 16 16
x 17 18
+ 17 47
+ 17 49
+ 18 2
+ 20 1
+ 21 1
x 21 19
+ 21 49
+ 22 1
+ 22 47
+ 23 1
+ 24 1
+ 25 1
+ 25 42
+ 26 1
x 26 22
+ 26 49
+ 27 46
x 28 23
x 29 25
x 30 26
+ 30 48
x 31 30
+ 32 1
x 33 33
+ 34 1
+ 34 2
+ 34 48
x 35 35
x 37 38
+ 38 2
x 39 39
x 40 40
x 41 44
x 42 45
x 43 46
+ 45 17
x 47 48
