Case #1:
GCC
GCC
GJJ
Case #2:
CODE
CJAE
CJAM
Case #3:
CA
KE
Case #4:
A
Case #5:
AAAAAAAABBBBBBBBBBBBBBBBB
AAAAAAAABBBBBBBBBBBBBBBBB
AAAAAAAABBBBBBBBBBBBBBBBB
AAAAAAAABBBBBBBBBBBBBBBBB
AAAAAAAABBBBBBBBBBBBBBBBB
AAAAAAAABBBBBBBBBBBBBBBBB
AAAAAAAABBBBBBBBBBBBBBBBB
AAAAAAAABBBBBBBBBBBBBBBBB
AAAAAAAABBBBBBBBBBBBBBBBB
CCCCCCCCBBBBBBBBBBBBBBBBB
CCCCCCCCDDDDDDDDDDDDDDDDD
EEEEEEEEDDDDDDDDDDDDDDDDD
EEEEEEEEDDDDDDDDDDDDDDDDD
EEEEEEEEDDDDDDDDDDDDDDDDD
EEEEEEEEDDDDDDDDDDDDDDDDD
EEEEEEEEDDDDDDDDDDDDDDDDD
EEEEEEEEDDDDDDDDDDDDDDDDD
EEEEEEEEDDDDDDDDDDDDDDDDD
EEEEEEEEDDDDDDDDDDDDDDDDD
EEEEEEEEFFFFFFFFFHHHHHHHH
EEEEEEEEFFFFFFFFFIIJJJJJJ
EEEEEEEEFFFFFFFFFIIJJJJJJ
EEEEEEEEFFFFFFFFFIIJJJJJJ
EEEEEEEEFFFFFFFFFIIJJJJJJ
EEEEEEEEGGGGGGGGGIIJJJJJJ
Case #6:
GGGGGGGGGGGGGGGGGGGGGGGGG
YBBBBBBBAAAANNNNIIMLLLLLL
OBBBBBBBAAAANNNNIIMLLLLLL
OBBBBBBBAAAANNNNIIMLLLLLL
OBBBBBBBAAAANNNNIIMLLLLLL
OBBBBBBBAAAAQQQQIIMLLLLLL
OBBBBBBBAAAAQQQQIIMLLLLLL
OFFFFFFFAAAAQQQQIIMLLLLLL
OFFFFFFFAAAAQQQQIIMLLLLLL
OHVKKKKKAAAAZCCEIIMLLLLLL
OHJKKKKKAAAAZCCEIIMLLLLLL
OHJKKKKKAAAAZCCEIIMLLLLLL
OHJKKKKKPPPPPCCEIIMRRRRRR
OHJKKKKKPPPPPCCEIIXRRRRRR
OHJKKKKKPPPPPCCEIIUUUUUUU
OHJKKKKKPPPPPCCEIIUUUUUUU
OHJKKKKKPPPPPCCEIIUUUUUUU
OHJKKKKKPPPPPCCEIIUUUUUUU
OHJKKKKKWWWWWCCEIIUUUUUUU
OHJDDDDDDDDDDCCEIIUUUUUUU
OHJTTTTTTTTTTCCEIIUUUUUUU
OHJTTTTTTTTTTCCEIIUUUUUUU
OHJTTTTTTTTTTCCEIIUUUUUUU
OHJTTTTTTTTTTCCEIIUUUUUUU
OHJSSSSSSSSSSSSEIIUUUUUUU
Case #7:
BBBAAAAAAJJRRRRRQQQEEEEEI
BBBAAAAAAJJRRRRRQQQEEEEEI
BBBAAAAAAJJUUUUUQQQEEEEEI
BBBAAAAAAJJGGGGYQQQEEEEEI
BBBAAAAAAJJGGGGYQQQEEEEEI
BBBAAAAAAJJGGGGYQQQEEEEEI
BBBAAAAAAJJGGGGYQQQEEEEEI
BBBAAAAAAJJGGGGYQQQEEEEEI
BBBAAAAAAJJGGGGYQQQEEEEEI
DDHAAAAAAJJGGGGYQQQEEEEEI
DDHAAAAAAJJGGGGYQQQEEEEEI
DDHAAAAAAJJGGGGYQQQEEEEEI
DDHAAAAAAJJGGGGYQQQEEEEEI
DDHAAAAAAJJGGGGMMMMMMMMMI
DDHAAAAAAJJGGGGMMMMMMMMMI
DDHLFFNNNJJGGGGTTTTTTTTTI
DDHKFFNNNSCCCCCCCCCCCCCCC
DDHKWWNNNPCCCCCCCCCCCCCCC
DDHKVVNNNPCCCCCCCCCCCCCCC
DDHKVVXXXPCCCCCCCCCCCCCCC
DDHKVVXXXPCCCCCCCCCCCCCCC
DDHKOOOOOOOOOOOOOOOOOOOOO
DDHKZZZZZZZZZZZZZZZZZZZZZ
DDHKZZZZZZZZZZZZZZZZZZZZZ
DDHKZZZZZZZZZZZZZZZZZZZZZ
Case #8:
BA
BA
Case #9:
KKKKKKKKKKKKKKKKKKKKKCCCC
KKKKKKKKKKKKKKKKKKKKKCCCC
AAAAAAAAAAAAAAAAAAAAACCCC
AAAAAAAAAAAAAAAAAAAAACCCC
AAAAAAAAAAAAAAAAAAAAAJBEG
AAAAAAAAAAAAAAAAAAAAAMBEG
AAAAAAAAAAAAAAAAAAAAAMBEG
QQQQQQQQQQQQQQQQQFFFHHBEU
SSSSSSSSSSSSSVIIIIIIIPBEU
SSSSSSSSSSSSSNIIIIIIIYLTT
OOOOOOOOOOOOOOOOOOOOWWLTT
OOOOOOOOOOOOOOOOOOOOWWLXX
OOOOOOOOOOOOOOOOOOOOZZDDD
OOOOOOOOOOOOOOOOOOOOZZDDD
OOOOOOOOOOOOOOOOOOOOZZDDD
OOOOOOOOOOOOOOOOOOOORRRRR
OOOOOOOOOOOOOOOOOOOORRRRR
OOOOOOOOOOOOOOOOOOOORRRRR
OOOOOOOOOOOOOOOOOOOORRRRR
OOOOOOOOOOOOOOOOOOOORRRRR
OOOOOOOOOOOOOOOOOOOORRRRR
OOOOOOOOOOOOOOOOOOOORRRRR
OOOOOOOOOOOOOOOOOOOORRRRR
OOOOOOOOOOOOOOOOOOOORRRRR
OOOOOOOOOOOOOOOOOOOORRRRR
Case #10:
GGGGGGGGGGGGGGGGGGGGGGGGG
HTJJJJJJXFFFUUUUUUUUUUUUU
HTJJJJJJIFFFUUUUUUUUUUUUU
HQJJJJJJIFFFUUUUUUUUUUUUU
HQJJJJJJIFFFUUUUUUUUUUUUU
HLLLLLLLIFFFZMMMMMMMAAAAA
HLLLLLLLIFFFPMMMMMMMAAAAA
HLLLLLLLIFFFPMMMMMMMAAAAA
HLLLLLLLIFFFPMMMMMMMAAAAA
SLLLLLLLIFFFPMMMMMMMAAAAA
BLLLLLLLIFFFPMMMMMMMAAAAA
BLLLLLLLIEEEEVCCCCCCAAAAA
BLLLLLLLIEEEEVCCCCCCAAAAA
BLLLLLLLIEEEEVCCCCCCAAAAA
BLLLLLLLIEEEEVCCCCCCAAAAA
BLLLLLLLIEEEEVCCCCCCAAAAA
BLLLLLLLIEEEEVCCCCCCAAAAA
BLLLLLLLIEEEEVCCCCCCAAAAA
BLLLLLLLIEEEEVWWWDDDAAAAA
BNNNNOOOIEEEEVWWWDDDAAAAA
BNNNNOOOYEEEEKKKKKKKAAAAA
BNNNNOOOYEEEEKKKKKKKAAAAA
BNNNNOOOYEEEEKKKKKKKAAAAA
BNNNNOOOYEEEEKKKKKKKAAAAA
BNNNNOOORRRRRKKKKKKKAAAAA
Case #11:
AAAAAAAAAAAAAAAAAAAAAAAAA
BBBBBBBBBBBBBBBBBBBBBBBBB
CCCCCCCCCCCCCCCCCCCCCCCCC
DDDDDDDDDDDDDDDDDDDDDDDDD
EEEEEEEEEEEEEEEEEEEEEEEEE
FFFFFFFFFFFFFFFFFFFFFFFFF
GGGGGGGGGGGGGGGGGGGGGGGGG
HHHHHHHHHHHHHHHHHHHHHHHHH
IIIIIIIIIIIIIIIIIIIIIIIII
JJJJJJJJJJJJJJJJJJJJJJJJJ
KKKKKKKKKKKKKKKKKKKKKKKKK
LLLLLLLLLLLLLLLLLLLLLLLLL
MMMMMMMMMMMMMMMMMMMMMMMMM
NNNNNNNNNNNNNNNNNNNNNNNNN
OOOOOOOOOOOOOOOOOOOOOOOOO
PPPPPPPPPPPPPPPPPPPPPPPPP
QQQQQQQQQQQQQQQQQQQQQQQQQ
RRRRRRRRRRRRRRRRRRRRRRRRR
SSSSSSSSSSSSSSSSSSSSSSSSS
TTTTTTTTTTTTTTTTTTTTTTTTT
UUUUUUUUUUUUUUUUUUUUUUUUU
VVVVVVVVVVVVVVVVVVVVVVVVV
WWWWWWWWWWWWWWWWWWWWWWWWW
XXXXXXXXXXXXXXXXXXXXXXXXX
YYYYYYYYYYYYYYYYYYYYYYYYY
Case #12:
AAAAACCCCCCCCCCCCCCCCCCCC
AAAAACCCCCCCCCCCCCCCCCCCC
AAAAADDEEEEEEEEEEEEEEEEEE
AAAAADDEEEEEEEEEEEEEEEEEE
AAAAADDEEEEEEEEEEEEEEEEEE
AAAAADDEEEEEEEEEEEEEEEEEE
BBBBBDDEEEEEEEEEEEEEEEEEE
BBBBBDDEEEEEEEEEEEEEEEEEE
BBBBBDDEEEEEEEEEEEEEEEEEE
BBBBBDDEEEEEEEEEEEEEEEEEE
BBBBBDDEEEEEEEEEEEEEEEEEE
BBBBBDDEEEEEEEEEEEEEEEEEE
BBBBBDDEEEEEEEEEEEEEEEEEE
BBBBBDDEEEEEEEEEEEEEEEEEE
BBBBBDDEEEEEEEEEEEEEEEEEE
BBBBBDDEEEEEEEEEEEEEEEEEE
BBBBBDDEEEEEEEEEEEEEEEEEE
BBBBBDDFFFFFFFFFFFFFFFFGG
BBBBBDDHHHHHHHHHHHHHHHHGG
BBBBBDDHHHHHHHHHHHHHHHHII
BBBBBDDJJJJJJJJJJJJJJJJII
BBBBBDDJJJJJJJJJJJJJJJJII
BBBBBDDJJJJJJJJJJJJJJJJII
BBBBBDDJJJJJJJJJJJJJJJJII
BBBBBDDJJJJJJJJJJJJJJJJII
Case #13:
AAAAAAAAAABBBBBBBBBBBBBBB
AAAAAAAAAABBBBBBBBBBBBBBB
AAAAAAAAAABBBBBBBBBBBBBBB
AAAAAAAAAABBBBBBBBBBBBBBB
AAAAAAAAAABBBBBBBBBBBBBBB
AAAAAAAAAABBBBBBBBBBBBBBB
AAAAAAAAAABBBBBBBBBBBBBBB
AAAAAAAAAABBBBBBBBBBBBBBB
AAAAAAAAAABBBBBBBBBBBBBBB
CCCCCCCCCCBBBBBBBBBBBBBBB
CCCCCCCCCCDDDDDDDDDDDDDDD
EEEEEEEEEEDDDDDDDDDDDDDDD
EEEEEEEEEEDDDDDDDDDDDDDDD
EEEEEEEEEEFFFFFFFFFFHHHHH
EEEEEEEEEEFFFFFFFFFFIIJJJ
EEEEEEEEEEFFFFFFFFFFIIJJJ
EEEEEEEEEEFFFFFFFFFFIIJJJ
EEEEEEEEEEFFFFFFFFFFIIJJJ
EEEEEEEEEEGGGGGGGGGGIIJJJ
EEEEEEEEEEGGGGGGGGGGIIJJJ
EEEEEEEEEEGGGGGGGGGGIIJJJ
EEEEEEEEEEGGGGGGGGGGIIJJJ
EEEEEEEEEEGGGGGGGGGGIIJJJ
EEEEEEEEEEGGGGGGGGGGIIJJJ
EEEEEEEEEEGGGGGGGGGGIIJJJ
Case #14:
AAAAAABBBBBBBBBBBBBBBBBBB
AAAAAABBBBBBBBBBBBBBBBBBB
CCCCCCBBBBBBBBBBBBBBBBBBB
CCCCCCDDDDDDDDDDDDDDDDDDD
EEEEEEDDDDDDDDDDDDDDDDDDD
EEEEEEDDDDDDDDDDDDDDDDDDD
EEEEEEDDDDDDDDDDDDDDDDDDD
EEEEEEDDDDDDDDDDDDDDDDDDD
EEEEEEDDDDDDDDDDDDDDDDDDD
EEEEEEDDDDDDDDDDDDDDDDDDD
EEEEEEDDDDDDDDDDDDDDDDDDD
EEEEEEDDDDDDDDDDDDDDDDDDD
EEEEEEDDDDDDDDDDDDDDDDDDD
EEEEEEDDDDDDDDDDDDDDDDDDD
EEEEEEDDDDDDDDDDDDDDDDDDD
EEEEEEDDDDDDDDDDDDDDDDDDD
EEEEEEDDDDDDDDDDDDDDDDDDD
EEEEEEFFFFFFFFFFHHHHHHHHH
EEEEEEFFFFFFFFFFIIJJJJJJJ
EEEEEEFFFFFFFFFFIIJJJJJJJ
EEEEEEFFFFFFFFFFIIJJJJJJJ
EEEEEEFFFFFFFFFFIIJJJJJJJ
EEEEEEGGGGGGGGGGIIJJJJJJJ
EEEEEEGGGGGGGGGGIIJJJJJJJ
EEEEEEGGGGGGGGGGIIJJJJJJJ
Case #15:
AAAAAAAVFFFFFFFFFFFFFFFFF
AAAAAAAKFFFFFFFFFFFFFFFFF
AAAAAAAKFFFFFFFFFFFFFFFFF
AAAAAAAPZGGGGGGGGGGGGGGGG
DDDDUSCQIGGGGGGGGGGGGGGGG
DDDDUYCHRGGGGGGGGGGGGGGGG
NNNNNOCHEELLLLLLLLLLLLLLL
JJJJJJCWTXBBBBBBBBBBBBBBB
JJJJJJMMTXBBBBBBBBBBBBBBB
JJJJJJMMTXBBBBBBBBBBBBBBB
JJJJJJMMTXBBBBBBBBBBBBBBB
JJJJJJMMTXBBBBBBBBBBBBBBB
JJJJJJMMTXBBBBBBBBBBBBBBB
JJJJJJMMTXBBBBBBBBBBBBBBB
JJJJJJMMTXBBBBBBBBBBBBBBB
JJJJJJMMTXBBBBBBBBBBBBBBB
JJJJJJMMTXBBBBBBBBBBBBBBB
JJJJJJMMTXBBBBBBBBBBBBBBB
JJJJJJMMTXBBBBBBBBBBBBBBB
JJJJJJMMTXBBBBBBBBBBBBBBB
JJJJJJMMTXBBBBBBBBBBBBBBB
JJJJJJMMTXBBBBBBBBBBBBBBB
JJJJJJMMTXBBBBBBBBBBBBBBB
JJJJJJMMTXBBBBBBBBBBBBBBB
JJJJJJMMTXBBBBBBBBBBBBBBB
Case #16:
KHHHHHHHHHHEIIIIIIIIDDFF
KHHHHHHHHHHEIIIIIIIIDDFF
KHHHHHHHHHHEIIIIIIIIDDFF
KHHHHHHHHHHEIIIIIIIIDDFF
KRRSAAAAAYTEUQVVMXXXDDFF
KRRSAAAAAYTEUQVVMCCCDDFF
KRRSAAAAAYTEUQWJJCCCDDFF
KRRSAAAAAYTEUQWJJCCCDDFF
KRRSAAAAAYTEUQWJJCCCDDFF
KRRSAAAAAYTEUQWJJCCCDDFF
KRRSAAAAAYTEUQWJJCCCDDFF
KRRSAAAAAYTEUQWJJCCCDDFF
KRRSAAAAAYTEUQWJJCCCDDFF
KRRSAAAAAYTEUQWJJCCCDDFF
KRRSAAAAAYTEUQWJJCCCDDFF
KRRSAAAAAPPEUQWJJCCCDDFF
KRRSAAAAAPPEUQWJJCCCDDFF
KRRSAAAAAPPEUQWJJCCCDDFF
KOOOOLLLLGGEUQWJJCCCDDFF
KNNNNLLLLGGEUQWJJCCCDDFF
KNNNNLLLLGGEUQWJJCCCDDFF
BBBBBLLLLGGEUQWJJCCCDDFF
BBBBBLLLLGGEUQWJJCCCDDFF
BBBBBLLLLGGEUQWJJCCCDDFF
BBBBBLLLLGGEUQWJJCCCDDFF
Case #17:
HHHHHHHHHHHHHHHHHHHHHHHHH
VVVZDDDBBBBBECCCCIIIIIIII
VVVMDDDBBBBBECCCCIIIIIIII
VVVMDDDBBBBBECCCCIIIIIIII
VVVMDDDBBBBBECCCCIIIIIIII
VVVMDDDBBBBBECCCCIIIIIIII
VVVMDDDRRRRPPPPPPPPPPPPPP
VVVMDDDRRRRPPPPPPPPPPPPPP
VVVMOOOOJJJPPPPPPPPPPPPPP
VVVMOOOOJJJPPPPPPPPPPPPPP
VVVMOOOOJJJPPPPPPPPPPPPPP
VVVMOOOOJJJPPPPPPPPPPPPPP
VVVMUUUYJJJPPPPPPPPPPPPPP
VVVMUUUYJJJPPPPPPPPPPPPPP
AAAMUUUYJJJPPPPPPPPPPPPPP
AAAMUUUYJJJPPPPPPPPPPPPPP
AAAMUUUTTTTTTFFLLLKKKSSSS
AAAMUUUTTTTTTFFWWWKKKSSSS
AAAMXXXTTTTTTFFNNNKKKSSSS
AAAQGGGGGGGGGFFNNNKKKSSSS
AAAQGGGGGGGGGFFNNNKKKSSSS
AAAQGGGGGGGGGFFNNNKKKSSSS
AAAQGGGGGGGGGFFNNNKKKSSSS
AAAQGGGGGGGGGFFNNNKKKSSSS
AAAQGGGGGGGGGFFNNNKKKSSSS
Case #18:
AAAAAAAAAAAAAAAAAAAIIICBB
AAAAAAAAAAAAAAAAAAAIIICBB
AAAAAAAAAAAAAAAAAAAIIICBB
AAAAAAAAAAAAAAAAAAAIIICBB
QQQQQQQQFFFFFFUKKKKKKKCBB
QQQQQQQQFFFFFFUKKKKKKKCBB
HHHHHHHHHHHHHHHKKKKKKKCBB
VVVVGZEEEEEEEEEEDDDDRSCBB
VVVVGZEEEEEEEEEEDDDDRSCBB
VVVVGMMMMMJJJJJNDDDDRSCBB
VVVVGMMMMMJJJJJNDDDDRSCBB
VVVVGMMMMMJJJJJNDDDDRPCBB
VVVVGMMMMMJJJJJNDDDDRPCBB
VVVVGMMMMMJJJJJNDDDDRPCBB
VVVVGWWWWYJJJJJNDDDDRPCBB
VVVVGWWWWLJJJJJNDDDDRPCBB
VVVVGWWWWLJJJJJNDDDDRPCBB
VVVVGWWWWLJJJJJNDDDDRPCBB
VVVVGWWWWLJJJJJNDDDDRPCBB
VVVVGWWWWLJJJJJNDDDDRPCBB
XXXXGWWWWLJJJJJNDDDDRPCTT
XXXXGWWWWLJJJJJNDDDDRPCTT
XXXXGWWWWLJJJJJNDDDDRPCTT
XXXXGWWWWLJJJJJNDDDDROCTT
XXXXGWWWWLJJJJJNDDDDROCTT
Case #19:
AAAAAAAAAAAAAAABBBBBBBBBB
AAAAAAAAAAAAAAABBBBBBBBBB
AAAAAAAAAAAAAAABBBBBBBBBB
AAAAAAAAAAAAAAABBBBBBBBBB
AAAAAAAAAAAAAAABBBBBBBBBB
AAAAAAAAAAAAAAABBBBBBBBBB
AAAAAAAAAAAAAAABBBBBBBBBB
AAAAAAAAAAAAAAABBBBBBBBBB
AAAAAAAAAAAAAAABBBBBBBBBB
AAAAAAAAAAAAAAABBBBBBBBBB
AAAAAAAAAAAAAAABBBBBBBBBB
AAAAAAAAAAAAAAABBBBBBBBBB
AAAAAAAAAAAAAAABBBBBBBBBB
AAAAAAAAAAAAAAABBBBBBBBBB
AAAAAAAAAAAAAAABBBBBBBBBB
AAAAAAAAAAAAAAABBBBBBBBBB
AAAAAAAAAAAAAAABBBBBBBBBB
AAAAAAAAAAAAAAABBBBBBBBBB
CCCCCCCCCCCCCCCBBBBBBBBBB
CCCCCCCCCCCCCCCDDDDDDDDDD
EEEEEEEEEEEEEEEDDDDDDDDDD
EEEEEEEEEEEEEEEDDDDDDDDDD
EEEEEEEEEEEEEEEDDDDDDDDDD
EEEEEEEEEEEEEEEDDDDDDDDDD
EEEEEEEEEEEEEEEDDDDDDDDDD
Case #20:
DDDDDDDDDDDDFFFAAAAAAAAAA
DDDDDDDDDDDDFFFAAAAAAAAAA
DDDDDDDDDDDDFFFAAAAAAAAAA
DDDDDDDDDDDDFFFAAAAAAAAAA
DDDDDDDDDDDDFFFAAAAAAAAAA
DDDDDDDDDDDDFFFAAAAAAAAAA
DDDDDDDDDDDDFFFAAAAAAAAAA
DDDDDDDDDDDDJRIAAAAAAAAAA
DDDDDDDDDDDDJRIAAAAAAAAAA
DDDDDDDDDDDDJRIAAAAAAAAAA
UUUUUUUUUOXZNWQAAAAAAAAAA
UUUUUUUUUOCVNWPAAAAAAAAAA
UUUUUUUUUOCBNYPHMMMMMMMMM
SSSSSSSSSSSBTLLHMMMMMMMMM
GGGGGGGGGGGGGGGGGGGGGGGGG
KKKKKKKKKKKKEEEEEEEEEEEEE
KKKKKKKKKKKKEEEEEEEEEEEEE
KKKKKKKKKKKKEEEEEEEEEEEEE
KKKKKKKKKKKKEEEEEEEEEEEEE
KKKKKKKKKKKKEEEEEEEEEEEEE
KKKKKKKKKKKKEEEEEEEEEEEEE
KKKKKKKKKKKKEEEEEEEEEEEEE
KKKKKKKKKKKKEEEEEEEEEEEEE
KKKKKKKKKKKKEEEEEEEEEEEEE
KKKKKKKKKKKKEEEEEEEEEEEEE
Case #21:
HHHHHHHHHHHHHHHHHHHHHKKKJ
HHHHHHHHHHHHHHHHHHHHHKKKJ
HHHHHHHHHHHHHHHHHHHHHKKKJ
HHHHHHHHHHHHHHHHHHHHHKKKJ
HHHHHHHHHHHHHHHHHHHHHKKKJ
HHHHHHHHHHHHHHHHHHHHHKKKJ
HHHHHHHHHHHHHHHHHHHHHKKKJ
HHHHHHHHHHHHHHHHHHHHHKKKJ
HHHHHHHHHHHHHHHHHHHHHKKKJ
HHHHHHHHHHHHHHHHHHHHHKKKJ
HHHHHHHHHHHHHHHHHHHHHKKKJ
HHHHHHHHHHHHHHHHHHHHHKKKJ
HHHHHHHHHHHHHHHHHHHHHKKKJ
HHHHHHHHHHHHHHHHHHHHHKKKJ
HHHHHHHHHHHHHHHHHHHHHKKKJ
HHHHHHHHHHHHHHHHHHHHHKKKJ
HHHHHHHHHHHHHHHHHHHHHKKKJ
HHHHHHHHHHHHHHHHHHHHHVVEE
HHHHHHHHHHHHHHHHHHHHHWIIR
HHHHHHHHHHHHHHHHHHHHHLIIU
NNNNNNNNNNNNNNNNNNQXBBIIZ
NNNNNNNNNNNNNNNNNNQAAAAAO
NNNNNNNNNNNNNNNNNNQAAAAAY
NNNNNNNNNNNNNNNNNNQDCCGFF
NNNNNNNNNNNNNNNNNNQSCCPTM
Case #22:
GJJHHHHHHHHHXFFFFFFCCCCCC
GJJHHHHHHHHHIFFFFFFCCCCCC
GJJHHHHHHHHHIFFFFFFCCCCCC
GJJHHHHHHHHHIFFFFFFCCCCCC
GJJHHHHHHHHHIFFFFFFCCCCCC
GJJHHHHHHHHHIFFFFFFCCCCCC
GJJHHHHHHHHHIQQQQDDDDDDDD
GJJHHHHHHHHHIAAAADDDDDDDD
GJJHHHHHHHHHIAAAABBBBBBBY
GNNNLLLLLLVVIAAAABBBBBBBY
GNNNLLLLLLVVIAAAABBBBBBBY
GSSSLLLLLLVVIAAAABBBBBBBY
GMMMLLLLLLVVIAAAABBBBBBBY
GMMMLLLLLLVVIAAAABBBBBBBY
GMMMLLLLLLVVIZEEEEEEEEEEE
GMMMLLLLLLVVIZEEEEEEEEEEE
GMMMLLLLLLVVIZEEEEEEEEEEE
GMMMLLLLLLKKKKKKKKKKKKKKK
GUUOOOOOOOKKKKKKKKKKKKKKK
GPPPPPPPPPKKKKKKKKKKKKKKK
WPPPPPPPPPKKKKKKKKKKKKKKK
WPPPPPPPPPKKKKKKKKKKKKKKK
TTTTTRRRRRRRRRRRRRRRRRRRR
TTTTTRRRRRRRRRRRRRRRRRRRR
TTTTTRRRRRRRRRRRRRRRRRRRR
Case #23:
IIIIIIIIIIIIIIIIIIIIIOJJD
IIIIIIIIIIIIIIIIIIIIIOJJD
IIIIIIIIIIIIIIIIIIIIIOJJD
IIIIIIIIIIIIIIIIIIIIIOJJD
IIIIIIIIIIIIIIIIIIIIIOJJD
IIIIIIIIIIIIIIIIIIIIIOJJD
IIIIIIIIIIIIIIIIIIIIIOJJD
IIIIIIIIIIIIIIIIIIIIIOJJD
IIIIIIIIIIIIIIIIIIIIIOJJD
IIIIIIIIIIIIIIIIIIIIIOJJD
IIIIIIIIIIIIIIIIIIIIIOJJD
IIIIIIIIIIIIIIIIIIIIIOJJD
IIIIIIIIIIIIIIIIIIIIIOJJD
IIIIIIIIIIIIIIIIIIIIIOJJD
RRRRRRRRRRRRRRRRRREUKMJJD
RRRRRRRRRRRRRRRRRRENKHJJD
BBBBBBBBBBBBBBBBBBENKHJJD
BBBBBBBBBBBBBBBBBBENZHTTD
BBBBBBBBBBBBBBBBBBEAFHQQD
BBBBBBBBBBBBBBBBBBEAFHQQD
GGGGGGGGGGGGGGGGGGEAFWPPD
GGGGGGGGGGGGGGGGGGEAFWPPD
VVVVVVVVVVVSSCCXXXEAFWPPD
VVVVVVVVVVVSSCCXXXEAFWPPD
VVVVVVVVVVVSSCCYYYELFWPPD
Case #24:
ABCDEFGHIJKLMNOPQRSTUVWXY
ABCDEFGHIJKLMNOPQRSTUVWXY
ABCDEFGHIJKLMNOPQRSTUVWXY
ABCDEFGHIJKLMNOPQRSTUVWXY
ABCDEFGHIJKLMNOPQRSTUVWXY
ABCDEFGHIJKLMNOPQRSTUVWXY
ABCDEFGHIJKLMNOPQRSTUVWXY
ABCDEFGHIJKLMNOPQRSTUVWXY
ABCDEFGHIJKLMNOPQRSTUVWXY
ABCDEFGHIJKLMNOPQRSTUVWXY
ABCDEFGHIJKLMNOPQRSTUVWXY
ABCDEFGHIJKLMNOPQRSTUVWXY
ABCDEFGHIJKLMNOPQRSTUVWXY
ABCDEFGHIJKLMNOPQRSTUVWXY
ABCDEFGHIJKLMNOPQRSTUVWXY
ABCDEFGHIJKLMNOPQRSTUVWXY
ABCDEFGHIJKLMNOPQRSTUVWXY
ABCDEFGHIJKLMNOPQRSTUVWXY
ABCDEFGHIJKLMNOPQRSTUVWXY
ABCDEFGHIJKLMNOPQRSTUVWXY
ABCDEFGHIJKLMNOPQRSTUVWXY
ABCDEFGHIJKLMNOPQRSTUVWXY
ABCDEFGHIJKLMNOPQRSTUVWXY
ABCDEFGHIJKLMNOPQRSTUVWXY
ABCDEFGHIJKLMNOPQRSTUVWXY
Case #25:
IIIEEEEEEEEEELLLLLLLLLBBB
IIIEEEEEEEEEELLLLLLLLLBBB
UUUEEEEEEEEEELLLLLLLLLBBB
CCYEEEEEEEEEELLLLLLLLLBBB
CCYEEEEEEEEEELLLLLLLLLBBB
CCYEEEEEEEEEELLLLLLLLLBBB
CCYEEEEEEEEEEAAAAAAARRBBB
CCMMMMMMMMMMMAAAAAAARRBBB
CCNNNDDDDDDDXAAAAAAARRBBB
CCNNNDDDDDDDXAAAAAAARRBBB
CCPPTDDDDDDDXAAAAAAARRBBB
CCPPQQQFFFFFFAAAAAAAGGGGG
CCPPQQQFFFFFFAAAAAAAGGGGG
CCJJJJJFFFFFFAAAAAAAGGGGG
CCJJJJJFFFFFFAAAAAAAGGGGG
CCJJJJJFFFFFFAAAAAAASKKKK
CCJJJJJFFFFFFAAAAAAASKKKK
CCJJJJJOOOOOOAAAAAAASKKKK
CCJJJJJHHHHHHAAAAAAASKKKK
CCJJJJJHHHHHHAAAAAAASKKKK
CCJJJJJHHHHHHAAAAAAASKKKK
CCJJJJJHHHHHHAAAAAAASWWWW
CCJJJJJHHHHHHAAAAAAASWWWW
CCJJJJJHHHHHHVVVVVVVSWWWW
Case #26:
AB
Case #27:
MLAAA
MLAAA
KIAAA
GCHJJ
BNOJJ
EFFFF
DDDDD
Case #28:
ABCDEFGHIJKLMNOPQRSTUVWXY
ABCDEFGHIJKLMNOPQRSTUVWXY
ABCDEFGHIJKLMNOPQRSTUVWXY
ABCDEFGHIJKLMNOPQRSTUVWXY
ABCDEFGHIJKLMNOPQRSTUVWXY
ABCDEFGHIJKLMNOPQRSTUVWXY
ABCDEFGHIJKLMNOPQRSTUVWXY
ABCDEFGHIJKLMNOPQRSTUVWXY
ABCDEFGHIJKLMNOPQRSTUVWXY
ABCDEFGHIJKLMNOPQRSTUVWXY
ABCDEFGHIJKLMNOPQRSTUVWXY
ABCDEFGHIJKLMNOPQRSTUVWXY
ABCDEFGHIJKLMNOPQRSTUVWXY
ABCDEFGHIJKLMNOPQRSTUVWXY
ABCDEFGHIJKLMNOPQRSTUVWXY
ABCDEFGHIJKLMNOPQRSTUVWXY
ABCDEFGHIJKLMNOPQRSTUVWXY
ABCDEFGHIJKLMNOPQRSTUVWXY
ABCDEFGHIJKLMNOPQRSTUVWXY
ABCDEFGHIJKLMNOPQRSTUVWXY
ABCDEFGHIJKLMNOPQRSTUVWXY
ABCDEFGHIJKLMNOPQRSTUVWXY
ABCDEFGHIJKLMNOPQRSTUVWXY
ABCDEFGHIJKLMNOPQRSTUVWXY
ABCDEFGHIJKLMNOPQRSTUVWXY
Case #29:
AAAAABBBBBBBBBBBBBBBBBBBB
AAAAABBBBBBBBBBBBBBBBBBBB
AAAAABBBBBBBBBBBBBBBBBBBB
AAAAABBBBBBBBBBBBBBBBBBBB
AAAAABBBBBBBBBBBBBBBBBBBB
CCCCCBBBBBBBBBBBBBBBBBBBB
CCCCCDDDDDDDDDDDDDDDDDDDD
EEEEEDDDDDDDDDDDDDDDDDDDD
EEEEEDDDDDDDDDDDDDDDDDDDD
EEEEEDDDDDDDDDDDDDDDDDDDD
EEEEEDDDDDDDDDDDDDDDDDDDD
EEEEEDDDDDDDDDDDDDDDDDDDD
EEEEEDDDDDDDDDDDDDDDDDDDD
EEEEEDDDDDDDDDDDDDDDDDDDD
EEEEEDDDDDDDDDDDDDDDDDDDD
EEEEEDDDDDDDDDDDDDDDDDDDD
EEEEEFFFFFFFFFFFFFHHHHHHH
EEEEEFFFFFFFFFFFFFIIJJJJJ
EEEEEFFFFFFFFFFFFFIIJJJJJ
EEEEEFFFFFFFFFFFFFIIJJJJJ
EEEEEFFFFFFFFFFFFFIIJJJJJ
EEEEEGGGGGGGGGGGGGIIJJJJJ
EEEEEGGGGGGGGGGGGGIIJJJJJ
EEEEEGGGGGGGGGGGGGIIJJJJJ
EEEEEGGGGGGGGGGGGGIIJJJJJ
Case #30:
JJJJJJJJJJJJJJJTPMMMBRRRR
JJJJJJJJJJJJJJJTPMMMBRRRR
JJJJJJJJJJJJJJJTPMMMBRRRR
JJJJJJJJJJJJJJJTPMMMBRRRR
JJJJJJJJJJJJJJJTPMMMBRRRR
JJJJJJJJJJJJJJJTPMMMBRRRR
JJJJJJJJJJJJJJJTPMMMBRRRR
JJJJJJJJJJJJJJJTPMMMBRRRR
JJJJJJJJJJJJJJJTPMMMBRRRR
JJJJJJJJJJJJJJJTPMMMBRRRR
JJJJJJJJJJJJJJJTPMMMBRRRR
JJJJJJJJJJJJJJJTPMMMBRRRR
JJJJJJJJJJJJJJJTPMMMBRRRR
JJJJJJJJJJJJJJJTPMMMBRRRR
JJJJJJJJJJJJJJJTPMMMBRRRR
JJJJJJJJJJJJJJJTPMMMBRRRR
JJJJJJJJJJJJJJJWANVZBUYYY
JJJJJJJJJJJJJJJQAHCCBUXXX
JJJJJJJJJJJJJJJQAEELBKXXX
JJJJJJJJJJJJJJJQAEEGGGGGG
JJJJJJJJJJJJJJJQSIFOOOOOO
DDDDDDDDDDDDDDDDDDDDDDDDD
DDDDDDDDDDDDDDDDDDDDDDDDD
DDDDDDDDDDDDDDDDDDDDDDDDD
DDDDDDDDDDDDDDDDDDDDDDDDD
Case #31:
CB
AA
Case #32:
AAAAAAAAAAAAAAAAAAAAAAAAA
BBBBBBBBBBBBBBBBBBBBBBBBB
CCCCCCCCCCCCCCCCCCCCCCCCC
DDDDDDDDDDDDDDDDDDDDDDDDD
EEEEEEEEEEEEEEEEEEEEEEEEE
FFFFFFFFFFFFFFFFFFFFFFFFF
GGGGGGGGGGGGGGGGGGGGGGGGG
HHHHHHHHHHHHHHHHHHHHHHHHH
IIIIIIIIIIIIIIIIIIIIIIIII
JJJJJJJJJJJJJJJJJJJJJJJJJ
KKKKKKKKKKKKKKKKKKKKKKKKK
LLLLLLLLLLLLLLLLLLLLLLLLL
MMMMMMMMMMMMMMMMMMMMMMMMM
NNNNNNNNNNNNNNNNNNNNNNNNN
OOOOOOOOOOOOOOOOOOOOOOOOO
PPPPPPPPPPPPPPPPPPPPPPPPP
QQQQQQQQQQQQQQQQQQQQQQQQQ
RRRRRRRRRRRRRRRRRRRRRRRRR
SSSSSSSSSSSSSSSSSSSSSSSSS
TTTTTTTTTTTTTTTTTTTTTTTTT
UUUUUUUUUUUUUUUUUUUUUUUUU
VVVVVVVVVVVVVVVVVVVVVVVVV
WWWWWWWWWWWWWWWWWWWWWWWWW
XXXXXXXXXXXXXXXXXXXXXXXXX
YYYYYYYYYYYYYYYYYYYYYYYYY
Case #33:
FFFFFFFFFFFFFFFFFFFFFFFFF
FFFFFFFFFFFFFFFFFFFFFFFFF
FFFFFFFFFFFFFFFFFFFFFFFFF
VCCOAAADDDDDDDDDDGGGGSNNN
VCCOAAADDDDDDDDDDGGGGSNNN
VCCOAAADDDDDDDDDDGGGGSNNN
VCCOAAADDDDDDDDDDGGGGSNNN
VCCOAAADDDDDDDDDDGGGGHNNN
VCCOAAADDDDDDDDDDGGGGHNNN
VCCOAAADDDDDDDDDDQMMMHNNN
VCCOAAAYYYYEEEEEXJMMMHNNN
VCCOAAAYYYYEEEEEXJMMMHNNN
VCCOAAAYYYYEEEEEXJMMMHNNN
VCCWAAAYYYYEEEEEXJMMMHNNN
BBBBAAAYYYYEEEEEXJMMMHNNN
BBBBAAAYYYYEEEEEXJMMMHNNN
BBBBAAAYYYYEEEEEXJMMMHNNN
BBBBAAAYYYYEEEEEXJMMMHNNN
BBBBAAAYYYYEEEEEXJMMMHNNN
TTTTAAAZZLLEEEEEPPPPPPPPP
TTTTAAAZZLLEEEEEPPPPPPPPP
TTTTAAARRRREEEEEPPPPPPPPP
TTTTAAARRRREEEEEPPPPPPPPP
TTTTUUURRRREEEEEPPPPPPPPP
TTTTUUURRRRKIIIIIIIIIIIII
Case #34:
AAAAAAAAAAABBBBBBBBBBBBBB
AAAAAAAAAAABBBBBBBBBBBBBB
AAAAAAAAAAABBBBBBBBBBBBBB
AAAAAAAAAAABBBBBBBBBBBBBB
AAAAAAAAAAABBBBBBBBBBBBBB
AAAAAAAAAAABBBBBBBBBBBBBB
AAAAAAAAAAABBBBBBBBBBBBBB
AAAAAAAAAAABBBBBBBBBBBBBB
AAAAAAAAAAABBBBBBBBBBBBBB
AAAAAAAAAAABBBBBBBBBBBBBB
AAAAAAAAAAABBBBBBBBBBBBBB
AAAAAAAAAAABBBBBBBBBBBBBB
AAAAAAAAAAABBBBBBBBBBBBBB
AAAAAAAAAAABBBBBBBBBBBBBB
AAAAAAAAAAABBBBBBBBBBBBBB
AAAAAAAAAAABBBBBBBBBBBBBB
AAAAAAAAAAABBBBBBBBBBBBBB
AAAAAAAAAAABBBBBBBBBBBBBB
CCCCCCCCCCCBBBBBBBBBBBBBB
CCCCCCCCCCCDDDDDDDDDDDDDD
EEEEEEEEEEEDDDDDDDDDDDDDD
EEEEEEEEEEEDDDDDDDDDDDDDD
EEEEEEEEEEEDDDDDDDDDDDDDD
EEEEEEEEEEEDDDDDDDDDDDDDD
EEEEEEEEEEEDDDDDDDDDDDDDD
Case #35:
AAAAAAAAAAAAAAAAAAAAAAAAA
BBBBBBBBBBBBBBBBBBBBBBBBB
CCCCCCCCCCCCCCCCCCCCCCCCC
DDDDDDDDDDDDDDDDDDDDDDDDD
EEEEEEEEEEEEEEEEEEEEEEEEE
FFFFFFFFFFFFFFFFFFFFFFFFF
GGGGGGGGGGGGGGGGGGGGGGGGG
HHHHHHHHHHHHHHHHHHHHHHHHH
IIIIIIIIIIIIIIIIIIIIIIIII
JJJJJJJJJJJJJJJJJJJJJJJJJ
KKKKKKKKKKKKKKKKKKKKKKKKK
LLLLLLLLLLLLLLLLLLLLLLLLL
MMMMMMMMMMMMMMMMMMMMMMMMM
NNNNNNNNNNNNNNNNNNNNNNNNN
OOOOOOOOOOOOOOOOOOOOOOOOO
PPPPPPPPPPPPPPPPPPPPPPPPP
QQQQQQQQQQQQQQQQQQQQQQQQQ
RRRRRRRRRRRRRRRRRRRRRRRRR
SSSSSSSSSSSSSSSSSSSSSSSSS
TTTTTTTTTTTTTTTTTTTTTTTTT
UUUUUUUUUUUUUUUUUUUUUUUUU
VVVVVVVVVVVVVVVVVVVVVVVVV
WWWWWWWWWWWWWWWWWWWWWWWWW
XXXXXXXXXXXXXXXXXXXXXXXXX
YYYYYYYYYYYYYYYYYYYYYYYYY
Case #36:
AA
AA
Case #37:
AAAAAAAAAAAAABBBBBBBBBBBB
AAAAAAAAAAAAABBBBBBBBBBBB
AAAAAAAAAAAAABBBBBBBBBBBB
AAAAAAAAAAAAABBBBBBBBBBBB
AAAAAAAAAAAAABBBBBBBBBBBB
AAAAAAAAAAAAABBBBBBBBBBBB
AAAAAAAAAAAAABBBBBBBBBBBB
AAAAAAAAAAAAABBBBBBBBBBBB
AAAAAAAAAAAAABBBBBBBBBBBB
AAAAAAAAAAAAABBBBBBBBBBBB
AAAAAAAAAAAAABBBBBBBBBBBB
AAAAAAAAAAAAABBBBBBBBBBBB
AAAAAAAAAAAAABBBBBBBBBBBB
AAAAAAAAAAAAABBBBBBBBBBBB
AAAAAAAAAAAAABBBBBBBBBBBB
CCCCCCCCCCCCCBBBBBBBBBBBB
CCCCCCCCCCCCCDDDDDDDDDDDD
EEEEEEEEEEEEEDDDDDDDDDDDD
EEEEEEEEEEEEEDDDDDDDDDDDD
EEEEEEEEEEEEEDDDDDDDDDDDD
EEEEEEEEEEEEEDDDDDDDDDDDD
EEEEEEEEEEEEEDDDDDDDDDDDD
EEEEEEEEEEEEEDDDDDDDDDDDD
EEEEEEEEEEEEEDDDDDDDDDDDD
EEEEEEEEEEEEEDDDDDDDDDDDD
Case #38:
GGSCCIEEEEEFFZBBBBXAYNNNT
JJJMKKKVRRLLWPDQHHHOONNNU
Case #39:
AAACCCCCCCCCCCCCCCCCCCCCC
AAACCCCCCCCCCCCCCCCCCCCCC
AAACCCCCCCCCCCCCCCCCCCCCC
AAADDEEEEEEEEEEEEEEEEEEEE
AAADDEEEEEEEEEEEEEEEEEEEE
AAADDEEEEEEEEEEEEEEEEEEEE
AAADDEEEEEEEEEEEEEEEEEEEE
BBBDDEEEEEEEEEEEEEEEEEEEE
BBBDDEEEEEEEEEEEEEEEEEEEE
BBBDDEEEEEEEEEEEEEEEEEEEE
BBBDDEEEEEEEEEEEEEEEEEEEE
BBBDDEEEEEEEEEEEEEEEEEEEE
BBBDDEEEEEEEEEEEEEEEEEEEE
BBBDDEEEEEEEEEEEEEEEEEEEE
BBBDDEEEEEEEEEEEEEEEEEEEE
BBBDDEEEEEEEEEEEEEEEEEEEE
BBBDDEEEEEEEEEEEEEEEEEEEE
BBBDDEEEEEEEEEEEEEEEEEEEE
BBBDDEEEEEEEEEEEEEEEEEEEE
BBBDDFFFFFFFFFFFFFFFFGGGG
BBBDDHHHHHHHHHHHHHHHHGGGG
BBBDDHHHHHHHHHHHHHHHHIIII
BBBDDJJJJJJJJJJJJJJJJIIII
BBBDDJJJJJJJJJJJJJJJJIIII
BBBDDJJJJJJJJJJJJJJJJIIII
Case #40:
LLLLEEYIRBBBWWWWWWWWWWWWW
LLLLEEYIRBBBWWWWWWWWWWWWW
LLLLEEYIRBBBWWWWWWWWWWWWW
LLLLEEYIRBBBWWWWWWWWWWWWW
LLLLEEYIRBBBWWWWWWWWWWWWW
LLLLEEYIRBBBWWWWWWWWWWWWW
LLLLEEYIRBBBWWWWWWWWWWWWW
LLLLEEYIRBBBWWWWWWWWWWWWW
LLLLEEYIRBBBWWWWWWWWWWWWW
LLLLEEYIRBBBWWWWWWWWWWWWW
LLLLEEYIRBBBWWWWWWWWWWWWW
LLLLEEYIRBBBWWWWWWWWWWWWW
LLLLEEYIRBBBWWWWWWWWWWWWW
LLLLEEYIRBBBWWWWWWWWWWWWW
LLLLEEVIRBBBWWWWWWWWWWWWW
HHHHHPVIRBBBWWWWWWWWWWWWW
OOOAAAVINBBBWWWWWWWWWWWWW
ZFFAAAVINBBBWWWWWWWWWWWWW
ZFFAAAGGNBBBWWWWWWWWWWWWW
ZFFAAAGGNKJJJJJJJJJJJJJJJ
SSCCCCGGNDDDDDDDDDDDDDDDD
MMCCCCGGNDDDDDDDDDDDDDDDD
MMCCCCGGNDDDDDDDDDDDDDDDD
TTCCCCGGUUXXXXXXXXXXXXXXX
QQQQQQQQQQQQQQQQQQQQQQQQQ
Case #41:
CCCYHHHHHHDDDDDDDDDDDDDDD
CCCYHHHHHHDDDDDDDDDDDDDDD
CCCYHHHHHHDDDDDDDDDDDDDDD
CCCYHHHHHHDDDDDDDDDDDDDDD
CCCRHHHHHHDDDDDDDDDDDDDDD
EETBHHHHHHDDDDDDDDDDDDDDD
EENBXGLLLLDDDDDDDDDDDDDDD
ZZNWQGLLLLDDDDDDDDDDDDDDD
PPPPQGSSJMDDDDDDDDDDDDDDD
PPPPQGSSJKDDDDDDDDDDDDDDD
PPPPQGSSJKDDDDDDDDDDDDDDD
PPPPQGSSJKIIIIIIIIIIIIIII
PPPPQGSSJOIIIIIIIIIIIIIII
FFFFFGSSJOIIIIIIIIIIIIIII
FFFFFGUUJOIIIIIIIIIIIIIII
AAAAAAAAAAAAAAAAAAAAAAAAA
AAAAAAAAAAAAAAAAAAAAAAAAA
AAAAAAAAAAAAAAAAAAAAAAAAA
VVVVVVVVVVVVVVVVVVVVVVVVV
VVVVVVVVVVVVVVVVVVVVVVVVV
VVVVVVVVVVVVVVVVVVVVVVVVV
VVVVVVVVVVVVVVVVVVVVVVVVV
VVVVVVVVVVVVVVVVVVVVVVVVV
VVVVVVVVVVVVVVVVVVVVVVVVV
VVVVVVVVVVVVVVVVVVVVVVVVV
Case #42:
AAAAAAAAAAAAAAAAAAAAAAAAA
AAAAAAAAAAAAAAAAAAAAAAAAA
AAAAAAAAAAAAAAAAAAAAAAAAA
AAAAAAAAAAAAAAAAAAAAAAAAA
AAAAAAAAAAAAAAAAAAAAAAAAA
AAAAAAAAAAAAAAAAAAAAAAAAA
AAAAAAAAAAAAAAAAAAAAAAAAA
AAAAAAAAAAAAAAAAAAAAAAAAA
AAAAAAAAAAAAAAAAAAAAAAAAA
AAAAAAAAAAAAAAAAAAAAAAAAA
AAAAAAAAAAAAAAAAAAAAAAAAA
AAAAAAAAAAAAAAAAAAAAAAAAA
AAAAAAAAAAAAAAAAAAAAAAAAA
AAAAAAAAAAAAAAAAAAAAAAAAA
AAAAAAAAAAAAAAAAAAAAAAAAA
AAAAAAAAAAAAAAAAAAAAAAAAA
AAAAAAAAAAAAAAAAAAAAAAAAA
AAAAAAAAAAAAAAAAAAAAAAAAA
AAAAAAAAAAAAAAAAAAAAAAAAA
AAAAAAAAAAAAAAAAAAAAAAAAA
AAAAAAAAAAAAAAAAAAAAAAAAA
AAAAAAAAAAAAAAAAAAAAAAAAA
AAAAAAAAAAAAAAAAAAAAAAAAA
AAAAAAAAAAAAAAAAAAAAAAAAA
AAAAAAAAAAAAAAAAAAAAAAAAA
Case #43:
AACBB
AACBB
AACBB
AACBB
AACBB
Case #44:
AAAAAAAAAAAAAAAAAAAAAAAAA
AAAAAAAAAAAAAAAAAAAAAAAAA
AAAAAAAAAAAAAAAAAAAAAAAAA
AAAAAAAAAAAAAAAAAAAAAAAAA
AAAAAAAAAAAAAAAAAAAAAAAAA
AAAAAAAAAAAAAAAAAAAAAAAAA
AAAAAAAAAAAAAAAAAAAAAAAAA
AAAAAAAAAAAAAAAAAAAAAAAAA
AAAAAAAAAAAAAAAAAAAAAAAAA
AAAAAAAAAAAAAAAAAAAAAAAAA
JJUFFFFFFFFFFFFFFFFFFFFFF
TEEFFFFFFFFFFFFFFFFFFFFFF
CEEFFFFFFFFFFFFFFFFFFFFFF
QEEGGGGGGGGGGGGGGGGGGGGGG
KLLZMPPPPPPPPPPPPPPPPPPPP
KDNBMYRRRRRRRRRRRRRRRRRRR
KDIIXXRRRRRRRRRRRRRRRRRRR
KDVVVVRRRRRRRRRRRRRRRRRRR
SOWHHHHHHHHHHHHHHHHHHHHHH
SOWHHHHHHHHHHHHHHHHHHHHHH
SOWHHHHHHHHHHHHHHHHHHHHHH
SOWHHHHHHHHHHHHHHHHHHHHHH
SOWHHHHHHHHHHHHHHHHHHHHHH
SOWHHHHHHHHHHHHHHHHHHHHHH
SOWHHHHHHHHHHHHHHHHHHHHHH
Case #45:
ACCCCCCCCCCCCCCCCCCCCCCCC
ACCCCCCCCCCCCCCCCCCCCCCCC
ACCCCCCCCCCCCCCCCCCCCCCCC
ACCCCCCCCCCCCCCCCCCCCCCCC
ACCCCCCCCCCCCCCCCCCCCCCCC
ADDEEEEEEEEEEEEEEEEEEEEEE
ADDEEEEEEEEEEEEEEEEEEEEEE
ADDEEEEEEEEEEEEEEEEEEEEEE
ADDEEEEEEEEEEEEEEEEEEEEEE
BDDEEEEEEEEEEEEEEEEEEEEEE
BDDEEEEEEEEEEEEEEEEEEEEEE
BDDEEEEEEEEEEEEEEEEEEEEEE
BDDEEEEEEEEEEEEEEEEEEEEEE
BDDEEEEEEEEEEEEEEEEEEEEEE
BDDEEEEEEEEEEEEEEEEEEEEEE
BDDEEEEEEEEEEEEEEEEEEEEEE
BDDEEEEEEEEEEEEEEEEEEEEEE
BDDEEEEEEEEEEEEEEEEEEEEEE
BDDEEEEEEEEEEEEEEEEEEEEEE
BDDEEEEEEEEEEEEEEEEEEEEEE
BDDEEEEEEEEEEEEEEEEEEEEEE
BDDEEEEEEEEEEEEEEEEEEEEEE
BDDEEEEEEEEEEEEEEEEEEEEEE
BDDEEEEEEEEEEEEEEEEEEEEEE
BDDEEEEEEEEEEEEEEEEEEEEEE
Case #46:
DDDDDCCCCCCCEEEEEEBBBBBBB
DDDDDCCCCCCCEEEEEEBBBBBBB
DDDDDCCCCCCCEEEEEEBBBBBBB
DDDDDCCCCCCCEEEEEEBBBBBBB
DDDDDCCCCCCCEEEEEEBBBBBBB
DDDDDCCCCCCCEEEEEELLLLLLL
DDDDDCCCCCCCFFFFFFFFFFFFF
DDDDDCCCCCCCFFFFFFFFFFFFF
DDDDDCCCCCCCGGGGGGGGGGGGM
DDDDDCCCCCCCGGGGGGGGGGGGM
HHHHHCCCCCCCGGGGGGGGGGGGM
VVVUUCCCCCCCTKKKKKKKKKSSM
VVVUUCCCCCCCTKKKKKKKKKSSM
VVVUUCCCCCCCTKKKKKKKKKRRM
VVVUUCCCCCCCNNNAOOOOOORRM
VVVUUCCCCCCCNNNAIIIWWWRRM
QQQQQQQZZZZZNNNAIIIWWWRRM
QQQQQQQZZZZZNNNAIIIWWWRRM
QQQQQQQZZZZZNNNAIIIWWWRRM
QQQQQQQXXXXXXXXXXPPPPPPPM
QQQQQQQXXXXXXXXXXPPPPPPPM
QQQQQQQXXXXXXXXXXPPPPPPPM
QQQQQQQXXXXXXXXXXYYYYYYYM
JJJJJJJJJJJJJJJJJJJJJJJJJ
JJJJJJJJJJJJJJJJJJJJJJJJJ
Case #47:
XXXXXXXXXZINNVDDDDDDDTAGG
XXXXXXXXXZINNVDDDDDDDTAGG
XXXXXXXXXZINNVDDDDDDDTAGG
XXXXXXXXXHINNVDDDDDDDTAGG
XXXXXXXXXHINNVDDDDDDDTAGG
XXXXXXXXXHIFFFFFFLCCJJAGG
XXXXXXXXXHIFFFFFFLCCJJAGG
XXXXXXXXXHIFFFFFFLCCJJAGG
XXXXXXXXXHIFFFFFFLCCJJAGG
XXXXXXXXXHIFFFFFFLCCJJAGG
YYUUUKKKKHIFFFFFFLCCJJAGG
YYUUUKKKKHIFFFFFFLCCJJAGG
YYUUUKKKKHIFFFFFFLCCJJAGG
YYUUUKKKKHIFFFFFFLCCJJAGG
BBBBBKKKKHIOOOOPMMCCJJAGG
BBBBBKKKKHIOOOOPMMCCJJAGG
BBBBBKKKKHIOOOOPMMCCJJAGG
BBBBBKKKKHIOOOOPMMCCJJAGG
BBBBBKKKKHIOOOOPMMCCJJAGG
SSSSSKKKKHIOOOOPMMCCJJWGG
RRRRRRRRRRRRRRRRRECCJJQGG
RRRRRRRRRRRRRRRRRECCJJQGG
RRRRRRRRRRRRRRRRRECCJJQGG
RRRRRRRRRRRRRRRRRECCJJQGG
RRRRRRRRRRRRRRRRRECCJJQGG
Case #48:
BBBB
AAAA
AAAA
AAAA
Case #49:
HHHFFBBBVVCCSSSSIIIWEEEEE
HHHFFBBBVVCCSSSSIIIWEEEEE
HHHFFBBBVVCCSSSSIIIWEEEEE
HHHFFBBBVVCCSSSSIIIAEEEEE
HHHFFBBBVVCCSSSSIIIAEEEEE
YMLFFBBBVVCCSSSSIIIAEEEEE
YMLFFBBBGGCCSSSSIIIAJJJJJ
YMLFFBBBGGCCSSSSIIIAJJJJJ
YMLFFBBBGGCCDDDTIIIAORKKK
QQLFFBBBGGCCDDDTIIIAORXXX
QQLFFBBBGGCCDDDTIIIAORXXX
QQLFFBBBGGCCDDDTIIIAORXXX
QQLFFBBBGGCCDDDTIIIAORXXX
QQLFFBBBGGCCDDDTIIIAORXXX
QQLFFBBBGGCCDDDTIIIAORXXX
QQLFFBBBGGCCDDDTIIIAORXXX
QQLFFBBBGGCCDDDTIIIAORXXX
QQLFFBBBGGCCDDDTIIIAORXXX
QQLFFBBBGGCCDDDTIIIAORXXX
QQLFFBBBGGCCDDDTIIIAORXXX
QQLFFBBBGGCCDDDTIIIAORXXX
QQLFFBBBGGCCDDDTIIIAORXXX
QQLFFBBBGGCCDDDTIIIAORXXX
QQLFFBBBZNNPDDDTIIIAORXXX
QQLFFBBBUUUUUUUTIIIAORXXX
Case #50:
LRAAKSFYIIIIIIIIIIIIIIIII
LRAAKSFYIIIIIIIIIIIIIIIII
LRAAKSFYIIIIIIIIIIIIIIIII
LRAAKSFYIIIIIIIIIIIIIIIII
LRAAKSFYIIIIIIIIIIIIIIIII
LRAAKSFYIIIIIIIIIIIIIIIII
LRAAKSFYIIIIIIIIIIIIIIIII
LRAAKSFYIIIIIIIIIIIIIIIII
LRAAKSFYIIIIIIIIIIIIIIIII
LRAAKSFYIIIIIIIIIIIIIIIII
LRAAKSFYIIIIIIIIIIIIIIIII
LRAAKSFYIIIIIIIIIIIIIIIII
LVAAKSFYIIIIIIIIIIIIIIIII
LVAAKSFYIIIIIIIIIIIIIIIII
LXAAKSFYIIIIIIIIIIIIIIIII
LBAAKSFYIIIIIIIIIIIIIIIII
LBAAKJFYIIIIIIIIIIIIIIIII
LBPPMJFYIIIIIIIIIIIIIIIII
GBDDDJFYIIIIIIIIIIIIIIIII
GBDDDZFYIIIIIIIIIIIIIIIII
GBDDDQQQIIIIIIIIIIIIIIIII
GBDDDQQQIIIIIIIIIIIIIIIII
GBTTTQQQNEEEEEEEEEEEEEEEE
GUWCCQQQHHHHHHHHHHHHHHHHH
GOOOOOOOHHHHHHHHHHHHHHHHH
Case #51:
JGBKEDDICCFLHHHMAAAAAAAAA
Case #52:
AAAAAAAAAAAAAAAAAAAAAAAAA
BBBBBBBBBBBBBBBBBBBBBBBBB
CCCCCCCCCCCCCCCCCCCCCCCCC
DDDDDDDDDDDDDDDDDDDDDDDDD
EEEEEEEEEEEEEEEEEEEEEEEEE
FFFFFFFFFFFFFFFFFFFFFFFFF
GGGGGGGGGGGGGGGGGGGGGGGGG
HHHHHHHHHHHHHHHHHHHHHHHHH
IIIIIIIIIIIIIIIIIIIIIIIII
JJJJJJJJJJJJJJJJJJJJJJJJJ
KKKKKKKKKKKKKKKKKKKKKKKKK
LLLLLLLLLLLLLLLLLLLLLLLLL
MMMMMMMMMMMMMMMMMMMMMMMMM
NNNNNNNNNNNNNNNNNNNNNNNNN
OOOOOOOOOOOOOOOOOOOOOOOOO
PPPPPPPPPPPPPPPPPPPPPPPPP
QQQQQQQQQQQQQQQQQQQQQQQQQ
RRRRRRRRRRRRRRRRRRRRRRRRR
SSSSSSSSSSSSSSSSSSSSSSSSS
TTTTTTTTTTTTTTTTTTTTTTTTT
UUUUUUUUUUUUUUUUUUUUUUUUU
VVVVVVVVVVVVVVVVVVVVVVVVV
WWWWWWWWWWWWWWWWWWWWWWWWW
XXXXXXXXXXXXXXXXXXXXXXXXX
YYYYYYYYYYYYYYYYYYYYYYYYY
Case #53:
GGGGKHHHHHWCCCCCCCCCCCCCC
GGGGKHHHHHWCCCCCCCCCCCCCC
GGGGKHHHHHWCCCCCCCCCCCCCC
GGGGKHHHHHWCCCCCCCCCCCCCC
GGGGKHHHHHWCCCCCCCCCCCCCC
GGGGKHHHHHWCCCCCCCCCCCCCC
GGGGKHHHHHWCCCCCCCCCCCCCC
GGGGKHHHHHWCCCCCCCCCCCCCC
GGGGKHHHHHWCCCCCCCCCCCCCC
GGGGKHHHHHWCCCCCCCCCCCCCC
GGGGJHHHHHWCCCCCCCCCCCCCC
GGGGJHHHHHWCCCCCCCCCCCCCC
GGGGJHHHHHWCCCCCCCCCCCCCC
GGGGJHHHHHWCCCCCCCCCCCCCC
OOOLJHHHHHWCCCCCCCCCCCCCC
OOOLJHHHHHWCCCCCCCCCCCCCC
OOOLJHHHHHWCCCCCCCCCCCCCC
QQALJNBBIPFCCCCCCCCCCCCCC
QQALJSBBIPFCCCCCCCCCCCCCC
QQAUJDBBIPFCCCCCCCCCCCCCC
VVXZJDEEEEECCCCCCCCCCCCCC
MMMRJDEEEEECCCCCCCCCCCCCC
YYYRJDEEEEECCCCCCCCCCCCCC
YYYRJTEEEEECCCCCCCCCCCCCC
YYYRJTEEEEECCCCCCCCCCCCCC
Case #54:
IIIIOBBBBANNNNNNNNNNNNNCC
IIIIOBBBBANNNNNNNNNNNNNCC
IIIIOBBBBANNNNNNNNNNNNNCC
IIIIORDDEAGGGGGGGGGGGGGGG
IIIIOPDDEAQHHHHHXKKKKTTTT
SSSSOPDDEAQHHHHHFKKKKTTTT
SSSSOPDDEAQHHHHHFKKKKTTTT
SSSSOPDDEAQUJJJJFKKKKTTTT
SSSSOPDDEAQUJJJJFKKKKTTTT
SSSSOPDDEAQUJJJJFKKKKTTTT
SSSSOPDDEAQUJJJJFKKKKTTTT
SSSSOPDDEAQUJJJJFKKKKTTTT
SSSSOPDDEAQUJJJJFKKKKTTTT
SSSSOPDDEAQUJJJJFKKKKTTTT
SSSSOPDDEAQUJJJJFKKKKTTTT
SSSSOPDDEAQUJJJJFKKKKTTTT
SSSSOPDDEAQUJJJJFKKKKTTTT
SSSSOPDDEAQVJJJJFKKKKTTTT
SSSSOPDDEAQVJJJJFKKKKTTTT
SSSSOWDDEAQVJJJJFKKKKTTTT
SSSSZWDDEAQVJJJJFKKKKTTTT
SSSSYYYYYYYYJJJJFKKKKTTTT
LLLLLLLLLLLLJJJJFKKKKTTTT
LLLLLLLLLLLLMMMMFKKKKTTTT
LLLLLLLLLLLLMMMMFKKKKTTTT
Case #55:
AAAAAAAAAAAAAAAAAAAAAAAAB
AAAAAAAAAAAAAAAAAAAAAAAAB
AAAAAAAAAAAAAAAAAAAAAAAAB
AAAAAAAAAAAAAAAAAAAAAAAAB
AAAAAAAAAAAAAAAAAAAAAAAAB
AAAAAAAAAAAAAAAAAAAAAAAAB
AAAAAAAAAAAAAAAAAAAAAAAAB
AAAAAAAAAAAAAAAAAAAAAAAAB
AAAAAAAAAAAAAAAAAAAAAAAAB
AAAAAAAAAAAAAAAAAAAAAAAAB
CCCCCCCCCCCCCCCCCCCCCCCCB
CCCCCCCCCCCCCCCCCCCCCCCCD
EEEEEEEEEEEEEEEEEEEEEEEED
EEEEEEEEEEEEEEEEEEEEEEEED
EEEEEEEEEEEEEEEEEEEEEEEED
EEEEEEEEEEEEEEEEEEEEEEEED
EEEEEEEEEEEEEEEEEEEEEEEED
EEEEEEEEEEEEEEEEEEEEEEEED
EEEEEEEEEEEEEEEEEEEEEEEED
EEEEEEEEEEEEEEEEEEEEEEEED
EEEEEEEEEEEEEEEEEEEEEEEED
EEEEEEEEEEEEEEEEEEEEEEEED
EEEEEEEEEEEEEEEEEEEEEEEED
EEEEEEEEEEEEEEEEEEEEEEEED
EEEEEEEEEEEEEEEEEEEEEEEED
Case #56:
BBBBBBBBBBBBBBBBBBBBBBBFX
BBBBBBBBBBBBBBBBBBBBBBBFX
BBBBBBBBBBBBBBBBBBBBBBBFX
BBBBBBBBBBBBBBBBBBBBBBBAA
BBBBBBBBBBBBBBBBBBBBBBBTS
NNNNNNNNNNNNNNNNNNNCRVZQO
NNNNNNNNNNNNNNNNNNNCKEEMO
NNNNNNNNNNNNNNNNNNNCKEEMO
NNNNNNNNNNNNNNNNNNNYKEEMP
NNNNNNNNNNNNNNNNNNNWWWJJD
HHHHHHHHHHHHHHHHHHHHHHHUD
HHHHHHHHHHHHHHHHHHHHHHHGL
HHHHHHHHHHHHHHHHHHHHHHHGI
HHHHHHHHHHHHHHHHHHHHHHHGI
HHHHHHHHHHHHHHHHHHHHHHHGI
HHHHHHHHHHHHHHHHHHHHHHHGI
HHHHHHHHHHHHHHHHHHHHHHHGI
HHHHHHHHHHHHHHHHHHHHHHHGI
HHHHHHHHHHHHHHHHHHHHHHHGI
HHHHHHHHHHHHHHHHHHHHHHHGI
HHHHHHHHHHHHHHHHHHHHHHHGI
HHHHHHHHHHHHHHHHHHHHHHHGI
HHHHHHHHHHHHHHHHHHHHHHHGI
HHHHHHHHHHHHHHHHHHHHHHHGI
HHHHHHHHHHHHHHHHHHHHHHHGI
Case #57:
AAA
AAA
AAA
AAA
AAA
Case #58:
ABCDEFGHIJKLMNOPQRSTUVWXY
ABCDEFGHIJKLMNOPQRSTUVWXY
ABCDEFGHIJKLMNOPQRSTUVWXY
ABCDEFGHIJKLMNOPQRSTUVWXY
ABCDEFGHIJKLMNOPQRSTUVWXY
ABCDEFGHIJKLMNOPQRSTUVWXY
ABCDEFGHIJKLMNOPQRSTUVWXY
ABCDEFGHIJKLMNOPQRSTUVWXY
ABCDEFGHIJKLMNOPQRSTUVWXY
ABCDEFGHIJKLMNOPQRSTUVWXY
ABCDEFGHIJKLMNOPQRSTUVWXY
ABCDEFGHIJKLMNOPQRSTUVWXY
ABCDEFGHIJKLMNOPQRSTUVWXY
ABCDEFGHIJKLMNOPQRSTUVWXY
ABCDEFGHIJKLMNOPQRSTUVWXY
ABCDEFGHIJKLMNOPQRSTUVWXY
ABCDEFGHIJKLMNOPQRSTUVWXY
ABCDEFGHIJKLMNOPQRSTUVWXY
ABCDEFGHIJKLMNOPQRSTUVWXY
ABCDEFGHIJKLMNOPQRSTUVWXY
ABCDEFGHIJKLMNOPQRSTUVWXY
ABCDEFGHIJKLMNOPQRSTUVWXY
ABCDEFGHIJKLMNOPQRSTUVWXY
ABCDEFGHIJKLMNOPQRSTUVWXY
ABCDEFGHIJKLMNOPQRSTUVWXY
Case #59:
JJJJJJJJJJHMMMXPPPPPPPVVV
JJJJJJJJJJHMMMXPPPPPPPVVV
JJJJJJJJJJHMMMXPPPPPPPVVV
WWKKKEDDDDHMMMXPPPPPPPVVV
NNKKKEDDDDHMMMXPPPPPPPVVV
NNKKKEDDDDHMMMXPPPPPPPVVV
NNKKKEDDDDHMMMXPPPPPPPVVV
NNKKKEDDDDHMMMXPPPPPPPVVV
NNKKKEDDDDHMMMXPPPPPPPVVV
NNKKKEDDDDHMMMXPPPPPPPZZZ
NNKKKEDDDDHUUUUPPPPPPPFFF
NNQQQEDDDDHAAAAARLLLLTFFF
NNQQQEDDDDHAAAAARLLLLTFFF
NNQQQEDDDDHAAAAARLLLLTFFF
NNQQQEDDDDHAAAAARLLLLTFFF
NNQQQEDDDDOAAAAARLLLLTFFF
NNQQQEDDDDIAAAAARLLLLTFFF
NNQQQEDDDDIAAAAARLLLLTFFF
NNQQQEDDDDIAAAAARLLLLTFFF
NNQQQEDDDDIAAAAACLLLLTFFF
NNQQQEDDDDIAAAAACLLLLTFFF
NNQQQEDDDDIBBBBBCSSSSSFFF
NNQQQEDDDDIBBBBBCYYYYYFFF
NNQQQEDDDDGBBBBBCYYYYYFFF
NNQQQEDDDDGBBBBBCYYYYYFFF
Case #60:
AAAAAAAAAAAACCCCCCCCCCCCC
AAAAAAAAAAAACCCCCCCCCCCCC
AAAAAAAAAAAACCCCCCCCCCCCC
AAAAAAAAAAAACCCCCCCCCCCCC
AAAAAAAAAAAACCCCCCCCCCCCC
AAAAAAAAAAAACCCCCCCCCCCCC
AAAAAAAAAAAACCCCCCCCCCCCC
AAAAAAAAAAAADDEEEEEEEEEEE
AAAAAAAAAAAADDEEEEEEEEEEE
AAAAAAAAAAAADDEEEEEEEEEEE
AAAAAAAAAAAADDEEEEEEEEEEE
BBBBBBBBBBBBDDEEEEEEEEEEE
BBBBBBBBBBBBDDEEEEEEEEEEE
BBBBBBBBBBBBDDEEEEEEEEEEE
BBBBBBBBBBBBDDEEEEEEEEEEE
BBBBBBBBBBBBDDEEEEEEEEEEE
BBBBBBBBBBBBDDEEEEEEEEEEE
BBBBBBBBBBBBDDEEEEEEEEEEE
BBBBBBBBBBBBDDEEEEEEEEEEE
BBBBBBBBBBBBDDEEEEEEEEEEE
BBBBBBBBBBBBDDEEEEEEEEEEE
BBBBBBBBBBBBDDEEEEEEEEEEE
BBBBBBBBBBBBDDEEEEEEEEEEE
BBBBBBBBBBBBDDEEEEEEEEEEE
BBBBBBBBBBBBDDEEEEEEEEEEE
Case #61:
AAAA
AAAA
BBBB
Case #62:
GGGGGGGGGGGGGBOKMMMEEEEEE
GGGGGGGGGGGGGBOKMMMEEEEEE
GGGGGGGGGGGGGBOKMMMEEEEEE
GGGGGGGGGGGGGBOKMMMEEEEEE
GGGGGGGGGGGGGBOKMMMEEEEEE
GGGGGGGGGGGGGBOKMMMEEEEEE
GGGGGGGGGGGGGBOKMMMEEEEEE
GGGGGGGGGGGGGBOKMMMEEEEEE
GGGGGGGGGGGGGBOKMMMEEEEEE
GGGGGGGGGGGGGBOKMMMEEEEEE
GGGGGGGGGGGGGBOKMMMEEEEEE
GGGGGGGGGGGGGBFKMMMEEEEEE
GGGGGGGGGGGGGBFKMMMEEEEEE
JJJJJJJJJJJJJBFKMMMEEEEEE
LLLLLLLLLLLUYBFKWXVEEEEEE
SSSSSSSSPPPHHBFKWCVEEEEEE
QQQQQQQQPPPHHBFKWCVEEEEEE
QQQQQQQQPPPZABFKWCDDDDDDD
NNNNNNNNNNNNABFKTCDDDDDDD
NNNNNNNNNNNNABFKTRDDDDDDD
IIIIIIIIIIIIIIFKTRDDDDDDD
IIIIIIIIIIIIIIFKTRDDDDDDD
IIIIIIIIIIIIIIFKTRDDDDDDD
IIIIIIIIIIIIIIFKTRDDDDDDD
IIIIIIIIIIIIIIFKTRDDDDDDD
Case #63:
HHHHHHHHHZMMMMMMMMMMMMMMM
HHHHHHHHHQQQQQDDDDDDDUEEE
HHHHHHHHHQQQQQDDDDDDDUEEE
HHHHHHHHHQQQQQDDDDDDDUEEE
HHHHHHHHHQQQQQDDDDDDDUEEE
HHHHHHHHHKKKKKKKKKKKKKEEE
HHHHHHHHHKKKKKKKKKKKKKEEE
HHHHHHHHHGGGGGGGGGGGGGEEE
HHHHHHHHHGGGGGGGGGGGGGEEE
HHHHHHHHHGGGGGGGGGGGGGEEE
HHHHHHHHHROOOOOOOOOOOOEEE
HHHHHHHHHROOOOOOOOOOOOEEE
PPPPPPPPPPTBJJJJJJJJXXEEE
PPPPPPPPPPCBJJJJJJJJVVEEE
SIIIIIIIIICBJJJJJJJJVVEEE
FIIIIIIIIICBNNNNNNNNNNEEE
FIIIIIIIIICBLLLLLLLLLLEEE
FIIIIIIIIICBLLLLLLLLLLEEE
FAAAAAAAAAAALLLLLLLLLLEEE
FYYYYYYYYYYYLLLLLLLLLLEEE
FYYYYYYYYYYYLLLLLLLLLLEEE
FYYYYYYYYYYYLLLLLLLLLLEEE
FWWWWWWWWWWWWWWWWWWWWWEEE
FWWWWWWWWWWWWWWWWWWWWWEEE
FWWWWWWWWWWWWWWWWWWWWWEEE
Case #64:
EEEEEEEEEEEEEEECCHHHHAAAA
EEEEEEEEEEEEEEECCFFFIAAAA
EEEEEEEEEEEEEEECCFFFBBBBB
EEEEEEEEEEEEEEECCFFFBBBBB
EEEEEEEEEEEEEEECCFFFBBBBB
KKKKKKKKKKTPPPPCCFFFBBBBB
MMMMMMLLLLLPPPPCCFFFBBBBB
MMMMMMLLLLLPPPPCCFFFBBBBB
MMMMMMLLLLLPPPPCCFFFDDDDD
ZGGGGNLLLLLPPPPCCFFFVSSXR
WGGGGNLLLLLPPPPCCFFFQSSXR
WGGGGNLLLLLPPPPCCFFFQSSXR
WGGGGNLLLLLPPPPCCFFFQSSXR
YGGGGNLLLLLPPPPCCFFFQSSXR
YGGGGNLLLLLPPPPCCFFFQSSXR
OOOOOOOOOOOOOOOCCFFFQSSXR
OOOOOOOOOOOOOOOCCFFFQSSXR
OOOOOOOOOOOOOOOCCFFFQSSXR
OOOOOOOOOOOOOOOCCFFFQSSXR
OOOOOOOOOOOOOOOCCFFFQSSXR
OOOOOOOOOOOOOOOCCFFFQSSXR
OOOOOOOOOOOOOOOCCFFFQSSXR
OOOOOOOOOOOOOOOCCFFFQSSXR
OOOOOOOOOOOOOOOCCFFFQSSXR
UUUUUUUUUUUUUUJJJJJJJJJJJ
Case #65:
AAAAAAAAAAAAAAAAAAAAAAAAA
BBBBBBBBBBBBBBBBBBBBBBBBB
CCCCCCCCCCCCCCCCCCCCCCCCC
DDDDDDDDDDDDDDDDDDDDDDDDD
EEEEEEEEEEEEEEEEEEEEEEEEE
FFFFFFFFFFFFFFFFFFFFFFFFF
GGGGGGGGGGGGGGGGGGGGGGGGG
HHHHHHHHHHHHHHHHHHHHHHHHH
IIIIIIIIIIIIIIIIIIIIIIIII
JJJJJJJJJJJJJJJJJJJJJJJJJ
KKKKKKKKKKKKKKKKKKKKKKKKK
LLLLLLLLLLLLLLLLLLLLLLLLL
MMMMMMMMMMMMMMMMMMMMMMMMM
NNNNNNNNNNNNNNNNNNNNNNNNN
OOOOOOOOOOOOOOOOOOOOOOOOO
PPPPPPPPPPPPPPPPPPPPPPPPP
QQQQQQQQQQQQQQQQQQQQQQQQQ
RRRRRRRRRRRRRRRRRRRRRRRRR
SSSSSSSSSSSSSSSSSSSSSSSSS
TTTTTTTTTTTTTTTTTTTTTTTTT
UUUUUUUUUUUUUUUUUUUUUUUUU
VVVVVVVVVVVVVVVVVVVVVVVVV
WWWWWWWWWWWWWWWWWWWWWWWWW
XXXXXXXXXXXXXXXXXXXXXXXXX
YYYYYYYYYYYYYYYYYYYYYYYYY
Case #66:
AAAAAAAAAAAAAAAAAAAAAALLL
MMMMMMMMMMMMMMQKKKKKKKKKK
MMMMMMMMMMMMMMQVVBBBBSNNN
MMMMMMMMMMMMMMIIIBBBBZNNN
MMMMMMMMMMMMMMIIIBBBBDDOO
HHHHHHHHHHHHHHHHHFEEYDDOO
HHHHHHHHHHHHHHHHHFEEYDDOO
HHHHHHHHHHHHHHHHHFEEYDDTJ
HHHHHHHHHHHHHHHHHFXXXDDTJ
HHHHHHHHHHHHHHHHHFRRRRUTJ
HHHHHHHHHHHHHHHHHFRRRRPPJ
HHHHHHHHHHHHHHHHHFRRRRGWJ
HHHHHHHHHHHHHHHHHFRRRRGWJ
HHHHHHHHHHHHHHHHHFRRRRGCC
HHHHHHHHHHHHHHHHHFRRRRGCC
HHHHHHHHHHHHHHHHHFRRRRGCC
HHHHHHHHHHHHHHHHHFRRRRGCC
HHHHHHHHHHHHHHHHHFRRRRGCC
HHHHHHHHHHHHHHHHHFRRRRGCC
HHHHHHHHHHHHHHHHHFRRRRGCC
HHHHHHHHHHHHHHHHHFRRRRGCC
HHHHHHHHHHHHHHHHHFRRRRGCC
HHHHHHHHHHHHHHHHHFRRRRGCC
HHHHHHHHHHHHHHHHHFRRRRGCC
HHHHHHHHHHHHHHHHHFRRRRGCC
Case #67:
ABCDEFGHIJKLMNOPQRSTUVWXY
ABCDEFGHIJKLMNOPQRSTUVWXY
ABCDEFGHIJKLMNOPQRSTUVWXY
ABCDEFGHIJKLMNOPQRSTUVWXY
ABCDEFGHIJKLMNOPQRSTUVWXY
ABCDEFGHIJKLMNOPQRSTUVWXY
ABCDEFGHIJKLMNOPQRSTUVWXY
ABCDEFGHIJKLMNOPQRSTUVWXY
ABCDEFGHIJKLMNOPQRSTUVWXY
ABCDEFGHIJKLMNOPQRSTUVWXY
ABCDEFGHIJKLMNOPQRSTUVWXY
ABCDEFGHIJKLMNOPQRSTUVWXY
ABCDEFGHIJKLMNOPQRSTUVWXY
ABCDEFGHIJKLMNOPQRSTUVWXY
ABCDEFGHIJKLMNOPQRSTUVWXY
ABCDEFGHIJKLMNOPQRSTUVWXY
ABCDEFGHIJKLMNOPQRSTUVWXY
ABCDEFGHIJKLMNOPQRSTUVWXY
ABCDEFGHIJKLMNOPQRSTUVWXY
ABCDEFGHIJKLMNOPQRSTUVWXY
ABCDEFGHIJKLMNOPQRSTUVWXY
ABCDEFGHIJKLMNOPQRSTUVWXY
ABCDEFGHIJKLMNOPQRSTUVWXY
ABCDEFGHIJKLMNOPQRSTUVWXY
ABCDEFGHIJKLMNOPQRSTUVWXY
Case #68:
BBBBBBEEEEECHHHHHHHHHHHHH
BBBBBBEEEEECHHHHHHHHHHHHH
BBBBBBEEEEECHHHHHHHHHHHHH
BBBBBBEEEEECHHHHHHHHHHHHH
BBBBBBEEEEECHHHHHHHHHHHHH
BBBBBBEEEEECHHHHHHHHHHHHH
BBBBBBEEEEECHHHHHHHHHHHHH
BBBBBBEEEEECHHHHHHHHHHHHH
BBBBBBEEEEECHHHHHHHHHHHHH
BBBBBBEEEEECHHHHHHHHHHHHH
BBBBBBEEEEECHHHHHHHHHHHHH
BBBBBBEEEEECHHHHHHHHHHHHH
BBBBBBEEEEECHHHHHHHHHHHHH
BBBBBBEEEEECHHHHHHHHHHHHH
BBBBBBEEEEECHHHHHHHHHHHHH
BBBBBBEEEEECHHHHHHHHHHHHH
BBBBBBEEEEECHHHHHHHHHHHHH
BBBBBBVVVIICHHHHHHHHHHHHH
BBBBBBMMMXACHHHHHHHHHHHHH
BBBBBBWSFFACKKKKKKKKKKKKK
NNNNNNQZFFACPRYYYYYYYYYYY
UUUUUUJJGLACPRYYYYYYYYYYY
OOOOOOOODDDCPRYYYYYYYYYYY
OOOOOOOODDDCPRYYYYYYYYYYY
OOOOOOOOTTTCPRYYYYYYYYYYY
Case #69:
IIIIIIDDDDDDDDCCCCNLLLLLL
IIIIIIDDDDDDDDCCCCNLLLLLL
IIIIIIDDDDDDDDCCCCNLLLLLL
IIIIIIDDDDDDDDCCCCNLLLLLL
HHHHHHHHOFGGGTCCCCNLLLLLL
HHHHHHHHOFGGGTCCCCNLLLLLL
HHHHHHHHOFGGGTCCCCJJJJJUS
HHHHHHHHOFGGGTCCCCJJJJJUS
HHHHHHHHOFGGGTCCCCJJJJJUS
HHHHHHHHOFGGGTCCCCJJJJJUS
HHHHHHHHOFGGGPPPPPPPBBQQS
HHHHHHHHOFRRRPPPPPPPBBQQS
WWWWWWWWOFEEEPPPPPPPBBQQS
WWWWWWWWOFEEEPPPPPPPBBQQS
WWWWWWWWOFEEEPPPPPPPBBQQS
WWWWWWWWOFEEEPPPPPPPBBQQS
KKKKKKKKKKEEEPPPPPPPBBVVS
KKKKKKKKKKEEEPPPPPPPBBVVS
KKKKKKKKKKEEEPPPPPPPBBVVS
KKKKKKKKKKEEEPPPPPPPBBVVS
KKKKKKKKKKEEEPPPPPPPBBXMM
KKKKKKKKKKEEEYYYYYYYBBZMM
KKKKKKKKKKEEEYYYYYYYBBAMM
KKKKKKKKKKEEEYYYYYYYBBAMM
KKKKKKKKKKEEEYYYYYYYBBAMM
Case #70:
ABCDEFGHIJKLMNOPQRSTUVWXY
ABCDEFGHIJKLMNOPQRSTUVWXY
ABCDEFGHIJKLMNOPQRSTUVWXY
ABCDEFGHIJKLMNOPQRSTUVWXY
ABCDEFGHIJKLMNOPQRSTUVWXY
ABCDEFGHIJKLMNOPQRSTUVWXY
ABCDEFGHIJKLMNOPQRSTUVWXY
ABCDEFGHIJKLMNOPQRSTUVWXY
ABCDEFGHIJKLMNOPQRSTUVWXY
ABCDEFGHIJKLMNOPQRSTUVWXY
ABCDEFGHIJKLMNOPQRSTUVWXY
ABCDEFGHIJKLMNOPQRSTUVWXY
ABCDEFGHIJKLMNOPQRSTUVWXY
ABCDEFGHIJKLMNOPQRSTUVWXY
ABCDEFGHIJKLMNOPQRSTUVWXY
ABCDEFGHIJKLMNOPQRSTUVWXY
ABCDEFGHIJKLMNOPQRSTUVWXY
ABCDEFGHIJKLMNOPQRSTUVWXY
ABCDEFGHIJKLMNOPQRSTUVWXY
ABCDEFGHIJKLMNOPQRSTUVWXY
ABCDEFGHIJKLMNOPQRSTUVWXY
ABCDEFGHIJKLMNOPQRSTUVWXY
ABCDEFGHIJKLMNOPQRSTUVWXY
ABCDEFGHIJKLMNOPQRSTUVWXY
ABCDEFGHIJKLMNOPQRSTUVWXY
Case #71:
AAAAAAAAAAAAAAAAAAAAAAAAA
BBBBBBBBBBBBBBBBBBBBBBBBB
CCCCCCCCCCCCCCCCCCCCCCCCC
DDDDDDDDDDDDDDDDDDDDDDDDD
EEEEEEEEEEEEEEEEEEEEEEEEE
FFFFFFFFFFFFFFFFFFFFFFFFF
GGGGGGGGGGGGGGGGGGGGGGGGG
HHHHHHHHHHHHHHHHHHHHHHHHH
IIIIIIIIIIIIIIIIIIIIIIIII
JJJJJJJJJJJJJJJJJJJJJJJJJ
KKKKKKKKKKKKKKKKKKKKKKKKK
LLLLLLLLLLLLLLLLLLLLLLLLL
MMMMMMMMMMMMMMMMMMMMMMMMM
NNNNNNNNNNNNNNNNNNNNNNNNN
OOOOOOOOOOOOOOOOOOOOOOOOO
PPPPPPPPPPPPPPPPPPPPPPPPP
QQQQQQQQQQQQQQQQQQQQQQQQQ
RRRRRRRRRRRRRRRRRRRRRRRRR
SSSSSSSSSSSSSSSSSSSSSSSSS
TTTTTTTTTTTTTTTTTTTTTTTTT
UUUUUUUUUUUUUUUUUUUUUUUUU
VVVVVVVVVVVVVVVVVVVVVVVVV
WWWWWWWWWWWWWWWWWWWWWWWWW
XXXXXXXXXXXXXXXXXXXXXXXXX
YYYYYYYYYYYYYYYYYYYYYYYYY
Case #72:
EGGCCWJJJIIBBBBBBBBBBBXTN
EGGCCWJJJIIBBBBBBBBBBBXTN
EGGCCWJJJIIBBBBBBBBBBBXTN
EGGCCWJJJIIBBBBBBBBBBBXTN
EAYCCWJJJIIBBBBBBBBBBBLTN
EAYCCWJJJIIBBBBBBBBBBBLTN
EAYCCRRRRIIBBBBBBBBBBBLTN
EAYCCRRRRIIBBBBBBBBBBBLTN
EAYCCRRRRFFBBBBBBBBBBBLTN
EAYCCRRRRFFBBBBBBBBBBBLTN
EAYCCRRRRFFBBBBBBBBBBBKKN
EAYCCRRRRFFBBBBBBBBBBBKKN
EAYCCRRRRFFBBBBBBBBBBBKKN
EAQQQRRRRFFBBBBBBBBBBBKKN
EAQQQRRRRFFHHHPMMMMMMMKKN
EAQQQRRRRFFHHHPMMMMMMMKKN
EAQQQRRRRFFHHHOOOOOOOOKKN
EAQQQRRRRFFHHHOOOOOOOOKKN
EAQQQRRRRFFHHHOOOOOOOOKKN
DDDDDDDDDFFHHHOOOOOOOOKKN
DDDDDDDDDFFHHHOOOOOOOOKKN
DDDDDDDDDFFHHHOOOOOOOOKKN
DDDDDDDDDFFHHHOOOOOOOOVVN
DDDDDDDDDFFHHHUUUUUUUUSSN
ZZZZZZZZZFFHHHUUUUUUUUSSN
Case #73:
AAA
AAA
AAA
AAA
Case #74:
A
A
Case #75:
A
B
Case #76:
GAA
CCE
BDF
Case #77:
F
D
D
D
D
M
H
H
C
G
E
B
B
B
B
B
K
I
A
A
A
J
J
L
L
Case #78:
AAACCCCCCCCCCCCCCCCCCCCCC
AAACCCCCCCCCCCCCCCCCCCCCC
AAACCCCCCCCCCCCCCCCCCCCCC
AAACCCCCCCCCCCCCCCCCCCCCC
AAACCCCCCCCCCCCCCCCCCCCCC
AAACCCCCCCCCCCCCCCCCCCCCC
AAACCCCCCCCCCCCCCCCCCCCCC
AAACCCCCCCCCCCCCCCCCCCCCC
AAACCCCCCCCCCCCCCCCCCCCCC
AAACCCCCCCCCCCCCCCCCCCCCC
AAACCCCCCCCCCCCCCCCCCCCCC
AAACCCCCCCCCCCCCCCCCCCCCC
AAACCCCCCCCCCCCCCCCCCCCCC
AAACCCCCCCCCCCCCCCCCCCCCC
AAACCCCCCCCCCCCCCCCCCCCCC
AAACCCCCCCCCCCCCCCCCCCCCC
AAACCCCCCCCCCCCCCCCCCCCCC
AAACCCCCCCCCCCCCCCCCCCCCC
AAACCCCCCCCCCCCCCCCCCCCCC
AAADDEEEEEEEEEEEEEEEEEEEE
AAADDEEEEEEEEEEEEEEEEEEEE
AAADDEEEEEEEEEEEEEEEEEEEE
AAADDEEEEEEEEEEEEEEEEEEEE
BBBDDEEEEEEEEEEEEEEEEEEEE
BBBDDEEEEEEEEEEEEEEEEEEEE
Case #79:
ABCDEFGHIJKLMNOPQRSTUVWXY
ABCDEFGHIJKLMNOPQRSTUVWXY
ABCDEFGHIJKLMNOPQRSTUVWXY
ABCDEFGHIJKLMNOPQRSTUVWXY
ABCDEFGHIJKLMNOPQRSTUVWXY
ABCDEFGHIJKLMNOPQRSTUVWXY
ABCDEFGHIJKLMNOPQRSTUVWXY
ABCDEFGHIJKLMNOPQRSTUVWXY
ABCDEFGHIJKLMNOPQRSTUVWXY
ABCDEFGHIJKLMNOPQRSTUVWXY
ABCDEFGHIJKLMNOPQRSTUVWXY
ABCDEFGHIJKLMNOPQRSTUVWXY
ABCDEFGHIJKLMNOPQRSTUVWXY
ABCDEFGHIJKLMNOPQRSTUVWXY
ABCDEFGHIJKLMNOPQRSTUVWXY
ABCDEFGHIJKLMNOPQRSTUVWXY
ABCDEFGHIJKLMNOPQRSTUVWXY
ABCDEFGHIJKLMNOPQRSTUVWXY
ABCDEFGHIJKLMNOPQRSTUVWXY
ABCDEFGHIJKLMNOPQRSTUVWXY
ABCDEFGHIJKLMNOPQRSTUVWXY
ABCDEFGHIJKLMNOPQRSTUVWXY
ABCDEFGHIJKLMNOPQRSTUVWXY
ABCDEFGHIJKLMNOPQRSTUVWXY
ABCDEFGHIJKLMNOPQRSTUVWXY
Case #80:
AAAAAAAAAAAAAAAAAAAAAAAAA
BBBBBBBBBBBBBBBBBBBBBBBBB
CCCCCCCCCCCCCCCCCCCCCCCCC
DDDDDDDDDDDDDDDDDDDDDDDDD
EEEEEEEEEEEEEEEEEEEEEEEEE
FFFFFFFFFFFFFFFFFFFFFFFFF
GGGGGGGGGGGGGGGGGGGGGGGGG
HHHHHHHHHHHHHHHHHHHHHHHHH
IIIIIIIIIIIIIIIIIIIIIIIII
JJJJJJJJJJJJJJJJJJJJJJJJJ
KKKKKKKKKKKKKKKKKKKKKKKKK
LLLLLLLLLLLLLLLLLLLLLLLLL
MMMMMMMMMMMMMMMMMMMMMMMMM
NNNNNNNNNNNNNNNNNNNNNNNNN
OOOOOOOOOOOOOOOOOOOOOOOOO
PPPPPPPPPPPPPPPPPPPPPPPPP
QQQQQQQQQQQQQQQQQQQQQQQQQ
RRRRRRRRRRRRRRRRRRRRRRRRR
SSSSSSSSSSSSSSSSSSSSSSSSS
TTTTTTTTTTTTTTTTTTTTTTTTT
UUUUUUUUUUUUUUUUUUUUUUUUU
VVVVVVVVVVVVVVVVVVVVVVVVV
WWWWWWWWWWWWWWWWWWWWWWWWW
XXXXXXXXXXXXXXXXXXXXXXXXX
YYYYYYYYYYYYYYYYYYYYYYYYY
Case #81:
AAAAAAAAACCCCCCCCCCCCCCCC
AAAAAAAAACCCCCCCCCCCCCCCC
AAAAAAAAACCCCCCCCCCCCCCCC
AAAAAAAAACCCCCCCCCCCCCCCC
AAAAAAAAADDEEEEEEEEEEEEEE
AAAAAAAAADDEEEEEEEEEEEEEE
AAAAAAAAADDEEEEEEEEEEEEEE
AAAAAAAAADDEEEEEEEEEEEEEE
BBBBBBBBBDDEEEEEEEEEEEEEE
BBBBBBBBBDDEEEEEEEEEEEEEE
BBBBBBBBBDDEEEEEEEEEEEEEE
BBBBBBBBBDDEEEEEEEEEEEEEE
BBBBBBBBBDDEEEEEEEEEEEEEE
BBBBBBBBBDDFFFFFFFFFGGGGG
BBBBBBBBBDDHHHHHHHHHGGGGG
BBBBBBBBBDDHHHHHHHHHIIIII
BBBBBBBBBDDJJJJJJJJJIIIII
BBBBBBBBBDDJJJJJJJJJIIIII
BBBBBBBBBDDJJJJJJJJJIIIII
BBBBBBBBBDDJJJJJJJJJIIIII
BBBBBBBBBDDJJJJJJJJJIIIII
BBBBBBBBBDDJJJJJJJJJIIIII
BBBBBBBBBDDJJJJJJJJJIIIII
BBBBBBBBBDDJJJJJJJJJIIIII
BBBBBBBBBDDJJJJJJJJJIIIII
Case #82:
QPKVVVVVVVVVVVGCCCDDDDDDD
QPKZEEEEWHHHHHGCCCDDDDDDD
QPKZEEEEBHHHHHGCCCDDDDDDD
QPKZEEEEBHHHHHGCCCDDDDDDD
QPKZEEEEBHHHHHGCCCMMMMMFF
QPKZEEEEBHHHHHGCCCMMMMMFF
QPKZEEEEBHHHHHGCCCMMMMMFF
QPKZEEEEBHHHHHGCCCIIIIIII
JJJJTTTTBHHHHHGCCCIIIIIII
JJJJTTTTBHHHHHGCCCIIIIIII
JJJJTTTTBHHHHHGCCCOOORAAA
JJJJTTTTBHHHHHGCCCOOORAAA
JJJJTTTTBHHHHHGCCCOOORAAA
JJJJTTTTBHHHHHGCCCOOORAAA
JJJJTTTTBHHHHHGCCCOOORAAA
JJJJTTTTBHHHHHGCCCOOORAAA
JJJJYYYYBHHHHHGCCCOOORAAA
JJJJYYYYBSSSSSGCCCOOORAAA
JJJJYYYYBSSSSSGCCCOOORAAA
JJJJYYYYBUUUUNNNNNOOORAAA
JJJJYYYYBUUUUNNNNNOOORXXX
JJJJYYYYBUUUUNNNNNOOORXXX
JJJJYYYYBUUUUNNNNNOOORXXX
LLLLLLLLBUUUUNNNNNOOORXXX
LLLLLLLLBUUUUNNNNNOOORXXX
Case #83:
AAAAAACCCCCCCCCCCCCCCCCCC
AAAAAACCCCCCCCCCCCCCCCCCC
AAAAAACCCCCCCCCCCCCCCCCCC
AAAAAACCCCCCCCCCCCCCCCCCC
AAAAAACCCCCCCCCCCCCCCCCCC
AAAAAACCCCCCCCCCCCCCCCCCC
AAAAAACCCCCCCCCCCCCCCCCCC
AAAAAADDEEEEEEEEEEEEEEEEE
AAAAAADDEEEEEEEEEEEEEEEEE
AAAAAADDEEEEEEEEEEEEEEEEE
AAAAAADDEEEEEEEEEEEEEEEEE
BBBBBBDDEEEEEEEEEEEEEEEEE
BBBBBBDDEEEEEEEEEEEEEEEEE
BBBBBBDDEEEEEEEEEEEEEEEEE
BBBBBBDDEEEEEEEEEEEEEEEEE
BBBBBBDDEEEEEEEEEEEEEEEEE
BBBBBBDDEEEEEEEEEEEEEEEEE
BBBBBBDDEEEEEEEEEEEEEEEEE
BBBBBBDDEEEEEEEEEEEEEEEEE
BBBBBBDDFFFFFFFFFFFFGGGGG
BBBBBBDDHHHHHHHHHHHHGGGGG
BBBBBBDDHHHHHHHHHHHHIIIII
BBBBBBDDJJJJJJJJJJJJIIIII
BBBBBBDDJJJJJJJJJJJJIIIII
BBBBBBDDJJJJJJJJJJJJIIIII
Case #84:
AAAAAAABBBBBBBBBBBBBBBBBB
AAAAAAABBBBBBBBBBBBBBBBBB
AAAAAAABBBBBBBBBBBBBBBBBB
AAAAAAABBBBBBBBBBBBBBBBBB
AAAAAAABBBBBBBBBBBBBBBBBB
CCCCCCCBBBBBBBBBBBBBBBBBB
CCCCCCCDDDDDDDDDDDDDDDDDD
EEEEEEEDDDDDDDDDDDDDDDDDD
EEEEEEEDDDDDDDDDDDDDDDDDD
EEEEEEEDDDDDDDDDDDDDDDDDD
EEEEEEEDDDDDDDDDDDDDDDDDD
EEEEEEEDDDDDDDDDDDDDDDDDD
EEEEEEEDDDDDDDDDDDDDDDDDD
EEEEEEEDDDDDDDDDDDDDDDDDD
EEEEEEEFFFFFFFFFFFFFFHHHH
EEEEEEEFFFFFFFFFFFFFFIIJJ
EEEEEEEFFFFFFFFFFFFFFIIJJ
EEEEEEEFFFFFFFFFFFFFFIIJJ
EEEEEEEFFFFFFFFFFFFFFIIJJ
EEEEEEEGGGGGGGGGGGGGGIIJJ
EEEEEEEGGGGGGGGGGGGGGIIJJ
EEEEEEEGGGGGGGGGGGGGGIIJJ
EEEEEEEGGGGGGGGGGGGGGIIJJ
EEEEEEEGGGGGGGGGGGGGGIIJJ
EEEEEEEGGGGGGGGGGGGGGIIJJ
Case #85:
AAAAAAACCCCCCCCCCCCCCCCCC
AAAAAAACCCCCCCCCCCCCCCCCC
AAAAAAACCCCCCCCCCCCCCCCCC
AAAAAAACCCCCCCCCCCCCCCCCC
AAAAAAACCCCCCCCCCCCCCCCCC
AAAAAAACCCCCCCCCCCCCCCCCC
AAAAAAACCCCCCCCCCCCCCCCCC
AAAAAAACCCCCCCCCCCCCCCCCC
AAAAAAACCCCCCCCCCCCCCCCCC
AAAAAAACCCCCCCCCCCCCCCCCC
AAAAAAACCCCCCCCCCCCCCCCCC
AAAAAAACCCCCCCCCCCCCCCCCC
AAAAAAADDEEEEEEEEEEEEEEEE
AAAAAAADDEEEEEEEEEEEEEEEE
AAAAAAADDEEEEEEEEEEEEEEEE
AAAAAAADDEEEEEEEEEEEEEEEE
BBBBBBBDDEEEEEEEEEEEEEEEE
BBBBBBBDDEEEEEEEEEEEEEEEE
BBBBBBBDDEEEEEEEEEEEEEEEE
BBBBBBBDDEEEEEEEEEEEEEEEE
BBBBBBBDDEEEEEEEEEEEEEEEE
BBBBBBBDDEEEEEEEEEEEEEEEE
BBBBBBBDDEEEEEEEEEEEEEEEE
BBBBBBBDDEEEEEEEEEEEEEEEE
BBBBBBBDDEEEEEEEEEEEEEEEE
Case #86:
ABCDEFGHIJKLMNOPQRSTUVWXY
ABCDEFGHIJKLMNOPQRSTUVWXY
ABCDEFGHIJKLMNOPQRSTUVWXY
ABCDEFGHIJKLMNOPQRSTUVWXY
ABCDEFGHIJKLMNOPQRSTUVWXY
ABCDEFGHIJKLMNOPQRSTUVWXY
ABCDEFGHIJKLMNOPQRSTUVWXY
ABCDEFGHIJKLMNOPQRSTUVWXY
ABCDEFGHIJKLMNOPQRSTUVWXY
ABCDEFGHIJKLMNOPQRSTUVWXY
ABCDEFGHIJKLMNOPQRSTUVWXY
ABCDEFGHIJKLMNOPQRSTUVWXY
ABCDEFGHIJKLMNOPQRSTUVWXY
ABCDEFGHIJKLMNOPQRSTUVWXY
ABCDEFGHIJKLMNOPQRSTUVWXY
ABCDEFGHIJKLMNOPQRSTUVWXY
ABCDEFGHIJKLMNOPQRSTUVWXY
ABCDEFGHIJKLMNOPQRSTUVWXY
ABCDEFGHIJKLMNOPQRSTUVWXY
ABCDEFGHIJKLMNOPQRSTUVWXY
ABCDEFGHIJKLMNOPQRSTUVWXY
ABCDEFGHIJKLMNOPQRSTUVWXY
ABCDEFGHIJKLMNOPQRSTUVWXY
ABCDEFGHIJKLMNOPQRSTUVWXY
ABCDEFGHIJKLMNOPQRSTUVWXY
Case #87:
BC
DA
Case #88:
AA
Case #89:
GGGGGGGGGOFFTJJEEEEEEEEEE
GGGGGGGGGOFFTJJEEEEEEEEEE
GGGGGGGGGOFFTJJEEEEEEEEEE
GGGGGGGGGOFFTJJEEEEEEEEEE
GGGGGGGGGOFFTJJEEEEEEEEEE
GGGGGGGGGOFFTJJEEEEEEEEEE
GGGGGGGGGOFFTJJEEEEEEEEEE
GGGGGGGGGOFFTJJEEEEEEEEEE
GGGGGGGGGOFFTJJEEEEEEEEEE
GGGGGGGGGOFFTJJEEEEEEEEEE
GGGGGGGGGOFFTJJEEEEEEEEEE
GGGGGGGGGOFFTJJEEEEEEEEEE
GGGGGGGGGOFFTJJEEEEEEEEEE
GGGGGGGGGOFFTJJEEEEEEEEEE
GGGGGGGGGOFFTJJEEEEEEEEEE
GGGGGGGGGOFFTJJEEEEEEEEEE
GGGGGGGGGOFFCJJEEEEEEEEEE
GGGGGGGGGOFFCJJEEEEEEEEEE
IIIIWWBZHHHHUJJEEEEEEEEEE
IIIIWWBKHHHHUJJEEEEEEEEEE
IIIIWWBAAAAAAAARRRRRRRRRR
IIIIYSBAAAAAAAARRRRRRRRRR
IIIIYSBVMQQQQQQQXXXXXXXXX
IIIILLBVMQQQQQQQXXXXXXXXX
PPPPDDDDDNNNNNNNNNNNNNNNN
Case #90:
BBBBBBBCCCZDDDDDAAAJJJJJJ
BBBBBBBCCCKDDDDDAAAJJJJJJ
BBBBBBBCCCKDDDDDAAAJJJJJJ
BBBBBBBCCCKDDDDDAAAJJJJJJ
BBBBBBBCCCKDDDDDAAAJJJJJJ
BBBBBBBCCCNNNROOAAALLPMMM
BBBBBBBCCCNNNROOAAALLHMMM
BBBBBBBCCCNNNROOAAALLHMMM
BBBBBBBCCCNNNROOAAALLHMMM
BBBBBBBCCCNNNROOAAALLHFFF
BBBBBBBCCCNNNROOAAALLHFFF
BBBBBBBCCCNNNROOAAALLHFFF
BBBBBBBCCCNNNRWWAAALLHFFF
BBBBBBBCCCNNNRWWAAALLHFFF
BBBBBBBCCCNNNRWWAAALLHFFF
BBBBBBBCCCNNNRWWAAALLSFFF
BBBBBBBCCCNNNRWWAAAQTSFFF
EEEEEEECCCNNNRWWAAAQTSFFF
EEEEEEECCCNNNRYYAAAQTSFFF
GGGIIUUCCCVVVRYYAAAQTSFFF
GGGIIUUCCCVVVRYYAAAQTSFFF
GGGIIUUCCCVVVRYYAAAQTSFFF
XXXIIUUCCCVVVRYYAAAQTSFFF
XXXIIUUCCCVVVRYYAAAQTSFFF
XXXIIUUCCCVVVRYYAAAQTSFFF
Case #91:
BACJH
BAKFG
DAIEE
Case #92:
AABBCCDDEEFFGGHHIIJJKKLLM
NNNOOPPQQRRSSTTUUVVWWXXYM
ZZZOOPPQQRRSSTTUUVVWWXXYM
ZZZOOPPQQRRSSTTUUVVWWXXYM
ZZZOOPPQQRRSSTTUUVVWWXXYM
ZZZOOPPQQRRSSTTUUVVWWXXYM
ZZZOOPPQQRRSSTTUUVVWWXXYM
ZZZOOPPQQRRSSTTUUVVWWXXYM
ZZZOOPPQQRRSSTTUUVVWWXXYM
ZZZOOPPQQRRSSTTUUVVWWXXYM
ZZZOOPPQQRRSSTTUUVVWWXXYM
ZZZOOPPQQRRSSTTUUVVWWXXYM
ZZZOOPPQQRRSSTTUUVVWWXXYM
ZZZOOPPQQRRSSTTUUVVWWXXYM
ZZZOOPPQQRRSSTTUUVVWWXXYM
ZZZOOPPQQRRSSTTUUVVWWXXYM
ZZZOOPPQQRRSSTTUUVVWWXXYM
ZZZOOPPQQRRSSTTUUVVWWXXYM
ZZZOOPPQQRRSSTTUUVVWWXXYM
ZZZOOPPQQRRSSTTUUVVWWXXYM
ZZZOOPPQQRRSSTTUUVVWWXXYM
ZZZOOPPQQRRSSTTUUVVWWXXYM
ZZZOOPPQQRRSSTTUUVVWWXXYM
ZZZOOPPQQRRSSTTUUVVWWXXYM
ZZZOOPPQQRRSSTTUUVVWWXXYM
Case #93:
LLLLLLLLLLLLLQDRRRRZNFXKK
LLLLLLLLLLLLLQDRRRRZNFXKK
LLLLLLLLLLLLLQDRRRRZNFXKK
LLLLLLLLLLLLLQDRRRRZNFXKK
LLLLLLLLLLLLLQDRRRRZNFXKK
LLLLLLLLLLLLLQDRRRRZNFXKK
LLLLLLLLLLLLLQDRRRRZNFXKK
LLLLLLLLLLLLLQDRRRRZNFXKK
LLLLLLLLLLLLLQDRRRRSSFXKK
LLLLLLLLLLLLLQDRRRRVBBBKK
LLLLLLLLLLLLLQDRRRREBBBKK
LLLLLLLLLLLLLQDRRRREBBBKK
LLLLLLLLLLLLLQDRRRREBBBKK
LLLLLLLLLLLLLQDRRRREBBBKK
LLLLLLLLLLLLLQDWIYUEBBBOO
LLLLLLLLLLLLLQDWIYUEHMGGT
LLLLLLLLLLLLLQDWIYUEHMGGC
LLLLLLLLLLLLLQDWIYUEHAAAC
LLLLLLLLLLLLLQDWIYUEHAAAC
LLLLLLLLLLLLLQDWIYUJHAAAC
LLLLLLLLLLLLLPPPPPPPPPPPC
LLLLLLLLLLLLLPPPPPPPPPPPC
LLLLLLLLLLLLLPPPPPPPPPPPC
LLLLLLLLLLLLLPPPPPPPPPPPC
LLLLLLLLLLLLLPPPPPPPPPPPC
Case #94:
AAAAAAAAAAAAAAAAAACCCCCCC
AAAAAAAAAAAAAAAAAACCCCCCC
AAAAAAAAAAAAAAAAAACCCCCCC
AAAAAAAAAAAAAAAAAACCCCCCC
AAAAAAAAAAAAAAAAAACCCCCCC
AAAAAAAAAAAAAAAAAACCCCCCC
AAAAAAAAAAAAAAAAAACCCCCCC
AAAAAAAAAAAAAAAAAACCCCCCC
AAAAAAAAAAAAAAAAAACCCCCCC
AAAAAAAAAAAAAAAAAACCCCCCC
AAAAAAAAAAAAAAAAAACCCCCCC
AAAAAAAAAAAAAAAAAACCCCCCC
AAAAAAAAAAAAAAAAAACCCCCCC
AAAAAAAAAAAAAAAAAACCCCCCC
AAAAAAAAAAAAAAAAAADDEEEEE
AAAAAAAAAAAAAAAAAADDEEEEE
AAAAAAAAAAAAAAAAAADDEEEEE
AAAAAAAAAAAAAAAAAADDEEEEE
BBBBBBBBBBBBBBBBBBDDEEEEE
BBBBBBBBBBBBBBBBBBDDEEEEE
BBBBBBBBBBBBBBBBBBDDEEEEE
BBBBBBBBBBBBBBBBBBDDEEEEE
BBBBBBBBBBBBBBBBBBDDEEEEE
BBBBBBBBBBBBBBBBBBDDEEEEE
BBBBBBBBBBBBBBBBBBDDEEEEE
Case #95:
JKKRDG
JNPBBO
CLABBI
CHABBI
CHQEEE
MFFFFF
Case #96:
ABBB
AIJE
AIDF
AGGC
AGGH
AGGH
Case #97:
AAAAAAAAACCCCCCCCCCCCCCCC
AAAAAAAAACCCCCCCCCCCCCCCC
AAAAAAAAACCCCCCCCCCCCCCCC
AAAAAAAAACCCCCCCCCCCCCCCC
AAAAAAAAACCCCCCCCCCCCCCCC
AAAAAAAAACCCCCCCCCCCCCCCC
AAAAAAAAADDEEEEEEEEEEEEEE
AAAAAAAAADDEEEEEEEEEEEEEE
AAAAAAAAADDEEEEEEEEEEEEEE
AAAAAAAAADDEEEEEEEEEEEEEE
BBBBBBBBBDDEEEEEEEEEEEEEE
BBBBBBBBBDDEEEEEEEEEEEEEE
BBBBBBBBBDDEEEEEEEEEEEEEE
BBBBBBBBBDDFFFFFFFFFFFGGG
BBBBBBBBBDDHHHHHHHHHHHGGG
BBBBBBBBBDDHHHHHHHHHHHIII
BBBBBBBBBDDJJJJJJJJJJJIII
BBBBBBBBBDDJJJJJJJJJJJIII
BBBBBBBBBDDJJJJJJJJJJJIII
BBBBBBBBBDDJJJJJJJJJJJIII
BBBBBBBBBDDJJJJJJJJJJJIII
BBBBBBBBBDDJJJJJJJJJJJIII
BBBBBBBBBDDJJJJJJJJJJJIII
BBBBBBBBBDDJJJJJJJJJJJIII
BBBBBBBBBDDJJJJJJJJJJJIII
Case #98:
AAAAAAAAAABBBBBBBBBBBBBBB
AAAAAAAAAABBBBBBBBBBBBBBB
AAAAAAAAAABBBBBBBBBBBBBBB
AAAAAAAAAABBBBBBBBBBBBBBB
AAAAAAAAAABBBBBBBBBBBBBBB
AAAAAAAAAABBBBBBBBBBBBBBB
AAAAAAAAAABBBBBBBBBBBBBBB
AAAAAAAAAABBBBBBBBBBBBBBB
AAAAAAAAAABBBBBBBBBBBBBBB
AAAAAAAAAABBBBBBBBBBBBBBB
CCCCCCCCCCBBBBBBBBBBBBBBB
CCCCCCCCCCDDDDDDDDDDDDDDD
EEEEEEEEEEDDDDDDDDDDDDDDD
EEEEEEEEEEDDDDDDDDDDDDDDD
EEEEEEEEEEDDDDDDDDDDDDDDD
EEEEEEEEEEDDDDDDDDDDDDDDD
EEEEEEEEEEDDDDDDDDDDDDDDD
EEEEEEEEEEDDDDDDDDDDDDDDD
EEEEEEEEEEDDDDDDDDDDDDDDD
EEEEEEEEEEDDDDDDDDDDDDDDD
EEEEEEEEEEDDDDDDDDDDDDDDD
EEEEEEEEEEDDDDDDDDDDDDDDD
EEEEEEEEEEDDDDDDDDDDDDDDD
EEEEEEEEEEDDDDDDDDDDDDDDD
EEEEEEEEEEDDDDDDDDDDDDDDD
Case #99:
EEEEEEEEEEEEEEEEEEEEEEEEE
EEEEEEEEEEEEEEEEEEEEEEEEE
EEEEEEEEEEEEEEEEEEEEEEEEE
EEEEEEEEEEEEEEEEEEEEEEEEE
EEEEEEEEEEEEEEEEEEEEEEEEE
EEEEEEEEEEEEEEEEEEEEEEEEE
EEEEEEEEEEEEEEEEEEEEEEEEE
EEEEEEEEEEEEEEEEEEEEEEEEE
EEEEEEEEEEEEEEEEEEEEEEEEE
EEEEEEEEEEEEEEEEEEEEEEEEE
EEEEEEEEEEEEEEEEEEEEEEEEE
NFFFFFFFFFFFFFFFFFFFFFFFF
GLLIRMMMMMMMMMMMMMMMMMMMM
CCWIRMMMMMMMMMMMMMMMMMMMM
CCSSOMMMMMMMMMMMMMMMMMMMM
AAAAAAYYYYYYYYYYYYYYYYYYY
HHHHHDDDDDDDDDDDDDDDDDDDD
ZQUPPDDDDDDDDDDDDDDDDDDDD
BBBJVDDDDDDDDDDDDDDDDDDDD
TTXJVDDDDDDDDDDDDDDDDDDDD
KKKJVDDDDDDDDDDDDDDDDDDDD
KKKJVDDDDDDDDDDDDDDDDDDDD
KKKJVDDDDDDDDDDDDDDDDDDDD
KKKJVDDDDDDDDDDDDDDDDDDDD
KKKJVDDDDDDDDDDDDDDDDDDDD
Case #100:
PP
BU
ZC
RC
OC
AS
AD
HD
WD
EE
MK
MK
QL
GG
GG
JT
JX
YV
FV
FV
FI
FI
FI
FI
FN
