0 0
1 0
0.5 -0.866025
0 0
1 0
0.866025 -0.5
0.5 -0.866025
0 0
1 0
0.999999 -0.00102465
0.999998 -0.00204931
0.999995 -0.00307396
0.999992 -0.00409861
0.999987 -0.00512325
0.999981 -0.00614789
0.999974 -0.00717252
0.999966 -0.00819715
0.999957 -0.00922177
0.999948 -0.0102464
0.999936 -0.011271
0.999924 -0.0122956
0.999911 -0.0133201
0.999897 -0.0143447
0.999882 -0.0153692
0.999866 -0.0163937
0.999848 -0.0174183
0.99983 -0.0184427
0.99981 -0.0194672
0.99979 -0.0204917
0.999769 -0.0215161
0.999746 -0.0225405
0.999722 -0.0235649
0.999698 -0.0245892
0.999672 -0.0256136
0.999645 -0.0266379
0.999617 -0.0276622
0.999588 -0.0286864
0.999559 -0.0297106
0.999528 -0.0307348
0.999496 -0.031759
0.999462 -0.0327831
0.999428 -0.0338072
0.999393 -0.0348312
0.999357 -0.0358552
0.99932 -0.0368792
0.999281 -0.0379032
0.999242 -0.0389271
0.999202 -0.0399509
0.99916 -0.0409747
0.999118 -0.0419985
0.999074 -0.0430222
0.99903 -0.0440459
0.998984 -0.0450696
0.998937 -0.0460931
0.998889 -0.0471167
0.998841 -0.0481402
0.998791 -0.0491636
0.99874 -0.050187
0.998688 -0.0512103
0.998635 -0.0522336
0.998581 -0.0532569
0.998526 -0.05428
0.99847 -0.0553031
0.998412 -0.0563262
0.998354 -0.0573492
0.998295 -0.0583721
0.998235 -0.059395
0.998173 -0.0604178
0.998111 -0.0614406
0.998047 -0.0624633
0.997983 -0.0634859
0.997917 -0.0645084
0.997851 -0.0655309
0.997783 -0.0665534
0.997714 -0.0675757
0.997644 -0.068598
0.997574 -0.0696202
0.997502 -0.0706423
0.997429 -0.0716644
0.997355 -0.0726864
0.99728 -0.0737083
0.997204 -0.0747301
0.997127 -0.0757518
0.997049 -0.0767735
0.996969 -0.0777951
0.996889 -0.0788166
0.996808 -0.079838
0.996726 -0.0808594
0.996642 -0.0818806
0.996558 -0.0829018
0.996472 -0.0839229
0.996386 -0.0849439
0.996298 -0.0859648
0.99621 -0.0869856
0.99612 -0.0880063
0.996029 -0.089027
0.995937 -0.0900475
0.995845 -0.091068
0.995751 -0.0920883
0.995656 -0.0931086
0.99556 -0.0941287
0.995463 -0.0951488
0.995365 -0.0961687
0.995266 -0.0971886
0.995166 -0.0982083
0.995065 -0.099228
0.994963 -0.100248
0.994859 -0.101267
0.994755 -0.102286
0.99465 -0.103306
0.994543 -0.104325
0.994436 -0.105344
0.994327 -0.106363
0.994218 -0.107381
0.994107 -0.1084
0.993996 -0.109419
0.993883 -0.110437
0.993769 -0.111455
0.993655 -0.112474
0.993539 -0.113492
0.993422 -0.11451
0.993304 -0.115527
0.993185 -0.116545
0.993065 -0.117563
0.992944 -0.11858
0.992822 -0.119598
0.992699 -0.120615
0.992575 -0.121632
0.99245 -0.122649
0.992324 -0.123666
0.992197 -0.124683
0.992068 -0.125699
0.991939 -0.126716
0.991809 -0.127732
0.991677 -0.128748
0.991545 -0.129764
0.991411 -0.13078
0.991277 -0.131796
0.991141 -0.132812
0.991005 -0.133827
0.990867 -0.134842
0.990728 -0.135858
0.990589 -0.136873
0.990448 -0.137888
0.990306 -0.138903
0.990163 -0.139917
0.990019 -0.140932
0.989874 -0.141946
0.989728 -0.14296
0.989581 -0.143974
0.989433 -0.144988
0.989284 -0.146002
0.989134 -0.147016
0.988983 -0.148029
0.988831 -0.149042
0.988678 -0.150055
0.988523 -0.151068
0.988368 -0.152081
0.988212 -0.153094
0.988054 -0.154106
0.987896 -0.155119
0.987736 -0.156131
0.987576 -0.157143
0.987414 -0.158155
0.987252 -0.159166
0.987088 -0.160178
0.986924 -0.161189
0.986758 -0.1622
0.986591 -0.163211
0.986423 -0.164222
0.986255 -0.165233
0.986085 -0.166243
0.985914 -0.167254
0.985742 -0.168264
0.985569 -0.169274
0.985395 -0.170284
0.98522 -0.171293
0.985044 -0.172303
0.984867 -0.173312
0.984689 -0.174321
0.98451 -0.17533
0.98433 -0.176338
0.984148 -0.177347
0.983966 -0.178355
0.983783 -0.179363
0.983599 -0.180371
0.983413 -0.181379
0.983227 -0.182387
0.983039 -0.183394
0.982851 -0.184401
0.982662 -0.185408
0.982471 -0.186415
0.98228 -0.187422
0.982087 -0.188428
0.981893 -0.189434
0.981699 -0.19044
0.981503 -0.191446
0.981306 -0.192452
0.981109 -0.193457
0.98091 -0.194462
0.98071 -0.195467
0.980509 -0.196472
0.980308 -0.197477
0.980105 -0.198481
0.979901 -0.199485
0.979696 -0.200489
0.97949 -0.201493
0.979283 -0.202496
0.979075 -0.2035
0.978866 -0.204503
0.978656 -0.205506
0.978445 -0.206508
0.978233 -0.207511
0.97802 -0.208513
0.977805 -0.209515
0.97759 -0.210517
0.977374 -0.211518
0.977157 -0.21252
0.976938 -0.213521
0.976719 -0.214522
0.976499 -0.215523
0.976278 -0.216523
0.976055 -0.217523
0.975832 -0.218523
0.975607 -0.219523
0.975382 -0.220523
0.975155 -0.221522
0.974928 -0.222521
0.974699 -0.22352
0.97447 -0.224518
0.974239 -0.225517
0.974008 -0.226515
0.973775 -0.227513
0.973541 -0.22851
0.973307 -0.229508
0.973071 -0.230505
0.972834 -0.231502
0.972597 -0.232499
0.972358 -0.233495
0.972118 -0.234491
0.971877 -0.235487
0.971636 -0.236483
0.971393 -0.237479
0.971149 -0.238474
0.970904 -0.239469
0.970658 -0.240463
0.970411 -0.241458
0.970163 -0.242452
0.969914 -0.243446
0.969664 -0.24444
0.969414 -0.245433
0.969162 -0.246426
0.968908 -0.247419
0.968654 -0.248412
0.968399 -0.249404
0.968143 -0.250397
0.967886 -0.251388
0.967628 -0.25238
0.967369 -0.253371
0.967109 -0.254362
0.966848 -0.255353
0.966586 -0.256344
0.966322 -0.257334
0.966058 -0.258324
0.965793 -0.259314
0.965527 -0.260303
0.96526 -0.261293
0.964991 -0.262281
0.964722 -0.26327
0.964452 -0.264258
0.964181 -0.265247
0.963908 -0.266234
0.963635 -0.267222
0.963361 -0.268209
0.963085 -0.269196
0.962809 -0.270183
0.962532 -0.271169
0.962253 -0.272155
0.961974 -0.273141
0.961694 -0.274127
0.961412 -0.275112
0.96113 -0.276097
0.960846 -0.277082
0.960562 -0.278066
0.960277 -0.27905
0.95999 -0.280034
0.959703 -0.281017
0.959414 -0.282001
0.959125 -0.282984
0.958834 -0.283966
0.958543 -0.284949
0.95825 -0.285931
0.957957 -0.286912
0.957662 -0.287894
0.957367 -0.288875
0.95707 -0.289856
0.956773 -0.290836
0.956474 -0.291816
0.956175 -0.292796
0.955874 -0.293776
0.955573 -0.294755
0.95527 -0.295734
0.954967 -0.296713
0.954662 -0.297691
0.954357 -0.298669
0.95405 -0.299647
0.953743 -0.300624
0.953434 -0.301601
0.953125 -0.302578
0.952814 -0.303555
0.952502 -0.304531
0.95219 -0.305507
0.951876 -0.306482
0.951562 -0.307457
0.951246 -0.308432
0.95093 -0.309407
0.950612 -0.310381
0.950294 -0.311355
0.949974 -0.312328
0.949654 -0.313302
0.949332 -0.314275
0.94901 -0.315247
0.948686 -0.316219
0.948362 -0.317191
0.948036 -0.318163
0.94771 -0.319134
0.947382 -0.320105
0.947054 -0.321076
0.946724 -0.322046
0.946394 -0.323016
0.946062 -0.323985
0.94573 -0.324954
0.945396 -0.325923
0.945062 -0.326892
0.944726 -0.32786
0.94439 -0.328828
0.944052 -0.329795
0.943714 -0.330763
0.943375 -0.331729
0.943034 -0.332696
0.942693 -0.333662
0.94235 -0.334628
0.942007 -0.335593
0.941663 -0.336558
0.941317 -0.337523
0.940971 -0.338487
0.940624 -0.339451
0.940275 -0.340415
0.939926 -0.341378
0.939576 -0.342341
0.939224 -0.343304
0.938872 -0.344266
0.938519 -0.345228
0.938165 -0.346189
0.93781 -0.34715
0.937453 -0.348111
0.937096 -0.349071
0.936738 -0.350031
0.936379 -0.350991
0.936019 -0.35195
0.935658 -0.352909
0.935295 -0.353868
0.934932 -0.354826
0.934568 -0.355784
0.934203 -0.356741
0.933837 -0.357698
0.93347 -0.358655
0.933102 -0.359611
0.932733 -0.360567
0.932363 -0.361523
0.931992 -0.362478
0.93162 -0.363433
0.931248 -0.364387
0.930874 -0.365341
0.930499 -0.366295
0.930123 -0.367248
0.929746 -0.368201
0.929369 -0.369153
0.92899 -0.370105
0.92861 -0.371057
0.928229 -0.372008
0.927848 -0.372959
0.927465 -0.37391
0.927081 -0.37486
0.926697 -0.37581
0.926311 -0.376759
0.925925 -0.377708
0.925537 -0.378657
0.925149 -0.379605
0.924759 -0.380552
0.924369 -0.3815
0.923978 -0.382447
0.923585 -0.383393
0.923192 -0.384339
0.922798 -0.385285
0.922402 -0.386231
0.922006 -0.387176
0.921609 -0.38812
0.921211 -0.389064
0.920812 -0.390008
0.920411 -0.390951
0.92001 -0.391894
0.919608 -0.392837
0.919205 -0.393779
0.918801 -0.39472
0.918396 -0.395662
0.91799 -0.396602
0.917584 -0.397543
0.917176 -0.398483
0.916767 -0.399422
0.916357 -0.400362
0.915947 -0.4013
0.915535 -0.402239
0.915122 -0.403177
0.914709 -0.404114
0.914294 -0.405051
0.913879 -0.405988
0.913462 -0.406924
0.913045 -0.40786
0.912626 -0.408795
0.912207 -0.40973
0.911787 -0.410664
0.911365 -0.411598
0.910943 -0.412532
0.91052 -0.413465
0.910096 -0.414398
0.909671 -0.41533
0.909245 -0.416262
0.908818 -0.417194
0.90839 -0.418125
0.907961 -0.419055
0.907531 -0.419985
0.9071 -0.420915
0.906668 -0.421844
0.906236 -0.422773
0.905802 -0.423701
0.905367 -0.424629
0.904932 -0.425557
0.904495 -0.426484
0.904058 -0.42741
0.903619 -0.428336
0.90318 -0.429262
0.90274 -0.430187
0.902298 -0.431112
0.901856 -0.432036
0.901413 -0.43296
0.900969 -0.433884
0.900524 -0.434807
0.900078 -0.435729
0.899631 -0.436651
0.899183 -0.437573
0.898734 -0.438494
0.898284 -0.439415
0.897834 -0.440335
0.897382 -0.441255
0.896929 -0.442174
0.896476 -0.443093
0.896021 -0.444011
0.895566 -0.444929
0.89511 -0.445846
0.894652 -0.446763
0.894194 -0.44768
0.893735 -0.448596
0.893275 -0.449511
0.892814 -0.450426
0.892352 -0.451341
0.891889 -0.452255
0.891425 -0.453169
0.89096 -0.454082
0.890494 -0.454994
0.890028 -0.455907
0.88956 -0.456818
0.889091 -0.45773
0.888622 -0.45864
0.888152 -0.459551
0.88768 -0.460461
0.887208 -0.46137
0.886735 -0.462279
0.886261 -0.463187
0.885785 -0.464095
0.885309 -0.465002
0.884833 -0.465909
0.884355 -0.466816
0.883876 -0.467722
0.883396 -0.468627
0.882916 -0.469532
0.882434 -0.470436
0.881951 -0.47134
0.881468 -0.472244
0.880984 -0.473147
0.880498 -0.474049
0.880012 -0.474951
0.879525 -0.475853
0.879037 -0.476753
0.878548 -0.477654
0.878058 -0.478554
0.877567 -0.479453
0.877076 -0.480352
0.876583 -0.481251
0.876089 -0.482149
0.875595 -0.483046
0.875099 -0.483943
0.874603 -0.484839
0.874106 -0.485735
0.873608 -0.486631
0.873109 -0.487526
0.872609 -0.48842
0.872108 -0.489314
0.871606 -0.490207
0.871103 -0.4911
0.870599 -0.491992
0.870095 -0.492884
0.869589 -0.493776
0.869083 -0.494666
0.868576 -0.495557
0.868067 -0.496446
0.867558 -0.497336
0.867048 -0.498224
0.866537 -0.499112
0.866025 -0.5
0.865513 -0.500887
0.864999 -0.501774
0.864484 -0.50266
0.863969 -0.503545
0.863452 -0.50443
0.862935 -0.505315
0.862417 -0.506199
0.861898 -0.507082
0.861378 -0.507965
0.860857 -0.508847
0.860335 -0.509729
0.859812 -0.51061
0.859289 -0.511491
0.858764 -0.512371
0.858239 -0.513251
0.857712 -0.51413
0.857185 -0.515009
0.856657 -0.515887
0.856128 -0.516764
0.855598 -0.517641
0.855067 -0.518518
0.854535 -0.519394
0.854002 -0.520269
0.853469 -0.521144
0.852934 -0.522018
0.852399 -0.522892
0.851863 -0.523765
0.851326 -0.524637
0.850788 -0.525509
0.850249 -0.526381
0.849709 -0.527252
0.849168 -0.528122
0.848627 -0.528992
0.848084 -0.529861
0.847541 -0.53073
0.846997 -0.531598
0.846452 -0.532466
0.845905 -0.533333
0.845359 -0.534199
0.844811 -0.535065
0.844262 -0.535931
0.843712 -0.536795
0.843162 -0.53766
0.842611 -0.538523
0.842058 -0.539386
0.841505 -0.540249
0.840951 -0.541111
0.840396 -0.541972
0.839841 -0.542833
0.839284 -0.543693
0.838726 -0.544553
0.838168 -0.545412
0.837609 -0.546271
0.837048 -0.547129
0.836487 -0.547986
0.835925 -0.548843
0.835363 -0.549699
0.834799 -0.550555
0.834234 -0.55141
0.833669 -0.552264
0.833103 -0.553118
0.832535 -0.553972
0.831967 -0.554825
0.831398 -0.555677
0.830829 -0.556528
0.830258 -0.557379
0.829686 -0.55823
0.829114 -0.55908
0.828541 -0.559929
0.827966 -0.560778
0.827391 -0.561626
0.826816 -0.562473
0.826239 -0.56332
0.825661 -0.564166
0.825083 -0.565012
0.824503 -0.565857
0.823923 -0.566702
0.823342 -0.567546
0.82276 -0.568389
0.822177 -0.569232
0.821593 -0.570074
0.821009 -0.570915
0.820423 -0.571756
0.819837 -0.572597
0.81925 -0.573437
0.818662 -0.574276
0.818073 -0.575114
0.817483 -0.575952
0.816893 -0.57679
0.816301 -0.577626
0.815709 -0.578462
0.815116 -0.579298
0.814522 -0.580133
0.813927 -0.580967
0.813331 -0.581801
0.812735 -0.582634
0.812137 -0.583466
0.811539 -0.584298
0.81094 -0.585129
0.81034 -0.58596
0.809739 -0.58679
0.809137 -0.587619
0.808535 -0.588448
0.807932 -0.589276
0.807327 -0.590104
0.806722 -0.590931
0.806116 -0.591757
0.80551 -0.592583
0.804902 -0.593408
0.804293 -0.594232
0.803684 -0.595056
0.803074 -0.595879
0.802463 -0.596702
0.801851 -0.597524
0.801238 -0.598345
0.800625 -0.599166
0.800011 -0.599986
0.799395 -0.600805
0.798779 -0.601624
0.798162 -0.602442
0.797545 -0.60326
0.796926 -0.604077
0.796307 -0.604893
0.795687 -0.605709
0.795066 -0.606524
0.794444 -0.607338
0.793821 -0.608152
0.793197 -0.608965
0.792573 -0.609777
0.791948 -0.610589
0.791322 -0.6114
0.790695 -0.612211
0.790067 -0.61302
0.789439 -0.61383
0.788809 -0.614638
0.788179 -0.615446
0.787548 -0.616253
0.786916 -0.61706
0.786283 -0.617866
0.78565 -0.618671
0.785016 -0.619476
0.78438 -0.62028
0.783744 -0.621084
0.783108 -0.621886
0.78247 -0.622688
0.781831 -0.62349
0.781192 -0.624291
0.780552 -0.625091
0.779911 -0.62589
0.779269 -0.626689
0.778627 -0.627487
0.777984 -0.628285
0.777339 -0.629081
0.776694 -0.629878
0.776049 -0.630673
0.775402 -0.631468
0.774754 -0.632262
0.774106 -0.633056
0.773457 -0.633849
0.772807 -0.634641
0.772157 -0.635432
0.771505 -0.636223
0.770853 -0.637013
0.7702 -0.637803
0.769546 -0.638592
0.768891 -0.63938
0.768235 -0.640167
0.767579 -0.640954
0.766922 -0.64174
0.766264 -0.642526
0.765605 -0.643311
0.764946 -0.644095
0.764285 -0.644878
0.763624 -0.645661
0.762962 -0.646443
0.762299 -0.647225
0.761636 -0.648005
0.760971 -0.648786
0.760306 -0.649565
0.75964 -0.650344
0.758973 -0.651122
0.758306 -0.651899
0.757637 -0.652676
0.756968 -0.653452
0.756298 -0.654227
0.755628 -0.655002
0.754956 -0.655775
0.754284 -0.656549
0.753611 -0.657321
0.752937 -0.658093
0.752262 -0.658864
0.751586 -0.659635
0.75091 -0.660404
0.750233 -0.661174
0.749555 -0.661942
0.748877 -0.66271
0.748197 -0.663477
0.747517 -0.664243
0.746836 -0.665008
0.746154 -0.665773
0.745471 -0.666538
0.744788 -0.667301
0.744104 -0.668064
0.743419 -0.668826
0.742733 -0.669587
0.742047 -0.670348
0.74136 -0.671108
0.740672 -0.671867
0.739983 -0.672626
0.739293 -0.673384
0.738603 -0.674141
0.737912 -0.674897
0.73722 -0.675653
0.736527 -0.676408
0.735833 -0.677163
0.735139 -0.677916
0.734444 -0.678669
0.733748 -0.679421
0.733052 -0.680173
0.732355 -0.680924
0.731656 -0.681674
0.730958 -0.682423
0.730258 -0.683172
0.729558 -0.683919
0.728856 -0.684667
0.728154 -0.685413
0.727452 -0.686159
0.726748 -0.686904
0.726044 -0.687648
0.725339 -0.688392
0.724633 -0.689135
0.723927 -0.689877
0.72322 -0.690618
0.722512 -0.691359
0.721803 -0.692099
0.721093 -0.692838
0.720383 -0.693577
0.719672 -0.694314
0.71896 -0.695051
0.718248 -0.695788
0.717534 -0.696523
0.71682 -0.697258
0.716105 -0.697992
0.71539 -0.698726
0.714673 -0.699458
0.713956 -0.70019
0.713238 -0.700921
0.71252 -0.701652
0.711801 -0.702382
0.711081 -0.703111
0.71036 -0.703839
0.709638 -0.704566
0.708916 -0.705293
0.708193 -0.706019
0.707469 -0.706744
0.706744 -0.707469
0.706019 -0.708193
0.705293 -0.708916
0.704566 -0.709638
0.703839 -0.71036
0.703111 -0.711081
0.702382 -0.711801
0.701652 -0.71252
0.700921 -0.713238
0.70019 -0.713956
0.699458 -0.714673
0.698726 -0.71539
0.697992 -0.716105
0.697258 -0.71682
0.696523 -0.717534
0.695788 -0.718248
0.695051 -0.71896
0.694314 -0.719672
0.693577 -0.720383
0.692838 -0.721093
0.692099 -0.721803
0.691359 -0.722512
0.690618 -0.72322
0.689877 -0.723927
0.689135 -0.724633
0.688392 -0.725339
0.687648 -0.726044
0.686904 -0.726748
0.686159 -0.727452
0.685413 -0.728154
0.684667 -0.728856
0.683919 -0.729558
0.683172 -0.730258
0.682423 -0.730958
0.681674 -0.731656
0.680924 -0.732355
0.680173 -0.733052
0.679421 -0.733748
0.678669 -0.734444
0.677916 -0.735139
0.677163 -0.735833
0.676408 -0.736527
0.675653 -0.73722
0.674897 -0.737912
0.674141 -0.738603
0.673384 -0.739293
0.672626 -0.739983
0.671867 -0.740672
0.671108 -0.74136
0.670348 -0.742047
0.669587 -0.742733
0.668826 -0.743419
0.668064 -0.744104
0.667301 -0.744788
0.666538 -0.745471
0.665773 -0.746154
0.665008 -0.746836
0.664243 -0.747517
0.663477 -0.748197
0.66271 -0.748877
0.661942 -0.749555
0.661174 -0.750233
0.660404 -0.75091
0.659635 -0.751586
0.658864 -0.752262
0.658093 -0.752937
0.657321 -0.753611
0.656549 -0.754284
0.655775 -0.754956
0.655002 -0.755628
0.654227 -0.756298
0.653452 -0.756968
0.652676 -0.757637
0.651899 -0.758306
0.651122 -0.758973
0.650344 -0.75964
0.649565 -0.760306
0.648786 -0.760971
0.648005 -0.761636
0.647225 -0.762299
0.646443 -0.762962
0.645661 -0.763624
0.644878 -0.764285
0.644095 -0.764946
0.643311 -0.765605
0.642526 -0.766264
0.64174 -0.766922
0.640954 -0.767579
0.640167 -0.768235
0.63938 -0.768891
0.638592 -0.769546
0.637803 -0.7702
0.637013 -0.770853
0.636223 -0.771505
0.635432 -0.772157
0.634641 -0.772807
0.633849 -0.773457
0.633056 -0.774106
0.632262 -0.774754
0.631468 -0.775402
0.630673 -0.776049
0.629878 -0.776694
0.629081 -0.777339
0.628285 -0.777984
0.627487 -0.778627
0.626689 -0.779269
0.62589 -0.779911
0.625091 -0.780552
0.624291 -0.781192
0.62349 -0.781831
0.622688 -0.78247
0.621886 -0.783108
0.621084 -0.783744
0.62028 -0.78438
0.619476 -0.785016
0.618671 -0.78565
0.617866 -0.786283
0.61706 -0.786916
0.616253 -0.787548
0.615446 -0.788179
0.614638 -0.788809
0.61383 -0.789439
0.61302 -0.790067
0.612211 -0.790695
0.6114 -0.791322
0.610589 -0.791948
0.609777 -0.792573
0.608965 -0.793197
0.608152 -0.793821
0.607338 -0.794444
0.606524 -0.795066
0.605709 -0.795687
0.604893 -0.796307
0.604077 -0.796926
0.60326 -0.797545
0.602442 -0.798162
0.601624 -0.798779
0.600805 -0.799395
0.599986 -0.800011
0.599166 -0.800625
0.598345 -0.801238
0.597524 -0.801851
0.596702 -0.802463
0.595879 -0.803074
0.595056 -0.803684
0.594232 -0.804293
0.593408 -0.804902
0.592583 -0.80551
0.591757 -0.806116
0.590931 -0.806722
0.590104 -0.807327
0.589276 -0.807932
0.588448 -0.808535
0.587619 -0.809137
0.58679 -0.809739
0.58596 -0.81034
0.585129 -0.81094
0.584298 -0.811539
0.583466 -0.812137
0.582634 -0.812735
0.581801 -0.813331
0.580967 -0.813927
0.580133 -0.814522
0.579298 -0.815116
0.578462 -0.815709
0.577626 -0.816301
0.57679 -0.816893
0.575952 -0.817483
0.575114 -0.818073
0.574276 -0.818662
0.573437 -0.81925
0.572597 -0.819837
0.571756 -0.820423
0.570915 -0.821009
0.570074 -0.821593
0.569232 -0.822177
0.568389 -0.82276
0.567546 -0.823342
0.566702 -0.823923
0.565857 -0.824503
0.565012 -0.825083
0.564166 -0.825661
0.56332 -0.826239
0.562473 -0.826816
0.561626 -0.827391
0.560778 -0.827966
0.559929 -0.828541
0.55908 -0.829114
0.55823 -0.829686
0.557379 -0.830258
0.556528 -0.830829
0.555677 -0.831398
0.554825 -0.831967
0.553972 -0.832535
0.553118 -0.833103
0.552264 -0.833669
0.55141 -0.834234
0.550555 -0.834799
0.549699 -0.835363
0.548843 -0.835925
0.547986 -0.836487
0.547129 -0.837048
0.546271 -0.837609
0.545412 -0.838168
0.544553 -0.838726
0.543693 -0.839284
0.542833 -0.839841
0.541972 -0.840396
0.541111 -0.840951
0.540249 -0.841505
0.539386 -0.842058
0.538523 -0.842611
0.53766 -0.843162
0.536795 -0.843712
0.535931 -0.844262
0.535065 -0.844811
0.534199 -0.845359
0.533333 -0.845905
0.532466 -0.846452
0.531598 -0.846997
0.53073 -0.847541
0.529861 -0.848084
0.528992 -0.848627
0.528122 -0.849168
0.527252 -0.849709
0.526381 -0.850249
0.525509 -0.850788
0.524637 -0.851326
0.523765 -0.851863
0.522892 -0.852399
0.522018 -0.852934
0.521144 -0.853469
0.520269 -0.854002
0.519394 -0.854535
0.518518 -0.855067
0.517641 -0.855598
0.516764 -0.856128
0.515887 -0.856657
0.515009 -0.857185
0.51413 -0.857712
0.513251 -0.858239
0.512371 -0.858764
0.511491 -0.859289
0.51061 -0.859812
0.509729 -0.860335
0.508847 -0.860857
0.507965 -0.861378
0.507082 -0.861898
0.506199 -0.862417
0.505315 -0.862935
0.50443 -0.863452
0.503545 -0.863969
0.50266 -0.864484
0.501774 -0.864999
0.500887 -0.865513
0.5 -0.866025
